nohup: ignoring input
Dataset name: Beibei
The number of users: 21716
The number of items: 7977
The behavior ratings: [2412586, 642622, 282860]
The number of ratings: 3338068
Average actions of users: 153.71
Average actions of items: 418.46
The density of the dataset: 0.019270
The sparsity of the dataset: 98.073026%
already load adj matrix 0.658430814743042
already load pre adj matrix
use the pre adjcency matrix
586
179
94
without pretraining.
Epoch 0 [92.9s]: train==[149607.50112=-0.00234 + 23.81978 + 49766.80032 + 99816.88235]
Epoch 1 [92.0s]: train==[149282.06064=-0.08398 + 17.63884 + 49514.06455 + 99750.44178]
Epoch 2 [95.6s]: train==[149438.21708=-0.63545 + 18.60991 + 49492.12802 + 99928.11403]
Epoch 3 [91.9s]: train==[149240.34970=-7.63855 + 22.64168 + 49407.70977 + 99817.63690]
Epoch 4 [90.9s + 10.4s]:, recall=[0.03619, 0.06511], precision=[0.00362, 0.00326], hit=[0.03619, 0.06511], ndcg=[0.02076, 0.02796]
Epoch 5 [91.1s]: train==[148675.20052=-859.99736 + 54.55656 + 49596.21647 + 99884.42392]
Epoch 6 [91.3s]: train==[148263.33073=-1239.63640 + 63.90781 + 49591.41960 + 99847.63895]
Epoch 7 [90.6s]: train==[148079.02325=-1493.94753 + 72.26667 + 49601.48321 + 99899.22135]
Epoch 8 [90.5s]: train==[147816.94550=-1626.25739 + 77.75222 + 49569.84124 + 99795.60919]
Epoch 9 [91.1s + 10.1s]:, recall=[0.07750, 0.12378], precision=[0.00775, 0.00619], hit=[0.07750, 0.12378], ndcg=[0.04206, 0.05368]
Epoch 10 [91.8s]: train==[147475.99368=-1844.75298 + 87.68898 + 49456.38904 + 99776.66834]
Epoch 11 [91.8s]: train==[147380.50595=-1914.37133 + 91.10448 + 49439.25237 + 99764.52093]
Epoch 12 [92.7s]: train==[147417.05804=-1966.72614 + 92.75897 + 49471.31655 + 99819.70917]
Epoch 13 [91.4s]: train==[147440.51618=-2016.24840 + 95.58225 + 49475.05892 + 99886.12314]
Epoch 14 [92.2s + 10.7s]:, recall=[0.09698, 0.15040], precision=[0.00970, 0.00752], hit=[0.09698, 0.15040], ndcg=[0.05086, 0.06428]
Epoch 15 [92.1s]: train==[147386.29948=-2083.51770 + 98.46881 + 49470.31961 + 99901.02920]
Epoch 16 [90.9s]: train==[147291.28888=-2109.19222 + 98.72714 + 49445.18192 + 99856.57254]
Epoch 17 [90.9s]: train==[147345.11775=-2133.48708 + 100.35375 + 49473.51688 + 99904.73344]
Epoch 18 [91.3s]: train==[147220.73140=-2155.22543 + 100.25679 + 49428.46061 + 99847.23986]
Epoch 19 [91.0s + 10.2s]:, recall=[0.10485, 0.16439], precision=[0.01049, 0.00822], hit=[0.10485, 0.16439], ndcg=[0.05493, 0.06986]
Epoch 20 [90.8s]: train==[147200.04557=-2197.67638 + 101.23865 + 49417.72540 + 99878.75698]
Epoch 21 [91.5s]: train==[147021.75484=-2207.35575 + 101.54930 + 49362.54329 + 99765.01842]
Epoch 22 [90.3s]: train==[147103.67783=-2222.87957 + 101.76903 + 49394.15569 + 99830.63346]
Epoch 23 [90.5s]: train==[146979.93583=-2233.48980 + 102.82957 + 49355.63146 + 99754.96568]
Epoch 24 [94.3s + 10.5s]:, recall=[0.10918, 0.16928], precision=[0.01092, 0.00846], hit=[0.10918, 0.16928], ndcg=[0.05709, 0.07219]
Epoch 25 [95.5s]: train==[146951.54483=-2254.04505 + 103.02837 + 49348.12272 + 99754.43964]
Epoch 26 [92.8s]: train==[146994.48382=-2260.28381 + 102.95754 + 49356.27739 + 99795.53227]
Epoch 27 [93.1s]: train==[147024.69531=-2273.01883 + 103.08860 + 49364.71680 + 99829.90820]
Epoch 28 [99.0s]: train==[147075.18806=-2282.70711 + 103.07444 + 49380.26981 + 99874.55143]
Epoch 29 [90.8s + 10.6s]:, recall=[0.11540, 0.17328], precision=[0.01154, 0.00866], hit=[0.11540, 0.17328], ndcg=[0.05945, 0.07399]
Epoch 30 [91.2s]: train==[146981.32347=-2292.52232 + 103.03439 + 49353.40453 + 99817.40662]
Epoch 31 [90.5s]: train==[146959.00391=-2298.34993 + 103.40979 + 49348.82752 + 99805.11672]
Epoch 32 [90.6s]: train==[147099.55841=-2308.73082 + 103.34080 + 49393.26321 + 99911.68517]
Epoch 33 [90.7s]: train==[146953.82273=-2310.06782 + 103.38977 + 49346.44243 + 99814.05841]
Epoch 34 [91.0s + 10.1s]:, recall=[0.11439, 0.17430], precision=[0.01144, 0.00871], hit=[0.11439, 0.17430], ndcg=[0.05875, 0.07376]
Epoch 35 [91.0s]: train==[146955.18080=-2317.47245 + 103.73200 + 49349.91560 + 99819.00428]
Epoch 36 [90.9s]: train==[146931.88393=-2321.89928 + 103.67285 + 49338.35133 + 99811.75874]
Epoch 37 [91.1s]: train==[146879.34431=-2326.46818 + 103.82145 + 49321.33403 + 99780.65718]
Epoch 38 [90.4s]: train==[147010.75056=-2331.94585 + 104.17876 + 49366.20494 + 99872.31278]
Epoch 39 [90.4s + 10.4s]:, recall=[0.11595, 0.17605], precision=[0.01160, 0.00880], hit=[0.11595, 0.17605], ndcg=[0.05902, 0.07409]
Epoch 40 [94.9s]: train==[147009.26079=-2336.80105 + 104.23469 + 49365.83347 + 99875.99312]
Epoch 41 [91.2s]: train==[146960.40309=-2336.26140 + 104.64170 + 49359.69006 + 99832.33222]
Epoch 42 [92.0s]: train==[146890.65848=-2345.18029 + 104.35623 + 49326.56492 + 99804.91862]
Epoch 43 [94.3s]: train==[146903.64286=-2347.05889 + 104.08983 + 49331.32315 + 99815.28916]
Epoch 44 [90.5s + 10.8s]:, recall=[0.11314, 0.17549], precision=[0.01131, 0.00877], hit=[0.11314, 0.17549], ndcg=[0.05784, 0.07348]
Epoch 45 [90.9s]: train==[146852.20685=-2350.51537 + 103.55892 + 49312.92801 + 99786.23586]
Epoch 46 [90.8s]: train==[146988.27548=-2354.97136 + 103.78935 + 49356.94215 + 99882.51581]
Epoch 47 [90.4s]: train==[146980.14788=-2359.79316 + 103.53095 + 49356.21815 + 99880.19196]
Epoch 48 [90.4s]: train==[146937.95871=-2349.32833 + 104.24597 + 49351.78697 + 99831.25446]
Epoch 49 [90.3s + 10.4s]:, recall=[0.11093, 0.17126], precision=[0.01109, 0.00856], hit=[0.11093, 0.17126], ndcg=[0.05659, 0.07181]
Epoch 50 [90.5s]: train==[146916.86961=-2362.27249 + 104.32830 + 49335.40258 + 99839.41071]
Epoch 51 [89.8s]: train==[146826.18006=-2354.83759 + 105.24862 + 49318.94350 + 99756.82524]
Epoch 52 [90.4s]: train==[146845.55115=-2358.35016 + 105.43153 + 49318.97317 + 99779.49684]
Epoch 53 [90.5s]: train==[146888.74516=-2368.06275 + 105.03657 + 49325.70898 + 99826.06259]
Epoch 54 [90.3s + 10.3s]:, recall=[0.11006, 0.17227], precision=[0.01101, 0.00861], hit=[0.11006, 0.17227], ndcg=[0.05570, 0.07134]
Epoch 55 [90.5s]: train==[146963.31157=-2370.72427 + 105.67273 + 49349.87347 + 99878.49051]
Epoch 56 [90.8s]: train==[146811.84152=-2369.73099 + 105.85004 + 49300.96722 + 99774.75474]
Epoch 57 [90.5s]: train==[146892.11254=-2378.82372 + 105.44682 + 49337.37542 + 99828.11393]
Epoch 58 [90.8s]: train==[146843.15067=-2378.13735 + 105.06012 + 49309.44508 + 99806.78218]
Epoch 59 [90.6s + 11.5s]:, recall=[0.10932, 0.17351], precision=[0.01093, 0.00868], hit=[0.10932, 0.17351], ndcg=[0.05548, 0.07164]
Epoch 60 [90.4s]: train==[146889.46875=-2380.75823 + 104.83086 + 49328.19336 + 99837.20312]
Epoch 61 [90.7s]: train==[146857.39993=-2376.22258 + 105.75931 + 49320.62681 + 99807.23689]
Epoch 62 [90.7s]: train==[146896.81324=-2378.42598 + 105.71608 + 49337.20722 + 99832.31641]
Epoch 63 [90.3s]: train==[146919.64323=-2382.85683 + 105.98925 + 49341.07343 + 99855.43741]
Epoch 64 [92.1s + 11.5s]:, recall=[0.10775, 0.17227], precision=[0.01078, 0.00861], hit=[0.10775, 0.17227], ndcg=[0.05505, 0.07131]
Epoch 65 [92.8s]: train==[146918.23065=-2386.94471 + 106.30486 + 49346.63109 + 99852.23949]
Epoch 66 [90.8s]: train==[146841.45964=-2383.18179 + 106.32534 + 49310.81050 + 99807.50549]
Epoch 67 [90.8s]: train==[146786.29650=-2386.16594 + 106.54083 + 49293.67490 + 99772.24740]
Epoch 68 [90.6s]: train==[146773.50539=-2385.34182 + 107.02095 + 49294.30943 + 99757.51758]
Epoch 69 [90.5s + 10.8s]:, recall=[0.10881, 0.17310], precision=[0.01088, 0.00865], hit=[0.10881, 0.17310], ndcg=[0.05482, 0.07099]
Epoch 70 [91.1s]: train==[146927.37891=-2390.91205 + 107.17797 + 49337.63756 + 99873.47545]
Epoch 71 [90.7s]: train==[146799.52716=-2384.20680 + 107.66196 + 49303.82478 + 99772.24767]
Epoch 72 [90.0s]: train==[146872.64193=-2392.88539 + 107.54931 + 49326.73675 + 99831.24126]
Epoch 73 [90.4s]: train==[146943.45294=-2394.57013 + 107.46932 + 49344.09961 + 99886.45424]
Epoch 74 [91.0s + 12.5s]:, recall=[0.10886, 0.17287], precision=[0.01089, 0.00864], hit=[0.10886, 0.17287], ndcg=[0.05474, 0.07085]
Epoch 75 [91.1s]: train==[146828.04408=-2399.24581 + 107.09263 + 49303.52772 + 99816.66964]
Epoch 76 [93.0s]: train==[146887.24107=-2398.74389 + 107.33239 + 49323.32287 + 99855.32896]
Epoch 77 [90.9s]: train==[146772.32050=-2395.51958 + 107.56729 + 49286.08654 + 99774.18638]
Epoch 78 [91.1s]: train==[146741.47396=-2395.84736 + 107.61350 + 49273.85691 + 99755.85091]
Epoch 79 [91.2s + 10.2s]:, recall=[0.11084, 0.17333], precision=[0.01108, 0.00867], hit=[0.11084, 0.17333], ndcg=[0.05522, 0.07093]
Epoch 80 [92.4s]: train==[146772.98735=-2403.13838 + 107.02235 + 49286.55027 + 99782.55301]
Epoch 81 [90.5s]: train==[146850.22703=-2404.45181 + 106.66865 + 49314.73670 + 99833.27418]
Epoch 82 [90.5s]: train==[146784.69922=-2404.39127 + 106.50017 + 49298.00144 + 99784.58882]
Epoch 83 [90.9s]: train==[146867.29855=-2404.29187 + 106.42578 + 49316.74149 + 99848.42374]
Epoch 84 [90.2s + 11.6s]:, recall=[0.11130, 0.17512], precision=[0.01113, 0.00876], hit=[0.11130, 0.17512], ndcg=[0.05565, 0.07174]
Epoch 85 [90.7s]: train==[146856.06027=-2398.39699 + 106.34895 + 49316.03697 + 99832.07143]
Epoch 86 [90.2s]: train==[146841.40253=-2401.39005 + 106.81845 + 49314.09724 + 99821.87760]
Epoch 87 [92.7s]: train==[146957.65253=-2407.26906 + 107.10812 + 49351.41853 + 99906.39528]
Epoch 88 [90.6s]: train==[146682.97266=-2404.54151 + 106.53027 + 49255.91030 + 99725.07347]
Epoch 89 [91.6s + 11.4s]:, recall=[0.11043, 0.17692], precision=[0.01104, 0.00885], hit=[0.11043, 0.17692], ndcg=[0.05535, 0.07208]
Early stopping is trigger at step: 10 log:0.11042549272425313
Best Iter=[7]@[8443.7]	recall=[0.1160	0.1760	0.2584	0.3603], ndcg=[0.0590	0.0741	0.0909	0.1083]
