nohup: ignoring input
Dataset name: Tmall
The number of users: 31882
The number of items: 31232
The behavior ratings: [1093807, 140068, 49482, 167862]
The number of ratings: 1451219
Average actions of users: 45.52
Average actions of items: 46.47
The density of the dataset: 0.001457
The sparsity of the dataset: 99.854257%
already load adj matrix 0.3914473056793213
already load pre adj matrix
use the pre adjcency matrix
201
51
54
51
without pretraining.
Epoch 0 [74.8s]: train==[209.95213=-229.14515 + 380.85439 + 58.24288 + 43.68206]
Epoch 1 [72.5s]: train==[-214.92644=-331.68059 + 58.77513 + 57.97902 + 43.48429]
Epoch 2 [72.4s]: train==[-322.74392=-402.65125 + 22.08539 + 57.82193 + 43.36637]
Epoch 3 [72.6s]: train==[-388.51663=-460.00926 + 13.74428 + 57.74834 + 43.31112]
Epoch 4 [72.3s + 15.1s]:, recall=[0.01570, 0.02400, 0.03970, 0.06430], precision=[0.00157, 0.00120], hit=[0.01570, 0.02400], ndcg=[0.00846, 0.01055, 0.01375, 0.01375]
Epoch 5 [73.1s]: train==[-521.95192=-592.69190 + 13.05627 + 57.68371 + 43.26262]
Epoch 6 [73.1s]: train==[-573.84645=-644.87490 + 13.36555 + 57.66290 + 43.24702]
Epoch 7 [83.3s]: train==[-615.65018=-686.88862 + 13.58415 + 57.65429 + 43.24058]
Epoch 8 [74.5s]: train==[-652.53240=-723.96909 + 13.79671 + 57.63998 + 43.22986]
Epoch 9 [87.2s + 56.4s]:, recall=[0.02440, 0.03880, 0.06270, 0.09750], precision=[0.00244, 0.00194], hit=[0.02440, 0.03880], ndcg=[0.01296, 0.01658, 0.02144, 0.02144]
Epoch 10 [78.5s]: train==[-715.13614=-786.97171 + 14.20053 + 57.63504 + 43.22620]
Epoch 11 [74.4s]: train==[-743.00339=-815.02267 + 14.39349 + 57.62579 + 43.21927]
Epoch 12 [74.3s]: train==[-770.05754=-842.31453 + 14.63328 + 57.62371 + 43.21772]
Epoch 13 [74.6s]: train==[-796.25162=-868.70228 + 14.82679 + 57.62387 + 43.21786]
Epoch 14 [73.9s + 15.7s]:, recall=[0.02990, 0.04860, 0.07380, 0.11380], precision=[0.00299, 0.00243], hit=[0.02990, 0.04860], ndcg=[0.01574, 0.02045, 0.02558, 0.02558]
Epoch 15 [73.2s]: train==[-840.28556=-913.09903 + 15.20411 + 57.60936 + 43.20697]
Epoch 16 [74.0s]: train==[-858.93117=-931.85784 + 15.31241 + 57.61426 + 43.21065]
Epoch 17 [74.3s]: train==[-876.71433=-949.82925 + 15.50291 + 57.61201 + 43.20896]
Epoch 18 [75.2s]: train==[-892.58938=-965.84840 + 15.65089 + 57.60813 + 43.20606]
Epoch 19 [74.2s + 15.3s]:, recall=[0.03100, 0.05200, 0.08240, 0.12510], precision=[0.00310, 0.00260], hit=[0.03100, 0.05200], ndcg=[0.01626, 0.02155, 0.02773, 0.02773]
Epoch 20 [74.0s]: train==[-919.79728=-993.35165 + 15.94590 + 57.60846 + 43.20632]
Epoch 21 [73.8s]: train==[-930.81169=-1004.51678 + 16.09621 + 57.60888 + 43.20664]
Epoch 22 [73.2s]: train==[-941.98682=-1015.84072 + 16.24693 + 57.60697 + 43.20520]
Epoch 23 [73.1s]: train==[-950.78036=-1024.77552 + 16.38940 + 57.60578 + 43.20430]
Epoch 24 [72.6s + 14.4s]:, recall=[0.03330, 0.05490, 0.08530, 0.13060], precision=[0.00333, 0.00274], hit=[0.03330, 0.05490], ndcg=[0.01709, 0.02250, 0.02867, 0.02867]
Epoch 25 [73.1s]: train==[-966.98593=-1041.21456 + 16.62671 + 57.60192 + 43.20140]
Epoch 26 [72.6s]: train==[-974.23024=-1048.60273 + 16.77085 + 57.60165 + 43.20121]
Epoch 27 [72.5s]: train==[-980.74790=-1055.20908 + 16.86508 + 57.59610 + 43.19705]
Epoch 28 [72.1s]: train==[-985.82603=-1060.39419 + 16.97326 + 57.59491 + 43.19616]
Epoch 29 [72.4s + 16.3s]:, recall=[0.03450, 0.05690, 0.09080, 0.13630], precision=[0.00345, 0.00284], hit=[0.03450, 0.05690], ndcg=[0.01792, 0.02352, 0.03039, 0.03039]
Epoch 30 [72.5s]: train==[-997.08674=-1071.82976 + 17.15060 + 57.59243 + 43.19429]
Epoch 31 [72.1s]: train==[-1000.74602=-1075.60705 + 17.27000 + 57.59103 + 43.19325]
Epoch 32 [71.8s]: train==[-1005.53773=-1080.47492 + 17.34911 + 57.58808 + 43.19105]
Epoch 33 [71.7s]: train==[-1008.86253=-1083.87017 + 17.42074 + 57.58690 + 43.19016]
Epoch 34 [70.6s + 17.4s]:, recall=[0.03520, 0.06010, 0.09400, 0.13860], precision=[0.00352, 0.00300], hit=[0.03520, 0.06010], ndcg=[0.01793, 0.02419, 0.03106, 0.03106]
Epoch 35 [70.9s]: train==[-1016.53900=-1091.72477 + 17.60619 + 57.57958 + 43.18467]
Epoch 36 [71.0s]: train==[-1019.66000=-1094.92450 + 17.67880 + 57.58571 + 43.18927]
Epoch 37 [71.5s]: train==[-1021.89028=-1097.22183 + 17.74749 + 57.58406 + 43.18804]
Epoch 38 [71.8s]: train==[-1025.28302=-1100.72751 + 17.86132 + 57.58316 + 43.18736]
Epoch 39 [71.8s + 17.3s]:, recall=[0.03540, 0.05890, 0.09370, 0.14020], precision=[0.00354, 0.00294], hit=[0.03540, 0.05890], ndcg=[0.01826, 0.02421, 0.03128, 0.03128]
Epoch 40 [72.0s]: train==[-1029.00871=-1104.54456 + 17.96355 + 57.57230 + 43.17922]
Epoch 41 [71.6s]: train==[-1031.55290=-1107.14961 + 18.02132 + 57.57539 + 43.18153]
Epoch 42 [71.7s]: train==[-1033.55934=-1109.22491 + 18.09275 + 57.57282 + 43.17960]
Epoch 43 [72.2s]: train==[-1034.12705=-1109.84734 + 18.14974 + 57.57055 + 43.17791]
Epoch 44 [72.0s + 15.9s]:, recall=[0.03780, 0.06110, 0.09530, 0.14170], precision=[0.00378, 0.00305], hit=[0.03780, 0.06110], ndcg=[0.01904, 0.02489, 0.03184, 0.03184]
Epoch 45 [72.2s]: train==[-1038.59520=-1114.41478 + 18.24807 + 57.57150 + 43.17863]
Epoch 46 [71.6s]: train==[-1040.92949=-1116.82882 + 18.32549 + 57.57384 + 43.18039]
Epoch 47 [71.4s]: train==[-1041.92942=-1117.86547 + 18.36902 + 57.56703 + 43.17529]
Epoch 48 [72.1s]: train==[-1044.24808=-1120.22348 + 18.40883 + 57.56657 + 43.17493]
Epoch 49 [71.5s + 15.9s]:, recall=[0.03720, 0.06220, 0.09700, 0.14370], precision=[0.00372, 0.00311], hit=[0.03720, 0.06220], ndcg=[0.01885, 0.02516, 0.03223, 0.03223]
Epoch 50 [71.5s]: train==[-1045.51351=-1121.59499 + 18.51676 + 57.56473 + 43.17356]
Epoch 51 [71.5s]: train==[-1047.39782=-1123.50555 + 18.54693 + 57.56079 + 43.17060]
Epoch 52 [71.2s]: train==[-1048.62180=-1124.75329 + 18.57355 + 57.55794 + 43.16847]
Epoch 53 [71.9s]: train==[-1049.73186=-1125.92851 + 18.63940 + 57.55726 + 43.16796]
Epoch 54 [72.2s + 16.1s]:, recall=[0.03780, 0.06340, 0.09770, 0.14450], precision=[0.00378, 0.00317], hit=[0.03780, 0.06340], ndcg=[0.01904, 0.02552, 0.03248, 0.03248]
Epoch 55 [72.5s]: train==[-1051.62411=-1127.92891 + 18.75187 + 57.55293 + 43.16471]
Epoch 56 [72.4s]: train==[-1052.40006=-1128.73715 + 18.78431 + 57.55278 + 43.16459]
Epoch 57 [72.7s]: train==[-1053.77403=-1130.15797 + 18.83491 + 57.54903 + 43.16178]
Epoch 58 [72.8s]: train==[-1054.87466=-1131.30744 + 18.88496 + 57.54782 + 43.16088]
Epoch 59 [72.2s + 16.2s]:, recall=[0.03770, 0.06170, 0.09830, 0.14450], precision=[0.00377, 0.00308], hit=[0.03770, 0.06170], ndcg=[0.01888, 0.02496, 0.03242, 0.03242]
Epoch 60 [73.2s]: train==[-1055.42091=-1131.90181 + 18.93717 + 57.54374 + 43.15783]
Epoch 61 [73.0s]: train==[-1056.77644=-1133.32923 + 19.00818 + 57.54460 + 43.15846]
Epoch 62 [71.9s]: train==[-1057.58740=-1134.18868 + 19.05395 + 57.54734 + 43.16053]
Epoch 63 [78.2s]: train==[-1058.39150=-1135.00964 + 19.07397 + 57.54417 + 43.15815]
Epoch 64 [76.0s + 18.4s]:, recall=[0.03900, 0.06150, 0.09710, 0.14410], precision=[0.00390, 0.00307], hit=[0.03900, 0.06150], ndcg=[0.01929, 0.02496, 0.03222, 0.03222]
Epoch 65 [94.4s]: train==[-1059.62219=-1136.31648 + 19.14982 + 57.54448 + 43.15837]
Epoch 66 [74.4s]: train==[-1060.05731=-1136.75364 + 19.16025 + 57.53608 + 43.15208]
Epoch 67 [71.9s]: train==[-1060.47621=-1137.21202 + 19.20528 + 57.53053 + 43.14791]
Epoch 68 [74.9s]: train==[-1061.69772=-1138.48366 + 19.25157 + 57.53437 + 43.15081]
Epoch 69 [72.7s + 17.8s]:, recall=[0.04050, 0.06340, 0.09970, 0.14590], precision=[0.00405, 0.00317], hit=[0.04050, 0.06340], ndcg=[0.01989, 0.02562, 0.03299, 0.03299]
Epoch 70 [72.3s]: train==[-1063.24542=-1140.06553 + 19.28898 + 57.53113 + 43.14837]
Epoch 71 [72.8s]: train==[-1063.18094=-1140.00157 + 19.28897 + 57.53165 + 43.14876]
Epoch 72 [72.7s]: train==[-1063.17272=-1140.01023 + 19.31224 + 57.52528 + 43.14398]
Epoch 73 [72.4s]: train==[-1064.13233=-1141.00330 + 19.34319 + 57.52778 + 43.14587]
Epoch 74 [72.4s + 18.1s]:, recall=[0.03950, 0.06170, 0.09900, 0.14360], precision=[0.00395, 0.00308], hit=[0.03950, 0.06170], ndcg=[0.01965, 0.02522, 0.03282, 0.03282]
Epoch 75 [72.2s]: train==[-1066.29598=-1143.24203 + 19.42690 + 57.51915 + 43.13938]
Epoch 76 [72.0s]: train==[-1065.59606=-1142.52780 + 19.41076 + 57.52099 + 43.14076]
Epoch 77 [71.8s]: train==[-1066.00077=-1142.95475 + 19.43412 + 57.51986 + 43.13991]
Epoch 78 [72.0s]: train==[-1066.37473=-1143.38392 + 19.48851 + 57.52069 + 43.14054]
Epoch 79 [72.5s + 17.8s]:, recall=[0.04000, 0.06200, 0.10070, 0.14430], precision=[0.00400, 0.00310], hit=[0.04000, 0.06200], ndcg=[0.02019, 0.02568, 0.03360, 0.03360]
Epoch 80 [74.6s]: train==[-1067.50275=-1144.52471 + 19.50666 + 57.51530 + 43.13650]
Epoch 81 [76.0s]: train==[-1067.83525=-1144.89599 + 19.54514 + 57.51560 + 43.13674]
Epoch 82 [74.4s]: train==[-1067.90011=-1145.01002 + 19.59483 + 57.51507 + 43.13634]
Epoch 83 [74.5s]: train==[-1068.68675=-1145.77252 + 19.57639 + 57.50938 + 43.13206]
Epoch 84 [75.0s + 19.5s]:, recall=[0.04050, 0.06380, 0.09890, 0.14590], precision=[0.00405, 0.00319], hit=[0.04050, 0.06380], ndcg=[0.02002, 0.02584, 0.03300, 0.03300]
Epoch 85 [77.8s]: train==[-1069.10135=-1146.23712 + 19.62766 + 57.50812 + 43.13112]
Epoch 86 [75.8s]: train==[-1070.05453=-1147.21325 + 19.65574 + 57.50298 + 43.12726]
Epoch 87 [76.5s]: train==[-1070.08594=-1147.24682 + 19.65537 + 57.50552 + 43.12917]
Epoch 88 [73.0s]: train==[-1068.94231=-1146.08761 + 19.64766 + 57.49764 + 43.12326]
Epoch 89 [73.0s + 17.3s]:, recall=[0.04010, 0.06330, 0.09890, 0.14650], precision=[0.00401, 0.00316], hit=[0.04010, 0.06330], ndcg=[0.01994, 0.02573, 0.03300, 0.03300]
Epoch 90 [73.5s]: train==[-1070.41180=-1147.59998 + 19.68227 + 57.50590 + 43.12946]
Epoch 91 [73.5s]: train==[-1071.00866=-1148.24528 + 19.73643 + 57.50019 + 43.12517]
Epoch 92 [72.7s]: train==[-1071.37770=-1148.61378 + 19.73885 + 57.49723 + 43.12296]
Epoch 93 [73.2s]: train==[-1071.60995=-1148.86407 + 19.75673 + 57.49739 + 43.12308]
Epoch 94 [72.2s + 16.8s]:, recall=[0.03980, 0.06340, 0.09860, 0.14550], precision=[0.00398, 0.00317], hit=[0.03980, 0.06340], ndcg=[0.02002, 0.02593, 0.03310, 0.03310]
Epoch 95 [72.7s]: train==[-1071.61946=-1148.89353 + 19.78183 + 57.49223 + 43.11922]
Epoch 96 [73.3s]: train==[-1071.91757=-1149.19369 + 19.78485 + 57.49127 + 43.11848]
Epoch 97 [72.5s]: train==[-1073.18454=-1150.45570 + 19.77576 + 57.49540 + 43.12159]
Epoch 98 [73.5s]: train==[-1072.34116=-1149.64275 + 19.81159 + 57.49000 + 43.11753]
Epoch 99 [74.6s + 18.1s]:, recall=[0.04000, 0.06240, 0.09960, 0.14710], precision=[0.00400, 0.00312], hit=[0.04000, 0.06240], ndcg=[0.02023, 0.02581, 0.03338, 0.03338]
Epoch 100 [73.9s]: train==[-1073.89358=-1151.22747 + 19.84659 + 57.48730 + 43.11550]
Epoch 101 [72.7s]: train==[-1073.01496=-1150.34519 + 19.85035 + 57.47987 + 43.10995]
Epoch 102 [111.0s]: train==[-1072.88489=-1150.24176 + 19.87188 + 57.48499 + 43.11378]
Epoch 103 [117.9s]: train==[-1074.62666=-1152.02434 + 19.91893 + 57.47874 + 43.10909]
Epoch 104 [74.1s + 24.1s]:, recall=[0.03990, 0.06190, 0.09870, 0.14660], precision=[0.00399, 0.00309], hit=[0.03990, 0.06190], ndcg=[0.01984, 0.02538, 0.03289, 0.03289]
Epoch 105 [73.7s]: train==[-1073.84926=-1151.22621 + 19.89830 + 57.47866 + 43.10902]
Epoch 106 [72.6s]: train==[-1074.16233=-1151.55822 + 19.92362 + 57.47228 + 43.10424]
Epoch 107 [72.9s]: train==[-1074.57740=-1151.97860 + 19.93221 + 57.46899 + 43.10179]
Epoch 108 [73.3s]: train==[-1074.56357=-1151.96657 + 19.93720 + 57.46581 + 43.09939]
Epoch 109 [74.8s + 19.0s]:, recall=[0.03980, 0.06340, 0.09860, 0.14730], precision=[0.00398, 0.00317], hit=[0.03980, 0.06340], ndcg=[0.01994, 0.02582, 0.03300, 0.03300]
Epoch 110 [73.9s]: train==[-1075.11438=-1152.53932 + 19.95652 + 57.46842 + 43.10135]
Epoch 111 [74.8s]: train==[-1075.80534=-1153.26281 + 19.99142 + 57.46606 + 43.09958]
Epoch 112 [72.9s]: train==[-1075.06058=-1152.51777 + 19.99666 + 57.46053 + 43.09544]
Epoch 113 [73.8s]: train==[-1076.10083=-1153.59500 + 20.03031 + 57.46385 + 43.09793]
Epoch 114 [72.4s + 16.8s]:, recall=[0.03980, 0.06350, 0.09890, 0.14980], precision=[0.00398, 0.00317], hit=[0.03980, 0.06350], ndcg=[0.02025, 0.02613, 0.03333, 0.03333]
Epoch 115 [74.7s]: train==[-1076.31144=-1153.80393 + 20.03108 + 57.46140 + 43.09609]
Epoch 116 [75.4s]: train==[-1076.49246=-1153.97815 + 20.02917 + 57.45653 + 43.09244]
Epoch 117 [73.4s]: train==[-1075.51138=-1153.01162 + 20.04553 + 57.45472 + 43.09109]
Epoch 118 [72.9s]: train==[-1076.45711=-1153.98718 + 20.07877 + 57.45130 + 43.08852]
Epoch 119 [72.7s + 17.3s]:, recall=[0.04080, 0.06260, 0.09890, 0.14780], precision=[0.00408, 0.00313], hit=[0.04080, 0.06260], ndcg=[0.02074, 0.02621, 0.03359, 0.03359]
Epoch 120 [73.2s]: train==[-1076.49808=-1153.99544 + 20.04593 + 57.45142 + 43.08861]
Epoch 121 [72.9s]: train==[-1077.41713=-1154.95807 + 20.08822 + 57.45272 + 43.08958]
Epoch 122 [72.4s]: train==[-1076.99833=-1154.59073 + 20.14271 + 57.44969 + 43.08732]
Epoch 123 [72.5s]: train==[-1077.47079=-1155.02108 + 20.10803 + 57.44227 + 43.08174]
Epoch 124 [72.2s + 17.5s]:, recall=[0.03920, 0.06220, 0.09970, 0.14710], precision=[0.00392, 0.00311], hit=[0.03920, 0.06220], ndcg=[0.02015, 0.02593, 0.03355, 0.03355]
Epoch 125 [73.0s]: train==[-1077.46100=-1155.03172 + 20.12776 + 57.44295 + 43.08225]
Epoch 126 [72.6s]: train==[-1078.10722=-1155.68458 + 20.13949 + 57.43787 + 43.07844]
Epoch 127 [72.7s]: train==[-1075.38623=-1152.90490 + 20.08118 + 57.43748 + 43.07816]
Epoch 128 [72.4s]: train==[-1076.72534=-1154.29868 + 20.13800 + 57.43534 + 43.07655]
Epoch 129 [72.8s + 16.2s]:, recall=[0.03990, 0.06240, 0.09780, 0.14750], precision=[0.00399, 0.00312], hit=[0.03990, 0.06240], ndcg=[0.02035, 0.02602, 0.03324, 0.03324]
Epoch 130 [73.3s]: train==[-1077.93292=-1155.51624 + 20.15526 + 57.42804 + 43.07107]
Epoch 131 [73.5s]: train==[-1077.93012=-1155.51569 + 20.15212 + 57.43344 + 43.07512]
Epoch 132 [72.3s]: train==[-1077.67938=-1155.25755 + 20.14247 + 57.43570 + 43.07682]
Epoch 133 [73.0s]: train==[-1077.93209=-1155.51972 + 20.15526 + 57.43238 + 43.07432]
Epoch 134 [72.4s + 15.7s]:, recall=[0.03900, 0.06270, 0.09990, 0.14660], precision=[0.00390, 0.00313], hit=[0.03900, 0.06270], ndcg=[0.01997, 0.02591, 0.03349, 0.03349]
Epoch 135 [73.7s]: train==[-1078.58454=-1156.16491 + 20.15461 + 57.42578 + 43.06936]
Epoch 136 [72.9s]: train==[-1078.55954=-1156.17851 + 20.19349 + 57.42548 + 43.06916]
Epoch 137 [72.9s]: train==[-1079.21206=-1156.84776 + 20.21292 + 57.42277 + 43.06712]
Epoch 138 [73.0s]: train==[-1078.68363=-1156.32210 + 20.21436 + 57.42411 + 43.06813]
Epoch 139 [73.3s + 15.8s]:, recall=[0.04000, 0.06240, 0.09940, 0.14780], precision=[0.00400, 0.00312], hit=[0.04000, 0.06240], ndcg=[0.02031, 0.02592, 0.03345, 0.03345]
Epoch 140 [73.0s]: train==[-1078.56214=-1156.18022 + 20.19969 + 57.41839 + 43.06384]
Epoch 141 [73.3s]: train==[-1079.50443=-1157.12184 + 20.20199 + 57.41543 + 43.06161]
Epoch 142 [73.0s]: train==[-1079.31260=-1156.93173 + 20.20570 + 57.41343 + 43.06012]
Epoch 143 [74.4s]: train==[-1078.85146=-1156.51692 + 20.25530 + 57.41015 + 43.05766]
Epoch 144 [89.5s + 16.9s]:, recall=[0.04080, 0.06290, 0.09850, 0.14710], precision=[0.00408, 0.00314], hit=[0.04080, 0.06290], ndcg=[0.02075, 0.02627, 0.03351, 0.03351]
Epoch 145 [73.8s]: train==[-1079.01551=-1156.64659 + 20.22135 + 57.40973 + 43.05734]
Epoch 146 [73.7s]: train==[-1079.30580=-1156.98881 + 20.27839 + 57.40462 + 43.05351]
Epoch 147 [72.6s]: train==[-1079.49832=-1157.13557 + 20.23133 + 57.40592 + 43.05449]
Epoch 148 [98.1s]: train==[-1079.33544=-1156.99789 + 20.26187 + 57.40057 + 43.05047]
Epoch 149 [104.7s + 19.3s]:, recall=[0.03900, 0.06480, 0.10050, 0.14880], precision=[0.00390, 0.00324], hit=[0.03900, 0.06480], ndcg=[0.02066, 0.02714, 0.03438, 0.03438]
Epoch 150 [77.6s]: train==[-1079.73212=-1157.41417 + 20.28011 + 57.40195 + 43.05151]
Epoch 151 [73.9s]: train==[-1080.42272=-1158.13128 + 20.30960 + 57.39896 + 43.04927]
Epoch 152 [73.6s]: train==[-1078.95814=-1156.66061 + 20.30735 + 57.39513 + 43.04640]
Epoch 153 [76.0s]: train==[-1079.14546=-1156.85886 + 20.31624 + 57.39717 + 43.04792]
Epoch 154 [72.9s + 17.4s]:, recall=[0.03920, 0.06390, 0.09950, 0.14570], precision=[0.00392, 0.00319], hit=[0.03920, 0.06390], ndcg=[0.02039, 0.02662, 0.03387, 0.03387]
Epoch 155 [72.6s]: train==[-1079.59784=-1157.31882 + 20.33188 + 57.38910 + 43.04188]
Epoch 156 [72.6s]: train==[-1081.16076=-1158.89368 + 20.34735 + 57.38558 + 43.03923]
Epoch 157 [72.9s]: train==[-1080.59794=-1158.33864 + 20.35125 + 57.38946 + 43.04213]
Epoch 158 [72.9s]: train==[-1080.60733=-1158.33500 + 20.34146 + 57.38621 + 43.03971]
Epoch 159 [72.9s + 18.6s]:, recall=[0.04110, 0.06410, 0.09910, 0.14670], precision=[0.00411, 0.00320], hit=[0.04110, 0.06410], ndcg=[0.02089, 0.02665, 0.03377, 0.03377]
Epoch 160 [72.9s]: train==[-1080.85290=-1158.58011 + 20.34511 + 57.38211 + 43.03662]
Epoch 161 [72.5s]: train==[-1080.77393=-1158.49352 + 20.33848 + 57.38110 + 43.03587]
Epoch 162 [71.6s]: train==[-1080.99781=-1158.72299 + 20.34218 + 57.38301 + 43.03731]
Epoch 163 [71.9s]: train==[-1080.42138=-1158.10192 + 20.30107 + 57.37947 + 43.03465]
Epoch 164 [72.3s + 16.4s]:, recall=[0.04100, 0.06290, 0.09820, 0.14560], precision=[0.00410, 0.00314], hit=[0.04100, 0.06290], ndcg=[0.02072, 0.02618, 0.03340, 0.03340]
Epoch 165 [72.5s]: train==[-1081.41632=-1159.15089 + 20.35621 + 57.37836 + 43.03382]
Epoch 166 [71.8s]: train==[-1080.80875=-1158.53643 + 20.35643 + 57.37125 + 43.02849]
Epoch 167 [71.7s]: train==[-1080.90787=-1158.64317 + 20.36399 + 57.37130 + 43.02852]
Epoch 168 [72.1s]: train==[-1081.03246=-1158.78498 + 20.38432 + 57.36819 + 43.02619]
Epoch 169 [72.3s + 15.6s]:, recall=[0.04040, 0.06380, 0.09920, 0.14770], precision=[0.00404, 0.00319], hit=[0.04040, 0.06380], ndcg=[0.02059, 0.02645, 0.03366, 0.03366]
Epoch 170 [72.0s]: train==[-1081.64253=-1159.36510 + 20.35569 + 57.36688 + 43.02520]
Epoch 171 [72.2s]: train==[-1081.72453=-1159.46334 + 20.37482 + 57.36400 + 43.02306]
Epoch 172 [73.3s]: train==[-1081.10483=-1158.86103 + 20.39453 + 57.36167 + 43.02131]
Epoch 173 [72.8s]: train==[-1081.65316=-1159.40847 + 20.39329 + 57.36202 + 43.02157]
Epoch 174 [72.1s + 16.6s]:, recall=[0.04140, 0.06260, 0.09890, 0.14680], precision=[0.00414, 0.00313], hit=[0.04140, 0.06260], ndcg=[0.02092, 0.02628, 0.03366, 0.03366]
Epoch 175 [73.3s]: train==[-1082.45168=-1160.21002 + 20.40101 + 57.35734 + 43.01805]
Epoch 176 [72.4s]: train==[-1081.31398=-1159.09086 + 20.42282 + 57.35406 + 43.01559]
Epoch 177 [72.4s]: train==[-1082.14635=-1159.93355 + 20.43386 + 57.35334 + 43.01505]
Epoch 178 [72.9s]: train==[-1081.18961=-1158.93214 + 20.39017 + 57.35238 + 43.01434]
Epoch 179 [73.5s + 16.8s]:, recall=[0.04080, 0.06560, 0.10100, 0.14940], precision=[0.00408, 0.00328], hit=[0.04080, 0.06560], ndcg=[0.02104, 0.02724, 0.03440, 0.03440]
Epoch 180 [75.9s]: train==[-1082.45648=-1160.21139 + 20.41002 + 57.34490 + 43.00872]
Epoch 181 [74.5s]: train==[-1082.46600=-1160.24202 + 20.42865 + 57.34737 + 43.01056]
Epoch 182 [74.1s]: train==[-1082.43197=-1160.21869 + 20.44121 + 57.34552 + 43.00918]
Epoch 183 [74.9s]: train==[-1081.79303=-1159.60505 + 20.46884 + 57.34318 + 43.00744]
Epoch 184 [75.4s + 15.4s]:, recall=[0.04010, 0.06330, 0.10090, 0.14680], precision=[0.00401, 0.00316], hit=[0.04010, 0.06330], ndcg=[0.02099, 0.02682, 0.03448, 0.03448]
Epoch 185 [77.0s]: train==[-1082.40632=-1160.19111 + 20.44456 + 57.34022 + 43.00522]
Epoch 186 [74.4s]: train==[-1081.67236=-1159.48195 + 20.47152 + 57.33807 + 43.00361]
Epoch 187 [72.9s]: train==[-1082.36016=-1160.13232 + 20.43614 + 57.33603 + 43.00207]
Epoch 188 [73.4s]: train==[-1082.64146=-1160.45665 + 20.47740 + 57.33781 + 43.00340]
Epoch 189 [74.5s + 17.2s]:, recall=[0.04100, 0.06370, 0.10080, 0.14860], precision=[0.00410, 0.00318], hit=[0.04100, 0.06370], ndcg=[0.02080, 0.02648, 0.03404, 0.03404]
Epoch 190 [76.0s]: train==[-1082.72374=-1160.50997 + 20.45748 + 57.32873 + 42.99660]
Epoch 191 [74.9s]: train==[-1082.30597=-1160.08339 + 20.44553 + 57.33189 + 42.99895]
Epoch 192 [74.4s]: train==[-1083.43122=-1161.24441 + 20.48321 + 57.32997 + 42.99753]
Epoch 193 [74.4s]: train==[-1082.06857=-1159.82881 + 20.43201 + 57.32824 + 42.99623]
Epoch 194 [86.7s + 18.6s]:, recall=[0.04180, 0.06190, 0.10080, 0.14710], precision=[0.00418, 0.00309], hit=[0.04180, 0.06190], ndcg=[0.02125, 0.02632, 0.03424, 0.03424]
Epoch 195 [75.6s]: train==[-1083.06155=-1160.88082 + 20.49900 + 57.32026 + 42.99024]
Epoch 196 [95.5s]: train==[-1082.37317=-1160.16569 + 20.46884 + 57.32368 + 42.99280]
Epoch 197 [74.8s]: train==[-1083.75659=-1161.56236 + 20.48877 + 57.31701 + 42.98780]
Epoch 198 [103.2s]: train==[-1083.55568=-1161.37531 + 20.50597 + 57.31365 + 42.98528]
Epoch 199 [78.0s + 17.1s]:, recall=[0.04140, 0.06390, 0.09950, 0.14780], precision=[0.00414, 0.00319], hit=[0.04140, 0.06390], ndcg=[0.02127, 0.02693, 0.03421, 0.03421]
Epoch 200 [74.5s]: train==[-1082.72128=-1160.48118 + 20.44743 + 57.31247 + 42.98440]
Epoch 201 [79.2s]: train==[-1083.35326=-1161.14321 + 20.47614 + 57.31381 + 42.98539]
Epoch 202 [76.6s]: train==[-1083.46050=-1161.25813 + 20.48942 + 57.30821 + 42.98121]
Epoch 203 [75.8s]: train==[-1083.30172=-1161.07899 + 20.47125 + 57.30602 + 42.97957]
Epoch 204 [74.9s + 16.1s]:, recall=[0.04060, 0.06390, 0.10040, 0.14770], precision=[0.00406, 0.00319], hit=[0.04060, 0.06390], ndcg=[0.02092, 0.02679, 0.03422, 0.03422]
Epoch 205 [75.5s]: train==[-1083.28073=-1161.06136 + 20.47541 + 57.30522 + 42.97897]
Epoch 206 [76.1s]: train==[-1084.21674=-1161.98221 + 20.46436 + 57.30112 + 42.97590]
Epoch 207 [78.5s]: train==[-1083.76842=-1161.57013 + 20.50438 + 57.29733 + 42.97305]
Epoch 208 [77.2s]: train==[-1083.61864=-1161.41742 + 20.49892 + 57.29987 + 42.97495]
Epoch 209 [74.9s + 17.5s]:, recall=[0.04000, 0.06460, 0.09910, 0.14780], precision=[0.00400, 0.00323], hit=[0.04000, 0.06460], ndcg=[0.02055, 0.02673, 0.03377, 0.03377]
Epoch 210 [79.0s]: train==[-1083.20514=-1161.02418 + 20.52287 + 57.29617 + 42.97218]
Epoch 211 [75.9s]: train==[-1082.99577=-1160.78158 + 20.49168 + 57.29413 + 42.97064]
Epoch 212 [74.3s]: train==[-1083.64871=-1161.45759 + 20.51442 + 57.29446 + 42.97090]
Epoch 213 [75.0s]: train==[-1083.79524=-1161.59971 + 20.51244 + 57.29202 + 42.96906]
Epoch 214 [74.4s + 16.8s]:, recall=[0.04060, 0.06440, 0.10140, 0.14520], precision=[0.00406, 0.00322], hit=[0.04060, 0.06440], ndcg=[0.02111, 0.02705, 0.03457, 0.03457]
Epoch 215 [75.1s]: train==[-1083.68177=-1161.51085 + 20.54469 + 57.28439 + 42.96333]
Epoch 216 [76.9s]: train==[-1083.81143=-1161.61909 + 20.51967 + 57.28799 + 42.96604]
Epoch 217 [77.6s]: train==[-1083.40716=-1161.21137 + 20.52190 + 57.28230 + 42.96177]
Epoch 218 [74.2s]: train==[-1083.87585=-1161.70460 + 20.54620 + 57.28256 + 42.96196]
Epoch 219 [74.6s + 16.6s]:, recall=[0.04080, 0.06340, 0.09990, 0.14560], precision=[0.00408, 0.00317], hit=[0.04080, 0.06340], ndcg=[0.02108, 0.02675, 0.03420, 0.03420]
Epoch 220 [74.4s]: train==[-1084.87432=-1162.68273 + 20.52977 + 57.27864 + 42.95903]
Epoch 221 [75.1s]: train==[-1084.43458=-1162.21961 + 20.50795 + 57.27708 + 42.95786]
Epoch 222 [74.5s]: train==[-1084.11484=-1161.91872 + 20.52830 + 57.27559 + 42.95673]
Epoch 223 [74.7s]: train==[-1083.83873=-1161.63602 + 20.52577 + 57.27153 + 42.95369]
Epoch 224 [74.1s + 15.9s]:, recall=[0.04090, 0.06350, 0.10100, 0.14730], precision=[0.00409, 0.00317], hit=[0.04090, 0.06350], ndcg=[0.02100, 0.02668, 0.03431, 0.03431]
Epoch 225 [74.5s]: train==[-1084.03033=-1161.83489 + 20.53800 + 57.26656 + 42.94996]
Epoch 226 [74.6s]: train==[-1084.36465=-1162.15505 + 20.52229 + 57.26811 + 42.95114]
Epoch 227 [74.3s]: train==[-1084.96471=-1162.77835 + 20.54647 + 57.26717 + 42.95043]
Epoch 228 [74.8s]: train==[-1084.41385=-1162.20538 + 20.52855 + 57.26298 + 42.94728]
Epoch 229 [74.6s + 15.9s]:, recall=[0.04010, 0.06300, 0.10000, 0.14930], precision=[0.00401, 0.00315], hit=[0.04010, 0.06300], ndcg=[0.02091, 0.02672, 0.03429, 0.03429]
Epoch 230 [75.5s]: train==[-1085.09857=-1162.90796 + 20.55068 + 57.25871 + 42.94408]
Epoch 231 [75.0s]: train==[-1085.13560=-1162.92639 + 20.53080 + 57.25998 + 42.94503]
Epoch 232 [73.8s]: train==[-1084.82397=-1162.64885 + 20.57296 + 57.25191 + 42.93898]
Epoch 233 [74.8s]: train==[-1084.77971=-1162.60094 + 20.56755 + 57.25368 + 42.94031]
Epoch 234 [74.7s + 16.0s]:, recall=[0.04000, 0.06370, 0.09870, 0.14730], precision=[0.00400, 0.00318], hit=[0.04000, 0.06370], ndcg=[0.02078, 0.02676, 0.03390, 0.03390]
Epoch 235 [75.5s]: train==[-1085.32102=-1163.13406 + 20.56645 + 57.24659 + 42.93500]
Epoch 236 [76.2s]: train==[-1085.27197=-1163.06088 + 20.53948 + 57.24943 + 42.93713]
Epoch 237 [77.3s]: train==[-1084.91728=-1162.73692 + 20.57035 + 57.24928 + 42.93701]
Epoch 238 [75.7s]: train==[-1085.04190=-1162.88704 + 20.60567 + 57.23947 + 42.92964]
Epoch 239 [76.2s + 16.5s]:, recall=[0.04120, 0.06460, 0.09880, 0.14690], precision=[0.00412, 0.00323], hit=[0.04120, 0.06460], ndcg=[0.02134, 0.02717, 0.03416, 0.03416]
Epoch 240 [85.7s]: train==[-1085.37259=-1163.16700 + 20.55336 + 57.24105 + 42.93083]
Epoch 241 [92.7s]: train==[-1085.37460=-1163.13727 + 20.52231 + 57.24036 + 42.93032]
Epoch 242 [93.2s]: train==[-1084.72652=-1162.52692 + 20.56385 + 57.23655 + 42.92747]
Epoch 243 [77.9s]: train==[-1085.10590=-1162.89688 + 20.55203 + 57.23895 + 42.92927]
Epoch 244 [79.2s + 18.3s]:, recall=[0.04090, 0.06420, 0.10080, 0.14860], precision=[0.00409, 0.00321], hit=[0.04090, 0.06420], ndcg=[0.02103, 0.02683, 0.03430, 0.03430]
Early stopping is trigger at step: 10 log:0.040900000000000145
Best Iter=[38]@[19296.3]	recall=[0.0418	0.0619	0.1008	0.1471], ndcg=[0.0212	0.0263	0.0342	0.0422]
