nohup: ignoring input
Dataset name: Tmall/new
The number of users: 41739
The number of items: 11954
The behavior ratings: [1813498, 221514, 1996, 181428]
The number of ratings: 2218436
Average actions of users: 53.15
Average actions of items: 185.58
The density of the dataset: 0.004446
The sparsity of the dataset: 99.555377%
already load adj matrix 0.4938929080963135
already load pre adj matrix
use the pre adjcency matrix
544
180
8
48
without pretraining.
W_gc_0
W_gc_1
W_gc_2
W_gc_3
W_rel_0
W_rel_1
W_rel_2
W_rel_3
Epoch 0 [444.0s]: train==[-210.82414=-311.44626 + 1.23725 + 56.78454 + 42.60032]
Epoch 1 [439.0s]: train==[-753.23273=-858.74634 + 1.73482 + 59.17362 + 44.60518]
Epoch 2 [439.7s]: train==[-782.58919=-887.69056 + 1.88500 + 58.64665 + 44.56972]
Epoch 3 [446.2s]: train==[-809.02729=-914.14814 + 2.12279 + 58.39767 + 44.60039]
Epoch 4 [464.6s + 26.3s]:, recall=[0.00812, 0.01161], precision=[0.00086, 0.00061], hit=[0.00856, 0.01218], ndcg=[0.00453, 0.00543]
Epoch 5 [450.6s]: train==[-882.86232=-987.16516 + 1.92792 + 57.75769 + 44.61723]
Epoch 6 [439.0s]: train==[-906.02473=-1009.96023 + 1.74291 + 57.58563 + 44.60697]
Epoch 7 [439.2s]: train==[-960.26120=-1063.72360 + 1.45460 + 57.47875 + 44.52905]
Epoch 8 [471.6s]: train==[-1037.94736=-1141.00546 + 1.41514 + 57.32056 + 44.32240]
Epoch 9 [457.3s + 27.1s]:, recall=[0.01680, 0.02904], precision=[0.00180, 0.00157], hit=[0.01801, 0.03129], ndcg=[0.00941, 0.01270]
Epoch 10 [515.2s]: train==[-1129.08530=-1231.51183 + 1.39544 + 57.02877 + 44.00233]
Epoch 11 [469.4s]: train==[-1166.03576=-1267.98540 + 1.31727 + 56.89984 + 43.73253]
Epoch 12 [450.2s]: train==[-1200.47484=-1301.98929 + 1.28565 + 56.76216 + 43.46664]
Epoch 13 [446.7s]: train==[-1234.10711=-1335.14285 + 1.28154 + 56.61487 + 43.13932]
Epoch 14 [446.9s + 27.2s]:, recall=[0.02421, 0.04253], precision=[0.00261, 0.00230], hit=[0.02607, 0.04575], ndcg=[0.01312, 0.01804]
Epoch 15 [449.4s]: train==[-1291.13811=-1391.07281 + 1.28957 + 56.28770 + 42.35743]
Epoch 16 [448.4s]: train==[-1313.53596=-1413.01613 + 1.26493 + 56.15732 + 42.05793]
Epoch 17 [443.9s]: train==[-1334.63413=-1433.82587 + 1.24728 + 56.07682 + 41.86764]
Epoch 18 [447.1s]: train==[-1352.85193=-1451.81646 + 1.22533 + 56.00881 + 41.73039]
Epoch 19 [444.6s + 28.1s]:, recall=[0.02986, 0.05197], precision=[0.00321, 0.00279], hit=[0.03204, 0.05554], ndcg=[0.01592, 0.02181]
Epoch 20 [524.7s]: train==[-1386.73360=-1485.38281 + 1.19871 + 55.90194 + 41.54856]
Epoch 21 [443.0s]: train==[-1399.17507=-1497.72802 + 1.19235 + 55.86144 + 41.49916]
Epoch 22 [442.3s]: train==[-1412.21627=-1510.68242 + 1.19198 + 55.82691 + 41.44724]
Epoch 23 [452.8s]: train==[-1426.17120=-1524.53617 + 1.18947 + 55.77361 + 41.40188]
Epoch 24 [447.9s + 26.3s]:, recall=[0.03397, 0.05876], precision=[0.00364, 0.00313], hit=[0.03610, 0.06227], ndcg=[0.01810, 0.02464]
Epoch 25 [449.5s]: train==[-1446.11753=-1544.30836 + 1.17605 + 55.69858 + 41.31621]
Epoch 26 [448.6s]: train==[-1457.42004=-1555.56899 + 1.16960 + 55.68062 + 41.29872]
Epoch 27 [483.3s]: train==[-1467.56620=-1565.65502 + 1.16317 + 55.65326 + 41.27240]
Epoch 28 [504.5s]: train==[-1477.67511=-1575.71419 + 1.15862 + 55.62804 + 41.25240]
Epoch 29 [456.1s + 25.9s]:, recall=[0.03736, 0.06393], precision=[0.00399, 0.00340], hit=[0.03965, 0.06752], ndcg=[0.01961, 0.02658]
