nohup: ignoring input
Dataset name: Beibei
The number of users: 21716
The number of items: 7977
The behavior ratings: [2412586, 642622, 282860]
The number of ratings: 3338068
Average actions of users: 153.71
Average actions of items: 418.46
The density of the dataset: 0.019270
The sparsity of the dataset: 98.073026%
already load adj matrix 0.6553692817687988
already load pre adj matrix
use the pre adjcency matrix
586
179
94
without pretraining.
Epoch 0 [278.1s]: train==[132780.07245=-295.96385 + 132994.07278 + 49.17733 + 32.78482]
Epoch 1 [275.4s]: train==[24493.05763=-821.76607 + 25233.22743 + 48.95778 + 32.63838]
Epoch 2 [241.9s]: train==[6412.07514=-948.58307 + 7279.13520 + 48.91387 + 32.60914]
Epoch 3 [274.8s]: train==[1604.67991=-1069.95943 + 2593.13913 + 48.90017 + 32.60005]
Epoch 4 [275.3s + 13.1s]:, recall=[0.03251, 0.05245, 0.10798, 0.17121], precision=[0.00325, 0.00262], hit=[0.03251, 0.05245], ndcg=[0.01959, 0.02451, 0.03580, 0.03580]
Epoch 5 [277.3s]: train==[-306.99053=-1288.54843 + 900.07069 + 48.89235 + 32.59486]
Epoch 6 [275.2s]: train==[-640.17029=-1376.43611 + 654.78768 + 48.88690 + 32.59124]
Epoch 7 [245.6s]: train==[-827.24974=-1424.04168 + 515.31369 + 48.88697 + 32.59129]
Epoch 8 [275.7s]: train==[-959.07973=-1475.17281 + 434.61428 + 48.88729 + 32.59151]
Epoch 9 [266.5s + 13.2s]:, recall=[0.05033, 0.08243, 0.13907, 0.23494], precision=[0.00503, 0.00412], hit=[0.05033, 0.08243], ndcg=[0.02600, 0.03404, 0.04550, 0.04550]
Epoch 10 [273.3s]: train==[-1176.13443=-1596.48511 + 338.86790 + 48.88966 + 32.59310]
Epoch 11 [272.1s]: train==[-1267.89463=-1655.23218 + 305.85914 + 48.88705 + 32.59136]
Epoch 12 [246.0s]: train==[-1362.50200=-1722.32768 + 278.35312 + 48.88354 + 32.58902]
Epoch 13 [276.0s]: train==[-1448.09239=-1787.45545 + 257.88443 + 48.88718 + 32.59144]
Epoch 14 [274.7s + 13.0s]:, recall=[0.08017, 0.13363, 0.20575, 0.30659], precision=[0.00802, 0.00668], hit=[0.08017, 0.13363], ndcg=[0.04178, 0.05519, 0.06985, 0.06985]
Epoch 15 [275.2s]: train==[-1589.66159=-1898.76786 + 227.61559 + 48.89440 + 32.59627]
Epoch 16 [273.9s]: train==[-1644.74226=-1943.98175 + 217.76271 + 48.88607 + 32.59071]
Epoch 17 [246.7s]: train==[-1695.91398=-1987.59514 + 210.19803 + 48.88987 + 32.59325]
Epoch 18 [271.2s]: train==[-1738.12959=-2023.50036 + 203.89718 + 48.88416 + 32.58944]
Epoch 19 [276.4s + 12.5s]:, recall=[0.11204, 0.17057, 0.24926, 0.34675], precision=[0.01120, 0.00853], hit=[0.11204, 0.17057], ndcg=[0.05942, 0.07416, 0.09022, 0.09022]
Epoch 20 [276.7s]: train==[-1819.08002=-2093.46130 + 192.89972 + 48.88893 + 32.59263]
Epoch 21 [277.2s]: train==[-1850.30065=-2120.05598 + 188.27806 + 48.88636 + 32.59091]
Epoch 22 [223.5s]: train==[-1875.49036=-2140.13093 + 183.15998 + 48.88835 + 32.59224]
Epoch 23 [248.7s]: train==[-1904.62031=-2165.69407 + 179.59516 + 48.88715 + 32.59144]
Epoch 24 [256.1s + 14.5s]:, recall=[0.12990, 0.19373, 0.27077, 0.36591], precision=[0.01299, 0.00969], hit=[0.12990, 0.19373], ndcg=[0.06954, 0.08557, 0.10134, 0.10134]
Epoch 25 [275.3s]: train==[-1943.24659=-2199.10975 + 174.38815 + 48.88501 + 32.59001]
Epoch 26 [274.7s]: train==[-1968.49990=-2221.63754 + 171.66639 + 48.88274 + 32.58850]
Epoch 27 [251.2s]: train==[-1984.40373=-2234.08809 + 168.20232 + 48.88924 + 32.59283]
Epoch 28 [275.5s]: train==[-1996.18544=-2242.36162 + 164.70202 + 48.88449 + 32.58966]
Epoch 29 [273.6s + 12.9s]:, recall=[0.13948, 0.20469, 0.28237, 0.37567], precision=[0.01395, 0.01023], hit=[0.13948, 0.20469], ndcg=[0.07355, 0.08998, 0.10586, 0.10586]
Epoch 30 [275.7s]: train==[-2024.24240=-2268.45883 + 162.74641 + 48.88201 + 32.58801]
Epoch 31 [275.3s]: train==[-2040.91657=-2285.56497 + 163.16683 + 48.88895 + 32.59264]
Epoch 32 [244.7s]: train==[-2052.08794=-2296.27963 + 162.71453 + 48.88629 + 32.59086]
Epoch 33 [276.6s]: train==[-2066.80589=-2309.98386 + 161.70010 + 48.88671 + 32.59115]
Epoch 34 [275.0s + 13.4s]:, recall=[0.14989, 0.21528, 0.29559, 0.38644], precision=[0.01499, 0.01076], hit=[0.14989, 0.21528], ndcg=[0.07956, 0.09603, 0.11244, 0.11244]
Epoch 35 [271.2s]: train==[-2083.86666=-2325.38523 + 160.05250 + 48.87964 + 32.58644]
Epoch 36 [278.8s]: train==[-2096.56741=-2337.06247 + 159.01938 + 48.88540 + 32.59027]
Epoch 37 [216.6s]: train==[-2101.82805=-2341.61839 + 158.31454 + 48.88548 + 32.59033]
Epoch 38 [58.8s]: train==[-2112.36826=-2351.79172 + 157.95066 + 48.88367 + 32.58912]
Epoch 39 [71.0s + 11.7s]:, recall=[0.15118, 0.21878, 0.29766, 0.38884], precision=[0.01512, 0.01094], hit=[0.15118, 0.21878], ndcg=[0.07983, 0.09687, 0.11295, 0.11295]
Epoch 40 [59.7s]: train==[-2126.84856=-2365.75623 + 157.43215 + 48.88530 + 32.59021]
Epoch 41 [64.6s]: train==[-2134.13372=-2373.64949 + 158.03708 + 48.88721 + 32.59149]
Epoch 42 [63.1s]: train==[-2146.35445=-2387.05338 + 159.21742 + 48.88890 + 32.59261]
Epoch 43 [61.6s]: train==[-2152.83050=-2393.16899 + 158.86428 + 48.88453 + 32.58970]
Epoch 44 [62.0s + 12.1s]:, recall=[0.15758, 0.22725, 0.30715, 0.39551], precision=[0.01576, 0.01136], hit=[0.15758, 0.22725], ndcg=[0.08338, 0.10095, 0.11729, 0.11729]
Epoch 45 [63.8s]: train==[-2163.21819=-2402.57043 + 157.88068 + 48.88293 + 32.58863]
Epoch 46 [59.9s]: train==[-2166.90984=-2406.17802 + 157.79561 + 48.88354 + 32.58904]
Epoch 47 [59.7s]: train==[-2174.91622=-2413.92292 + 157.52826 + 48.88706 + 32.59138]
Epoch 48 [59.2s]: train==[-2181.56137=-2419.93978 + 156.90199 + 48.88584 + 32.59057]
Epoch 49 [59.4s + 11.8s]:, recall=[0.16555, 0.23596, 0.31488, 0.40519], precision=[0.01655, 0.01180], hit=[0.16555, 0.23596], ndcg=[0.08828, 0.10603, 0.12217, 0.12217]
Epoch 50 [59.3s]: train==[-2185.75524=-2423.24044 + 156.02024 + 48.87898 + 32.58599]
Epoch 51 [59.8s]: train==[-2191.00823=-2428.29242 + 155.82079 + 48.87804 + 32.58537]
Epoch 52 [60.1s]: train==[-2196.89345=-2435.51798 + 157.14324 + 48.88875 + 32.59251]
Epoch 53 [59.8s]: train==[-2199.11798=-2437.20127 + 156.60703 + 48.88573 + 32.59050]
Epoch 54 [60.3s + 11.2s]:, recall=[0.16329, 0.23517, 0.31502, 0.40601], precision=[0.01633, 0.01176], hit=[0.16329, 0.23517], ndcg=[0.08720, 0.10533, 0.12162, 0.12162]
Epoch 55 [59.2s]: train==[-2204.46743=-2442.44322 + 156.50499 + 48.88247 + 32.58833]
Epoch 56 [60.5s]: train==[-2208.57259=-2446.08258 + 156.02970 + 48.88817 + 32.59212]
Epoch 57 [59.7s]: train==[-2207.40216=-2445.12829 + 156.25827 + 48.88072 + 32.58716]
Epoch 58 [58.4s]: train==[-2206.60216=-2444.38101 + 156.31521 + 48.87818 + 32.58547]
Epoch 59 [59.2s + 11.1s]:, recall=[0.16292, 0.23416, 0.31161, 0.40445], precision=[0.01629, 0.01171], hit=[0.16292, 0.23416], ndcg=[0.08677, 0.10476, 0.12058, 0.12058]
Epoch 60 [58.9s]: train==[-2215.73410=-2453.81427 + 156.61371 + 48.87987 + 32.58659]
Epoch 61 [59.5s]: train==[-2214.10915=-2454.12974 + 158.54330 + 48.88637 + 32.59093]
Epoch 62 [59.9s]: train==[-2223.64482=-2465.47062 + 160.35521 + 48.88234 + 32.58824]
Epoch 63 [59.5s]: train==[-2224.26311=-2466.63117 + 160.88718 + 48.88853 + 32.59237]
Epoch 64 [61.1s + 12.8s]:, recall=[0.16661, 0.23757, 0.31626, 0.40666], precision=[0.01666, 0.01188], hit=[0.16661, 0.23757], ndcg=[0.08814, 0.10610, 0.12218, 0.12218]
Epoch 65 [59.9s]: train==[-2230.30165=-2473.48935 + 161.71892 + 48.88126 + 32.58752]
Epoch 66 [59.0s]: train==[-2234.56822=-2477.73052 + 161.69243 + 48.88192 + 32.58796]
Epoch 67 [59.0s]: train==[-2237.28326=-2479.99731 + 161.24725 + 48.88007 + 32.58673]
Epoch 68 [58.4s]: train==[-2237.27414=-2480.14464 + 161.39737 + 48.88385 + 32.58925]
Epoch 69 [60.0s + 11.0s]:, recall=[0.16776, 0.23969, 0.32133, 0.41136], precision=[0.01678, 0.01198], hit=[0.16776, 0.23969], ndcg=[0.08925, 0.10743, 0.12410, 0.12410]
Epoch 70 [59.9s]: train==[-2240.08156=-2483.78048 + 162.23490 + 48.87840 + 32.58561]
Epoch 71 [61.5s]: train==[-2246.50721=-2490.33606 + 162.35774 + 48.88264 + 32.58844]
Epoch 72 [61.5s]: train==[-2249.01001=-2493.18321 + 162.69934 + 48.88432 + 32.58956]
Epoch 73 [59.4s]: train==[-2247.83724=-2492.35750 + 163.04316 + 48.88626 + 32.59085]
Epoch 74 [59.2s + 11.1s]:, recall=[0.17250, 0.24259, 0.32303, 0.41416], precision=[0.01725, 0.01213], hit=[0.17250, 0.24259], ndcg=[0.09169, 0.10938, 0.12586, 0.12586]
Epoch 75 [59.0s]: train==[-2253.34976=-2497.06548 + 162.25036 + 48.87921 + 32.58615]
Epoch 76 [58.7s]: train==[-2255.08914=-2498.59534 + 162.04310 + 48.87783 + 32.58524]
Epoch 77 [59.8s]: train==[-2259.03623=-2501.98684 + 161.47857 + 48.88321 + 32.58882]
Epoch 78 [58.4s]: train==[-2259.10980=-2502.10195 + 161.52723 + 48.87894 + 32.58597]
Epoch 79 [58.9s + 11.0s]:, recall=[0.17126, 0.24401, 0.32386, 0.41522], precision=[0.01713, 0.01220], hit=[0.17126, 0.24401], ndcg=[0.09029, 0.10864, 0.12497, 0.12497]
Epoch 80 [70.1s]: train==[-2257.06100=-2500.67003 + 162.13846 + 48.88233 + 32.58824]
Epoch 81 [59.0s]: train==[-2256.91608=-2500.32595 + 161.95117 + 48.87522 + 32.58349]
Epoch 82 [59.3s]: train==[-2267.31471=-2510.14062 + 161.35109 + 48.88489 + 32.58994]
Epoch 83 [61.0s]: train==[-2267.50109=-2509.66248 + 160.68748 + 48.88432 + 32.58957]
Epoch 84 [61.6s + 12.9s]:, recall=[0.17001, 0.24300, 0.32644, 0.41826], precision=[0.01700, 0.01215], hit=[0.17001, 0.24300], ndcg=[0.08892, 0.10732, 0.12436, 0.12436]
Epoch 85 [60.0s]: train==[-2270.94762=-2512.78490 + 160.36886 + 48.88104 + 32.58737]
Epoch 86 [58.6s]: train==[-2267.50358=-2509.57078 + 160.59527 + 48.88315 + 32.58878]
Epoch 87 [58.8s]: train==[-2274.27366=-2516.99577 + 161.24058 + 48.88890 + 32.59261]
Epoch 88 [74.9s]: train==[-2268.37528=-2511.43740 + 161.59374 + 48.88102 + 32.58736]
Epoch 89 [59.0s + 11.6s]:, recall=[0.16974, 0.24401, 0.32570, 0.41739], precision=[0.01697, 0.01220], hit=[0.16974, 0.24401], ndcg=[0.09092, 0.10968, 0.12637, 0.12637]
Epoch 90 [68.5s]: train==[-2271.74253=-2515.52092 + 162.30164 + 48.88605 + 32.59071]
Epoch 91 [69.9s]: train==[-2271.82049=-2515.59412 + 162.30809 + 48.87932 + 32.58623]
Epoch 92 [63.6s]: train==[-2274.42892=-2517.57058 + 161.67701 + 48.87880 + 32.58588]
Epoch 93 [61.0s]: train==[-2276.70706=-2519.78569 + 161.60829 + 48.88217 + 32.58813]
Epoch 94 [58.3s + 13.0s]:, recall=[0.17282, 0.24388, 0.32617, 0.41739], precision=[0.01728, 0.01219], hit=[0.17282, 0.24388], ndcg=[0.09223, 0.11012, 0.12695, 0.12695]
Epoch 95 [59.0s]: train==[-2279.95301=-2523.13123 + 161.71434 + 48.87832 + 32.58556]
Epoch 96 [58.5s]: train==[-2278.56099=-2521.77671 + 161.74452 + 48.88271 + 32.58849]
Epoch 97 [59.8s]: train==[-2281.81856=-2525.10938 + 161.81776 + 48.88382 + 32.58923]
Epoch 98 [58.7s]: train==[-2281.32348=-2524.14074 + 161.35191 + 48.87920 + 32.58615]
Epoch 99 [58.2s + 11.5s]:, recall=[0.17337, 0.24604, 0.32884, 0.42093], precision=[0.01734, 0.01230], hit=[0.17337, 0.24604], ndcg=[0.09214, 0.11050, 0.12739, 0.12739]
Epoch 100 [63.2s]: train==[-2283.54070=-2525.81550 + 160.80983 + 48.87900 + 32.58601]
Epoch 101 [58.6s]: train==[-2283.50204=-2526.05203 + 161.08415 + 48.87949 + 32.58634]
Epoch 102 [58.8s]: train==[-2283.09655=-2525.55741 + 160.98441 + 48.88586 + 32.59059]
Epoch 103 [58.3s]: train==[-2286.86803=-2528.92408 + 160.58521 + 48.88250 + 32.58835]
Epoch 104 [58.8s + 11.6s]:, recall=[0.17664, 0.24710, 0.32354, 0.41868], precision=[0.01766, 0.01235], hit=[0.17664, 0.24710], ndcg=[0.09424, 0.11200, 0.12764, 0.12764]
Epoch 105 [58.9s]: train==[-2283.04700=-2525.58893 + 161.07787 + 48.87843 + 32.58564]
Epoch 106 [58.2s]: train==[-2288.27441=-2530.38607 + 160.63481 + 48.88610 + 32.59075]
Epoch 107 [58.5s]: train==[-2283.80181=-2526.36632 + 161.09581 + 48.88123 + 32.58750]
Epoch 108 [58.6s]: train==[-2289.27224=-2531.60857 + 160.86974 + 48.87994 + 32.58664]
Epoch 109 [58.2s + 11.8s]:, recall=[0.17121, 0.24461, 0.32534, 0.41955], precision=[0.01712, 0.01223], hit=[0.17121, 0.24461], ndcg=[0.09089, 0.10944, 0.12596, 0.12596]
Epoch 110 [58.0s]: train==[-2289.50924=-2531.45553 + 160.47592 + 48.88222 + 32.58816]
Epoch 111 [57.7s]: train==[-2287.58718=-2529.23363 + 160.18304 + 48.87804 + 32.58537]
Epoch 112 [59.1s]: train==[-2287.56250=-2529.43058 + 160.40336 + 48.87881 + 32.58589]
Epoch 113 [58.8s]: train==[-2291.23375=-2532.62814 + 159.92651 + 48.88072 + 32.58716]
Epoch 114 [58.3s + 11.5s]:, recall=[0.17407, 0.24411, 0.32483, 0.41803], precision=[0.01741, 0.01221], hit=[0.17407, 0.24411], ndcg=[0.09365, 0.11134, 0.12786, 0.12786]
Epoch 115 [58.8s]: train==[-2284.47887=-2526.02209 + 160.09138 + 48.87110 + 32.58075]
Epoch 116 [59.0s]: train==[-2289.69972=-2530.88180 + 159.72575 + 48.87380 + 32.58255]
Epoch 117 [59.1s]: train==[-2291.45570=-2532.60194 + 159.68235 + 48.87833 + 32.58557]
Epoch 118 [58.7s]: train==[-2288.86146=-2530.29299 + 159.96417 + 48.88041 + 32.58695]
Epoch 119 [59.0s + 11.3s]:, recall=[0.17526, 0.25060, 0.32782, 0.42034], precision=[0.01753, 0.01253], hit=[0.17526, 0.25060], ndcg=[0.09348, 0.11248, 0.12827, 0.12827]
Epoch 120 [58.8s]: train==[-2287.55812=-2529.29584 + 160.26848 + 48.88154 + 32.58770]
Epoch 121 [58.8s]: train==[-2287.15012=-2528.97606 + 160.36816 + 48.87465 + 32.58311]
Epoch 122 [58.4s]: train==[-2291.49539=-2532.72484 + 159.76255 + 48.88013 + 32.58677]
Epoch 123 [58.6s]: train==[-2289.65283=-2531.49884 + 160.38295 + 48.87784 + 32.58524]
Epoch 124 [58.3s + 11.7s]:, recall=[0.17476, 0.24807, 0.32695, 0.42098], precision=[0.01748, 0.01240], hit=[0.17476, 0.24807], ndcg=[0.09307, 0.11158, 0.12771, 0.12771]
Epoch 125 [58.2s]: train==[-2293.52846=-2534.74228 + 159.75370 + 48.87605 + 32.58405]
Epoch 126 [57.4s]: train==[-2294.36034=-2535.50220 + 159.67149 + 48.88221 + 32.58815]
Epoch 127 [57.8s]: train==[-2296.91146=-2537.54345 + 159.16257 + 48.88164 + 32.58777]
Epoch 128 [57.4s]: train==[-2292.31294=-2533.31380 + 159.53304 + 48.88070 + 32.58714]
Epoch 129 [58.0s + 14.0s]:, recall=[0.17213, 0.24369, 0.32478, 0.41753], precision=[0.01721, 0.01218], hit=[0.17213, 0.24369], ndcg=[0.09179, 0.10980, 0.12637, 0.12637]
Epoch 130 [59.0s]: train==[-2293.05225=-2534.16547 + 159.64812 + 48.87905 + 32.58605]
Epoch 131 [58.5s]: train==[-2294.56394=-2535.88841 + 159.85234 + 48.88326 + 32.58885]
Epoch 132 [58.3s]: train==[-2294.67802=-2535.32951 + 159.18192 + 48.88173 + 32.58783]
Epoch 133 [58.1s]: train==[-2290.28181=-2531.24221 + 159.49732 + 48.87784 + 32.58524]
Epoch 134 [59.0s + 11.5s]:, recall=[0.17245, 0.24581, 0.32699, 0.41785], precision=[0.01725, 0.01229], hit=[0.17245, 0.24581], ndcg=[0.09191, 0.11044, 0.12704, 0.12704]
Epoch 135 [59.2s]: train==[-2295.85903=-2537.32029 + 159.99389 + 48.88041 + 32.58695]
Epoch 136 [58.5s]: train==[-2291.65458=-2533.47214 + 160.34713 + 48.88225 + 32.58818]
Epoch 137 [59.5s]: train==[-2293.25162=-2534.68182 + 159.96913 + 48.87663 + 32.58443]
Epoch 138 [60.6s]: train==[-2290.11812=-2531.86713 + 160.29182 + 48.87430 + 32.58288]
Epoch 139 [59.7s + 12.2s]:, recall=[0.17379, 0.24544, 0.32617, 0.41591], precision=[0.01738, 0.01227], hit=[0.17379, 0.24544], ndcg=[0.09274, 0.11086, 0.12737, 0.12737]
Epoch 140 [59.0s]: train==[-2295.53058=-2536.61751 + 159.61866 + 48.88095 + 32.58732]
Epoch 141 [58.6s]: train==[-2295.39032=-2536.21944 + 159.36645 + 48.87759 + 32.58507]
Epoch 142 [59.0s]: train==[-2294.77091=-2536.06432 + 159.83267 + 48.87645 + 32.58431]
Epoch 143 [61.5s]: train==[-2293.93766=-2535.20697 + 159.80135 + 48.88076 + 32.58719]
Epoch 144 [61.8s + 11.6s]:, recall=[0.17669, 0.24544, 0.32612, 0.41895], precision=[0.01767, 0.01227], hit=[0.17669, 0.24544], ndcg=[0.09444, 0.11179, 0.12826, 0.12826]
Epoch 145 [59.8s]: train==[-2296.65948=-2536.96252 + 158.84126 + 48.87706 + 32.58472]
Epoch 146 [64.0s]: train==[-2294.94805=-2535.42982 + 159.01674 + 48.87901 + 32.58602]
Epoch 147 [58.2s]: train==[-2289.30335=-2530.62433 + 159.86202 + 48.87537 + 32.58360]
Epoch 148 [60.8s]: train==[-2293.84335=-2535.19839 + 159.88889 + 48.87969 + 32.58647]
Epoch 149 [73.8s + 20.9s]:, recall=[0.17158, 0.24682, 0.32672, 0.42034], precision=[0.01716, 0.01234], hit=[0.17158, 0.24682], ndcg=[0.09115, 0.11013, 0.12645, 0.12645]
Epoch 150 [61.7s]: train==[-2293.92028=-2535.52084 + 160.13499 + 48.87933 + 32.58624]
Epoch 151 [63.1s]: train==[-2294.68380=-2536.03041 + 159.88318 + 48.87803 + 32.58537]
Epoch 152 [62.5s]: train==[-2296.29933=-2537.20299 + 159.44437 + 48.87557 + 32.58373]
Epoch 153 [59.3s]: train==[-2297.11681=-2538.07895 + 159.49774 + 48.87864 + 32.58578]
Epoch 154 [58.2s + 11.6s]:, recall=[0.17020, 0.24369, 0.32630, 0.41978], precision=[0.01702, 0.01218], hit=[0.17020, 0.24369], ndcg=[0.09165, 0.11016, 0.12704, 0.12704]
Epoch 155 [61.9s]: train==[-2294.15569=-2534.74579 + 159.12961 + 48.87628 + 32.58420]
Epoch 156 [58.5s]: train==[-2295.98343=-2536.90678 + 159.45997 + 48.87802 + 32.58536]
Epoch 157 [58.2s]: train==[-2296.27288=-2537.01420 + 159.28151 + 48.87588 + 32.58394]
Epoch 158 [59.1s]: train==[-2297.96263=-2538.41112 + 158.99195 + 48.87393 + 32.58263]
Epoch 159 [59.0s + 11.5s]:, recall=[0.17236, 0.24595, 0.32713, 0.42080], precision=[0.01724, 0.01230], hit=[0.17236, 0.24595], ndcg=[0.09244, 0.11099, 0.12757, 0.12757]
Epoch 160 [58.7s]: train==[-2300.20200=-2540.12802 + 158.46561 + 48.87624 + 32.58418]
Epoch 161 [61.4s]: train==[-2298.56972=-2538.57285 + 158.54365 + 48.87570 + 32.58381]
Epoch 162 [59.4s]: train==[-2296.84896=-2536.95131 + 158.63688 + 48.87928 + 32.58620]
Epoch 163 [58.4s]: train==[-2295.99445=-2535.92933 + 158.47494 + 48.87597 + 32.58399]
Epoch 164 [58.2s + 11.3s]:, recall=[0.17476, 0.24581, 0.32612, 0.41794], precision=[0.01748, 0.01229], hit=[0.17476, 0.24581], ndcg=[0.09287, 0.11082, 0.12718, 0.12718]
Epoch 165 [60.0s]: train==[-2299.71797=-2540.21819 + 159.03608 + 48.87848 + 32.58567]
Epoch 166 [59.1s]: train==[-2296.09558=-2536.26265 + 158.70455 + 48.87752 + 32.58503]
Epoch 167 [59.1s]: train==[-2298.28391=-2538.69912 + 158.95367 + 48.87691 + 32.58463]
Epoch 168 [59.2s]: train==[-2294.13744=-2534.49913 + 158.91289 + 48.86927 + 32.57953]
Epoch 169 [58.8s + 11.7s]:, recall=[0.16992, 0.24268, 0.32391, 0.41743], precision=[0.01699, 0.01213], hit=[0.16992, 0.24268], ndcg=[0.09122, 0.10958, 0.12618, 0.12618]
Epoch 170 [58.9s]: train==[-2298.65544=-2538.84597 + 158.73102 + 48.87569 + 32.58381]
Epoch 171 [58.5s]: train==[-2299.75658=-2539.83639 + 158.61249 + 48.88039 + 32.58694]
Epoch 172 [60.2s]: train==[-2299.61286=-2539.53416 + 158.45017 + 48.88266 + 32.58846]
Epoch 173 [58.8s]: train==[-2296.42775=-2536.56735 + 158.67684 + 48.87764 + 32.58511]
Epoch 174 [58.6s + 11.0s]:, recall=[0.17443, 0.24576, 0.32861, 0.42001], precision=[0.01744, 0.01229], hit=[0.17443, 0.24576], ndcg=[0.09354, 0.11157, 0.12851, 0.12851]
Epoch 175 [60.1s]: train==[-2299.25831=-2539.41032 + 158.69232 + 48.87580 + 32.58388]
Epoch 176 [58.5s]: train==[-2296.17090=-2536.59784 + 158.96492 + 48.87720 + 32.58481]
Epoch 177 [58.2s]: train==[-2297.83541=-2538.80387 + 159.50740 + 48.87662 + 32.58443]
Epoch 178 [59.0s]: train==[-2298.32657=-2539.11037 + 159.32045 + 48.87799 + 32.58535]
Epoch 179 [58.8s + 11.5s]:, recall=[0.16674, 0.23945, 0.32105, 0.41587], precision=[0.01667, 0.01197], hit=[0.16674, 0.23945], ndcg=[0.08757, 0.10591, 0.12259, 0.12259]
Epoch 180 [58.3s]: train==[-2300.04790=-2540.45724 + 158.94552 + 48.87827 + 32.58553]
Epoch 181 [57.9s]: train==[-2300.44621=-2540.78468 + 158.87524 + 48.87793 + 32.58530]
Epoch 182 [58.7s]: train==[-2299.37498=-2538.98358 + 158.15080 + 48.87468 + 32.58314]
Epoch 183 [58.3s]: train==[-2297.51273=-2537.57102 + 158.60351 + 48.87286 + 32.58192]
Epoch 184 [58.1s + 12.0s]:, recall=[0.17034, 0.24088, 0.32280, 0.41578], precision=[0.01703, 0.01204], hit=[0.17034, 0.24088], ndcg=[0.09172, 0.10947, 0.12619, 0.12619]
Epoch 185 [58.3s]: train==[-2295.03675=-2535.69648 + 159.20313 + 48.87395 + 32.58264]
Epoch 186 [58.4s]: train==[-2300.65669=-2541.52053 + 159.40323 + 48.87636 + 32.58426]
Epoch 187 [58.5s]: train==[-2302.15293=-2542.31982 + 158.70557 + 48.87679 + 32.58454]
Epoch 188 [58.4s]: train==[-2296.97266=-2536.73860 + 158.31565 + 48.87018 + 32.58013]
Epoch 189 [58.7s + 10.9s]:, recall=[0.16854, 0.24185, 0.32170, 0.41601], precision=[0.01685, 0.01209], hit=[0.16854, 0.24185], ndcg=[0.08917, 0.10764, 0.12398, 0.12398]
Epoch 190 [58.5s]: train==[-2297.92454=-2538.00474 + 158.62440 + 48.87347 + 32.58233]
Epoch 191 [57.9s]: train==[-2294.52576=-2535.53265 + 159.54853 + 48.87500 + 32.58335]
Epoch 192 [57.8s]: train==[-2298.37026=-2539.14487 + 159.32061 + 48.87240 + 32.58161]
Epoch 193 [58.6s]: train==[-2297.39609=-2538.27825 + 159.42404 + 48.87485 + 32.58325]
Epoch 194 [58.4s + 10.9s]:, recall=[0.16849, 0.23978, 0.32363, 0.41766], precision=[0.01685, 0.01199], hit=[0.16849, 0.23978], ndcg=[0.08986, 0.10776, 0.12488, 0.12488]
Early stopping is trigger at step: 10 log:0.16849327684656476
Best Iter=[28]@[20046.6]	recall=[0.1767	0.2454	0.3261	0.4190], ndcg=[0.0944	0.1118	0.1283	0.1441]
