nohup: ignoring input
Dataset name: Beibei
The number of users: 21716
The number of items: 7977
The behavior ratings: [2412586, 642622, 282860]
The number of ratings: 3338068
Average actions of users: 153.71
Average actions of items: 418.46
The density of the dataset: 0.019270
The sparsity of the dataset: 98.073026%
already load adj matrix 1.4574050903320312
already load pre adj matrix
use the pre adjcency matrix
586
179
94
without pretraining.
Epoch 0 [61.5s]: train==[56909.93297=-350.85884 + 57179.72449 + 48.64073 + 32.42714]
Epoch 1 [59.3s]: train==[4228.19041=-894.36758 + 5041.82856 + 48.43768 + 32.29175]
Epoch 2 [59.5s]: train==[264.19477=-1020.68461 + 1204.20521 + 48.40453 + 32.26965]
Epoch 3 [59.1s]: train==[-476.30756=-1137.64242 + 580.68237 + 48.39151 + 32.26098]
Epoch 4 [66.3s + 13.5s]:, recall=[0.03785, 0.06410, 0.11001, 0.19829], precision=[0.00379, 0.00321], hit=[0.03785, 0.06410], ndcg=[0.02288, 0.02937, 0.03874, 0.03874]
Epoch 5 [59.4s]: train==[-999.88029=-1398.48486 + 317.95621 + 48.38902 + 32.25932]
Epoch 6 [59.4s]: train==[-1139.10169=-1487.70079 + 267.95975 + 48.38361 + 32.25572]
Epoch 7 [60.6s]: train==[-1247.53365=-1562.55237 + 234.38115 + 48.38255 + 32.25501]
Epoch 8 [59.6s]: train==[-1353.24127=-1649.27038 + 215.38017 + 48.38937 + 32.25956]
Epoch 9 [59.5s + 16.6s]:, recall=[0.07027, 0.11931, 0.18825, 0.29025], precision=[0.00703, 0.00597], hit=[0.07027, 0.11931], ndcg=[0.03675, 0.04906, 0.06307, 0.06307]
Epoch 10 [60.3s]: train==[-1573.07047=-1847.50883 + 193.79460 + 48.38626 + 32.25749]
Epoch 11 [59.5s]: train==[-1662.56625=-1929.80220 + 186.59643 + 48.38371 + 32.25580]
Epoch 12 [65.7s]: train==[-1735.55738=-1996.51893 + 180.32549 + 48.38164 + 32.25441]
Epoch 13 [58.9s]: train==[-1801.30373=-2057.50744 + 175.56232 + 48.38484 + 32.25655]
Epoch 14 [59.4s + 11.2s]:, recall=[0.12097, 0.17922, 0.25672, 0.35112], precision=[0.01210, 0.00896], hit=[0.12097, 0.17922], ndcg=[0.06596, 0.08062, 0.09641, 0.09641]
Epoch 15 [60.0s]: train==[-1894.75178=-2140.26320 + 164.85787 + 48.39213 + 32.26141]
Epoch 16 [59.6s]: train==[-1926.21996=-2167.69058 + 160.82514 + 48.38730 + 32.25819]
Epoch 17 [59.5s]: train==[-1956.07460=-2195.75993 + 159.03540 + 48.38996 + 32.25996]
Epoch 18 [59.1s]: train==[-1983.57350=-2224.91263 + 160.70592 + 48.37994 + 32.25328]
Epoch 19 [58.6s + 11.0s]:, recall=[0.14275, 0.20943, 0.28845, 0.37825], precision=[0.01428, 0.01047], hit=[0.14275, 0.20943], ndcg=[0.07585, 0.09263, 0.10880, 0.10880]
Epoch 20 [58.5s]: train==[-2039.92820=-2280.68627 + 160.11452 + 48.38614 + 32.25742]
Epoch 21 [61.3s]: train==[-2061.57001=-2299.94271 + 157.73446 + 48.38295 + 32.25530]
Epoch 22 [59.0s]: train==[-2076.55814=-2312.89325 + 155.69211 + 48.38581 + 32.25720]
Epoch 23 [58.9s]: train==[-2093.80737=-2329.37488 + 154.92806 + 48.38367 + 32.25578]
Epoch 24 [59.8s + 11.8s]:, recall=[0.15500, 0.22375, 0.30148, 0.38948], precision=[0.01550, 0.01119], hit=[0.15500, 0.22375], ndcg=[0.08307, 0.10043, 0.11631, 0.11631]
Epoch 25 [58.8s]: train==[-2121.04144=-2358.87043 + 157.19448 + 48.38072 + 32.25381]
Epoch 26 [59.1s]: train==[-2137.05307=-2375.10086 + 157.41547 + 48.37938 + 32.25292]
Epoch 27 [60.2s]: train==[-2146.12486=-2383.53281 + 156.75974 + 48.38892 + 32.25928]
Epoch 28 [59.6s]: train==[-2156.32711=-2392.95353 + 155.98478 + 48.38497 + 32.25665]
Epoch 29 [59.3s + 12.2s]:, recall=[0.16357, 0.23402, 0.31000, 0.39911], precision=[0.01636, 0.01170], hit=[0.16357, 0.23402], ndcg=[0.08680, 0.10450, 0.12004, 0.12004]
Epoch 30 [59.5s]: train==[-2170.17598=-2406.49510 + 155.68973 + 48.37764 + 32.25175]
Epoch 31 [59.0s]: train==[-2180.62095=-2417.88807 + 156.62621 + 48.38454 + 32.25636]
Epoch 32 [60.1s]: train==[-2184.44062=-2421.22669 + 156.14998 + 48.38165 + 32.25443]
Epoch 33 [61.5s]: train==[-2193.76626=-2430.19426 + 155.78945 + 48.38314 + 32.25542]
Epoch 34 [61.5s + 12.7s]:, recall=[0.17075, 0.23992, 0.31686, 0.40689], precision=[0.01707, 0.01200], hit=[0.17075, 0.23992], ndcg=[0.09203, 0.10943, 0.12519, 0.12519]
Epoch 35 [62.1s]: train==[-2200.86441=-2439.01971 + 157.52912 + 48.37570 + 32.25046]
Epoch 36 [62.0s]: train==[-2206.78210=-2445.08651 + 157.66843 + 48.38159 + 32.25439]
Epoch 37 [64.7s]: train==[-2210.89504=-2449.18309 + 157.64900 + 48.38342 + 32.25561]
Epoch 38 [62.4s]: train==[-2215.79602=-2454.24205 + 157.81541 + 48.37835 + 32.25223]
Epoch 39 [61.5s + 11.5s]:, recall=[0.16776, 0.24153, 0.31751, 0.40606], precision=[0.01678, 0.01208], hit=[0.16776, 0.24153], ndcg=[0.09019, 0.10883, 0.12432, 0.12432]
Epoch 40 [60.1s]: train==[-2222.89751=-2461.00290 + 157.47480 + 48.37835 + 32.25223]
Epoch 41 [65.3s]: train==[-2230.15108=-2467.84873 + 157.05639 + 48.38476 + 32.25650]
Epoch 42 [60.3s]: train==[-2236.09185=-2474.84785 + 158.11827 + 48.38266 + 32.25511]
Epoch 43 [63.7s]: train==[-2234.60742=-2473.48760 + 158.24507 + 48.38107 + 32.25404]
Epoch 44 [92.7s + 15.5s]:, recall=[0.17070, 0.24176, 0.32151, 0.40915], precision=[0.01707, 0.01209], hit=[0.17070, 0.24176], ndcg=[0.09212, 0.11003, 0.12636, 0.12636]
Epoch 45 [66.3s]: train==[-2239.89623=-2478.87022 + 158.33479 + 48.38352 + 32.25568]
Epoch 46 [78.1s]: train==[-2241.45504=-2481.36462 + 159.27300 + 48.38198 + 32.25465]
Epoch 47 [60.6s]: train==[-2246.48782=-2487.48470 + 160.35723 + 48.38378 + 32.25585]
Epoch 48 [59.5s]: train==[-2248.98587=-2490.12198 + 160.50047 + 48.38140 + 32.25427]
Epoch 49 [59.3s + 11.6s]:, recall=[0.17453, 0.24691, 0.32598, 0.41605], precision=[0.01745, 0.01235], hit=[0.17453, 0.24691], ndcg=[0.09438, 0.11265, 0.12884, 0.12884]
Epoch 50 [60.6s]: train==[-2249.87949=-2490.84515 + 160.34276 + 48.37372 + 32.24915]
Epoch 51 [60.7s]: train==[-2255.21293=-2495.38240 + 159.54686 + 48.37357 + 32.24905]
Epoch 52 [59.6s]: train==[-2254.87733=-2495.37400 + 159.85372 + 48.38577 + 32.25718]
Epoch 53 [62.5s]: train==[-2259.66005=-2499.77871 + 159.48605 + 48.37954 + 32.25303]
Epoch 54 [61.8s + 12.1s]:, recall=[0.17393, 0.24374, 0.32400, 0.41232], precision=[0.01739, 0.01219], hit=[0.17393, 0.24374], ndcg=[0.09360, 0.11114, 0.12755, 0.12755]
Epoch 55 [67.5s]: train==[-2262.36826=-2501.96195 + 158.96460 + 48.37746 + 32.25164]
Epoch 56 [66.3s]: train==[-2264.30327=-2503.76955 + 158.82700 + 48.38357 + 32.25572]
Epoch 57 [60.9s]: train==[-2264.58641=-2504.18535 + 158.97041 + 48.37710 + 32.25140]
Epoch 58 [59.9s]: train==[-2260.13655=-2500.60857 + 159.84753 + 48.37468 + 32.24979]
Epoch 59 [60.2s + 12.7s]:, recall=[0.17213, 0.24300, 0.32649, 0.41656], precision=[0.01721, 0.01215], hit=[0.17213, 0.24300], ndcg=[0.09297, 0.11080, 0.12787, 0.12787]
Epoch 60 [60.4s]: train==[-2266.69563=-2509.50925 + 162.19113 + 48.37349 + 32.24899]
Epoch 61 [60.4s]: train==[-2271.32303=-2513.95781 + 161.99985 + 48.38095 + 32.25397]
Epoch 62 [59.4s]: train==[-2275.09162=-2517.55390 + 161.82803 + 48.38054 + 32.25369]
Epoch 63 [59.7s]: train==[-2275.89962=-2518.20288 + 161.66407 + 48.38352 + 32.25568]
Epoch 64 [60.4s + 11.9s]:, recall=[0.17250, 0.24581, 0.32681, 0.41568], precision=[0.01725, 0.01229], hit=[0.17250, 0.24581], ndcg=[0.09269, 0.11115, 0.12771, 0.12771]
Epoch 65 [61.1s]: train==[-2280.86987=-2523.42468 + 161.92210 + 48.37961 + 32.25308]
Epoch 66 [59.1s]: train==[-2280.06523=-2522.51860 + 161.82485 + 48.37711 + 32.25141]
Epoch 67 [59.7s]: train==[-2280.25899=-2522.53122 + 161.64345 + 48.37728 + 32.25152]
Epoch 68 [58.4s]: train==[-2281.80990=-2523.59534 + 161.15266 + 48.37967 + 32.25312]
Epoch 69 [58.8s + 11.7s]:, recall=[0.16808, 0.24328, 0.32313, 0.41306], precision=[0.01681, 0.01216], hit=[0.16808, 0.24328], ndcg=[0.08934, 0.10829, 0.12464, 0.12464]
Epoch 70 [60.0s]: train==[-2283.84445=-2525.81926 + 161.35005 + 48.37487 + 32.24991]
Epoch 71 [59.5s]: train==[-2286.19738=-2528.10803 + 161.28039 + 48.37816 + 32.25211]
Epoch 72 [58.4s]: train==[-2280.70888=-2523.45881 + 162.11579 + 48.38048 + 32.25365]
Epoch 73 [59.0s]: train==[-2288.03792=-2530.57270 + 161.88949 + 48.38718 + 32.25812]
Epoch 74 [60.3s + 11.8s]:, recall=[0.17162, 0.24641, 0.32902, 0.42066], precision=[0.01716, 0.01232], hit=[0.17162, 0.24641], ndcg=[0.09127, 0.11016, 0.12705, 0.12705]
Epoch 75 [62.4s]: train==[-2284.22592=-2526.26805 + 161.42004 + 48.37324 + 32.24883]
Epoch 76 [59.8s]: train==[-2285.75873=-2527.78445 + 161.39973 + 48.37560 + 32.25040]
Epoch 77 [59.6s]: train==[-2290.59162=-2532.19594 + 160.97501 + 48.37758 + 32.25172]
Epoch 78 [59.1s]: train==[-2286.67206=-2528.38794 + 161.09012 + 48.37546 + 32.25031]
Epoch 79 [59.1s + 11.6s]:, recall=[0.17089, 0.24332, 0.32524, 0.41707], precision=[0.01709, 0.01217], hit=[0.17089, 0.24332], ndcg=[0.09165, 0.10996, 0.12675, 0.12675]
Epoch 80 [61.1s]: train==[-2287.03644=-2528.84281 + 161.17909 + 48.37637 + 32.25092]
Epoch 81 [59.5s]: train==[-2286.59063=-2527.99066 + 160.77857 + 48.37287 + 32.24858]
Epoch 82 [59.3s]: train==[-2293.72970=-2534.90949 + 160.54837 + 48.37885 + 32.25257]
Epoch 83 [62.3s]: train==[-2290.72594=-2532.14933 + 160.78906 + 48.38060 + 32.25373]
Epoch 84 [60.5s + 11.5s]:, recall=[0.16849, 0.24392, 0.32640, 0.41748], precision=[0.01685, 0.01220], hit=[0.16849, 0.24392], ndcg=[0.08888, 0.10786, 0.12476, 0.12476]
Epoch 85 [59.6s]: train==[-2292.09617=-2534.06196 + 161.33729 + 48.37709 + 32.25139]
Epoch 86 [58.9s]: train==[-2295.52064=-2537.01809 + 160.85876 + 48.38321 + 32.25548]
Epoch 87 [59.4s]: train==[-2299.81907=-2541.06425 + 160.60615 + 48.38342 + 32.25561]
Epoch 88 [65.4s]: train==[-2297.55385=-2538.54312 + 160.35918 + 48.37804 + 32.25203]
Epoch 89 [59.8s + 11.8s]:, recall=[0.16955, 0.24424, 0.32534, 0.41725], precision=[0.01696, 0.01221], hit=[0.16955, 0.24424], ndcg=[0.09048, 0.10930, 0.12592, 0.12592]
Epoch 90 [59.2s]: train==[-2294.46609=-2535.74383 + 160.64254 + 48.38111 + 32.25408]
Epoch 91 [60.0s]: train==[-2293.44847=-2534.81506 + 160.73681 + 48.37787 + 32.25192]
Epoch 92 [59.3s]: train==[-2292.64447=-2534.25324 + 160.98437 + 48.37465 + 32.24977]
Epoch 93 [67.9s]: train==[-2296.03916=-2537.60368 + 160.92760 + 48.38215 + 32.25477]
Epoch 94 [62.7s + 12.6s]:, recall=[0.17066, 0.24710, 0.32635, 0.41831], precision=[0.01707, 0.01235], hit=[0.17066, 0.24710], ndcg=[0.09140, 0.11066, 0.12686, 0.12686]
Epoch 95 [84.4s]: train==[-2297.07273=-2537.92964 + 160.23639 + 48.37231 + 32.24821]
Epoch 96 [65.5s]: train==[-2297.21496=-2537.83035 + 159.97861 + 48.38207 + 32.25472]
Epoch 97 [59.8s]: train==[-2301.42336=-2541.89888 + 159.83972 + 48.38148 + 32.25432]
Epoch 98 [59.6s]: train==[-2298.65809=-2539.44229 + 160.16462 + 48.37174 + 32.24783]
Epoch 99 [58.7s + 11.6s]:, recall=[0.16983, 0.24337, 0.32741, 0.41808], precision=[0.01698, 0.01217], hit=[0.16983, 0.24337], ndcg=[0.08933, 0.10784, 0.12502, 0.12502]
Early stopping is trigger at step: 10 log:0.16982869773438963
Best Iter=[9]@[6413.5]	recall=[0.1745	0.2469	0.3260	0.4161], ndcg=[0.0944	0.1127	0.1288	0.1442]
