nohup: ignoring input
Dataset name: Beibei
The number of users: 21716
The number of items: 7977
The behavior ratings: [2412586, 642622, 282860]
The number of ratings: 3338068
Average actions of users: 153.71
Average actions of items: 418.46
The density of the dataset: 0.019270
The sparsity of the dataset: 98.073026%
already load adj matrix 0.6989336013793945
already load pre adj matrix
use the pre adjcency matrix
586
179
94
without pretraining.
Epoch 0 [57.1s]: train==[74352.73282=-330.82905 + 74634.58905 + 48.97279 + 32.64845]
Epoch 1 [56.3s]: train==[8194.12275=-900.71930 + 9046.11462 + 48.72746 + 32.48489]
Epoch 2 [56.0s]: train==[1178.02887=-1030.03340 + 2159.38017 + 48.68210 + 32.45466]
Epoch 3 [56.1s]: train==[-339.15325=-1182.66391 + 794.84167 + 48.66900 + 32.44594]
Epoch 4 [55.5s + 11.0s]:, recall=[0.03914, 0.06382, 0.11006, 0.20008], precision=[0.00391, 0.00319], hit=[0.03914, 0.06382], ndcg=[0.02372, 0.02988, 0.03933, 0.03933]
Epoch 5 [55.6s]: train==[-978.16810=-1393.48438 + 366.65487 + 48.66140 + 32.44089]
Epoch 6 [56.1s]: train==[-1104.61509=-1461.96446 + 308.69202 + 48.65734 + 32.43819]
Epoch 7 [56.2s]: train==[-1218.45516=-1539.16756 + 272.05859 + 48.65381 + 32.43584]
Epoch 8 [55.8s]: train==[-1328.54767=-1624.84905 + 247.63848 + 48.66290 + 32.44190]
Epoch 9 [55.8s + 11.3s]:, recall=[0.06290, 0.10725, 0.17812, 0.28048], precision=[0.00629, 0.00536], hit=[0.06290, 0.10725], ndcg=[0.03239, 0.04352, 0.05795, 0.05795]
Epoch 10 [55.1s]: train==[-1524.80013=-1787.72036 + 214.25881 + 48.66141 + 32.44091]
Epoch 11 [56.7s]: train==[-1615.74334=-1868.25298 + 203.84656 + 48.66308 + 32.44203]
Epoch 12 [55.8s]: train==[-1694.42536=-1938.48347 + 195.40700 + 48.65110 + 32.43404]
Epoch 13 [55.7s]: train==[-1761.56618=-1998.62575 + 188.40473 + 48.65484 + 32.43653]
Epoch 14 [55.5s + 10.7s]:, recall=[0.11176, 0.17172, 0.24848, 0.34431], precision=[0.01118, 0.00859], hit=[0.11176, 0.17172], ndcg=[0.05969, 0.07482, 0.09047, 0.09047]
Epoch 15 [54.7s]: train==[-1873.35462=-2100.62007 + 178.60448 + 48.66098 + 32.44062]
Epoch 16 [54.8s]: train==[-1914.87199=-2137.58368 + 174.05186 + 48.65982 + 32.43986]
Epoch 17 [54.8s]: train==[-1955.77427=-2174.66134 + 170.22861 + 48.65847 + 32.43895]
Epoch 18 [54.7s]: train==[-1984.60384=-2199.86578 + 166.61069 + 48.65125 + 32.43414]
Epoch 19 [56.5s + 11.4s]:, recall=[0.13713, 0.20363, 0.27984, 0.37470], precision=[0.01371, 0.01018], hit=[0.13713, 0.20363], ndcg=[0.07300, 0.08972, 0.10531, 0.10531]
Epoch 20 [59.9s]: train==[-2038.05711=-2247.49374 + 160.77524 + 48.66141 + 32.44092]
Epoch 21 [58.7s]: train==[-2055.69566=-2262.54875 + 158.19610 + 48.65700 + 32.43798]
Epoch 22 [58.1s]: train==[-2070.73729=-2275.25897 + 155.86417 + 48.65752 + 32.43833]
Epoch 23 [56.7s]: train==[-2088.08841=-2291.16006 + 154.41531 + 48.65634 + 32.43754]
Epoch 24 [56.4s + 11.3s]:, recall=[0.14851, 0.21551, 0.29209, 0.38419], precision=[0.01485, 0.01078], hit=[0.14851, 0.21551], ndcg=[0.07974, 0.09661, 0.11225, 0.11225]
Epoch 25 [56.6s]: train==[-2113.90636=-2316.80279 + 154.23912 + 48.65731 + 32.43819]
Epoch 26 [54.2s]: train==[-2131.37027=-2334.42509 + 154.40001 + 48.65480 + 32.43652]
Epoch 27 [54.7s]: train==[-2145.80879=-2350.05769 + 155.58744 + 48.66147 + 32.44097]
Epoch 28 [54.4s]: train==[-2158.68929=-2363.94321 + 156.59582 + 48.65811 + 32.43873]
Epoch 29 [54.8s + 11.1s]:, recall=[0.16274, 0.22587, 0.30586, 0.39330], precision=[0.01627, 0.01129], hit=[0.16274, 0.22587], ndcg=[0.08656, 0.10251, 0.11886, 0.11886]
Epoch 30 [55.0s]: train==[-2177.99809=-2384.28885 + 157.63820 + 48.65257 + 32.43503]
Epoch 31 [54.9s]: train==[-2190.62226=-2396.36755 + 157.08657 + 48.65873 + 32.43914]
Epoch 32 [54.1s]: train==[-2193.00599=-2399.01329 + 157.35081 + 48.65649 + 32.43765]
Epoch 33 [54.4s]: train==[-2207.20094=-2413.08029 + 157.22149 + 48.65786 + 32.43856]
Epoch 34 [54.7s + 11.0s]:, recall=[0.16693, 0.23715, 0.31456, 0.40215], precision=[0.01669, 0.01186], hit=[0.16693, 0.23715], ndcg=[0.08941, 0.10716, 0.12298, 0.12298]
Epoch 35 [54.9s]: train==[-2215.86494=-2422.54143 + 158.02095 + 48.65554 + 32.43702]
Epoch 36 [54.8s]: train==[-2224.13093=-2430.77568 + 157.98674 + 48.65802 + 32.43867]
Epoch 37 [53.8s]: train==[-2231.68425=-2437.68935 + 157.34570 + 48.65942 + 32.43960]
Epoch 38 [54.6s]: train==[-2236.79296=-2443.23249 + 157.78699 + 48.65253 + 32.43501]
Epoch 39 [54.4s + 11.0s]:, recall=[0.17024, 0.24015, 0.32064, 0.40698], precision=[0.01702, 0.01201], hit=[0.17024, 0.24015], ndcg=[0.09190, 0.10953, 0.12602, 0.12602]
Epoch 40 [54.8s]: train==[-2247.38725=-2453.51846 + 157.47714 + 48.65407 + 32.43604]
Epoch 41 [54.5s]: train==[-2250.78826=-2456.44349 + 156.99332 + 48.66191 + 32.44126]
Epoch 42 [53.8s]: train==[-2254.94097=-2461.05175 + 157.45207 + 48.65872 + 32.43914]
Epoch 43 [54.6s]: train==[-2259.32791=-2465.36764 + 157.38044 + 48.65930 + 32.43952]
Epoch 44 [56.8s + 11.9s]:, recall=[0.17383, 0.24291, 0.32290, 0.40951], precision=[0.01738, 0.01215], hit=[0.17383, 0.24291], ndcg=[0.09301, 0.11046, 0.12683, 0.12683]
Epoch 45 [55.5s]: train==[-2265.36240=-2471.25133 + 157.23206 + 48.65685 + 32.43789]
Epoch 46 [54.8s]: train==[-2265.91448=-2472.01193 + 157.44278 + 48.65467 + 32.43644]
Epoch 47 [54.8s]: train==[-2272.61225=-2479.63115 + 158.35912 + 48.65979 + 32.43985]
Epoch 48 [56.5s]: train==[-2279.01041=-2487.42136 + 159.75558 + 48.65538 + 32.43691]
Epoch 49 [55.9s + 11.8s]:, recall=[0.17775, 0.25078, 0.33026, 0.41697], precision=[0.01777, 0.01254], hit=[0.17775, 0.25078], ndcg=[0.09576, 0.11417, 0.13046, 0.13046]
Epoch 50 [55.0s]: train==[-2282.51097=-2492.09226 + 160.92869 + 48.65258 + 32.43504]
Epoch 51 [54.9s]: train==[-2283.02853=-2492.72710 + 161.04567 + 48.65292 + 32.43527]
Epoch 52 [54.9s]: train==[-2288.23115=-2498.66909 + 161.77894 + 48.65899 + 32.43932]
Epoch 53 [53.7s]: train==[-2293.54484=-2503.14020 + 160.93457 + 48.66079 + 32.44051]
Epoch 54 [54.4s + 11.4s]:, recall=[0.17167, 0.24521, 0.32267, 0.41011], precision=[0.01717, 0.01226], hit=[0.17167, 0.24521], ndcg=[0.09102, 0.10962, 0.12550, 0.12550]
Epoch 55 [54.8s]: train==[-2295.22503=-2504.56537 + 160.68159 + 48.65876 + 32.43917]
Epoch 56 [54.8s]: train==[-2302.57094=-2511.34875 + 160.11535 + 48.66246 + 32.44163]
Epoch 57 [54.7s]: train==[-2298.51230=-2507.49705 + 160.32795 + 48.65680 + 32.43786]
Epoch 58 [54.2s]: train==[-2297.55073=-2506.76430 + 160.56073 + 48.65282 + 32.43520]
Epoch 59 [54.5s + 11.6s]:, recall=[0.17862, 0.24774, 0.32764, 0.41412], precision=[0.01786, 0.01239], hit=[0.17862, 0.24774], ndcg=[0.09680, 0.11430, 0.13067, 0.13067]
Epoch 60 [54.6s]: train==[-2301.97664=-2511.12536 + 160.49176 + 48.65698 + 32.43798]
Epoch 61 [54.7s]: train==[-2302.43377=-2511.67922 + 160.58911 + 48.65633 + 32.43754]
Epoch 62 [54.9s]: train==[-2306.11118=-2515.63838 + 160.87160 + 48.65560 + 32.43705]
Epoch 63 [54.5s]: train==[-2307.60626=-2516.44321 + 160.17679 + 48.66015 + 32.44009]
Epoch 64 [53.9s + 11.7s]:, recall=[0.18355, 0.25539, 0.33054, 0.41647], precision=[0.01836, 0.01277], hit=[0.18355, 0.25539], ndcg=[0.09872, 0.11683, 0.13219, 0.13219]
Epoch 65 [56.9s]: train==[-2308.39001=-2517.56922 + 160.52049 + 48.65873 + 32.43914]
Epoch 66 [55.9s]: train==[-2309.42812=-2519.10116 + 161.01536 + 48.65770 + 32.43845]
Epoch 67 [55.2s]: train==[-2309.72632=-2519.13995 + 160.75680 + 48.65684 + 32.43788]
Epoch 68 [54.8s]: train==[-2313.07887=-2522.01824 + 160.28345 + 48.65591 + 32.43726]
Epoch 69 [54.2s + 11.8s]:, recall=[0.18083, 0.25000, 0.32768, 0.41306], precision=[0.01808, 0.01250], hit=[0.18083, 0.25000], ndcg=[0.09751, 0.11496, 0.13085, 0.13085]
Epoch 70 [54.6s]: train==[-2312.95278=-2522.23791 + 160.63113 + 48.65399 + 32.43598]
Epoch 71 [55.1s]: train==[-2315.28523=-2524.21804 + 160.27427 + 48.65855 + 32.43902]
Epoch 72 [55.1s]: train==[-2312.06413=-2521.14181 + 160.42206 + 48.65561 + 32.43706]
Epoch 73 [54.9s]: train==[-2316.78071=-2525.72290 + 160.28111 + 48.66109 + 32.44072]
Epoch 74 [54.7s + 11.2s]:, recall=[0.18369, 0.25700, 0.33109, 0.41605], precision=[0.01837, 0.01285], hit=[0.18369, 0.25700], ndcg=[0.09979, 0.11826, 0.13343, 0.13343]
Epoch 75 [54.7s]: train==[-2316.37522=-2524.98126 + 159.95167 + 48.65436 + 32.43623]
Epoch 76 [56.9s]: train==[-2308.82584=-2518.22443 + 160.74454 + 48.65405 + 32.43602]
Epoch 77 [55.7s]: train==[-2317.08384=-2526.74532 + 161.00923 + 48.65227 + 32.43484]
Epoch 78 [55.4s]: train==[-2320.10527=-2529.39744 + 160.63683 + 48.65534 + 32.43688]
Epoch 79 [58.9s + 11.9s]:, recall=[0.17968, 0.25101, 0.33114, 0.41785], precision=[0.01797, 0.01255], hit=[0.17968, 0.25101], ndcg=[0.09651, 0.11445, 0.13080, 0.13080]
Epoch 80 [55.2s]: train==[-2318.65888=-2527.62686 + 160.31350 + 48.65446 + 32.43630]
Epoch 81 [57.7s]: train==[-2312.99164=-2522.31013 + 160.66516 + 48.65334 + 32.43555]
Epoch 82 [55.4s]: train==[-2322.21065=-2531.60453 + 160.73320 + 48.66069 + 32.44045]
Epoch 83 [57.4s]: train==[-2322.99978=-2532.17697 + 160.51368 + 48.66352 + 32.44233]
Epoch 84 [64.4s + 11.5s]:, recall=[0.17706, 0.25092, 0.32782, 0.41753], precision=[0.01771, 0.01255], hit=[0.17706, 0.25092], ndcg=[0.09349, 0.11205, 0.12779, 0.12779]
Epoch 85 [56.8s]: train==[-2321.23989=-2530.32156 + 160.42306 + 48.65858 + 32.43904]
Epoch 86 [54.4s]: train==[-2324.70857=-2534.30834 + 160.93981 + 48.65997 + 32.43998]
Epoch 87 [54.6s]: train==[-2327.43844=-2536.92353 + 160.82069 + 48.66438 + 32.44291]
Epoch 88 [56.4s]: train==[-2325.32929=-2534.85584 + 160.86716 + 48.65941 + 32.43959]
Epoch 89 [61.0s + 14.2s]:, recall=[0.18051, 0.25124, 0.32893, 0.41748], precision=[0.01805, 0.01256], hit=[0.18051, 0.25124], ndcg=[0.09786, 0.11569, 0.13157, 0.13157]
Epoch 90 [55.3s]: train==[-2326.93686=-2535.56115 + 159.96056 + 48.66371 + 32.44246]
Epoch 91 [54.3s]: train==[-2321.52690=-2530.65202 + 160.46899 + 48.65613 + 32.43741]
Epoch 92 [54.5s]: train==[-2321.82210=-2531.67299 + 161.19624 + 48.65466 + 32.43643]
Epoch 93 [60.0s]: train==[-2325.25177=-2534.58998 + 160.67936 + 48.65884 + 32.43922]
Epoch 94 [56.1s + 11.4s]:, recall=[0.17821, 0.24871, 0.32916, 0.41711], precision=[0.01782, 0.01244], hit=[0.17821, 0.24871], ndcg=[0.09466, 0.11238, 0.12882, 0.12882]
Epoch 95 [61.3s]: train==[-2328.99235=-2537.89652 + 160.25044 + 48.65373 + 32.43581]
Epoch 96 [55.1s]: train==[-2327.95103=-2536.38098 + 159.76897 + 48.66099 + 32.44065]
Epoch 97 [55.3s]: train==[-2328.26648=-2537.10565 + 160.17976 + 48.65942 + 32.43961]
Epoch 98 [59.4s]: train==[-2327.93913=-2536.50643 + 159.91164 + 48.65566 + 32.43710]
Epoch 99 [57.2s + 11.4s]:, recall=[0.17756, 0.24853, 0.32962, 0.41937], precision=[0.01776, 0.01243], hit=[0.17756, 0.24853], ndcg=[0.09410, 0.11203, 0.12864, 0.12864]
Epoch 100 [55.8s]: train==[-2327.08758=-2535.46616 + 159.71786 + 48.66072 + 32.44047]
Epoch 101 [56.4s]: train==[-2330.40762=-2538.93263 + 159.86483 + 48.66019 + 32.44011]
Epoch 102 [54.1s]: train==[-2330.86031=-2538.99923 + 159.48166 + 48.65727 + 32.43817]
Epoch 103 [54.8s]: train==[-2326.42652=-2535.14027 + 160.05499 + 48.65875 + 32.43915]
Epoch 104 [54.5s + 11.3s]:, recall=[0.17614, 0.24581, 0.32446, 0.41591], precision=[0.01761, 0.01229], hit=[0.17614, 0.24581], ndcg=[0.09376, 0.11132, 0.12742, 0.12742]
Epoch 105 [54.8s]: train==[-2327.95134=-2537.42947 + 160.82149 + 48.65664 + 32.43775]
Epoch 106 [54.7s]: train==[-2331.23384=-2540.88429 + 160.99142 + 48.65902 + 32.43934]
Epoch 107 [53.9s]: train==[-2331.82150=-2540.91967 + 160.44223 + 48.65594 + 32.43729]
Epoch 108 [55.1s]: train==[-2332.48095=-2541.56795 + 160.42879 + 48.65821 + 32.43880]
Epoch 109 [55.0s + 11.6s]:, recall=[0.17282, 0.24231, 0.32460, 0.41591], precision=[0.01728, 0.01212], hit=[0.17282, 0.24231], ndcg=[0.09330, 0.11083, 0.12766, 0.12766]
Epoch 110 [55.6s]: train==[-2330.72946=-2539.72272 + 160.33552 + 48.65772 + 32.43847]
Epoch 111 [55.0s]: train==[-2331.12395=-2539.89613 + 160.11760 + 48.65459 + 32.43639]
Epoch 112 [53.9s]: train==[-2327.75861=-2536.81426 + 160.39778 + 48.65788 + 32.43858]
Epoch 113 [54.6s]: train==[-2325.50694=-2535.14535 + 160.97824 + 48.66018 + 32.44011]
Epoch 114 [54.7s + 11.0s]:, recall=[0.17494, 0.24696, 0.32815, 0.41614], precision=[0.01749, 0.01235], hit=[0.17494, 0.24696], ndcg=[0.09304, 0.11122, 0.12782, 0.12782]
Epoch 115 [54.6s]: train==[-2328.03871=-2537.19238 + 160.50044 + 48.65322 + 32.43547]
Epoch 116 [54.4s]: train==[-2330.97696=-2539.75393 + 160.12159 + 48.65538 + 32.43691]
Epoch 117 [54.4s]: train==[-2333.33523=-2541.72214 + 159.72446 + 48.66244 + 32.44162]
Epoch 118 [54.0s]: train==[-2329.55765=-2538.37222 + 160.15602 + 48.65856 + 32.43903]
Epoch 119 [54.8s + 11.1s]:, recall=[0.17494, 0.24724, 0.32745, 0.41661], precision=[0.01749, 0.01236], hit=[0.17494, 0.24724], ndcg=[0.09467, 0.11291, 0.12930, 0.12930]
Epoch 120 [54.6s]: train==[-2332.19556=-2541.00276 + 160.14763 + 48.65959 + 32.43972]
Epoch 121 [54.5s]: train==[-2327.88008=-2536.56959 + 160.03774 + 48.65178 + 32.43451]
Epoch 122 [54.5s]: train==[-2333.82999=-2541.93726 + 159.44494 + 48.66232 + 32.44153]
Epoch 123 [54.2s]: train==[-2331.85306=-2540.44557 + 159.93602 + 48.65649 + 32.43765]
Epoch 124 [54.4s + 10.7s]:, recall=[0.17388, 0.24540, 0.32359, 0.41665], precision=[0.01739, 0.01227], hit=[0.17388, 0.24540], ndcg=[0.09308, 0.11111, 0.12708, 0.12708]
Early stopping is trigger at step: 10 log:0.17388100939399614
Best Iter=[14]@[7250.4]	recall=[0.1837	0.2570	0.3311	0.4161], ndcg=[0.0998	0.1183	0.1334	0.1479]
