nohup: ignoring input
Dataset name: Beibei
The number of users: 21716
The number of items: 7977
The behavior ratings: [2412586, 642622, 282860]
The number of ratings: 3338068
Average actions of users: 153.71
Average actions of items: 418.46
The density of the dataset: 0.019270
The sparsity of the dataset: 98.073026%
already load adj matrix 0.6713578701019287
already load pre adj matrix
use the pre adjcency matrix
586
179
94
without pretraining.
Epoch 0 [61.5s]: train==[89402.47496=-288.13697 + 89609.29032 + 48.79325 + 32.52882]
Epoch 1 [60.5s]: train==[16725.27983=-901.09676 + 17545.42179 + 48.57286 + 32.38190]
Epoch 2 [61.3s]: train==[3294.37855=-1010.35194 + 4223.82834 + 48.54130 + 32.36087]
Epoch 3 [60.8s]: train==[307.08951=-1224.04503 + 1450.25824 + 48.52577 + 32.35052]
Epoch 4 [60.6s + 11.0s]:, recall=[0.04057, 0.06451, 0.11158, 0.20317], precision=[0.00406, 0.00323], hit=[0.04057, 0.06451], ndcg=[0.02371, 0.02968, 0.03928, 0.03928]
Epoch 5 [62.3s]: train==[-831.82273=-1436.90117 + 524.20718 + 48.52275 + 32.34850]
Epoch 6 [60.4s]: train==[-1028.45100=-1514.85975 + 405.54540 + 48.51800 + 32.34534]
Epoch 7 [60.3s]: train==[-1161.49394=-1587.80996 + 345.44310 + 48.52375 + 32.34917]
Epoch 8 [60.1s]: train==[-1283.55076=-1678.23385 + 313.81827 + 48.51890 + 32.34593]
Epoch 9 [69.6s + 11.8s]:, recall=[0.07465, 0.12139, 0.19078, 0.29103], precision=[0.00746, 0.00607], hit=[0.07465, 0.12139], ndcg=[0.03971, 0.05142, 0.06551, 0.06551]
Epoch 10 [62.7s]: train==[-1506.51732=-1860.41831 + 273.01646 + 48.53072 + 32.35381]
Epoch 11 [65.6s]: train==[-1609.14455=-1950.18526 + 260.17495 + 48.51946 + 32.34631]
Epoch 12 [71.8s]: train==[-1691.01205=-2021.81195 + 249.94016 + 48.51585 + 32.34389]
Epoch 13 [60.8s]: train==[-1763.04108=-2084.03949 + 240.14135 + 48.51424 + 32.34283]
Epoch 14 [60.6s + 11.9s]:, recall=[0.12622, 0.18710, 0.26469, 0.36351], precision=[0.01262, 0.00935], hit=[0.12622, 0.18710], ndcg=[0.06852, 0.08385, 0.09972, 0.09972]
Epoch 15 [60.1s]: train==[-1878.70438=-2182.88416 + 223.31109 + 48.52121 + 32.34747]
Epoch 16 [62.3s]: train==[-1917.83633=-2214.47214 + 215.76684 + 48.52139 + 32.34759]
Epoch 17 [60.3s]: train==[-1954.38428=-2244.63167 + 209.37718 + 48.52214 + 32.34809]
Epoch 18 [60.4s]: train==[-1980.18525=-2263.69298 + 202.65034 + 48.51443 + 32.34296]
Epoch 19 [61.4s + 16.6s]:, recall=[0.14832, 0.21422, 0.29209, 0.38442], precision=[0.01483, 0.01071], hit=[0.14832, 0.21422], ndcg=[0.07996, 0.09655, 0.11246, 0.11246]
Epoch 20 [62.3s]: train==[-2030.25461=-2304.74167 + 193.61389 + 48.52389 + 32.34926]
Epoch 21 [60.2s]: train==[-2049.72522=-2320.89341 + 190.30314 + 48.51902 + 32.34601]
Epoch 22 [63.7s]: train==[-2069.65776=-2337.78274 + 187.25718 + 48.52068 + 32.34712]
Epoch 23 [61.2s]: train==[-2087.82785=-2352.44273 + 183.74987 + 48.51901 + 32.34600]
Epoch 24 [60.0s + 11.5s]:, recall=[0.15951, 0.22799, 0.30296, 0.39423], precision=[0.01595, 0.01140], hit=[0.15951, 0.22799], ndcg=[0.08631, 0.10361, 0.11893, 0.11893]
Epoch 25 [60.5s]: train==[-2112.27856=-2371.14891 + 178.00981 + 48.51633 + 32.34421]
Epoch 26 [60.7s]: train==[-2128.66024=-2384.93356 + 175.41088 + 48.51749 + 32.34499]
Epoch 27 [63.5s]: train==[-2137.40962=-2391.15423 + 172.87966 + 48.51897 + 32.34598]
Epoch 28 [62.9s]: train==[-2149.41433=-2400.83108 + 170.55452 + 48.51735 + 32.34490]
Epoch 29 [61.9s + 11.2s]:, recall=[0.16840, 0.23499, 0.31350, 0.40307], precision=[0.01684, 0.01175], hit=[0.16840, 0.23499], ndcg=[0.09010, 0.10693, 0.12298, 0.12298]
Epoch 30 [62.6s]: train==[-2163.15280=-2411.22538 + 167.22217 + 48.51026 + 32.34017]
Epoch 31 [59.9s]: train==[-2173.59089=-2419.93939 + 165.47227 + 48.52573 + 32.35048]
Epoch 32 [60.6s]: train==[-2177.33969=-2421.72120 + 163.51015 + 48.52281 + 32.34854]
Epoch 33 [60.7s]: train==[-2184.08397=-2426.67352 + 161.72517 + 48.51863 + 32.34576]
Epoch 34 [60.0s + 11.8s]:, recall=[0.16684, 0.23416, 0.31516, 0.40661], precision=[0.01668, 0.01171], hit=[0.16684, 0.23416], ndcg=[0.08830, 0.10527, 0.12182, 0.12182]
Epoch 35 [60.7s]: train==[-2188.05185=-2428.31280 + 159.40738 + 48.51214 + 32.34143]
Epoch 36 [60.9s]: train==[-2193.07457=-2432.21958 + 158.27782 + 48.52031 + 32.34687]
Epoch 37 [60.4s]: train==[-2195.85952=-2433.87466 + 157.14956 + 48.51936 + 32.34624]
Epoch 38 [59.8s]: train==[-2201.61315=-2438.68749 + 156.20826 + 48.51964 + 32.34642]
Epoch 39 [60.7s + 11.1s]:, recall=[0.16463, 0.23204, 0.31442, 0.40403], precision=[0.01646, 0.01160], hit=[0.16463, 0.23204], ndcg=[0.08735, 0.10438, 0.12120, 0.12120]
Epoch 40 [60.8s]: train==[-2208.09330=-2443.69090 + 154.73498 + 48.51758 + 32.34505]
Epoch 41 [60.3s]: train==[-2208.40481=-2443.26192 + 153.98982 + 48.52037 + 32.34691]
Epoch 42 [59.7s]: train==[-2210.79067=-2445.43993 + 153.78436 + 48.51894 + 32.34596]
Epoch 43 [61.6s]: train==[-2214.76280=-2449.11203 + 153.48581 + 48.51805 + 32.34536]
Epoch 44 [60.6s + 11.0s]:, recall=[0.16780, 0.23605, 0.31788, 0.40717], precision=[0.01678, 0.01180], hit=[0.16780, 0.23605], ndcg=[0.08959, 0.10678, 0.12349, 0.12349]
Epoch 45 [61.3s]: train==[-2217.51859=-2451.44562 + 153.06545 + 48.51696 + 32.34464]
Epoch 46 [61.6s]: train==[-2215.46601=-2449.22455 + 152.90346 + 48.51304 + 32.34202]
Epoch 47 [60.6s]: train==[-2220.03868=-2453.98216 + 153.07129 + 48.52331 + 32.34887]
Epoch 48 [60.5s]: train==[-2225.02782=-2459.19530 + 153.29993 + 48.52054 + 32.34702]
Epoch 49 [59.8s + 11.9s]:, recall=[0.17328, 0.24093, 0.32290, 0.41043], precision=[0.01733, 0.01205], hit=[0.17328, 0.24093], ndcg=[0.09262, 0.10965, 0.12641, 0.12641]
Epoch 50 [61.0s]: train==[-2227.08271=-2463.42698 + 155.49198 + 48.51137 + 32.34091]
Epoch 51 [60.9s]: train==[-2229.65239=-2466.33211 + 155.82486 + 48.51292 + 32.34194]
Epoch 52 [60.2s]: train==[-2236.77813=-2473.96976 + 156.32370 + 48.52076 + 32.34717]
Epoch 53 [60.6s]: train==[-2237.49485=-2474.47809 + 156.11712 + 48.51966 + 32.34644]
Epoch 54 [60.1s + 10.7s]:, recall=[0.16596, 0.23886, 0.32018, 0.40855], precision=[0.01660, 0.01194], hit=[0.16596, 0.23886], ndcg=[0.08895, 0.10735, 0.12397, 0.12397]
Epoch 55 [60.0s]: train==[-2238.63421=-2475.92519 + 156.42681 + 48.51850 + 32.34566]
Epoch 56 [60.5s]: train==[-2245.54042=-2482.76165 + 156.35308 + 48.52090 + 32.34727]
Epoch 57 [60.4s]: train==[-2245.64488=-2482.61713 + 156.11840 + 48.51232 + 32.34154]
Epoch 58 [60.7s]: train==[-2244.87360=-2482.00539 + 156.28005 + 48.51106 + 32.34070]
Epoch 59 [60.5s + 11.6s]:, recall=[0.17116, 0.23899, 0.32216, 0.41301], precision=[0.01712, 0.01195], hit=[0.17116, 0.23899], ndcg=[0.09169, 0.10878, 0.12582, 0.12582]
Epoch 60 [61.3s]: train==[-2248.33098=-2487.56253 + 158.37051 + 48.51664 + 32.34443]
Epoch 61 [61.5s]: train==[-2251.28178=-2491.33642 + 159.18481 + 48.52191 + 32.34794]
Epoch 62 [59.9s]: train==[-2258.10448=-2498.13570 + 159.16761 + 48.51818 + 32.34545]
Epoch 63 [59.8s]: train==[-2258.38890=-2498.38659 + 159.12921 + 48.52110 + 32.34740]
Epoch 64 [60.0s + 10.9s]:, recall=[0.17227, 0.24438, 0.32432, 0.41398], precision=[0.01723, 0.01222], hit=[0.17227, 0.24438], ndcg=[0.09266, 0.11083, 0.12719, 0.12719]
Epoch 65 [62.2s]: train==[-2260.51847=-2501.23958 + 159.85238 + 48.52124 + 32.34749]
Epoch 66 [60.9s]: train==[-2264.92279=-2506.11524 + 160.32174 + 48.52243 + 32.34828]
Epoch 67 [59.3s]: train==[-2262.82732=-2504.49129 + 160.80342 + 48.51635 + 32.34423]
Epoch 68 [59.9s]: train==[-2264.38127=-2505.96717 + 160.72693 + 48.51539 + 32.34359]
Epoch 69 [60.7s + 11.0s]:, recall=[0.17084, 0.24231, 0.32303, 0.41467], precision=[0.01708, 0.01212], hit=[0.17084, 0.24231], ndcg=[0.09141, 0.10943, 0.12591, 0.12591]
Epoch 70 [59.0s]: train==[-2270.72458=-2512.74986 + 161.17388 + 48.51084 + 32.34056]
Epoch 71 [60.2s]: train==[-2272.85539=-2514.55775 + 160.84239 + 48.51600 + 32.34400]
Epoch 72 [60.0s]: train==[-2273.46618=-2515.46170 + 161.12852 + 48.52021 + 32.34681]
Epoch 73 [61.0s]: train==[-2278.86091=-2521.10122 + 161.37701 + 48.51799 + 32.34533]
Epoch 74 [59.4s + 17.1s]:, recall=[0.17697, 0.24696, 0.32879, 0.41854], precision=[0.01770, 0.01235], hit=[0.17697, 0.24696], ndcg=[0.09512, 0.11284, 0.12959, 0.12959]
Epoch 75 [59.7s]: train==[-2280.45005=-2522.20671 + 160.90296 + 48.51222 + 32.34148]
Epoch 76 [61.6s]: train==[-2276.57201=-2518.86655 + 161.44288 + 48.51099 + 32.34066]
Epoch 77 [63.6s]: train==[-2281.26919=-2523.67432 + 161.54564 + 48.51568 + 32.34378]
Epoch 78 [59.5s]: train==[-2282.10690=-2524.45240 + 161.48440 + 48.51667 + 32.34444]
Epoch 79 [63.8s + 11.8s]:, recall=[0.17517, 0.24668, 0.32856, 0.41757], precision=[0.01752, 0.01233], hit=[0.17517, 0.24668], ndcg=[0.09373, 0.11178, 0.12851, 0.12851]
Epoch 80 [62.4s]: train==[-2283.57561=-2525.40884 + 160.96753 + 48.51941 + 32.34627]
Epoch 81 [59.2s]: train==[-2280.93254=-2522.37633 + 160.59599 + 48.50869 + 32.33912]
Epoch 82 [59.5s]: train==[-2289.86737=-2531.55646 + 160.82317 + 48.51955 + 32.34636]
Epoch 83 [59.3s]: train==[-2287.02222=-2528.76288 + 160.86466 + 48.52559 + 32.35039]
Epoch 84 [61.8s + 11.4s]:, recall=[0.17268, 0.24461, 0.32750, 0.41578], precision=[0.01727, 0.01223], hit=[0.17268, 0.24461], ndcg=[0.09156, 0.10968, 0.12657, 0.12657]
Epoch 85 [62.2s]: train==[-2288.83710=-2530.67539 + 160.97053 + 48.52067 + 32.34711]
Epoch 86 [63.6s]: train==[-2289.01491=-2530.71176 + 160.83046 + 48.51984 + 32.34656]
Epoch 87 [180.1s]: train==[-2292.22141=-2534.58399 + 161.48504 + 48.52653 + 32.35102]
Epoch 88 [261.0s]: train==[-2292.15446=-2533.98230 + 160.96423 + 48.51817 + 32.34544]
Epoch 89 [272.6s + 13.1s]:, recall=[0.17301, 0.24714, 0.32465, 0.41619], precision=[0.01730, 0.01236], hit=[0.17301, 0.24714], ndcg=[0.09224, 0.11092, 0.12674, 0.12674]
Epoch 90 [276.0s]: train==[-2293.34814=-2534.56826 + 160.35300 + 48.52028 + 32.34685]
Epoch 91 [276.3s]: train==[-2293.33300=-2534.14433 + 159.95547 + 48.51352 + 32.34234]
Epoch 92 [244.1s]: train==[-2293.94049=-2534.37370 + 159.56724 + 48.51958 + 32.34638]
Epoch 93 [275.9s]: train==[-2294.44244=-2535.36788 + 160.06394 + 48.51690 + 32.34460]
Epoch 94 [276.2s + 12.5s]:, recall=[0.17250, 0.24521, 0.32741, 0.41578], precision=[0.01725, 0.01226], hit=[0.17250, 0.24521], ndcg=[0.09173, 0.11002, 0.12681, 0.12681]
Epoch 95 [278.3s]: train==[-2293.83725=-2534.46234 + 159.76162 + 48.51809 + 32.34539]
Epoch 96 [275.3s]: train==[-2290.72605=-2531.66445 + 160.07357 + 48.51891 + 32.34593]
Epoch 97 [252.6s]: train==[-2295.96300=-2537.42339 + 160.59633 + 48.51845 + 32.34563]
Epoch 98 [267.7s]: train==[-2293.24017=-2534.34100 + 160.23715 + 48.51820 + 32.34546]
Epoch 99 [275.4s + 13.1s]:, recall=[0.17563, 0.24770, 0.32621, 0.41532], precision=[0.01756, 0.01238], hit=[0.17563, 0.24770], ndcg=[0.09281, 0.11101, 0.12706, 0.12706]
Epoch 100 [276.0s]: train==[-2296.04131=-2537.10535 + 160.19519 + 48.52132 + 32.34754]
Epoch 101 [275.5s]: train==[-2299.19626=-2539.99686 + 159.93666 + 48.51837 + 32.34558]
Epoch 102 [242.4s]: train==[-2297.76411=-2538.17859 + 159.54364 + 48.52251 + 32.34834]
Epoch 103 [272.8s]: train==[-2296.33801=-2536.87427 + 159.66389 + 48.52343 + 32.34895]
Epoch 104 [276.5s + 12.4s]:, recall=[0.17126, 0.24318, 0.32589, 0.41642], precision=[0.01713, 0.01216], hit=[0.17126, 0.24318], ndcg=[0.09046, 0.10860, 0.12552, 0.12552]
Epoch 105 [275.0s]: train==[-2297.37768=-2538.15808 + 159.92635 + 48.51243 + 32.34162]
Epoch 106 [277.3s]: train==[-2299.15626=-2539.81426 + 159.78605 + 48.52317 + 32.34877]
Epoch 107 [244.3s]: train==[-2297.92803=-2538.67104 + 159.87772 + 48.51919 + 32.34612]
Epoch 108 [276.8s]: train==[-2298.54924=-2539.60259 + 160.18555 + 48.52068 + 32.34712]
Epoch 109 [276.6s + 12.6s]:, recall=[0.17218, 0.24332, 0.32529, 0.41661], precision=[0.01722, 0.01217], hit=[0.17218, 0.24332], ndcg=[0.09157, 0.10949, 0.12622, 0.12622]
Epoch 110 [291.6s]: train==[-2300.75432=-2541.32173 + 159.69834 + 48.52144 + 32.34762]
Epoch 111 [259.6s]: train==[-2298.86333=-2539.36773 + 159.64112 + 48.51797 + 32.34531]
Epoch 112 [242.0s]: train==[-2294.04129=-2534.83715 + 159.93117 + 48.51880 + 32.34586]
Epoch 113 [274.7s]: train==[-2301.44429=-2541.94245 + 159.63699 + 48.51672 + 32.34448]
Epoch 114 [274.8s + 13.2s]:, recall=[0.17278, 0.24424, 0.32511, 0.41495], precision=[0.01728, 0.01221], hit=[0.17278, 0.24424], ndcg=[0.09142, 0.10945, 0.12597, 0.12597]
Epoch 115 [275.8s]: train==[-2294.42833=-2534.94631 + 159.65679 + 48.51672 + 32.34447]
Epoch 116 [276.8s]: train==[-2301.43997=-2541.75898 + 159.45843 + 48.51633 + 32.34421]
Epoch 117 [244.2s]: train==[-2298.75014=-2539.42961 + 159.81820 + 48.51677 + 32.34451]
Epoch 118 [272.7s]: train==[-2297.78012=-2538.82887 + 160.18211 + 48.52000 + 32.34666]
Epoch 119 [276.8s + 12.8s]:, recall=[0.17655, 0.24889, 0.32939, 0.42098], precision=[0.01766, 0.01244], hit=[0.17655, 0.24889], ndcg=[0.09458, 0.11288, 0.12932, 0.12932]
Epoch 120 [275.8s]: train==[-2299.69553=-2540.96863 + 160.40853 + 48.51875 + 32.34583]
Epoch 121 [275.3s]: train==[-2294.63450=-2535.84127 + 160.35389 + 48.51174 + 32.34116]
Epoch 122 [239.9s]: train==[-2299.75057=-2540.45808 + 159.85250 + 48.51300 + 32.34200]
Epoch 123 [273.5s]: train==[-2299.57732=-2540.67229 + 160.23544 + 48.51572 + 32.34381]
Epoch 124 [269.2s + 12.8s]:, recall=[0.17209, 0.24392, 0.32405, 0.41679], precision=[0.01721, 0.01220], hit=[0.17209, 0.24392], ndcg=[0.09142, 0.10959, 0.12600, 0.12600]
Early stopping is trigger at step: 10 log:0.17208509854485235
Best Iter=[14]@[15785.0]	recall=[0.1770	0.2470	0.3288	0.4185], ndcg=[0.0951	0.1128	0.1296	0.1449]
