nohup: ignoring input
Dataset name: Beibei
The number of users: 21716
The number of items: 7977
The behavior ratings: [2412586, 642622, 282860]
The number of ratings: 3338068
Average actions of users: 153.71
Average actions of items: 418.46
The density of the dataset: 0.019270
The sparsity of the dataset: 98.073026%
already load adj matrix 0.8191013336181641
already load pre adj matrix
use the pre adjcency matrix
586
179
94
without pretraining.
Epoch 0 [46.2s]: train==[74336.41053=-330.82915 + 74634.59101 + 48.97280 + 32.64845]
Epoch 1 [45.8s]: train==[8177.88484=-900.72089 + 9046.12082 + 48.72747 + 32.48490]
Epoch 2 [46.1s]: train==[1161.78285=-1030.07597 + 2159.40416 + 48.68212 + 32.45467]
Epoch 3 [46.4s]: train==[-355.49441=-1182.74174 + 794.80138 + 48.66901 + 32.44595]
Epoch 4 [45.7s + 11.6s]:, recall=[0.03896, 0.06364, 0.10992, 0.20031], precision=[0.00390, 0.00318], hit=[0.03896, 0.06364], ndcg=[0.02362, 0.02979, 0.03925, 0.03925]
Epoch 5 [45.2s]: train==[-994.69503=-1393.60054 + 366.46458 + 48.66144 + 32.44092]
Epoch 6 [46.0s]: train==[-1121.22583=-1461.71464 + 308.05060 + 48.65738 + 32.43821]
Epoch 7 [45.5s]: train==[-1234.33212=-1538.63755 + 271.86956 + 48.65387 + 32.43588]
Epoch 8 [45.0s]: train==[-1343.52004=-1623.75812 + 247.79614 + 48.66297 + 32.44195]
Epoch 9 [44.7s + 11.2s]:, recall=[0.06309, 0.10886, 0.17853, 0.28071], precision=[0.00631, 0.00544], hit=[0.06309, 0.10886], ndcg=[0.03257, 0.04400, 0.05816, 0.05816]
Epoch 10 [45.6s]: train==[-1540.65456=-1786.25211 + 213.15658 + 48.66150 + 32.44097]
Epoch 11 [44.4s]: train==[-1628.13506=-1864.98202 + 204.40488 + 48.66317 + 32.44208]
Epoch 12 [45.0s]: train==[-1708.11442=-1936.68967 + 196.14115 + 48.65119 + 32.43410]
Epoch 13 [44.7s]: train==[-1776.64590=-1998.16748 + 189.08498 + 48.65492 + 32.43659]
Epoch 14 [44.8s + 11.4s]:, recall=[0.11125, 0.17112, 0.24705, 0.34380], precision=[0.01113, 0.00856], hit=[0.11125, 0.17112], ndcg=[0.05915, 0.07421, 0.08970, 0.08970]
Epoch 15 [45.9s]: train==[-1887.76720=-2099.28307 + 179.07516 + 48.66109 + 32.44070]
Epoch 16 [44.5s]: train==[-1929.44802=-2137.31444 + 175.42647 + 48.65994 + 32.43993]
Epoch 17 [45.0s]: train==[-1970.14857=-2174.32635 + 171.73874 + 48.65859 + 32.43903]
Epoch 18 [44.8s]: train==[-1999.77640=-2200.40790 + 168.19728 + 48.65139 + 32.43423]
Epoch 19 [45.8s + 11.7s]:, recall=[0.13755, 0.20326, 0.28071, 0.37442], precision=[0.01375, 0.01016], hit=[0.13755, 0.20326], ndcg=[0.07334, 0.08988, 0.10572, 0.10572]
Epoch 20 [45.2s]: train==[-2053.40129=-2247.90756 + 162.06526 + 48.66156 + 32.44101]
Epoch 21 [45.9s]: train==[-2071.45247=-2263.15825 + 159.26769 + 48.65716 + 32.43808]
Epoch 22 [45.3s]: train==[-2086.61574=-2275.81740 + 156.76320 + 48.65770 + 32.43845]
Epoch 23 [46.8s]: train==[-2103.91983=-2291.60755 + 155.25006 + 48.65652 + 32.43766]
Epoch 24 [45.0s + 11.5s]:, recall=[0.14800, 0.21583, 0.29237, 0.38322], precision=[0.01480, 0.01079], hit=[0.14800, 0.21583], ndcg=[0.07992, 0.09702, 0.11264, 0.11264]
Epoch 25 [48.2s]: train==[-2130.10698=-2317.85169 + 155.30640 + 48.65748 + 32.43830]
Epoch 26 [44.4s]: train==[-2150.54442=-2339.10208 + 156.12106 + 48.65494 + 32.43661]
Epoch 27 [44.9s]: train==[-2167.71923=-2357.86073 + 157.70042 + 48.66164 + 32.44108]
Epoch 28 [45.2s]: train==[-2181.07411=-2371.40803 + 157.89506 + 48.65830 + 32.43885]
Epoch 29 [45.2s + 11.6s]:, recall=[0.16177, 0.22693, 0.30669, 0.39538], precision=[0.01618, 0.01135], hit=[0.16177, 0.22693], ndcg=[0.08585, 0.10230, 0.11860, 0.11860]
Epoch 30 [45.5s]: train==[-2198.88821=-2388.46972 + 157.14633 + 48.65278 + 32.43517]
Epoch 31 [44.3s]: train==[-2209.88561=-2398.83876 + 156.51383 + 48.65895 + 32.43929]
Epoch 32 [45.0s]: train==[-2212.27876=-2401.28825 + 156.57170 + 48.65673 + 32.43780]
Epoch 33 [44.9s]: train==[-2224.91962=-2413.72155 + 156.36322 + 48.65810 + 32.43872]
Epoch 34 [45.2s + 11.3s]:, recall=[0.16734, 0.23665, 0.31286, 0.40109], precision=[0.01673, 0.01183], hit=[0.16734, 0.23665], ndcg=[0.08957, 0.10703, 0.12262, 0.12262]
Epoch 35 [45.3s]: train==[-2233.64809=-2423.84793 + 157.76263 + 48.65582 + 32.43720]
Epoch 36 [45.2s]: train==[-2241.71221=-2431.87549 + 157.72443 + 48.65830 + 32.43885]
Epoch 37 [44.6s]: train==[-2249.38721=-2438.83486 + 157.00787 + 48.65972 + 32.43980]
Epoch 38 [45.5s]: train==[-2253.98826=-2443.81606 + 157.39257 + 48.65284 + 32.43522]
Epoch 39 [45.0s + 11.0s]:, recall=[0.17278, 0.24134, 0.32092, 0.40730], precision=[0.01728, 0.01207], hit=[0.17278, 0.24134], ndcg=[0.09277, 0.11000, 0.12626, 0.12626]
Epoch 40 [45.6s]: train==[-2263.11709=-2452.65701 + 157.10366 + 48.65440 + 32.43626]
Epoch 41 [44.8s]: train==[-2266.39852=-2455.56373 + 156.72373 + 48.66225 + 32.44149]
Epoch 42 [44.8s]: train==[-2270.99643=-2460.77981 + 157.34403 + 48.65906 + 32.43936]
Epoch 43 [44.5s]: train==[-2274.94787=-2464.89940 + 157.51176 + 48.65966 + 32.43976]
Epoch 44 [45.5s + 11.3s]:, recall=[0.17370, 0.24360, 0.32257, 0.40928], precision=[0.01737, 0.01218], hit=[0.17370, 0.24360], ndcg=[0.09290, 0.11054, 0.12671, 0.12671]
Epoch 45 [45.7s]: train==[-2282.85974=-2474.48914 + 159.19122 + 48.65724 + 32.43815]
Epoch 46 [45.4s]: train==[-2285.02292=-2476.97307 + 159.51346 + 48.65506 + 32.43670]
Epoch 47 [45.0s]: train==[-2292.71544=-2484.43082 + 159.27527 + 48.66018 + 32.44011]
Epoch 48 [44.3s]: train==[-2298.03113=-2489.31025 + 158.84193 + 48.65578 + 32.43718]
Epoch 49 [44.7s + 11.0s]:, recall=[0.17697, 0.24876, 0.32815, 0.41716], precision=[0.01770, 0.01244], hit=[0.17697, 0.24876], ndcg=[0.09602, 0.11413, 0.13040, 0.13040]
Epoch 50 [46.9s]: train==[-2297.46021=-2488.60854 + 158.71301 + 48.65300 + 32.43532]
Epoch 51 [49.2s]: train==[-2296.26615=-2488.70168 + 159.99997 + 48.65336 + 32.43556]
Epoch 52 [47.4s]: train==[-2301.78606=-2495.77835 + 161.55268 + 48.65944 + 32.43961]
Epoch 53 [45.5s]: train==[-2307.43361=-2500.88226 + 161.00783 + 48.66124 + 32.44081]
Epoch 54 [46.5s + 11.3s]:, recall=[0.17181, 0.24443, 0.32179, 0.40970], precision=[0.01718, 0.01222], hit=[0.17181, 0.24443], ndcg=[0.09079, 0.10912, 0.12499, 0.12499]
Epoch 55 [47.5s]: train==[-2310.11760=-2503.48737 + 160.93029 + 48.65925 + 32.43949]
Epoch 56 [46.3s]: train==[-2316.87188=-2509.92556 + 160.61171 + 48.66296 + 32.44196]
Epoch 57 [46.2s]: train==[-2316.01582=-2508.94538 + 160.49138 + 48.65730 + 32.43818]
Epoch 58 [49.1s]: train==[-2312.87188=-2506.16060 + 160.85317 + 48.65333 + 32.43554]
Epoch 59 [49.2s + 12.0s]:, recall=[0.17890, 0.24959, 0.32644, 0.41370], precision=[0.01789, 0.01248], hit=[0.17890, 0.24959], ndcg=[0.09723, 0.11507, 0.13078, 0.13078]
Epoch 60 [47.0s]: train==[-2319.66897=-2512.97079 + 160.86348 + 48.65751 + 32.43833]
Epoch 61 [53.3s]: train==[-2320.40594=-2513.53023 + 160.68639 + 48.65687 + 32.43790]
Epoch 62 [51.6s]: train==[-2324.01033=-2517.34900 + 160.90124 + 48.65616 + 32.43743]
Epoch 63 [49.9s]: train==[-2324.40462=-2517.16775 + 160.32268 + 48.66071 + 32.44047]
Epoch 64 [47.5s + 12.4s]:, recall=[0.18332, 0.25589, 0.33068, 0.41596], precision=[0.01833, 0.01279], hit=[0.18332, 0.25589], ndcg=[0.09862, 0.11694, 0.13221, 0.13221]
Epoch 65 [46.3s]: train==[-2324.93028=-2518.05889 + 160.68907 + 48.65933 + 32.43954]
Epoch 66 [46.0s]: train==[-2326.61175=-2520.12933 + 161.07873 + 48.65831 + 32.43886]
Epoch 67 [45.7s]: train==[-2326.75078=-2519.99639 + 160.80733 + 48.65745 + 32.43829]
Epoch 68 [46.0s]: train==[-2329.87191=-2522.54068 + 160.23111 + 48.65652 + 32.43767]
Epoch 69 [44.2s + 11.1s]:, recall=[0.18070, 0.25014, 0.32709, 0.41453], precision=[0.01807, 0.01251], hit=[0.18070, 0.25014], ndcg=[0.09710, 0.11461, 0.13033, 0.13033]
Epoch 70 [45.3s]: train==[-2330.34164=-2523.31597 + 160.53791 + 48.65464 + 32.43641]
Epoch 71 [45.0s]: train==[-2332.75039=-2525.21658 + 160.02673 + 48.65921 + 32.43946]
Epoch 72 [44.5s]: train==[-2327.77928=-2520.51388 + 160.29708 + 48.65628 + 32.43751]
Epoch 73 [45.9s]: train==[-2331.72709=-2524.69219 + 160.52393 + 48.66177 + 32.44117]
Epoch 74 [45.2s + 11.4s]:, recall=[0.18346, 0.25603, 0.33100, 0.41812], precision=[0.01835, 0.01280], hit=[0.18346, 0.25603], ndcg=[0.10014, 0.11844, 0.13380, 0.13380]
Epoch 75 [46.2s]: train==[-2332.30702=-2524.68252 + 159.93880 + 48.65505 + 32.43669]
Epoch 76 [45.7s]: train==[-2324.21690=-2517.44406 + 160.79064 + 48.65476 + 32.43650]
Epoch 77 [45.2s]: train==[-2332.76240=-2526.22750 + 161.02979 + 48.65300 + 32.43532]
Epoch 78 [45.1s]: train==[-2335.51201=-2528.76139 + 160.81198 + 48.65608 + 32.43737]
Epoch 79 [44.8s + 11.5s]:, recall=[0.17945, 0.25041, 0.32976, 0.41974], precision=[0.01795, 0.01252], hit=[0.17945, 0.25041], ndcg=[0.09636, 0.11421, 0.13044, 0.13044]
Epoch 80 [46.6s]: train==[-2334.47793=-2527.13765 + 160.22296 + 48.65521 + 32.43680]
Epoch 81 [46.6s]: train==[-2330.78958=-2523.46833 + 160.24267 + 48.65411 + 32.43606]
Epoch 82 [45.8s]: train==[-2338.06247=-2530.86496 + 160.36154 + 48.66146 + 32.44096]
Epoch 83 [45.5s]: train==[-2337.99318=-2530.87633 + 160.44029 + 48.66431 + 32.44286]
Epoch 84 [45.9s + 12.0s]:, recall=[0.17655, 0.24738, 0.32934, 0.41711], precision=[0.01766, 0.01237], hit=[0.17655, 0.24738], ndcg=[0.09326, 0.11110, 0.12789, 0.12789]
Epoch 85 [46.2s]: train==[-2338.54936=-2531.31924 + 160.33031 + 48.65939 + 32.43958]
Epoch 86 [46.2s]: train==[-2341.29826=-2534.42795 + 160.68919 + 48.66080 + 32.44052]
Epoch 87 [45.4s]: train==[-2344.92252=-2537.64154 + 160.27555 + 48.66520 + 32.44346]
Epoch 88 [45.9s]: train==[-2342.56199=-2535.29195 + 160.28984 + 48.66024 + 32.44015]
Epoch 89 [46.0s + 11.6s]:, recall=[0.17816, 0.24922, 0.32847, 0.41628], precision=[0.01782, 0.01246], hit=[0.17816, 0.24922], ndcg=[0.09714, 0.11509, 0.13130, 0.13130]
Epoch 90 [47.6s]: train==[-2341.77522=-2534.49134 + 160.27309 + 48.66457 + 32.44304]
Epoch 91 [46.5s]: train==[-2336.70887=-2529.93033 + 160.78348 + 48.65701 + 32.43799]
Epoch 92 [45.7s]: train==[-2336.67761=-2530.77228 + 161.65764 + 48.65555 + 32.43702]
Epoch 93 [46.3s]: train==[-2342.87584=-2536.12972 + 160.81405 + 48.65974 + 32.43981]
Epoch 94 [46.9s + 10.8s]:, recall=[0.17605, 0.24738, 0.32787, 0.41711], precision=[0.01760, 0.01237], hit=[0.17605, 0.24738], ndcg=[0.09403, 0.11199, 0.12846, 0.12846]
Epoch 95 [46.7s]: train==[-2345.29379=-2537.95361 + 160.22339 + 48.65464 + 32.43641]
Epoch 96 [45.7s]: train==[-2343.95720=-2536.16872 + 159.77025 + 48.66192 + 32.44127]
Epoch 97 [45.3s]: train==[-2345.40447=-2537.88965 + 160.04495 + 48.66036 + 32.44023]
Epoch 98 [47.0s]: train==[-2343.78308=-2535.98428 + 159.76348 + 48.65661 + 32.43773]
Epoch 99 [45.6s + 11.4s]:, recall=[0.17830, 0.24876, 0.32755, 0.41891], precision=[0.01783, 0.01244], hit=[0.17830, 0.24876], ndcg=[0.09475, 0.11252, 0.12864, 0.12864]
Epoch 100 [45.3s]: train==[-2344.46682=-2536.48954 + 159.58161 + 48.66169 + 32.44111]
Epoch 101 [45.0s]: train==[-2346.35999=-2538.56376 + 159.76300 + 48.66117 + 32.44077]
Epoch 102 [44.9s]: train==[-2345.47673=-2537.71238 + 159.79683 + 48.65826 + 32.43882]
Epoch 103 [44.5s]: train==[-2345.10965=-2537.34173 + 159.79226 + 48.65975 + 32.43982]
Epoch 104 [45.5s + 11.4s]:, recall=[0.17471, 0.24705, 0.32405, 0.41587], precision=[0.01747, 0.01235], hit=[0.17471, 0.24705], ndcg=[0.09353, 0.11174, 0.12749, 0.12749]
Epoch 105 [46.2s]: train==[-2344.98534=-2538.01769 + 160.59393 + 48.65766 + 32.43843]
Epoch 106 [45.9s]: train==[-2348.03762=-2541.09411 + 160.61647 + 48.66006 + 32.44003]
Epoch 107 [45.1s]: train==[-2348.06753=-2540.57252 + 160.06701 + 48.65699 + 32.43798]
Epoch 108 [44.9s]: train==[-2349.00411=-2541.70340 + 160.25979 + 48.65927 + 32.43950]
Epoch 109 [47.5s + 11.9s]:, recall=[0.17213, 0.24286, 0.32492, 0.41711], precision=[0.01721, 0.01214], hit=[0.17213, 0.24286], ndcg=[0.09283, 0.11061, 0.12740, 0.12740]
Epoch 110 [45.7s]: train==[-2345.95340=-2538.84283 + 160.45023 + 48.65881 + 32.43920]
Epoch 111 [45.2s]: train==[-2346.70218=-2539.49472 + 160.35545 + 48.65568 + 32.43711]
Epoch 112 [45.0s]: train==[-2344.20394=-2537.18633 + 160.54309 + 48.65898 + 32.43931]
Epoch 113 [45.5s]: train==[-2343.62266=-2536.72135 + 160.65784 + 48.66130 + 32.44085]
Epoch 114 [46.6s + 12.4s]:, recall=[0.17310, 0.24756, 0.32736, 0.41518], precision=[0.01731, 0.01238], hit=[0.17310, 0.24756], ndcg=[0.09248, 0.11128, 0.12758, 0.12758]
Epoch 115 [53.7s]: train==[-2344.15878=-2537.15045 + 160.55546 + 48.65436 + 32.43622]
Epoch 116 [50.3s]: train==[-2345.35139=-2538.12357 + 160.33452 + 48.65652 + 32.43767]
Epoch 117 [46.4s]: train==[-2348.73150=-2541.15612 + 159.98224 + 48.66359 + 32.44238]
Epoch 118 [45.2s]: train==[-2346.84810=-2539.40068 + 160.11279 + 48.65972 + 32.43980]
Epoch 119 [55.0s + 11.9s]:, recall=[0.17388, 0.24558, 0.32589, 0.41532], precision=[0.01739, 0.01228], hit=[0.17388, 0.24558], ndcg=[0.09387, 0.11199, 0.12840, 0.12840]
Epoch 120 [51.7s]: train==[-2348.70206=-2541.59770 + 160.45514 + 48.66078 + 32.44050]
Epoch 121 [56.9s]: train==[-2344.48672=-2537.16077 + 160.23876 + 48.65297 + 32.43530]
Epoch 122 [57.5s]: train==[-2349.90666=-2541.83888 + 159.48989 + 48.66352 + 32.44233]
Epoch 123 [44.9s]: train==[-2348.16712=-2540.49446 + 159.88888 + 48.65770 + 32.43846]
Epoch 124 [44.5s + 11.4s]:, recall=[0.17181, 0.24466, 0.32391, 0.41619], precision=[0.01718, 0.01223], hit=[0.17181, 0.24466], ndcg=[0.09185, 0.11024, 0.12644, 0.12644]
Early stopping is trigger at step: 10 log:0.171808804568061
Best Iter=[14]@[6096.6]	recall=[0.1835	0.2560	0.3310	0.4181], ndcg=[0.1001	0.1184	0.1338	0.1487]
