nohup: ignoring input
Dataset name: Beibei
The number of users: 21716
The number of items: 7977
The behavior ratings: [2412586, 642622, 282860]
The number of ratings: 3338068
Average actions of users: 153.71
Average actions of items: 418.46
The density of the dataset: 0.019270
The sparsity of the dataset: 98.073026%
already load adj matrix 0.6654503345489502
already load pre adj matrix
use the pre adjcency matrix
586
179
94
without pretraining.
Epoch 0 [59.0s]: train==[17682.03843=-326.83933 + 17927.25494 + 48.97362 + 32.64902]
Epoch 1 [57.8s]: train==[1275.63166=-957.51554 + 2151.91050 + 48.74206 + 32.49465]
Epoch 2 [58.4s]: train==[-465.38857=-1132.19595 + 585.65674 + 48.69042 + 32.46023]
Epoch 3 [57.7s]: train==[-956.36013=-1337.04818 + 299.56448 + 48.67417 + 32.44940]
Epoch 4 [58.1s + 11.2s]:, recall=[0.04439, 0.07391, 0.13018, 0.21988], precision=[0.00444, 0.00370], hit=[0.04439, 0.07391], ndcg=[0.02395, 0.03130, 0.04277, 0.04277]
Epoch 5 [57.7s]: train==[-1284.91872=-1552.17683 + 186.15095 + 48.66431 + 32.44284]
Epoch 6 [57.4s]: train==[-1399.26017=-1646.98713 + 166.62710 + 48.65993 + 32.43993]
Epoch 7 [57.8s]: train==[-1501.20897=-1735.76889 + 153.46610 + 48.65630 + 32.43752]
Epoch 8 [57.4s]: train==[-1598.35257=-1824.16844 + 144.70722 + 48.66520 + 32.44345]
Epoch 9 [57.4s + 11.5s]:, recall=[0.08878, 0.14082, 0.21427, 0.31728], precision=[0.00888, 0.00704], hit=[0.08878, 0.14082], ndcg=[0.04677, 0.05985, 0.07480, 0.07480]
Epoch 10 [57.8s]: train==[-1788.03356=-2009.41188 + 140.27296 + 48.66323 + 32.44214]
Epoch 11 [58.4s]: train==[-1869.13553=-2089.12424 + 138.88087 + 48.66472 + 32.44313]
Epoch 12 [59.2s]: train==[-1935.64672=-2155.62634 + 138.89211 + 48.65252 + 32.43500]
Epoch 13 [59.0s]: train==[-1997.92910=-2217.19934 + 138.17685 + 48.65604 + 32.43735]
Epoch 14 [57.3s + 11.5s]:, recall=[0.14699, 0.21072, 0.28481, 0.37636], precision=[0.01470, 0.01054], hit=[0.14699, 0.21072], ndcg=[0.08030, 0.09636, 0.11150, 0.11150]
Epoch 15 [57.5s]: train==[-2092.06237=-2310.13976 + 136.97423 + 48.66191 + 32.44126]
Epoch 16 [57.6s]: train==[-2125.68833=-2342.44458 + 135.65519 + 48.66064 + 32.44041]
Epoch 17 [57.2s]: train==[-2157.71121=-2373.93300 + 135.12314 + 48.65920 + 32.43945]
Epoch 18 [57.7s]: train==[-2180.97717=-2396.40252 + 134.33879 + 48.65192 + 32.43460]
Epoch 19 [59.7s + 12.1s]:, recall=[0.16757, 0.23720, 0.31240, 0.39796], precision=[0.01676, 0.01186], hit=[0.16757, 0.23720], ndcg=[0.09033, 0.10786, 0.12323, 0.12323]
Epoch 20 [59.3s]: train==[-2227.52231=-2441.75190 + 133.12629 + 48.66199 + 32.44131]
Epoch 21 [57.6s]: train==[-2243.62612=-2456.65649 + 131.93444 + 48.65756 + 32.43836]
Epoch 22 [59.0s]: train==[-2255.48174=-2466.82213 + 130.24372 + 48.65801 + 32.43866]
Epoch 23 [58.0s]: train==[-2269.47636=-2479.36210 + 128.79113 + 48.65678 + 32.43784]
Epoch 24 [58.7s + 11.2s]:, recall=[0.17310, 0.24355, 0.31917, 0.40790], precision=[0.01731, 0.01218], hit=[0.17310, 0.24355], ndcg=[0.09447, 0.11224, 0.12771, 0.12771]
Epoch 25 [58.4s]: train==[-2282.84387=-2490.42464 + 126.48466 + 48.65768 + 32.43844]
Epoch 26 [57.7s]: train==[-2293.13693=-2499.49305 + 125.26425 + 48.65513 + 32.43674]
Epoch 27 [58.6s]: train==[-2299.98154=-2505.58250 + 124.49801 + 48.66177 + 32.44117]
Epoch 28 [57.6s]: train==[-2303.42221=-2508.34427 + 123.82482 + 48.65836 + 32.43890]
Epoch 29 [57.1s + 11.5s]:, recall=[0.17651, 0.24894, 0.32561, 0.41320], precision=[0.01765, 0.01245], hit=[0.17651, 0.24894], ndcg=[0.09563, 0.11386, 0.12953, 0.12953]
Epoch 30 [57.6s]: train==[-2312.37737=-2517.75527 + 124.28999 + 48.65275 + 32.43515]
Epoch 31 [57.6s]: train==[-2319.25340=-2524.14810 + 123.79663 + 48.65885 + 32.43922]
Epoch 32 [57.7s]: train==[-2322.79696=-2527.40442 + 123.51319 + 48.65657 + 32.43770]
Epoch 33 [58.3s]: train==[-2328.82338=-2533.01916 + 123.09931 + 48.65789 + 32.43858]
Epoch 34 [57.5s + 11.0s]:, recall=[0.17876, 0.25092, 0.32759, 0.41490], precision=[0.01788, 0.01255], hit=[0.17876, 0.25092], ndcg=[0.09616, 0.11436, 0.13002, 0.13002]
Epoch 35 [57.2s]: train==[-2330.00864=-2533.70440 + 122.60329 + 48.65550 + 32.43698]
Epoch 36 [57.7s]: train==[-2332.87730=-2536.61450 + 122.64072 + 48.65789 + 32.43858]
Epoch 37 [56.9s]: train==[-2337.48157=-2542.68534 + 124.10502 + 48.65925 + 32.43949]
Epoch 38 [57.2s]: train==[-2342.83541=-2549.54171 + 125.61910 + 48.65234 + 32.43488]
Epoch 39 [57.2s + 11.4s]:, recall=[0.17931, 0.25147, 0.33022, 0.41624], precision=[0.01793, 0.01257], hit=[0.17931, 0.25147], ndcg=[0.09761, 0.11580, 0.13190, 0.13190]
Epoch 40 [57.1s]: train==[-2352.40804=-2559.09182 + 125.59416 + 48.65377 + 32.43584]
Epoch 41 [57.6s]: train==[-2355.86787=-2562.24248 + 125.27202 + 48.66156 + 32.44102]
Epoch 42 [57.2s]: train==[-2361.11783=-2567.49330 + 125.27828 + 48.65831 + 32.43886]
Epoch 43 [57.4s]: train==[-2361.69578=-2567.89895 + 125.10512 + 48.65883 + 32.43921]
Epoch 44 [57.8s + 11.3s]:, recall=[0.17936, 0.25115, 0.33141, 0.41978], precision=[0.01794, 0.01256], hit=[0.17936, 0.25115], ndcg=[0.09712, 0.11522, 0.13160, 0.13160]
Epoch 45 [59.0s]: train==[-2365.22003=-2570.99742 + 124.68357 + 48.65629 + 32.43752]
Epoch 46 [58.1s]: train==[-2361.87575=-2567.69357 + 124.72782 + 48.65402 + 32.43600]
Epoch 47 [58.8s]: train==[-2367.25934=-2572.95562 + 124.59784 + 48.65908 + 32.43938]
Epoch 48 [57.9s]: train==[-2370.57256=-2576.13624 + 124.47265 + 48.65463 + 32.43641]
Epoch 49 [58.4s + 12.0s]:, recall=[0.17978, 0.25318, 0.33137, 0.42190], precision=[0.01798, 0.01266], hit=[0.17978, 0.25318], ndcg=[0.09743, 0.11593, 0.13195, 0.13195]
Epoch 50 [57.9s]: train==[-2365.98824=-2571.61514 + 124.54072 + 48.65170 + 32.43445]
Epoch 51 [58.7s]: train==[-2369.77303=-2575.24529 + 124.38564 + 48.65197 + 32.43464]
Epoch 52 [58.4s]: train==[-2372.84056=-2578.64031 + 124.70311 + 48.65799 + 32.43865]
Epoch 53 [58.2s]: train==[-2372.64076=-2578.35441 + 124.61411 + 48.65973 + 32.43981]
Epoch 54 [58.4s + 11.4s]:, recall=[0.17803, 0.25175, 0.33054, 0.41937], precision=[0.01780, 0.01259], hit=[0.17803, 0.25175], ndcg=[0.09560, 0.11418, 0.13031, 0.13031]
Epoch 55 [59.4s]: train==[-2373.46295=-2579.48850 + 124.92963 + 48.65757 + 32.43837]
Epoch 56 [58.5s]: train==[-2376.99894=-2582.83726 + 124.73625 + 48.66122 + 32.44080]
Epoch 57 [57.7s]: train==[-2376.32532=-2582.01785 + 124.60006 + 48.65549 + 32.43698]
Epoch 58 [58.0s]: train==[-2372.94559=-2579.01405 + 124.98267 + 48.65147 + 32.43430]
Epoch 59 [59.6s + 11.8s]:, recall=[0.18171, 0.25327, 0.33321, 0.42185], precision=[0.01817, 0.01266], hit=[0.18171, 0.25327], ndcg=[0.09857, 0.11660, 0.13294, 0.13294]
Epoch 60 [61.6s]: train==[-2373.92785=-2580.34104 + 125.32070 + 48.65551 + 32.43700]
Epoch 61 [60.2s]: train==[-2376.67128=-2583.11375 + 125.35114 + 48.65480 + 32.43652]
Epoch 62 [58.5s]: train==[-2379.44781=-2586.01308 + 125.47526 + 48.65400 + 32.43599]
Epoch 63 [63.8s]: train==[-2378.98200=-2585.42599 + 125.34645 + 48.65851 + 32.43900]
Epoch 64 [68.5s + 12.2s]:, recall=[0.18231, 0.25447, 0.33224, 0.42218], precision=[0.01823, 0.01272], hit=[0.18231, 0.25447], ndcg=[0.09936, 0.11759, 0.13353, 0.13353]
Epoch 65 [67.7s]: train==[-2381.60088=-2588.02706 + 125.33123 + 48.65697 + 32.43797]
Epoch 66 [62.6s]: train==[-2382.27543=-2588.90203 + 125.53346 + 48.65589 + 32.43725]
Epoch 67 [60.9s]: train==[-2379.35082=-2585.82741 + 125.38500 + 48.65496 + 32.43663]
Epoch 68 [64.1s]: train==[-2378.48277=-2584.84193 + 125.26921 + 48.65397 + 32.43597]
Epoch 69 [58.4s + 11.4s]:, recall=[0.18240, 0.25502, 0.33487, 0.42034], precision=[0.01824, 0.01275], hit=[0.18240, 0.25502], ndcg=[0.09797, 0.11628, 0.13262, 0.13262]
Epoch 70 [61.9s]: train==[-2379.98022=-2586.90931 + 125.84250 + 48.65196 + 32.43463]
Epoch 71 [58.6s]: train==[-2380.38496=-2587.28839 + 125.80936 + 48.65645 + 32.43762]
Epoch 72 [58.5s]: train==[-2378.10575=-2585.17601 + 125.98115 + 48.65348 + 32.43565]
Epoch 73 [57.8s]: train==[-2384.38598=-2591.48490 + 126.00072 + 48.65892 + 32.43927]
Epoch 74 [57.7s + 11.5s]:, recall=[0.18351, 0.25589, 0.33432, 0.42443], precision=[0.01835, 0.01279], hit=[0.18351, 0.25589], ndcg=[0.09922, 0.11745, 0.13347, 0.13347]
Epoch 75 [58.7s]: train==[-2382.80683=-2589.82426 + 125.93066 + 48.65207 + 32.43470]
Epoch 76 [58.1s]: train==[-2381.48766=-2588.56387 + 125.99002 + 48.65172 + 32.43447]
Epoch 77 [58.7s]: train==[-2384.80298=-2591.99205 + 126.10588 + 48.64991 + 32.43327]
Epoch 78 [59.5s]: train==[-2384.51246=-2591.84836 + 126.24769 + 48.65294 + 32.43528]
Epoch 79 [58.8s + 12.1s]:, recall=[0.17885, 0.25235, 0.33141, 0.42333], precision=[0.01789, 0.01262], hit=[0.17885, 0.25235], ndcg=[0.09670, 0.11522, 0.13138, 0.13138]
Epoch 80 [58.0s]: train==[-2384.19308=-2591.54533 + 126.26575 + 48.65191 + 32.43460]
Epoch 81 [57.3s]: train==[-2377.06336=-2584.67668 + 126.52876 + 48.65075 + 32.43382]
Epoch 82 [58.4s]: train==[-2387.68647=-2595.42151 + 126.63835 + 48.65801 + 32.43867]
Epoch 83 [57.8s]: train==[-2386.49580=-2594.11714 + 126.52001 + 48.66080 + 32.44052]
Epoch 84 [58.0s + 10.9s]:, recall=[0.17784, 0.24949, 0.32939, 0.42061], precision=[0.01778, 0.01247], hit=[0.17784, 0.24949], ndcg=[0.09655, 0.11462, 0.13093, 0.13093]
Epoch 85 [57.8s]: train==[-2388.02818=-2595.90764 + 126.78652 + 48.65577 + 32.43717]
Epoch 86 [58.1s]: train==[-2389.00183=-2596.87083 + 126.77383 + 48.65711 + 32.43806]
Epoch 87 [58.3s]: train==[-2390.83140=-2598.79071 + 126.85682 + 48.66148 + 32.44098]
Epoch 88 [57.8s]: train==[-2388.30546=-2596.27148 + 126.87193 + 48.65646 + 32.43763]
Epoch 89 [58.0s + 11.7s]:, recall=[0.18226, 0.25299, 0.33427, 0.42365], precision=[0.01823, 0.01265], hit=[0.18226, 0.25299], ndcg=[0.09956, 0.11739, 0.13403, 0.13403]
Epoch 90 [57.8s]: train==[-2388.91470=-2596.78832 + 126.77250 + 48.66066 + 32.44043]
Epoch 91 [58.2s]: train==[-2387.12533=-2595.02089 + 126.80722 + 48.65302 + 32.43534]
Epoch 92 [57.9s]: train==[-2387.78779=-2595.47094 + 126.59733 + 48.65150 + 32.43432]
Epoch 93 [58.1s]: train==[-2389.09456=-2596.72638 + 126.53915 + 48.65561 + 32.43707]
Epoch 94 [58.9s + 12.1s]:, recall=[0.17701, 0.24710, 0.33031, 0.42273], precision=[0.01770, 0.01235], hit=[0.17701, 0.24710], ndcg=[0.09475, 0.11244, 0.12950, 0.12950]
Epoch 95 [57.7s]: train==[-2386.50045=-2594.73719 + 127.15268 + 48.65044 + 32.43362]
Epoch 96 [58.6s]: train==[-2385.32989=-2593.60077 + 127.17479 + 48.65766 + 32.43843]
Epoch 97 [58.0s]: train==[-2389.69602=-2598.13706 + 127.34771 + 48.65601 + 32.43733]
Epoch 98 [58.0s]: train==[-2387.48413=-2595.78261 + 127.21153 + 48.65218 + 32.43478]
Epoch 99 [57.9s + 11.3s]:, recall=[0.17545, 0.24968, 0.33017, 0.42397], precision=[0.01754, 0.01248], hit=[0.17545, 0.24968], ndcg=[0.09345, 0.11222, 0.12870, 0.12870]
Epoch 100 [58.1s]: train==[-2387.84707=-2596.33048 + 127.38811 + 48.65719 + 32.43812]
Epoch 101 [57.8s]: train==[-2388.32976=-2596.91653 + 127.49250 + 48.65658 + 32.43771]
Epoch 102 [58.5s]: train==[-2389.25116=-2597.69360 + 127.35312 + 48.65360 + 32.43573]
Epoch 103 [58.4s]: train==[-2389.11199=-2597.63346 + 127.42969 + 48.65506 + 32.43670]
Epoch 104 [57.4s + 11.4s]:, recall=[0.17853, 0.25051, 0.33224, 0.42420], precision=[0.01785, 0.01253], hit=[0.17853, 0.25051], ndcg=[0.09569, 0.11382, 0.13051, 0.13051]
Epoch 105 [58.6s]: train==[-2386.47032=-2595.40860 + 127.85022 + 48.65284 + 32.43522]
Epoch 106 [59.2s]: train==[-2392.60756=-2601.44779 + 127.74823 + 48.65519 + 32.43679]
Epoch 107 [58.3s]: train==[-2391.70261=-2600.43184 + 127.64251 + 48.65203 + 32.43468]
Epoch 108 [58.4s]: train==[-2391.48667=-2600.18594 + 127.60891 + 48.65424 + 32.43615]
Epoch 109 [60.0s + 12.4s]:, recall=[0.17522, 0.25157, 0.32893, 0.42061], precision=[0.01752, 0.01258], hit=[0.17522, 0.25157], ndcg=[0.09440, 0.11360, 0.12941, 0.12941]
Epoch 110 [60.0s]: train==[-2391.08230=-2600.04570 + 127.87394 + 48.65367 + 32.43578]
Epoch 111 [58.5s]: train==[-2388.54122=-2597.69240 + 128.06705 + 48.65049 + 32.43366]
Epoch 112 [58.2s]: train==[-2388.64765=-2597.71933 + 127.98210 + 48.65374 + 32.43582]
Epoch 113 [58.5s]: train==[-2391.74037=-2600.64299 + 127.80933 + 48.65597 + 32.43731]
Epoch 114 [57.8s + 13.0s]:, recall=[0.17987, 0.24894, 0.32948, 0.42176], precision=[0.01799, 0.01245], hit=[0.17987, 0.24894], ndcg=[0.09665, 0.11406, 0.13058, 0.13058]
Epoch 115 [57.9s]: train==[-2386.99080=-2595.89658 + 127.82426 + 48.64891 + 32.43260]
Epoch 116 [57.8s]: train==[-2390.55700=-2599.32099 + 127.67891 + 48.65105 + 32.43403]
Epoch 117 [58.3s]: train==[-2390.86174=-2599.97566 + 128.01716 + 48.65805 + 32.43870]
Epoch 118 [57.7s]: train==[-2389.78817=-2598.97004 + 128.09170 + 48.65412 + 32.43608]
Epoch 119 [58.3s + 11.1s]:, recall=[0.17973, 0.25074, 0.33229, 0.42278], precision=[0.01797, 0.01254], hit=[0.17973, 0.25074], ndcg=[0.09707, 0.11498, 0.13166, 0.13166]
Epoch 120 [58.4s]: train==[-2390.71157=-2599.99899 + 128.19565 + 48.65507 + 32.43670]
Epoch 121 [57.7s]: train==[-2385.67806=-2595.00355 + 128.24682 + 48.64720 + 32.43146]
Epoch 122 [58.1s]: train==[-2391.56389=-2600.70949 + 128.04944 + 48.65769 + 32.43845]
Epoch 123 [60.8s]: train==[-2389.82210=-2599.11266 + 128.20421 + 48.65182 + 32.43454]
Epoch 124 [60.9s + 12.6s]:, recall=[0.17858, 0.24940, 0.33151, 0.42291], precision=[0.01786, 0.01247], hit=[0.17858, 0.24940], ndcg=[0.09629, 0.11411, 0.13089, 0.13089]
Early stopping is trigger at step: 10 log:0.17857800699944915
Best Iter=[14]@[7636.1]	recall=[0.1835	0.2559	0.3343	0.4244], ndcg=[0.0992	0.1175	0.1335	0.1489]
