nohup: ignoring input
Dataset name: Beibei
The number of users: 21716
The number of items: 7977
The behavior ratings: [2412586, 642622, 282860]
The number of ratings: 3338068
Average actions of users: 153.71
Average actions of items: 418.46
The density of the dataset: 0.019270
The sparsity of the dataset: 98.073026%
already load adj matrix 0.8503797054290771
already load pre adj matrix
use the pre adjcency matrix
586
179
94
without pretraining.
Epoch 0 [61.8s]: train==[341733.06873=-305.89740 + 341955.79967 + 49.89882 + 33.26587]
Epoch 1 [59.3s]: train==[75732.57017=-828.60476 + 76478.19736 + 49.78645 + 33.19101]
Epoch 2 [58.9s]: train==[26359.01547=-808.76544 + 27084.83773 + 49.76590 + 33.17728]
Epoch 3 [63.3s]: train==[10825.17314=-896.18792 + 11638.43066 + 49.75824 + 33.17217]
Epoch 4 [61.3s + 12.3s]:, recall=[0.02344, 0.05047, 0.10227, 0.15053], precision=[0.00234, 0.00252], hit=[0.02344, 0.05047], ndcg=[0.01394, 0.02073, 0.03126, 0.03126]
Epoch 5 [60.5s]: train==[2817.93102=-1068.97111 + 3803.97324 + 49.75734 + 33.17156]
Epoch 6 [59.5s]: train==[1573.55426=-1111.08161 + 2601.71869 + 49.75030 + 33.16688]
Epoch 7 [60.9s]: train==[860.13631=-1157.40908 + 1934.63177 + 49.74817 + 33.16545]
Epoch 8 [62.4s]: train==[391.49240=-1212.89978 + 1521.46680 + 49.75523 + 33.17016]
Epoch 9 [62.8s + 12.7s]:, recall=[0.03481, 0.06470, 0.10706, 0.18042], precision=[0.00348, 0.00323], hit=[0.03481, 0.06470], ndcg=[0.02017, 0.02756, 0.03624, 0.03624]
Epoch 10 [59.6s]: train==[-227.83043=-1339.42218 + 1028.66741 + 49.75460 + 33.16974]
Epoch 11 [60.7s]: train==[-453.44913=-1410.51310 + 874.14169 + 49.75336 + 33.16891]
Epoch 12 [59.7s]: train==[-640.76098=-1477.68686 + 754.01666 + 49.74554 + 33.16369]
Epoch 13 [60.4s]: train==[-795.19737=-1532.50568 + 654.39075 + 49.75053 + 33.16702]
Epoch 14 [59.1s + 11.7s]:, recall=[0.05411, 0.08864, 0.14934, 0.24650], precision=[0.00541, 0.00443], hit=[0.05411, 0.08864], ndcg=[0.02886, 0.03753, 0.04983, 0.04983]
Epoch 15 [60.0s]: train==[-1043.07703=-1626.63699 + 500.63513 + 49.75490 + 33.16993]
Epoch 16 [59.6s]: train==[-1143.13228=-1668.14091 + 442.08507 + 49.75413 + 33.16943]
Epoch 17 [59.7s]: train==[-1225.71008=-1702.71408 + 394.08097 + 49.75382 + 33.16922]
Epoch 18 [58.6s]: train==[-1293.75023=-1730.77567 + 354.11613 + 49.74559 + 33.16372]
Epoch 19 [59.8s + 11.4s]:, recall=[0.06686, 0.11291, 0.18111, 0.28177], precision=[0.00669, 0.00565], hit=[0.06686, 0.11291], ndcg=[0.03438, 0.04586, 0.05975, 0.05975]
Epoch 20 [58.9s]: train==[-1417.66559=-1796.66402 + 296.07480 + 49.75418 + 33.16945]
Epoch 21 [59.0s]: train==[-1471.77378=-1828.83728 + 274.14286 + 49.75237 + 33.16825]
Epoch 22 [59.4s]: train==[-1519.80532=-1858.16319 + 255.43638 + 49.75289 + 33.16859]
Epoch 23 [58.9s]: train==[-1566.28814=-1888.87444 + 239.67200 + 49.74857 + 33.16572]
Epoch 24 [58.2s + 11.9s]:, recall=[0.09412, 0.14519, 0.22053, 0.31875], precision=[0.00941, 0.00726], hit=[0.09412, 0.14519], ndcg=[0.05110, 0.06392, 0.07923, 0.07923]
Epoch 25 [59.3s]: train==[-1647.04478=-1942.92651 + 212.96493 + 49.75008 + 33.16672]
Epoch 26 [58.4s]: train==[-1688.73197=-1974.48999 + 202.84540 + 49.74757 + 33.16505]
Epoch 27 [59.3s]: train==[-1720.98343=-1997.20939 + 193.30124 + 49.75483 + 33.16989]
Epoch 28 [59.2s]: train==[-1746.48389=-2013.73735 + 184.33016 + 49.75397 + 33.16932]
Epoch 29 [59.1s + 11.7s]:, recall=[0.10872, 0.16384, 0.23853, 0.33685], precision=[0.01087, 0.00819], hit=[0.10872, 0.16384], ndcg=[0.05660, 0.07046, 0.08568, 0.08568]
Epoch 30 [64.0s]: train==[-1793.16212=-2047.31893 + 171.24627 + 49.74633 + 33.16422]
Epoch 31 [58.9s]: train==[-1817.83081=-2067.65942 + 166.90567 + 49.75377 + 33.16918]
Epoch 32 [64.6s]: train==[-1835.99392=-2082.05063 + 163.14055 + 49.74969 + 33.16647]
Epoch 33 [64.0s]: train==[-1858.42513=-2100.31881 + 158.97274 + 49.75257 + 33.16838]
Epoch 34 [74.5s + 14.1s]:, recall=[0.12396, 0.18217, 0.25903, 0.35711], precision=[0.01240, 0.00911], hit=[0.12396, 0.18217], ndcg=[0.06543, 0.08009, 0.09573, 0.09573]
Epoch 35 [59.2s]: train==[-1894.72991=-2132.99537 + 155.35416 + 49.74679 + 33.16453]
Epoch 36 [59.5s]: train==[-1912.52920=-2148.26774 + 152.82272 + 49.74948 + 33.16632]
Epoch 37 [59.9s]: train==[-1921.69151=-2155.27889 + 150.66599 + 49.75283 + 33.16856]
Epoch 38 [61.1s]: train==[-1939.16544=-2173.50754 + 151.43086 + 49.74675 + 33.16450]
Epoch 39 [61.5s + 12.3s]:, recall=[0.12935, 0.19143, 0.26856, 0.36287], precision=[0.01294, 0.00957], hit=[0.12935, 0.19143], ndcg=[0.06825, 0.08388, 0.09962, 0.09962]
Epoch 40 [59.5s]: train==[-1969.03543=-2203.73570 + 151.78439 + 49.74954 + 33.16636]
Epoch 41 [59.8s]: train==[-1984.56104=-2218.59483 + 151.11459 + 49.75151 + 33.16768]
Epoch 42 [65.9s]: train==[-2001.13070=-2235.19982 + 151.14694 + 49.75331 + 33.16887]
Epoch 43 [60.5s]: train==[-2012.83158=-2246.76276 + 151.01093 + 49.75217 + 33.16811]
Epoch 44 [58.7s + 11.8s]:, recall=[0.14307, 0.20639, 0.28375, 0.37700], precision=[0.01431, 0.01032], hit=[0.14307, 0.20639], ndcg=[0.07554, 0.09149, 0.10732, 0.10732]
Epoch 45 [59.6s]: train==[-2028.27142=-2260.32430 + 149.13618 + 49.75002 + 33.16668]
Epoch 46 [58.8s]: train==[-2034.91750=-2265.87602 + 148.04636 + 49.74730 + 33.16487]
Epoch 47 [59.8s]: train==[-2050.28892=-2282.06617 + 148.85792 + 49.75160 + 33.16773]
Epoch 48 [59.0s]: train==[-2061.36237=-2294.77280 + 150.49744 + 49.74779 + 33.16520]
Epoch 49 [59.1s + 11.4s]:, recall=[0.15141, 0.21772, 0.29485, 0.38456], precision=[0.01514, 0.01089], hit=[0.15141, 0.21772], ndcg=[0.08114, 0.09775, 0.11352, 0.11352]
Epoch 50 [60.0s]: train==[-2081.76985=-2321.92814 + 157.25095 + 49.74439 + 33.16293]
Epoch 51 [60.3s]: train==[-2092.96708=-2333.48741 + 157.61675 + 49.74215 + 33.16143]
Epoch 52 [59.0s]: train==[-2102.29922=-2343.82438 + 158.60785 + 49.75039 + 33.16693]
Epoch 53 [67.1s]: train==[-2113.78627=-2356.37789 + 159.67495 + 49.75001 + 33.16667]
Epoch 54 [63.2s + 11.9s]:, recall=[0.15827, 0.22472, 0.30236, 0.39202], precision=[0.01583, 0.01124], hit=[0.15827, 0.22472], ndcg=[0.08624, 0.10295, 0.11882, 0.11882]
Epoch 55 [60.0s]: train==[-2135.15284=-2380.36595 + 162.30043 + 49.74761 + 33.16508]
Epoch 56 [58.8s]: train==[-2145.43426=-2391.85105 + 163.49826 + 49.75112 + 33.16741]
Epoch 57 [58.9s]: train==[-2149.42356=-2396.05848 + 163.72612 + 49.74529 + 33.16352]
Epoch 58 [59.9s]: train==[-2156.07822=-2403.95008 + 164.96512 + 49.74404 + 33.16269]
Epoch 59 [61.5s + 12.8s]:, recall=[0.16840, 0.23646, 0.31401, 0.40293], precision=[0.01684, 0.01182], hit=[0.16840, 0.23646], ndcg=[0.09140, 0.10849, 0.12433, 0.12433]
Epoch 60 [60.5s]: train==[-2174.06722=-2424.41459 + 167.43508 + 49.74736 + 33.16491]
Epoch 61 [60.8s]: train==[-2181.64357=-2431.51742 + 166.95942 + 49.74865 + 33.16577]
Epoch 62 [59.1s]: train==[-2191.04820=-2440.67737 + 166.71939 + 49.74585 + 33.16390]
Epoch 63 [59.2s]: train==[-2193.71224=-2442.84213 + 166.21361 + 49.74977 + 33.16652]
Epoch 64 [61.8s + 12.1s]:, recall=[0.17098, 0.23959, 0.31792, 0.40629], precision=[0.01710, 0.01198], hit=[0.17098, 0.23959], ndcg=[0.09112, 0.10838, 0.12443, 0.12443]
Epoch 65 [60.3s]: train==[-2202.47894=-2453.51792 + 168.12301 + 49.74958 + 33.16639]
Epoch 66 [59.3s]: train==[-2207.04637=-2457.71518 + 167.75532 + 49.74809 + 33.16539]
Epoch 67 [59.4s]: train==[-2209.73776=-2459.46755 + 166.81969 + 49.74606 + 33.16404]
Epoch 68 [57.9s]: train==[-2213.39061=-2462.40889 + 166.10902 + 49.74557 + 33.16371]
Epoch 69 [59.1s + 12.2s]:, recall=[0.17563, 0.24489, 0.32004, 0.40841], precision=[0.01756, 0.01224], hit=[0.17563, 0.24489], ndcg=[0.09502, 0.11253, 0.12790, 0.12790]
Epoch 70 [61.5s]: train==[-2219.25941=-2469.70836 + 167.54069 + 49.74496 + 33.16331]
Epoch 71 [64.8s]: train==[-2221.75730=-2472.09372 + 167.42396 + 49.74748 + 33.16499]
Epoch 72 [60.6s]: train==[-2224.18968=-2474.54641 + 167.44833 + 49.74505 + 33.16337]
Epoch 73 [59.4s]: train==[-2233.62832=-2484.96689 + 168.42221 + 49.74982 + 33.16654]
Epoch 74 [61.4s + 12.2s]:, recall=[0.17471, 0.24553, 0.32437, 0.41237], precision=[0.01747, 0.01228], hit=[0.17471, 0.24553], ndcg=[0.09407, 0.11195, 0.12807, 0.12807]
Epoch 75 [60.5s]: train==[-2235.35328=-2485.64000 + 167.38242 + 49.74257 + 33.16171]
Epoch 76 [62.2s]: train==[-2235.99843=-2486.64660 + 167.74297 + 49.74310 + 33.16207]
Epoch 77 [60.3s]: train==[-2244.79760=-2494.63585 + 166.93172 + 49.74392 + 33.16261]
Epoch 78 [63.7s]: train==[-2243.15454=-2492.81733 + 166.75534 + 49.74448 + 33.16298]
Epoch 79 [60.1s + 11.7s]:, recall=[0.17595, 0.24811, 0.32442, 0.41458], precision=[0.01760, 0.01241], hit=[0.17595, 0.24811], ndcg=[0.09522, 0.11342, 0.12904, 0.12904]
Epoch 80 [61.5s]: train==[-2244.87320=-2494.05680 + 166.27446 + 49.74547 + 33.16365]
Epoch 81 [59.5s]: train==[-2242.30010=-2491.11380 + 165.91566 + 49.73883 + 33.15922]
Epoch 82 [58.8s]: train==[-2252.11539=-2500.87154 + 165.84307 + 49.74786 + 33.16524]
Epoch 83 [59.5s]: train==[-2251.37345=-2499.70138 + 165.40994 + 49.75081 + 33.16720]
Epoch 84 [59.8s + 11.2s]:, recall=[0.17434, 0.24540, 0.32161, 0.41324], precision=[0.01743, 0.01227], hit=[0.17434, 0.24540], ndcg=[0.09447, 0.11240, 0.12799, 0.12799]
Epoch 85 [61.6s]: train==[-2257.43609=-2505.53705 + 165.18802 + 49.74778 + 33.16518]
Epoch 86 [60.7s]: train==[-2259.88753=-2507.14988 + 164.34727 + 49.74905 + 33.16603]
Epoch 87 [64.9s]: train==[-2261.06408=-2508.40911 + 164.42688 + 49.75089 + 33.16726]
Epoch 88 [60.1s]: train==[-2259.14154=-2506.27267 + 164.22314 + 49.74479 + 33.16320]
Epoch 89 [71.9s + 43.7s]:, recall=[0.18028, 0.25028, 0.32653, 0.41532], precision=[0.01803, 0.01251], hit=[0.18028, 0.25028], ndcg=[0.09819, 0.11582, 0.13139, 0.13139]
Epoch 90 [63.1s]: train==[-2262.95994=-2510.68740 + 164.81028 + 49.75030 + 33.16686]
Epoch 91 [59.4s]: train==[-2262.05049=-2510.98589 + 166.02874 + 49.74400 + 33.16267]
Epoch 92 [59.3s]: train==[-2264.40798=-2512.94431 + 165.62720 + 49.74549 + 33.16366]
Epoch 93 [65.7s]: train==[-2269.67465=-2518.01449 + 165.42691 + 49.74776 + 33.16517]
Epoch 94 [60.4s + 11.9s]:, recall=[0.17724, 0.24848, 0.32617, 0.41697], precision=[0.01772, 0.01242], hit=[0.17724, 0.24848], ndcg=[0.09537, 0.11336, 0.12931, 0.12931]
Epoch 95 [60.2s]: train==[-2270.71752=-2518.47403 + 164.85432 + 49.74132 + 33.16088]
Epoch 96 [70.1s]: train==[-2269.82775=-2517.47882 + 164.74136 + 49.74583 + 33.16389]
Epoch 97 [72.0s]: train==[-2275.30550=-2522.41503 + 164.19792 + 49.74697 + 33.16465]
Epoch 98 [57.9s]: train==[-2271.40292=-2518.62929 + 164.32525 + 49.74068 + 33.16045]
Epoch 99 [62.6s + 13.7s]:, recall=[0.18304, 0.25447, 0.33183, 0.41886], precision=[0.01830, 0.01272], hit=[0.18304, 0.25447], ndcg=[0.09804, 0.11605, 0.13186, 0.13186]
Epoch 100 [59.2s]: train==[-2272.25064=-2519.22480 + 164.06734 + 49.74408 + 33.16272]
Epoch 101 [59.7s]: train==[-2273.71563=-2521.07809 + 164.45577 + 49.74401 + 33.16267]
Epoch 102 [68.4s]: train==[-2274.55600=-2521.53859 + 164.07636 + 49.74375 + 33.16250]
Epoch 103 [59.1s]: train==[-2276.59182=-2523.34827 + 163.84880 + 49.74458 + 33.16306]
Epoch 104 [60.4s + 11.8s]:, recall=[0.18010, 0.24922, 0.32699, 0.41582], precision=[0.01801, 0.01246], hit=[0.18010, 0.24922], ndcg=[0.09678, 0.11423, 0.13014, 0.13014]
Epoch 105 [58.6s]: train==[-2277.46675=-2524.02799 + 163.65569 + 49.74333 + 33.16222]
Epoch 106 [57.4s]: train==[-2280.42696=-2526.54065 + 163.20463 + 49.74544 + 33.16363]
Epoch 107 [57.1s]: train==[-2280.68782=-2526.38785 + 162.79492 + 49.74306 + 33.16204]
Epoch 108 [58.2s]: train==[-2278.55122=-2524.92106 + 163.46326 + 49.74395 + 33.16263]
Epoch 109 [57.5s + 11.7s]:, recall=[0.17913, 0.25097, 0.32847, 0.41651], precision=[0.01791, 0.01255], hit=[0.17913, 0.25097], ndcg=[0.09583, 0.11394, 0.12979, 0.12979]
Epoch 110 [58.8s]: train==[-2280.00137=-2526.14421 + 163.23461 + 49.74493 + 33.16328]
Epoch 111 [58.2s]: train==[-2279.12398=-2525.10245 + 163.07442 + 49.74242 + 33.16162]
Epoch 112 [56.9s]: train==[-2279.43402=-2525.02498 + 162.68493 + 49.74362 + 33.16241]
Epoch 113 [57.2s]: train==[-2279.74388=-2525.43004 + 162.78066 + 49.74330 + 33.16220]
Epoch 114 [58.7s + 11.8s]:, recall=[0.17655, 0.24599, 0.32690, 0.41812], precision=[0.01766, 0.01230], hit=[0.17655, 0.24599], ndcg=[0.09364, 0.11115, 0.12773, 0.12773]
Epoch 115 [59.0s]: train==[-2278.42523=-2523.25146 + 161.92862 + 49.73857 + 33.15905]
Epoch 116 [59.2s]: train==[-2285.29357=-2529.76431 + 161.57100 + 49.73984 + 33.15989]
Epoch 117 [58.5s]: train==[-2285.80079=-2530.02862 + 161.32103 + 49.74409 + 33.16272]
Epoch 118 [59.3s]: train==[-2283.76714=-2528.29799 + 161.62693 + 49.74235 + 33.16157]
Epoch 119 [63.9s + 11.8s]:, recall=[0.17890, 0.24922, 0.32764, 0.41748], precision=[0.01789, 0.01246], hit=[0.17890, 0.24922], ndcg=[0.09649, 0.11422, 0.13027, 0.13027]
Epoch 120 [59.5s]: train==[-2283.93142=-2529.05116 + 162.21484 + 49.74293 + 33.16195]
Epoch 121 [57.6s]: train==[-2279.45637=-2524.22066 + 161.87088 + 49.73606 + 33.15737]
Epoch 122 [57.3s]: train==[-2284.22181=-2528.77396 + 161.64581 + 49.74379 + 33.16253]
Epoch 123 [58.5s]: train==[-2283.76308=-2528.68359 + 162.02108 + 49.73965 + 33.15977]
Epoch 124 [56.8s + 11.1s]:, recall=[0.18065, 0.25175, 0.32971, 0.42130], precision=[0.01807, 0.01259], hit=[0.18065, 0.25175], ndcg=[0.09801, 0.11593, 0.13186, 0.13186]
Epoch 125 [57.1s]: train==[-2285.64436=-2529.99610 + 161.45209 + 49.73980 + 33.15987]
Epoch 126 [56.6s]: train==[-2291.20802=-2535.02107 + 160.90438 + 49.74521 + 33.16348]
Epoch 127 [57.5s]: train==[-2290.71713=-2534.26592 + 160.64363 + 49.74309 + 33.16206]
Epoch 128 [57.4s]: train==[-2289.36486=-2532.61266 + 160.34318 + 49.74276 + 33.16184]
Epoch 129 [56.7s + 11.1s]:, recall=[0.17830, 0.24931, 0.32851, 0.41748], precision=[0.01783, 0.01247], hit=[0.17830, 0.24931], ndcg=[0.09652, 0.11445, 0.13067, 0.13067]
Epoch 130 [56.7s]: train==[-2287.06576=-2530.67021 + 160.70920 + 49.73717 + 33.15811]
Epoch 131 [59.0s]: train==[-2286.89354=-2530.99100 + 161.19306 + 49.74263 + 33.16176]
Epoch 132 [58.8s]: train==[-2288.15320=-2531.55438 + 160.50247 + 49.73924 + 33.15950]
Epoch 133 [57.6s]: train==[-2287.81811=-2531.32798 + 160.61648 + 49.73603 + 33.15735]
Epoch 134 [58.1s + 11.7s]:, recall=[0.17922, 0.25041, 0.32971, 0.41923], precision=[0.01792, 0.01252], hit=[0.17922, 0.25041], ndcg=[0.09731, 0.11522, 0.13147, 0.13147]
Epoch 135 [59.9s]: train==[-2288.64119=-2531.88167 + 160.33605 + 49.74265 + 33.16177]
Epoch 136 [60.0s]: train==[-2287.58649=-2531.24938 + 160.75652 + 49.74382 + 33.16255]
Epoch 137 [59.1s]: train==[-2289.06519=-2532.65058 + 160.68537 + 49.74000 + 33.16000]
Epoch 138 [62.2s]: train==[-2287.99820=-2531.39515 + 160.50586 + 49.73466 + 33.15644]
Epoch 139 [59.1s + 11.3s]:, recall=[0.17697, 0.24843, 0.32907, 0.41845], precision=[0.01770, 0.01242], hit=[0.17697, 0.24843], ndcg=[0.09534, 0.11341, 0.12993, 0.12993]
Epoch 140 [57.5s]: train==[-2290.17783=-2533.48828 + 160.40677 + 49.74220 + 33.16147]
Epoch 141 [57.0s]: train==[-2288.91942=-2532.44380 + 160.62858 + 49.73747 + 33.15832]
Epoch 142 [57.8s]: train==[-2293.96560=-2536.97705 + 160.10757 + 49.74232 + 33.16155]
Epoch 143 [57.7s]: train==[-2292.40665=-2535.35330 + 160.04943 + 49.73833 + 33.15889]
Epoch 144 [57.1s + 11.7s]:, recall=[0.17826, 0.24889, 0.32796, 0.41780], precision=[0.01783, 0.01244], hit=[0.17826, 0.24889], ndcg=[0.09539, 0.11323, 0.12942, 0.12942]
Epoch 145 [57.7s]: train==[-2289.92346=-2532.31437 + 159.49160 + 49.73959 + 33.15973]
Epoch 146 [58.5s]: train==[-2290.34679=-2533.37967 + 160.13438 + 49.73911 + 33.15941]
Epoch 147 [57.5s]: train==[-2289.91480=-2533.13560 + 160.32709 + 49.73623 + 33.15749]
Epoch 148 [58.0s]: train==[-2289.73873=-2532.68478 + 160.05148 + 49.73676 + 33.15784]
Epoch 149 [61.7s + 13.4s]:, recall=[0.17457, 0.24668, 0.32833, 0.41711], precision=[0.01746, 0.01233], hit=[0.17457, 0.24668], ndcg=[0.09280, 0.11097, 0.12770, 0.12770]
Early stopping is trigger at step: 10 log:0.17457174433597453
Best Iter=[19]@[9468.1]	recall=[0.1830	0.2545	0.3318	0.4189], ndcg=[0.0980	0.1161	0.1319	0.1467]
