nohup: ignoring input
Dataset name: Beibei
The number of users: 21716
The number of items: 7977
The behavior ratings: [2412586, 642622, 282860]
The number of ratings: 3338068
Average actions of users: 153.71
Average actions of items: 418.46
The density of the dataset: 0.019270
The sparsity of the dataset: 98.073026%
already load adj matrix 0.7734682559967041
already load pre adj matrix
use the pre adjcency matrix
586
179
94
without pretraining.
Epoch 0 [63.2s]: train==[19466.78674=-252.26534 + 19637.43341 + 48.97113 + 32.64733]
Epoch 1 [63.1s]: train==[1903.18080=-881.53495 + 2703.49334 + 48.73352 + 32.48890]
Epoch 2 [59.1s]: train==[-320.57244=-1013.09355 + 611.38288 + 48.68299 + 32.45524]
Epoch 3 [57.6s]: train==[-894.00062=-1181.84274 + 206.72521 + 48.67019 + 32.44672]
Epoch 4 [58.3s + 11.7s]:, recall=[0.03523, 0.05544, 0.11006, 0.18756], precision=[0.00352, 0.00277], hit=[0.03523, 0.05544], ndcg=[0.02088, 0.02596, 0.03707, 0.03707]
Epoch 5 [57.7s]: train==[-1203.56150=-1374.29062 + 89.62790 + 48.66075 + 32.44047]
Epoch 6 [57.4s]: train==[-1280.42212=-1440.04357 + 78.52699 + 48.65668 + 32.43777]
Epoch 7 [58.3s]: train==[-1357.32184=-1510.99678 + 72.58616 + 48.65327 + 32.43550]
Epoch 8 [57.8s]: train==[-1422.65223=-1572.47981 + 68.72346 + 48.66247 + 32.44164]
Epoch 9 [57.6s + 20.0s]:, recall=[0.04936, 0.08289, 0.14215, 0.23706], precision=[0.00494, 0.00414], hit=[0.04936, 0.08289], ndcg=[0.02601, 0.03440, 0.04643, 0.04643]
Epoch 10 [59.6s]: train==[-1518.86244=-1662.10295 + 62.13905 + 48.66087 + 32.44058]
Epoch 11 [59.1s]: train==[-1556.78162=-1697.54458 + 59.65883 + 48.66247 + 32.44165]
Epoch 12 [57.2s]: train==[-1591.02312=-1729.99192 + 57.88488 + 48.65035 + 32.43357]
Epoch 13 [57.8s]: train==[-1627.79108=-1765.72203 + 56.84109 + 48.65391 + 32.43594]
Epoch 14 [72.5s + 18.0s]:, recall=[0.06502, 0.11171, 0.18185, 0.28661], precision=[0.00650, 0.00559], hit=[0.06502, 0.11171], ndcg=[0.03442, 0.04611, 0.06036, 0.06036]
Epoch 15 [58.6s]: train==[-1704.38036=-1841.65119 + 56.17106 + 48.65986 + 32.43991]
Epoch 16 [58.2s]: train==[-1736.78547=-1873.71190 + 55.82875 + 48.65861 + 32.43908]
Epoch 17 [57.5s]: train==[-1772.48602=-1909.07860 + 55.49731 + 48.65716 + 32.43811]
Epoch 18 [57.8s]: train==[-1796.46983=-1932.72406 + 55.17113 + 48.64986 + 32.43325]
Epoch 19 [70.3s + 11.6s]:, recall=[0.09233, 0.15192, 0.23250, 0.33653], precision=[0.00923, 0.00760], hit=[0.09233, 0.15192], ndcg=[0.04871, 0.06368, 0.08011, 0.08011]
Epoch 20 [57.7s]: train==[-1851.21091=-1987.30185 + 54.99121 + 48.65983 + 32.43990]
Epoch 21 [60.6s]: train==[-1872.61803=-2008.52791 + 54.81759 + 48.65536 + 32.43692]
Epoch 22 [57.9s]: train==[-1893.19105=-2029.02006 + 54.73597 + 48.65581 + 32.43722]
Epoch 23 [58.9s]: train==[-1909.75192=-2045.47312 + 54.63026 + 48.65456 + 32.43638]
Epoch 24 [57.2s + 11.2s]:, recall=[0.11798, 0.18037, 0.26257, 0.36300], precision=[0.01180, 0.00902], hit=[0.11798, 0.18037], ndcg=[0.06354, 0.07927, 0.09602, 0.09602]
Epoch 25 [62.5s]: train==[-1937.78507=-2073.55402 + 54.67657 + 48.65542 + 32.43696]
Epoch 26 [56.9s]: train==[-1955.48814=-2091.17790 + 54.60172 + 48.65281 + 32.43523]
Epoch 27 [57.9s]: train==[-1965.28091=-2101.05061 + 54.67063 + 48.65944 + 32.43964]
Epoch 28 [56.8s]: train==[-1974.99308=-2110.86829 + 54.78179 + 48.65605 + 32.43738]
Epoch 29 [60.2s + 11.8s]:, recall=[0.13456, 0.20068, 0.28141, 0.37479], precision=[0.01346, 0.01003], hit=[0.13456, 0.20068], ndcg=[0.07261, 0.08930, 0.10576, 0.10576]
Epoch 30 [59.2s]: train==[-1990.23946=-2126.19014 + 54.86669 + 48.65039 + 32.43361]
Epoch 31 [57.1s]: train==[-1999.55675=-2135.40613 + 54.75521 + 48.65650 + 32.43769]
Epoch 32 [58.0s]: train==[-2006.83371=-2142.66318 + 54.73910 + 48.65422 + 32.43616]
Epoch 33 [57.1s]: train==[-2013.15863=-2148.88384 + 54.63264 + 48.65553 + 32.43704]
Epoch 34 [57.7s + 12.1s]:, recall=[0.14680, 0.21316, 0.29315, 0.38538], precision=[0.01468, 0.01066], hit=[0.14680, 0.21316], ndcg=[0.07988, 0.09660, 0.11293, 0.11293]
Epoch 35 [58.1s]: train==[-2018.65973=-2154.40679 + 54.65850 + 48.65312 + 32.43543]
Epoch 36 [57.6s]: train==[-2024.74259=-2160.35527 + 54.52010 + 48.65555 + 32.43704]
Epoch 37 [57.3s]: train==[-2026.78288=-2162.41500 + 54.53725 + 48.65691 + 32.43796]
Epoch 38 [57.1s]: train==[-2032.90570=-2168.61770 + 54.62872 + 48.64996 + 32.43332]
Epoch 39 [58.2s + 11.4s]:, recall=[0.14326, 0.21141, 0.29329, 0.38598], precision=[0.01433, 0.01057], hit=[0.14326, 0.21141], ndcg=[0.07820, 0.09537, 0.11206, 0.11206]
Epoch 40 [58.4s]: train==[-2042.71472=-2178.30284 + 54.50240 + 48.65142 + 32.43429]
Epoch 41 [58.3s]: train==[-2044.67535=-2180.13247 + 54.35839 + 48.65921 + 32.43949]
Epoch 42 [60.6s]: train==[-2047.27361=-2182.71359 + 54.34669 + 48.65596 + 32.43731]
Epoch 43 [58.5s]: train==[-2044.81979=-2180.33849 + 54.42452 + 48.65649 + 32.43768]
Epoch 44 [58.1s + 11.3s]:, recall=[0.14878, 0.21334, 0.29283, 0.38506], precision=[0.01488, 0.01067], hit=[0.14878, 0.21334], ndcg=[0.07954, 0.09580, 0.11204, 0.11204]
Epoch 45 [58.0s]: train==[-2050.87074=-2186.42194 + 54.46124 + 48.65397 + 32.43600]
Epoch 46 [58.7s]: train==[-2050.95525=-2186.52117 + 54.47971 + 48.65172 + 32.43450]
Epoch 47 [57.8s]: train==[-2055.42696=-2190.90640 + 54.38480 + 48.65677 + 32.43786]
Epoch 48 [58.0s]: train==[-2059.52405=-2194.92970 + 54.31849 + 48.65230 + 32.43488]
Epoch 49 [57.8s + 12.5s]:, recall=[0.15449, 0.22113, 0.29877, 0.38976], precision=[0.01545, 0.01106], hit=[0.15449, 0.22113], ndcg=[0.08424, 0.10103, 0.11687, 0.11687]
Epoch 50 [57.9s]: train==[-2056.25174=-2191.77549 + 54.44143 + 48.64939 + 32.43294]
Epoch 51 [57.8s]: train==[-2060.91933=-2196.20531 + 54.20319 + 48.64967 + 32.43313]
Epoch 52 [57.6s]: train==[-2061.84652=-2197.34755 + 54.40821 + 48.65569 + 32.43714]
Epoch 53 [58.3s]: train==[-2065.15226=-2200.53907 + 54.29107 + 48.65742 + 32.43829]
Epoch 54 [58.3s + 11.9s]:, recall=[0.14924, 0.21468, 0.29577, 0.38852], precision=[0.01492, 0.01073], hit=[0.14924, 0.21468], ndcg=[0.08017, 0.09663, 0.11317, 0.11317]
Epoch 55 [57.7s]: train==[-2063.60361=-2199.27761 + 54.58188 + 48.65528 + 32.43686]
Epoch 56 [58.0s]: train==[-2068.50261=-2204.14057 + 54.53975 + 48.65892 + 32.43929]
Epoch 57 [57.6s]: train==[-2066.86949=-2202.58049 + 54.62231 + 48.65320 + 32.43548]
Epoch 58 [57.1s]: train==[-2066.44520=-2202.23729 + 54.71010 + 48.64918 + 32.43280]
Epoch 59 [57.6s + 10.9s]:, recall=[0.15136, 0.21583, 0.29522, 0.38957], precision=[0.01514, 0.01079], hit=[0.15136, 0.21583], ndcg=[0.08244, 0.09865, 0.11488, 0.11488]
Epoch 60 [57.9s]: train==[-2070.10639=-2205.78107 + 54.58596 + 48.65322 + 32.43550]
Epoch 61 [57.5s]: train==[-2069.53702=-2205.29283 + 54.66829 + 48.65250 + 32.43502]
Epoch 62 [57.2s]: train==[-2073.84329=-2209.61605 + 54.68658 + 48.65171 + 32.43448]
Epoch 63 [57.7s]: train==[-2074.96153=-2210.76948 + 54.71425 + 48.65621 + 32.43748]
Epoch 64 [61.9s + 14.5s]:, recall=[0.15790, 0.22288, 0.30217, 0.39469], precision=[0.01579, 0.01114], hit=[0.15790, 0.22288], ndcg=[0.08623, 0.10260, 0.11880, 0.11880]
Epoch 65 [61.5s]: train==[-2073.62521=-2209.48292 + 54.76655 + 48.65469 + 32.43647]
Epoch 66 [58.4s]: train==[-2075.08795=-2211.08264 + 54.90533 + 48.65360 + 32.43574]
Epoch 67 [82.3s]: train==[-2074.28573=-2210.27092 + 54.89740 + 48.65267 + 32.43513]
Epoch 68 [57.7s]: train==[-2074.50709=-2210.50901 + 54.91578 + 48.65168 + 32.43446]
Epoch 69 [58.1s + 11.6s]:, recall=[0.15293, 0.21740, 0.29669, 0.38985], precision=[0.01529, 0.01087], hit=[0.15293, 0.21740], ndcg=[0.08295, 0.09919, 0.11541, 0.11541]
Epoch 70 [58.1s]: train==[-2075.86261=-2211.84847 + 54.90308 + 48.64966 + 32.43311]
Epoch 71 [68.4s]: train==[-2074.26593=-2210.35126 + 54.99500 + 48.65419 + 32.43613]
Epoch 72 [60.0s]: train==[-2076.30829=-2212.43333 + 55.03974 + 48.65116 + 32.43411]
Epoch 73 [58.3s]: train==[-2079.42544=-2215.62064 + 55.10086 + 48.65660 + 32.43774]
Epoch 74 [57.5s + 10.8s]:, recall=[0.15938, 0.22430, 0.30268, 0.39372], precision=[0.01594, 0.01122], hit=[0.15938, 0.22430], ndcg=[0.08655, 0.10288, 0.11887, 0.11887]
Epoch 75 [57.3s]: train==[-2076.08546=-2212.36518 + 55.19683 + 48.64974 + 32.43316]
Epoch 76 [59.8s]: train==[-2074.37490=-2210.81200 + 55.35479 + 48.64937 + 32.43292]
Epoch 77 [58.5s]: train==[-2078.14834=-2214.57731 + 55.34974 + 48.64754 + 32.43170]
Epoch 78 [61.3s]: train==[-2080.02007=-2216.48109 + 55.37674 + 48.65056 + 32.43371]
Epoch 79 [57.4s + 11.0s]:, recall=[0.15449, 0.22034, 0.29900, 0.39040], precision=[0.01545, 0.01102], hit=[0.15449, 0.22034], ndcg=[0.08398, 0.10058, 0.11664, 0.11664]
Epoch 80 [58.5s]: train==[-2077.69298=-2214.26597 + 55.49036 + 48.64958 + 32.43305]
Epoch 81 [60.5s]: train==[-2075.31682=-2211.83609 + 55.43860 + 48.64840 + 32.43227]
Epoch 82 [57.4s]: train==[-2083.57820=-2220.19496 + 55.52395 + 48.65567 + 32.43712]
Epoch 83 [57.1s]: train==[-2080.86533=-2217.55279 + 55.59007 + 48.65844 + 32.43896]
Epoch 84 [57.9s + 11.5s]:, recall=[0.15274, 0.22067, 0.29964, 0.39266], precision=[0.01527, 0.01103], hit=[0.15274, 0.22067], ndcg=[0.08208, 0.09917, 0.11528, 0.11528]
Epoch 85 [58.4s]: train==[-2084.89505=-2221.76281 + 55.77881 + 48.65337 + 32.43559]
Epoch 86 [57.8s]: train==[-2085.37422=-2222.18524 + 55.71981 + 48.65472 + 32.43649]
Epoch 87 [58.3s]: train==[-2088.36734=-2225.27538 + 55.80957 + 48.65908 + 32.43939]
Epoch 88 [58.2s]: train==[-2086.52062=-2223.45835 + 55.84766 + 48.65404 + 32.43604]
Epoch 89 [57.3s + 11.3s]:, recall=[0.15274, 0.21947, 0.29950, 0.39266], precision=[0.01527, 0.01097], hit=[0.15274, 0.21947], ndcg=[0.08233, 0.09909, 0.11544, 0.11544]
Epoch 90 [57.2s]: train==[-2083.96733=-2220.93079 + 55.86639 + 48.65824 + 32.43883]
Epoch 91 [57.5s]: train==[-2083.98693=-2221.07003 + 55.99873 + 48.65060 + 32.43374]
Epoch 92 [57.6s]: train==[-2084.83036=-2221.84287 + 55.93071 + 48.64907 + 32.43272]
Epoch 93 [58.0s]: train==[-2086.48008=-2223.55104 + 55.98231 + 48.65318 + 32.43546]
Epoch 94 [58.2s + 10.9s]:, recall=[0.15670, 0.22297, 0.30530, 0.39542], precision=[0.01567, 0.01115], hit=[0.15670, 0.22297], ndcg=[0.08433, 0.10103, 0.11787, 0.11787]
Epoch 95 [58.4s]: train==[-2087.05004=-2224.26656 + 56.13658 + 48.64797 + 32.43199]
Epoch 96 [57.5s]: train==[-2083.52749=-2220.70215 + 56.08266 + 48.65520 + 32.43680]
Epoch 97 [57.5s]: train==[-2089.18007=-2226.39237 + 56.12298 + 48.65357 + 32.43572]
Epoch 98 [57.4s]: train==[-2088.37023=-2225.50660 + 56.05344 + 48.64974 + 32.43317]
Epoch 99 [57.5s + 11.0s]:, recall=[0.15565, 0.22113, 0.30309, 0.39367], precision=[0.01556, 0.01106], hit=[0.15565, 0.22113], ndcg=[0.08220, 0.09871, 0.11543, 0.11543]
Epoch 100 [58.8s]: train==[-2085.23512=-2222.60916 + 56.28287 + 48.65469 + 32.43647]
Epoch 101 [57.8s]: train==[-2086.78906=-2224.24902 + 56.36980 + 48.65409 + 32.43607]
Epoch 102 [57.4s]: train==[-2086.42143=-2223.95570 + 56.44903 + 48.65113 + 32.43409]
Epoch 103 [59.2s]: train==[-2089.42439=-2226.93502 + 56.42304 + 48.65255 + 32.43504]
Epoch 104 [58.0s + 12.1s]:, recall=[0.15228, 0.21929, 0.29955, 0.39252], precision=[0.01523, 0.01096], hit=[0.15228, 0.21929], ndcg=[0.08146, 0.09836, 0.11476, 0.11476]
Epoch 105 [57.5s]: train==[-2085.16532=-2223.04143 + 56.79225 + 48.65032 + 32.43355]
Epoch 106 [57.1s]: train==[-2090.24980=-2228.17377 + 56.83622 + 48.65264 + 32.43510]
Epoch 107 [57.1s]: train==[-2088.42728=-2226.39948 + 56.88969 + 48.64950 + 32.43300]
Epoch 108 [58.2s]: train==[-2089.11835=-2227.24934 + 57.04480 + 48.65172 + 32.43447]
Epoch 109 [57.3s + 10.8s]:, recall=[0.15058, 0.21869, 0.29803, 0.39238], precision=[0.01506, 0.01093], hit=[0.15058, 0.21869], ndcg=[0.08004, 0.09722, 0.11345, 0.11345]
Epoch 110 [57.7s]: train==[-2091.69333=-2229.61908 + 56.84055 + 48.65113 + 32.43409]
Epoch 111 [58.0s]: train==[-2091.18842=-2229.19252 + 56.92422 + 48.64795 + 32.43197]
Epoch 112 [57.8s]: train==[-2087.48883=-2225.52482 + 56.95068 + 48.65118 + 32.43412]
Epoch 113 [57.3s]: train==[-2092.47859=-2230.48242 + 56.91485 + 48.65340 + 32.43560]
Epoch 114 [57.0s + 11.2s]:, recall=[0.15376, 0.21938, 0.30102, 0.39344], precision=[0.01538, 0.01097], hit=[0.15376, 0.21938], ndcg=[0.08231, 0.09885, 0.11553, 0.11553]
Epoch 115 [58.1s]: train==[-2086.66330=-2224.73088 + 56.99032 + 48.64634 + 32.43090]
Epoch 116 [57.7s]: train==[-2090.33320=-2228.43385 + 57.01988 + 48.64846 + 32.43231]
Epoch 117 [57.2s]: train==[-2090.90444=-2229.02130 + 57.02443 + 48.65546 + 32.43698]
Epoch 118 [57.1s]: train==[-2090.45961=-2228.80382 + 57.25835 + 48.65150 + 32.43434]
Epoch 119 [59.3s + 11.6s]:, recall=[0.15629, 0.22228, 0.30125, 0.39271], precision=[0.01563, 0.01111], hit=[0.15629, 0.22228], ndcg=[0.08393, 0.10058, 0.11672, 0.11672]
Epoch 120 [58.1s]: train==[-2090.63307=-2228.96717 + 57.24667 + 48.65245 + 32.43497]
Epoch 121 [57.3s]: train==[-2087.82047=-2226.10281 + 57.20805 + 48.64457 + 32.42972]
Epoch 122 [59.0s]: train==[-2091.63894=-2230.00961 + 57.27892 + 48.65505 + 32.43670]
Epoch 123 [57.8s]: train==[-2093.19697=-2231.63780 + 57.35888 + 48.64917 + 32.43278]
Epoch 124 [57.2s + 11.3s]:, recall=[0.14731, 0.21358, 0.29462, 0.38971], precision=[0.01473, 0.01068], hit=[0.14731, 0.21358], ndcg=[0.07843, 0.09519, 0.11176, 0.11176]
Early stopping is trigger at step: 10 log:0.14731073862589436
Best Iter=[14]@[7673.2]	recall=[0.1594	0.2243	0.3027	0.3937], ndcg=[0.0866	0.1029	0.1189	0.1344]
