nohup: ignoring input
Dataset name: Tmall
The number of users: 31882
The number of items: 31232
The behavior ratings: [1093807, 140068, 49482, 167862]
The number of ratings: 1451219
Average actions of users: 45.52
Average actions of items: 46.47
The density of the dataset: 0.001457
The sparsity of the dataset: 99.854257%
already load adj matrix 0.3507349491119385
already load pre adj matrix
use the pre adjcency matrix
201
51
54
51
without pretraining.
Epoch 0 [86.2s]: train==[122.79981=-227.92564 + 249.59190 + 57.79067 + 43.34288]
Epoch 1 [84.7s]: train==[-211.17660=-333.05963 + 21.16882 + 57.55107 + 43.16314]
Epoch 2 [84.9s]: train==[-294.62503=-408.38931 + 13.26240 + 57.42971 + 43.07216]
Epoch 3 [85.2s]: train==[-361.96353=-474.93897 + 12.57150 + 57.37374 + 43.03020]
Epoch 4 [85.3s + 15.8s]:, recall=[0.01640, 0.02590, 0.04110, 0.06680], precision=[0.00164, 0.00130], hit=[0.01640, 0.02590], ndcg=[0.00845, 0.01082, 0.01391, 0.01391]
Epoch 5 [88.7s]: train==[-500.62686=-613.74273 + 12.82473 + 57.30926 + 42.98187]
Epoch 6 [86.4s]: train==[-547.33430=-660.71427 + 13.11243 + 57.29578 + 42.97176]
Epoch 7 [87.9s]: train==[-587.96435=-701.60881 + 13.38671 + 57.29018 + 42.96757]
Epoch 8 [91.1s]: train==[-624.87895=-738.76633 + 13.64875 + 57.27925 + 42.95937]
Epoch 9 [85.9s + 16.4s]:, recall=[0.02400, 0.03990, 0.06490, 0.10030], precision=[0.00240, 0.00200], hit=[0.02400, 0.03990], ndcg=[0.01302, 0.01702, 0.02211, 0.02211]
Epoch 10 [89.8s]: train==[-691.67094=-806.02208 + 14.13346 + 57.26729 + 42.95040]
Epoch 11 [86.7s]: train==[-720.52121=-835.05084 + 14.32334 + 57.26077 + 42.94551]
Epoch 12 [85.3s]: train==[-748.95916=-863.70867 + 14.53782 + 57.26386 + 42.94783]
Epoch 13 [85.8s]: train==[-773.72684=-888.66409 + 14.73089 + 57.26080 + 42.94554]
Epoch 14 [85.5s + 16.2s]:, recall=[0.02990, 0.04950, 0.07540, 0.11640], precision=[0.00299, 0.00247], hit=[0.02990, 0.04950], ndcg=[0.01587, 0.02081, 0.02610, 0.02610]
Epoch 15 [85.6s]: train==[-815.70394=-930.91923 + 15.03941 + 57.24340 + 42.93249]
Epoch 16 [86.4s]: train==[-834.85945=-950.20197 + 15.15692 + 57.24894 + 42.93665]
Epoch 17 [85.3s]: train==[-851.05325=-966.56445 + 15.32009 + 57.25209 + 42.93901]
Epoch 18 [84.8s]: train==[-866.22995=-981.85466 + 15.44109 + 57.24782 + 42.93581]
Epoch 19 [89.2s + 15.8s]:, recall=[0.03430, 0.05560, 0.08120, 0.12720], precision=[0.00343, 0.00278], hit=[0.03430, 0.05560], ndcg=[0.01744, 0.02279, 0.02801, 0.02801]
Epoch 20 [92.8s]: train==[-892.32876=-1008.17510 + 15.66834 + 57.24460 + 42.93340]
Epoch 21 [86.0s]: train==[-903.12983=-1019.10457 + 15.80689 + 57.23880 + 42.92905]
Epoch 22 [84.9s]: train==[-913.23533=-1029.36813 + 15.95225 + 57.24605 + 42.93449]
Epoch 23 [85.4s]: train==[-922.58498=-1038.81282 + 16.05606 + 57.24104 + 42.93073]
Epoch 24 [85.1s + 16.1s]:, recall=[0.03490, 0.05800, 0.08860, 0.13030], precision=[0.00349, 0.00290], hit=[0.03490, 0.05800], ndcg=[0.01830, 0.02411, 0.03033, 0.03033]
Epoch 25 [86.1s]: train==[-937.33000=-1053.79972 + 16.30091 + 57.23935 + 42.92947]
Epoch 26 [86.2s]: train==[-944.08740=-1060.65180 + 16.39499 + 57.23968 + 42.92972]
Epoch 27 [84.5s]: train==[-949.95579=-1066.62892 + 16.51758 + 57.23177 + 42.92378]
Epoch 28 [83.4s]: train==[-954.29551=-1071.05872 + 16.60035 + 57.23594 + 42.92692]
Epoch 29 [85.6s + 14.7s]:, recall=[0.03780, 0.06070, 0.09040, 0.13450], precision=[0.00378, 0.00303], hit=[0.03780, 0.06070], ndcg=[0.01937, 0.02514, 0.03116, 0.03116]
Epoch 30 [85.0s]: train==[-964.06867=-1081.05137 + 16.82009 + 57.23580 + 42.92681]
Epoch 31 [83.6s]: train==[-967.94414=-1085.01725 + 16.91694 + 57.23213 + 42.92406]
Epoch 32 [83.0s]: train==[-971.52059=-1088.66230 + 16.98155 + 57.23439 + 42.92576]
Epoch 33 [83.9s]: train==[-974.77968=-1091.99977 + 17.07833 + 57.22389 + 42.91788]
Epoch 34 [84.4s + 16.3s]:, recall=[0.03890, 0.06110, 0.09490, 0.13990], precision=[0.00389, 0.00305], hit=[0.03890, 0.06110], ndcg=[0.02014, 0.02572, 0.03262, 0.03262]
Epoch 35 [83.6s]: train==[-981.88922=-1099.30286 + 17.26051 + 57.23038 + 42.92275]
Epoch 36 [83.2s]: train==[-984.20639=-1101.70198 + 17.33339 + 57.23556 + 42.92664]
Epoch 37 [82.9s]: train==[-986.74481=-1104.32753 + 17.43885 + 57.22509 + 42.91878]
Epoch 38 [82.9s]: train==[-989.00684=-1106.65865 + 17.50425 + 57.22720 + 42.92036]
Epoch 39 [82.7s + 14.8s]:, recall=[0.03940, 0.06280, 0.09500, 0.14050], precision=[0.00394, 0.00314], hit=[0.03940, 0.06280], ndcg=[0.02046, 0.02637, 0.03292, 0.03292]
Epoch 40 [83.3s]: train==[-993.36633=-1111.13124 + 17.63123 + 57.21926 + 42.91441]
Epoch 41 [83.1s]: train==[-993.76715=-1111.60220 + 17.69887 + 57.22069 + 42.91549]
Epoch 42 [83.3s]: train==[-997.46365=-1115.35378 + 17.75277 + 57.22136 + 42.91599]
Epoch 43 [82.6s]: train==[-997.86730=-1115.82231 + 17.82128 + 57.21929 + 42.91444]
Epoch 44 [82.9s + 15.9s]:, recall=[0.04050, 0.06340, 0.09680, 0.14340], precision=[0.00405, 0.00317], hit=[0.04050, 0.06340], ndcg=[0.02079, 0.02654, 0.03331, 0.03331]
Epoch 45 [87.3s]: train==[-1001.49960=-1119.56249 + 17.92964 + 57.21901 + 42.91423]
Epoch 46 [99.8s]: train==[-1003.53417=-1121.66602 + 17.99853 + 57.21906 + 42.91426]
Epoch 47 [94.3s]: train==[-1004.49541=-1122.69445 + 18.06781 + 57.21786 + 42.91337]
Epoch 48 [85.4s]: train==[-1005.64322=-1123.89109 + 18.12253 + 57.21451 + 42.91085]
Epoch 49 [105.0s + 18.4s]:, recall=[0.04170, 0.06290, 0.09790, 0.14340], precision=[0.00417, 0.00314], hit=[0.04170, 0.06290], ndcg=[0.02174, 0.02705, 0.03414, 0.03414]
Epoch 50 [85.8s]: train==[-1007.10248=-1125.47843 + 18.24755 + 57.21626 + 42.91216]
Epoch 51 [82.4s]: train==[-1009.18927=-1127.60106 + 18.28511 + 57.21526 + 42.91142]
Epoch 52 [82.1s]: train==[-1009.98129=-1128.43040 + 18.32078 + 57.21622 + 42.91213]
Epoch 53 [81.8s]: train==[-1010.85231=-1129.35477 + 18.37112 + 57.21793 + 42.91342]
Epoch 54 [81.6s + 15.7s]:, recall=[0.04130, 0.06530, 0.09790, 0.14590], precision=[0.00413, 0.00326], hit=[0.04130, 0.06530], ndcg=[0.02141, 0.02741, 0.03407, 0.03407]
Epoch 55 [82.3s]: train==[-1013.36756=-1131.95694 + 18.47333 + 57.20919 + 42.90686]
Epoch 56 [82.3s]: train==[-1013.51584=-1132.12898 + 18.49873 + 57.20825 + 42.90616]
Epoch 57 [82.4s]: train==[-1014.60200=-1133.26387 + 18.55359 + 57.20475 + 42.90353]
Epoch 58 [82.2s]: train==[-1015.85256=-1134.54900 + 18.58910 + 57.20420 + 42.90313]
Epoch 59 [82.3s + 17.3s]:, recall=[0.04290, 0.06570, 0.09600, 0.14340], precision=[0.00429, 0.00328], hit=[0.04290, 0.06570], ndcg=[0.02216, 0.02787, 0.03405, 0.03405]
Epoch 60 [85.4s]: train==[-1015.82283=-1134.58229 + 18.65095 + 57.20487 + 42.90363]
Epoch 61 [84.5s]: train==[-1016.94927=-1135.78270 + 18.72224 + 57.20641 + 42.90478]
Epoch 62 [84.0s]: train==[-1018.65327=-1137.52170 + 18.75315 + 57.20874 + 42.90653]
Epoch 63 [84.3s]: train==[-1018.69409=-1137.56276 + 18.76184 + 57.20392 + 42.90291]
Epoch 64 [83.5s + 17.7s]:, recall=[0.04160, 0.06400, 0.09850, 0.14660], precision=[0.00416, 0.00320], hit=[0.04160, 0.06400], ndcg=[0.02131, 0.02695, 0.03399, 0.03399]
Epoch 65 [82.6s]: train==[-1020.44796=-1139.42532 + 18.87114 + 57.20356 + 42.90265]
Epoch 66 [82.2s]: train==[-1020.51594=-1139.48248 + 18.86515 + 57.20081 + 42.90058]
Epoch 67 [82.5s]: train==[-1020.54387=-1139.55122 + 18.91489 + 57.19571 + 42.89675]
Epoch 68 [82.0s]: train==[-1021.91952=-1140.99742 + 18.97417 + 57.20215 + 42.90159]
Epoch 69 [82.2s + 17.3s]:, recall=[0.04260, 0.06570, 0.09850, 0.14730], precision=[0.00426, 0.00328], hit=[0.04260, 0.06570], ndcg=[0.02195, 0.02778, 0.03447, 0.03447]
Epoch 70 [81.7s]: train==[-1022.78464=-1141.88965 + 19.00836 + 57.19809 + 42.89855]
Epoch 71 [82.4s]: train==[-1023.19700=-1142.32103 + 19.03126 + 57.19587 + 42.89689]
Epoch 72 [83.3s]: train==[-1023.02553=-1142.15043 + 19.03259 + 57.19561 + 42.89669]
Epoch 73 [82.5s]: train==[-1024.16123=-1143.33543 + 19.07142 + 57.20160 + 42.90118]
Epoch 74 [83.0s + 15.9s]:, recall=[0.04240, 0.06690, 0.10000, 0.14660], precision=[0.00424, 0.00334], hit=[0.04240, 0.06690], ndcg=[0.02183, 0.02799, 0.03470, 0.03470]
Epoch 75 [82.9s]: train==[-1025.37051=-1144.57893 + 19.12156 + 57.19250 + 42.89435]
Epoch 76 [82.7s]: train==[-1025.66111=-1144.87272 + 19.12658 + 57.19145 + 42.89357]
Epoch 77 [84.0s]: train==[-1025.57512=-1144.84810 + 19.18256 + 57.19453 + 42.89588]
Epoch 78 [83.7s]: train==[-1025.81879=-1145.09037 + 19.18483 + 57.19243 + 42.89431]
Epoch 79 [82.5s + 17.1s]:, recall=[0.04200, 0.06610, 0.09850, 0.14590], precision=[0.00420, 0.00330], hit=[0.04200, 0.06610], ndcg=[0.02188, 0.02789, 0.03450, 0.03450]
Epoch 80 [82.8s]: train==[-1026.59997=-1145.92421 + 19.24121 + 57.19032 + 42.89272]
Epoch 81 [82.6s]: train==[-1027.23247=-1146.60499 + 19.27855 + 57.19656 + 42.89740]
Epoch 82 [82.2s]: train==[-1026.92283=-1146.29763 + 19.27871 + 57.19777 + 42.89832]
Epoch 83 [82.8s]: train==[-1027.10443=-1146.47146 + 19.28076 + 57.19217 + 42.89411]
Epoch 84 [83.4s + 17.4s]:, recall=[0.04250, 0.06630, 0.10060, 0.14640], precision=[0.00425, 0.00331], hit=[0.04250, 0.06630], ndcg=[0.02213, 0.02805, 0.03504, 0.03504]
Epoch 85 [85.8s]: train==[-1028.32018=-1147.75024 + 19.34477 + 57.19161 + 42.89369]
Epoch 86 [85.8s]: train==[-1028.38108=-1147.84018 + 19.38220 + 57.18681 + 42.89009]
Epoch 87 [85.0s]: train==[-1028.67979=-1148.15105 + 19.39488 + 57.18652 + 42.88987]
Epoch 88 [86.4s]: train==[-1028.55375=-1148.00641 + 19.38632 + 57.18078 + 42.88557]
Epoch 89 [99.3s + 18.3s]:, recall=[0.04250, 0.06610, 0.10020, 0.14790], precision=[0.00425, 0.00330], hit=[0.04250, 0.06610], ndcg=[0.02203, 0.02795, 0.03487, 0.03487]
Epoch 90 [82.3s]: train==[-1029.06956=-1148.61221 + 19.45784 + 57.19133 + 42.89348]
Epoch 91 [93.6s]: train==[-1030.01844=-1149.57844 + 19.48653 + 57.18485 + 42.88862]
Epoch 92 [91.6s]: train==[-1030.51130=-1150.08966 + 19.50015 + 57.18756 + 42.89065]
Epoch 93 [94.3s]: train==[-1031.14540=-1150.74865 + 19.52474 + 57.18773 + 42.89078]
Epoch 94 [84.4s + 19.1s]:, recall=[0.04230, 0.06620, 0.10010, 0.14590], precision=[0.00423, 0.00331], hit=[0.04230, 0.06620], ndcg=[0.02206, 0.02805, 0.03499, 0.03499]
Epoch 95 [82.8s]: train==[-1030.80703=-1150.40806 + 19.53582 + 57.18012 + 42.88508]
Epoch 96 [82.7s]: train==[-1030.80918=-1150.43751 + 19.56245 + 57.18051 + 42.88537]
Epoch 97 [82.5s]: train==[-1031.93017=-1151.57762 + 19.58027 + 57.18125 + 42.88592]
Epoch 98 [82.2s]: train==[-1030.34154=-1150.01236 + 19.60484 + 57.18057 + 42.88541]
Epoch 99 [83.4s + 16.9s]:, recall=[0.04150, 0.06580, 0.09860, 0.14610], precision=[0.00415, 0.00329], hit=[0.04150, 0.06580], ndcg=[0.02173, 0.02780, 0.03451, 0.03451]
Epoch 100 [82.6s]: train==[-1032.22817=-1151.94088 + 19.64730 + 57.18025 + 42.88517]
Epoch 101 [82.3s]: train==[-1032.17238=-1151.88620 + 19.65694 + 57.17537 + 42.88151]
Epoch 102 [83.3s]: train==[-1032.29594=-1152.03845 + 19.67898 + 57.17917 + 42.88436]
Epoch 103 [82.9s]: train==[-1032.75219=-1152.49971 + 19.68839 + 57.17665 + 42.88248]
Epoch 104 [83.1s + 20.9s]:, recall=[0.04270, 0.06580, 0.10150, 0.14670], precision=[0.00427, 0.00329], hit=[0.04270, 0.06580], ndcg=[0.02212, 0.02793, 0.03520, 0.03520]
Epoch 105 [82.8s]: train==[-1032.17516=-1151.94127 + 19.70383 + 57.17845 + 42.88382]
Epoch 106 [83.0s]: train==[-1033.27523=-1153.08411 + 19.75438 + 57.17401 + 42.88049]
Epoch 107 [83.4s]: train==[-1032.76894=-1152.57692 + 19.74648 + 57.17801 + 42.88350]
Epoch 108 [84.1s]: train==[-1033.27088=-1153.09120 + 19.77135 + 57.17085 + 42.87812]
Epoch 109 [82.6s + 16.6s]:, recall=[0.04160, 0.06590, 0.09980, 0.14650], precision=[0.00416, 0.00329], hit=[0.04160, 0.06590], ndcg=[0.02177, 0.02790, 0.03482, 0.03482]
Early stopping is trigger at step: 10 log:0.041600000000000165
Best Iter=[11]@[9737.4]	recall=[0.0429	0.0657	0.0960	0.1434], ndcg=[0.0222	0.0279	0.0340	0.0421]
