nohup: ignoring input
Dataset name: Tmall
The number of users: 31882
The number of items: 31232
The behavior ratings: [1093807, 140068, 49482, 167862]
The number of ratings: 1451219
Average actions of users: 45.52
Average actions of items: 46.47
The density of the dataset: 0.001457
The sparsity of the dataset: 99.854257%
already load adj matrix 0.3864727020263672
already load pre adj matrix
use the pre adjcency matrix
201
51
54
51
without pretraining.
Epoch 0 [84.1s]: train==[185.72968=-226.04590 + 310.28308 + 57.99588 + 43.49661]
Epoch 1 [81.9s]: train==[-214.29570=-341.22916 + 25.84249 + 57.76647 + 43.32450]
Epoch 2 [81.8s]: train==[-294.13439=-409.35218 + 14.34952 + 57.63918 + 43.22908]
Epoch 3 [81.1s]: train==[-371.56723=-485.26983 + 12.95238 + 57.57170 + 43.17852]
Epoch 4 [81.5s + 15.5s]:, recall=[0.01760, 0.02660, 0.04370, 0.07220], precision=[0.00176, 0.00133], hit=[0.01760, 0.02660], ndcg=[0.00937, 0.01165, 0.01511, 0.01998]
Epoch 5 [81.4s]: train==[-506.97867=-620.14043 + 12.52232 + 57.50832 + 43.13111]
Epoch 6 [81.8s]: train==[-552.44687=-665.96759 + 12.89630 + 57.49973 + 43.12468]
Epoch 7 [85.4s]: train==[-592.36441=-706.18287 + 13.20600 + 57.49290 + 43.11957]
Epoch 8 [81.5s]: train==[-629.86227=-743.87425 + 13.41346 + 57.48493 + 43.11358]
Epoch 9 [81.2s + 16.5s]:, recall=[0.02550, 0.04060, 0.06790, 0.10080], precision=[0.00255, 0.00203], hit=[0.02550, 0.04060], ndcg=[0.01358, 0.01736, 0.02289, 0.02849]
Epoch 10 [81.8s]: train==[-693.45655=-807.89570 + 13.86853 + 57.46898 + 43.10163]
Epoch 11 [85.8s]: train==[-723.09940=-837.75102 + 14.09549 + 57.46071 + 43.09542]
Epoch 12 [88.0s]: train==[-749.35580=-864.22529 + 14.31949 + 57.45721 + 43.09280]
Epoch 13 [82.2s]: train==[-774.74738=-889.85359 + 14.55510 + 57.45784 + 43.09327]
Epoch 14 [81.9s + 16.1s]:, recall=[0.03050, 0.04970, 0.07930, 0.11580], precision=[0.00305, 0.00248], hit=[0.03050, 0.04970], ndcg=[0.01582, 0.02060, 0.02663, 0.03283]
Epoch 15 [81.1s]: train==[-817.65153=-933.12613 + 14.94201 + 57.44724 + 43.08533]
Epoch 16 [81.6s]: train==[-835.76353=-951.45040 + 15.15443 + 57.44716 + 43.08528]
Epoch 17 [82.4s]: train==[-851.65242=-967.52226 + 15.33051 + 57.45110 + 43.08823]
Epoch 18 [81.3s]: train==[-866.88909=-982.91191 + 15.49616 + 57.44386 + 43.08281]
Epoch 19 [81.1s + 15.9s]:, recall=[0.03390, 0.05340, 0.08640, 0.12550], precision=[0.00339, 0.00267], hit=[0.03390, 0.05340], ndcg=[0.01780, 0.02268, 0.02943, 0.03612]
Epoch 20 [82.3s]: train==[-891.52819=-1007.86329 + 15.81001 + 57.44296 + 43.08214]
Epoch 21 [81.0s]: train==[-902.33403=-1018.81671 + 15.96496 + 57.43874 + 43.07898]
Epoch 22 [81.2s]: train==[-912.63076=-1029.24733 + 16.09359 + 57.44175 + 43.08123]
Epoch 23 [81.3s]: train==[-920.86989=-1037.61053 + 16.22587 + 57.43705 + 43.07771]
Epoch 24 [81.9s + 15.9s]:, recall=[0.03400, 0.05780, 0.08890, 0.13200], precision=[0.00340, 0.00289], hit=[0.03400, 0.05780], ndcg=[0.01791, 0.02389, 0.03022, 0.03753]
Epoch 25 [81.7s]: train==[-935.84162=-1052.81612 + 16.46213 + 57.43568 + 43.07669]
Epoch 26 [80.8s]: train==[-942.57459=-1059.65076 + 16.57203 + 57.43097 + 43.07316]
Epoch 27 [80.0s]: train==[-947.92618=-1065.11026 + 16.68378 + 57.42878 + 43.07152]
Epoch 28 [84.8s]: train==[-953.04461=-1070.33845 + 16.80045 + 57.42483 + 43.06856]
Epoch 29 [80.9s + 15.6s]:, recall=[0.03580, 0.05820, 0.08970, 0.13480], precision=[0.00358, 0.00291], hit=[0.03580, 0.05820], ndcg=[0.01838, 0.02402, 0.03042, 0.03811]
Epoch 30 [80.4s]: train==[-962.91837=-1080.41109 + 16.99947 + 57.42475 + 43.06851]
Epoch 31 [81.5s]: train==[-967.11730=-1084.73978 + 17.13000 + 57.42431 + 43.06818]
Epoch 32 [80.2s]: train==[-970.59219=-1088.28517 + 17.20354 + 57.42256 + 43.06687]
Epoch 33 [81.5s]: train==[-974.13241=-1091.95333 + 17.34499 + 57.41484 + 43.06108]
Epoch 34 [80.9s + 16.6s]:, recall=[0.03660, 0.05880, 0.09150, 0.13750], precision=[0.00366, 0.00294], hit=[0.03660, 0.05880], ndcg=[0.01890, 0.02449, 0.03114, 0.03899]
Epoch 35 [80.6s]: train==[-981.52487=-1099.51854 + 17.50747 + 57.42071 + 43.06549]
Epoch 36 [80.8s]: train==[-983.87994=-1101.96407 + 17.59648 + 57.42154 + 43.06611]
Epoch 37 [80.3s]: train==[-986.53827=-1104.68401 + 17.66880 + 57.41542 + 43.06152]
Epoch 38 [80.1s]: train==[-988.53723=-1106.76645 + 17.75740 + 57.41249 + 43.05933]
Epoch 39 [80.7s + 15.7s]:, recall=[0.03750, 0.05910, 0.09250, 0.14000], precision=[0.00375, 0.00295], hit=[0.03750, 0.05910], ndcg=[0.01920, 0.02464, 0.03146, 0.03955]
Epoch 40 [81.2s]: train==[-992.73219=-1111.07808 + 17.87532 + 57.41177 + 43.05879]
Epoch 41 [81.3s]: train==[-994.95809=-1113.37677 + 17.94954 + 57.41095 + 43.05817]
Epoch 42 [80.9s]: train==[-997.44863=-1115.90923 + 17.99968 + 57.40626 + 43.05466]
Epoch 43 [80.4s]: train==[-997.82680=-1116.38320 + 18.09201 + 57.40825 + 43.05615]
Epoch 44 [81.9s + 15.4s]:, recall=[0.03750, 0.06000, 0.09250, 0.13920], precision=[0.00375, 0.00300], hit=[0.03750, 0.06000], ndcg=[0.01940, 0.02503, 0.03165, 0.03963]
Epoch 45 [82.9s]: train==[-1001.77327=-1120.42070 + 18.18139 + 57.40918 + 43.05685]
Epoch 46 [81.3s]: train==[-1003.66046=-1122.34682 + 18.23500 + 57.40080 + 43.05056]
Epoch 47 [81.6s]: train==[-1003.98662=-1122.74205 + 18.30111 + 57.40249 + 43.05184]
Epoch 48 [81.4s]: train==[-1006.03863=-1124.83339 + 18.34098 + 57.40217 + 43.05161]
Epoch 49 [81.0s + 15.6s]:, recall=[0.03910, 0.06130, 0.09470, 0.14110], precision=[0.00391, 0.00306], hit=[0.03910, 0.06130], ndcg=[0.01991, 0.02548, 0.03229, 0.04019]
Epoch 50 [81.3s]: train==[-1007.89385=-1126.79689 + 18.45954 + 57.39630 + 43.04720]
Epoch 51 [81.3s]: train==[-1009.64730=-1128.58486 + 18.49773 + 57.39420 + 43.04562]
Epoch 52 [80.7s]: train==[-1010.33202=-1129.31774 + 18.54148 + 57.39672 + 43.04751]
Epoch 53 [83.0s]: train==[-1011.14523=-1130.17006 + 18.58369 + 57.39496 + 43.04619]
Epoch 54 [81.8s + 16.4s]:, recall=[0.03830, 0.06110, 0.09680, 0.14480], precision=[0.00383, 0.00305], hit=[0.03830, 0.06110], ndcg=[0.01951, 0.02527, 0.03253, 0.04071]
Epoch 55 [81.5s]: train==[-1013.50528=-1132.64240 + 18.69995 + 57.39269 + 43.04449]
Epoch 56 [81.3s]: train==[-1013.65295=-1132.80439 + 18.71492 + 57.39231 + 43.04421]
Epoch 57 [80.6s]: train==[-1015.02076=-1134.16649 + 18.72295 + 57.38445 + 43.03832]
Epoch 58 [86.4s]: train==[-1016.10793=-1135.33826 + 18.79562 + 57.39127 + 43.04343]
Epoch 59 [87.6s + 16.7s]:, recall=[0.03980, 0.06220, 0.09580, 0.14490], precision=[0.00398, 0.00311], hit=[0.03980, 0.06220], ndcg=[0.02026, 0.02588, 0.03273, 0.04109]
Epoch 60 [83.0s]: train==[-1016.62305=-1135.90524 + 18.87024 + 57.37827 + 43.03368]
Epoch 61 [81.5s]: train==[-1017.60909=-1136.93534 + 18.90605 + 57.38298 + 43.03721]
Epoch 62 [80.9s]: train==[-1018.52957=-1137.89984 + 18.94978 + 57.38314 + 43.03734]
Epoch 63 [80.3s]: train==[-1019.40691=-1138.75816 + 18.93379 + 57.38142 + 43.03605]
Epoch 64 [80.8s + 15.7s]:, recall=[0.04060, 0.06200, 0.09700, 0.14630], precision=[0.00406, 0.00310], hit=[0.04060, 0.06200], ndcg=[0.02068, 0.02605, 0.03318, 0.04155]
Epoch 65 [82.5s]: train==[-1021.00726=-1140.47072 + 19.04745 + 57.38058 + 43.03542]
Epoch 66 [82.8s]: train==[-1020.96708=-1140.42808 + 19.05488 + 57.37494 + 43.03118]
Epoch 67 [80.4s]: train==[-1020.69716=-1140.20659 + 19.10096 + 57.37627 + 43.03219]
Epoch 68 [80.3s]: train==[-1022.21724=-1141.78220 + 19.15780 + 57.37553 + 43.03163]
Epoch 69 [81.8s + 14.9s]:, recall=[0.04060, 0.06380, 0.09760, 0.14450], precision=[0.00406, 0.00319], hit=[0.04060, 0.06380], ndcg=[0.02080, 0.02662, 0.03347, 0.04148]
Epoch 70 [80.5s]: train==[-1023.08244=-1142.67738 + 19.19874 + 57.36927 + 43.02694]
Epoch 71 [81.8s]: train==[-1023.78641=-1143.38157 + 19.19669 + 57.37056 + 43.02790]
Epoch 72 [80.5s]: train==[-1024.03085=-1143.67358 + 19.25598 + 57.36387 + 43.02289]
Epoch 73 [80.9s]: train==[-1024.51525=-1144.20360 + 19.29249 + 57.36907 + 43.02679]
Epoch 74 [81.5s + 16.0s]:, recall=[0.04040, 0.06340, 0.09800, 0.14560], precision=[0.00404, 0.00317], hit=[0.04040, 0.06340], ndcg=[0.02061, 0.02638, 0.03342, 0.04153]
Epoch 75 [80.8s]: train==[-1025.76699=-1145.47414 + 19.32280 + 57.36249 + 43.02186]
Epoch 76 [85.7s]: train==[-1026.09456=-1145.80467 + 19.32193 + 57.36468 + 43.02351]
Epoch 77 [80.3s]: train==[-1026.17891=-1145.93204 + 19.37189 + 57.36071 + 43.02053]
Epoch 78 [80.0s]: train==[-1026.03796=-1145.80003 + 19.37354 + 57.36488 + 43.02365]
Epoch 79 [80.9s + 15.8s]:, recall=[0.04080, 0.06380, 0.09770, 0.14610], precision=[0.00408, 0.00319], hit=[0.04080, 0.06380], ndcg=[0.02063, 0.02637, 0.03326, 0.04152]
Epoch 80 [81.9s]: train==[-1027.12847=-1146.89377 + 19.39021 + 57.35720 + 43.01789]
Epoch 81 [82.1s]: train==[-1027.74870=-1147.57595 + 19.44317 + 57.36233 + 43.02174]
Epoch 82 [81.4s]: train==[-1027.78217=-1147.61469 + 19.45231 + 57.36012 + 43.02009]
Epoch 83 [80.8s]: train==[-1028.11454=-1147.96794 + 19.48067 + 57.35585 + 43.01688]
Epoch 84 [81.6s + 15.0s]:, recall=[0.03970, 0.06390, 0.09880, 0.14690], precision=[0.00397, 0.00319], hit=[0.03970, 0.06390], ndcg=[0.02067, 0.02677, 0.03389, 0.04209]
Epoch 85 [80.7s]: train==[-1029.33620=-1149.26633 + 19.55780 + 57.35562 + 43.01671]
Epoch 86 [81.3s]: train==[-1029.50974=-1149.44920 + 19.57984 + 57.34836 + 43.01126]
Epoch 87 [82.4s]: train==[-1030.02069=-1149.98440 + 19.60094 + 57.35016 + 43.01262]
Epoch 88 [80.5s]: train==[-1028.77552=-1148.71377 + 19.57740 + 57.34907 + 43.01179]
Epoch 89 [81.5s + 15.6s]:, recall=[0.03960, 0.06270, 0.09950, 0.14700], precision=[0.00396, 0.00313], hit=[0.03960, 0.06270], ndcg=[0.02119, 0.02702, 0.03453, 0.04264]
Epoch 90 [80.6s]: train==[-1030.10647=-1150.08902 + 19.62994 + 57.34435 + 43.00826]
Epoch 91 [80.8s]: train==[-1031.54155=-1151.50891 + 19.60858 + 57.34788 + 43.01091]
Epoch 92 [80.4s]: train==[-1031.20756=-1151.21370 + 19.65592 + 57.34298 + 43.00724]
Epoch 93 [80.7s]: train==[-1030.78265=-1150.80081 + 19.66368 + 57.34542 + 43.00906]
Epoch 94 [81.2s + 15.0s]:, recall=[0.04160, 0.06290, 0.09930, 0.14640], precision=[0.00416, 0.00314], hit=[0.04160, 0.06290], ndcg=[0.02142, 0.02675, 0.03418, 0.04219]
Epoch 95 [80.9s]: train==[-1031.09096=-1151.13346 + 19.69484 + 57.34152 + 43.00614]
Epoch 96 [83.2s]: train==[-1031.31563=-1151.37436 + 19.71285 + 57.34049 + 43.00538]
Epoch 97 [80.5s]: train==[-1032.08912=-1152.14033 + 19.70644 + 57.33987 + 43.00491]
Epoch 98 [80.6s]: train==[-1032.07419=-1152.17331 + 19.76080 + 57.33618 + 43.00214]
Epoch 99 [80.9s + 14.9s]:, recall=[0.04130, 0.06270, 0.09870, 0.14750], precision=[0.00413, 0.00313], hit=[0.04130, 0.06270], ndcg=[0.02149, 0.02690, 0.03422, 0.04254]
Epoch 100 [80.8s]: train==[-1033.05599=-1153.17552 + 19.78726 + 57.33273 + 42.99954]
Epoch 101 [85.6s]: train==[-1033.78508=-1153.93448 + 19.82826 + 57.32636 + 42.99477]
Epoch 102 [85.5s]: train==[-1032.40455=-1152.54442 + 19.80865 + 57.33213 + 42.99910]
Epoch 103 [86.2s]: train==[-1033.71469=-1153.84866 + 19.81265 + 57.32647 + 42.99485]
Epoch 104 [81.1s + 14.9s]:, recall=[0.04040, 0.06400, 0.09940, 0.14740], precision=[0.00404, 0.00320], hit=[0.04040, 0.06400], ndcg=[0.02128, 0.02719, 0.03442, 0.04261]
Epoch 105 [80.6s]: train==[-1033.15930=-1153.29870 + 19.81617 + 57.32756 + 42.99568]
Epoch 106 [81.2s]: train==[-1034.23442=-1154.37342 + 19.82447 + 57.32258 + 42.99195]
Epoch 107 [80.4s]: train==[-1034.32039=-1154.48856 + 19.85219 + 57.32342 + 42.99256]
Epoch 108 [81.7s]: train==[-1034.06268=-1154.21452 + 19.83726 + 57.32262 + 42.99197]
Epoch 109 [82.0s + 14.5s]:, recall=[0.04110, 0.06290, 0.10120, 0.14850], precision=[0.00411, 0.00314], hit=[0.04110, 0.06290], ndcg=[0.02145, 0.02695, 0.03474, 0.04280]
Epoch 110 [81.3s]: train==[-1034.82878=-1155.00160 + 19.87414 + 57.31353 + 42.98515]
Epoch 111 [82.1s]: train==[-1035.33523=-1155.52047 + 19.88498 + 57.31443 + 42.98582]
Epoch 112 [81.2s]: train==[-1034.78707=-1154.97647 + 19.89980 + 57.30833 + 42.98126]
Epoch 113 [80.7s]: train==[-1035.43647=-1155.66133 + 19.92489 + 57.31427 + 42.98571]
Epoch 114 [81.1s + 14.5s]:, recall=[0.04160, 0.06320, 0.09900, 0.14900], precision=[0.00416, 0.00316], hit=[0.04160, 0.06320], ndcg=[0.02163, 0.02704, 0.03439, 0.04292]
Epoch 115 [81.5s]: train==[-1035.15512=-1155.39303 + 19.93496 + 57.31597 + 42.98698]
Epoch 116 [80.8s]: train==[-1035.37230=-1155.62004 + 19.95573 + 57.30971 + 42.98230]
Epoch 117 [80.2s]: train==[-1035.13244=-1155.37546 + 19.95727 + 57.30615 + 42.97962]
Epoch 118 [81.2s]: train==[-1035.87382=-1156.13399 + 19.96652 + 57.31065 + 42.98300]
Epoch 119 [81.7s + 15.2s]:, recall=[0.04160, 0.06380, 0.09990, 0.14860], precision=[0.00416, 0.00319], hit=[0.04160, 0.06380], ndcg=[0.02148, 0.02706, 0.03442, 0.04271]
Epoch 120 [80.8s]: train==[-1035.48974=-1155.74652 + 19.98127 + 57.30029 + 42.97522]
Epoch 121 [84.1s]: train==[-1036.57012=-1156.81111 + 19.96344 + 57.30144 + 42.97609]
Epoch 122 [80.9s]: train==[-1036.44861=-1156.77396 + 20.04299 + 57.30420 + 42.97816]
Epoch 123 [80.8s]: train==[-1036.51287=-1156.78454 + 20.00641 + 57.29443 + 42.97084]
Epoch 124 [81.2s + 15.2s]:, recall=[0.04280, 0.06520, 0.10020, 0.14910], precision=[0.00428, 0.00326], hit=[0.04280, 0.06520], ndcg=[0.02228, 0.02788, 0.03503, 0.04334]
Epoch 125 [81.0s]: train==[-1036.28705=-1156.57406 + 20.02312 + 57.29364 + 42.97025]
Epoch 126 [81.1s]: train==[-1036.90828=-1157.20321 + 20.02823 + 57.29524 + 42.97145]
Epoch 127 [80.7s]: train==[-1035.76867=-1156.03856 + 20.01519 + 57.28839 + 42.96631]
Epoch 128 [81.1s]: train==[-1036.25863=-1156.57418 + 20.05367 + 57.29249 + 42.96938]
Epoch 129 [83.5s + 15.9s]:, recall=[0.04130, 0.06530, 0.09900, 0.14840], precision=[0.00413, 0.00326], hit=[0.04130, 0.06530], ndcg=[0.02153, 0.02755, 0.03445, 0.04287]
Epoch 130 [82.4s]: train==[-1036.94880=-1157.26044 + 20.06598 + 57.28322 + 42.96243]
Epoch 131 [81.8s]: train==[-1037.28218=-1157.62881 + 20.08698 + 57.29121 + 42.96843]
Epoch 132 [80.7s]: train==[-1037.19617=-1157.54819 + 20.10521 + 57.28389 + 42.96293]
Epoch 133 [81.1s]: train==[-1037.31432=-1157.66516 + 20.10238 + 57.28482 + 42.96364]
Epoch 134 [81.0s + 15.0s]:, recall=[0.04210, 0.06600, 0.09920, 0.14830], precision=[0.00421, 0.00330], hit=[0.04210, 0.06600], ndcg=[0.02163, 0.02758, 0.03432, 0.04268]
Epoch 135 [81.6s]: train==[-1038.20617=-1158.54014 + 20.08770 + 57.28357 + 42.96269]
Epoch 136 [80.7s]: train==[-1037.27924=-1157.64421 + 20.12528 + 57.27981 + 42.95988]
Epoch 137 [85.3s]: train==[-1037.60003=-1157.96254 + 20.12714 + 57.27735 + 42.95803]
Epoch 138 [81.1s]: train==[-1038.05503=-1158.43774 + 20.15459 + 57.27320 + 42.95492]
Epoch 139 [82.7s + 15.7s]:, recall=[0.04220, 0.06520, 0.09850, 0.14870], precision=[0.00422, 0.00326], hit=[0.04220, 0.06520], ndcg=[0.02195, 0.02772, 0.03454, 0.04311]
Epoch 140 [81.7s]: train==[-1038.01980=-1158.37462 + 20.11562 + 57.27953 + 42.95966]
Epoch 141 [89.5s]: train==[-1038.36739=-1158.69746 + 20.10790 + 57.26980 + 42.95237]
Epoch 142 [90.7s]: train==[-1038.22887=-1158.58236 + 20.13834 + 57.26579 + 42.94936]
Epoch 143 [87.4s]: train==[-1037.95348=-1158.29042 + 20.12083 + 57.26634 + 42.94977]
Epoch 144 [81.2s + 15.2s]:, recall=[0.04250, 0.06620, 0.09930, 0.14920], precision=[0.00425, 0.00331], hit=[0.04250, 0.06620], ndcg=[0.02204, 0.02798, 0.03474, 0.04325]
Epoch 145 [83.3s]: train==[-1038.30198=-1158.62765 + 20.10847 + 57.26696 + 42.95024]
Epoch 146 [82.9s]: train==[-1038.73383=-1159.12655 + 20.18547 + 57.26128 + 42.94597]
Epoch 147 [83.0s]: train==[-1038.51292=-1158.85108 + 20.12656 + 57.26376 + 42.94784]
Epoch 148 [83.0s]: train==[-1038.37497=-1158.74322 + 20.16228 + 57.26054 + 42.94543]
Epoch 149 [81.0s + 16.6s]:, recall=[0.04240, 0.06670, 0.09920, 0.14850], precision=[0.00424, 0.00333], hit=[0.04240, 0.06670], ndcg=[0.02196, 0.02801, 0.03465, 0.04308]
Epoch 150 [85.0s]: train==[-1039.24364=-1159.63936 + 20.19448 + 57.25784 + 42.94340]
Epoch 151 [82.6s]: train==[-1039.00678=-1159.39955 + 20.19278 + 57.25712 + 42.94286]
Epoch 152 [84.7s]: train==[-1038.26978=-1158.68131 + 20.21381 + 57.25583 + 42.94189]
Epoch 153 [83.0s]: train==[-1038.18327=-1158.62818 + 20.24193 + 57.25884 + 42.94415]
Epoch 154 [80.6s + 15.0s]:, recall=[0.04110, 0.06680, 0.09930, 0.14870], precision=[0.00411, 0.00334], hit=[0.04110, 0.06680], ndcg=[0.02151, 0.02800, 0.03463, 0.04305]
Epoch 155 [81.8s]: train==[-1038.79680=-1159.17237 + 20.18992 + 57.24893 + 42.93672]
Epoch 156 [81.4s]: train==[-1040.44346=-1160.86899 + 20.24288 + 57.24722 + 42.93543]
Epoch 157 [85.3s]: train==[-1039.64868=-1160.08786 + 20.25947 + 57.24554 + 42.93418]
Epoch 158 [81.1s]: train==[-1039.14111=-1159.52895 + 20.21139 + 57.24368 + 42.93278]
Epoch 159 [80.3s + 15.1s]:, recall=[0.04120, 0.06500, 0.10030, 0.14860], precision=[0.00412, 0.00325], hit=[0.04120, 0.06500], ndcg=[0.02113, 0.02712, 0.03434, 0.04256]
Epoch 160 [81.8s]: train==[-1039.46869=-1159.87673 + 20.23546 + 57.24146 + 42.93112]
Epoch 161 [81.0s]: train==[-1040.05486=-1160.47313 + 20.24375 + 57.24257 + 42.93194]
Epoch 162 [80.6s]: train==[-1039.49400=-1159.96456 + 20.29657 + 57.24226 + 42.93172]
Epoch 163 [81.7s]: train==[-1039.15936=-1159.58383 + 20.24943 + 57.24286 + 42.93217]
Epoch 164 [80.4s + 16.1s]:, recall=[0.04050, 0.06580, 0.10010, 0.14940], precision=[0.00405, 0.00329], hit=[0.04050, 0.06580], ndcg=[0.02130, 0.02764, 0.03464, 0.04304]
Epoch 165 [81.8s]: train==[-1040.52918=-1161.01652 + 20.32463 + 57.23583 + 42.92689]
Epoch 166 [80.3s]: train==[-1040.40502=-1160.88041 + 20.31935 + 57.23201 + 42.92402]
Epoch 167 [81.1s]: train==[-1040.85882=-1161.28906 + 20.27528 + 57.23139 + 42.92357]
Epoch 168 [81.5s]: train==[-1039.48081=-1159.93498 + 20.29901 + 57.23150 + 42.92365]
Epoch 169 [86.3s + 15.6s]:, recall=[0.04090, 0.06490, 0.10100, 0.15020], precision=[0.00409, 0.00324], hit=[0.04090, 0.06490], ndcg=[0.02155, 0.02756, 0.03493, 0.04329]
Epoch 170 [81.4s]: train==[-1040.50318=-1160.95907 + 20.30619 + 57.22839 + 42.92131]
Epoch 171 [80.3s]: train==[-1040.38624=-1160.82099 + 20.29389 + 57.22333 + 42.91752]
Epoch 172 [81.3s]: train==[-1039.98379=-1160.44185 + 20.31616 + 57.22393 + 42.91797]
Epoch 173 [81.4s]: train==[-1040.39395=-1160.87122 + 20.33404 + 57.22469 + 42.91854]
Epoch 174 [80.3s + 15.3s]:, recall=[0.04270, 0.06640, 0.10040, 0.14980], precision=[0.00427, 0.00332], hit=[0.04270, 0.06640], ndcg=[0.02192, 0.02784, 0.03474, 0.04316]
Early stopping is trigger at step: 10 log:0.042700000000000196
Best Iter=[24]@[14899.5]	recall=[0.0428	0.0652	0.1002	0.1491], ndcg=[0.0223	0.0279	0.0350	0.0433]
