nohup: ignoring input
Dataset name: Tmall
The number of users: 31882
The number of items: 31232
The behavior ratings: [1093807, 140068, 49482, 167862]
The number of ratings: 1451219
Average actions of users: 45.52
Average actions of items: 46.47
The density of the dataset: 0.001457
The sparsity of the dataset: 99.854257%
already load adj matrix 0.4228529930114746
already load pre adj matrix
use the pre adjcency matrix
201
51
54
51
without pretraining.
Epoch 0 [60.3s]: train==[195.39419=-229.17764 + 380.88646 + 58.24731 + 43.68537]
Epoch 1 [58.2s]: train==[-229.90761=-332.21609 + 58.81731 + 57.98818 + 43.49116]
Epoch 2 [57.3s]: train==[-337.18362=-402.62076 + 22.06469 + 57.83004 + 43.37245]
Epoch 3 [59.0s]: train==[-402.78833=-459.85122 + 13.74662 + 57.75521 + 43.31627]
Epoch 4 [59.3s + 17.2s]:, recall=[0.01500, 0.02430, 0.04070, 0.06450], precision=[0.00150, 0.00122], hit=[0.01500, 0.02430], ndcg=[0.00801, 0.01035, 0.01368, 0.01368]
Epoch 5 [61.1s]: train==[-537.95263=-594.25976 + 13.04012 + 57.68956 + 43.26700]
Epoch 6 [57.9s]: train==[-590.37012=-646.96047 + 13.33901 + 57.66866 + 43.25134]
Epoch 7 [57.8s]: train==[-630.96505=-687.80372 + 13.59364 + 57.66023 + 43.24503]
Epoch 8 [56.3s]: train==[-668.04053=-725.01785 + 13.74261 + 57.64644 + 43.23471]
Epoch 9 [58.1s + 16.7s]:, recall=[0.02420, 0.03870, 0.06160, 0.09680], precision=[0.00242, 0.00194], hit=[0.02420, 0.03870], ndcg=[0.01290, 0.01652, 0.02116, 0.02116]
Epoch 10 [57.5s]: train==[-730.39199=-787.78062 + 14.15704 + 57.64224 + 43.23159]
Epoch 11 [57.6s]: train==[-758.28648=-815.85178 + 14.34016 + 57.63363 + 43.22514]
Epoch 12 [58.3s]: train==[-785.10464=-842.91668 + 14.58806 + 57.63208 + 43.22399]
Epoch 13 [57.9s]: train==[-811.36401=-869.32856 + 14.73997 + 57.63285 + 43.22458]
Epoch 14 [57.6s + 17.9s]:, recall=[0.02930, 0.04820, 0.07420, 0.11650], precision=[0.00293, 0.00241], hit=[0.02930, 0.04820], ndcg=[0.01541, 0.02012, 0.02542, 0.02542]
Epoch 15 [59.1s]: train==[-855.25665=-913.60634 + 15.13525 + 57.61932 + 43.21443]
Epoch 16 [57.1s]: train==[-874.15040=-932.63055 + 15.26163 + 57.62476 + 43.21852]
Epoch 17 [59.1s]: train==[-891.62776=-950.30411 + 15.45918 + 57.62295 + 43.21717]
Epoch 18 [57.7s]: train==[-907.61554=-966.41605 + 15.58593 + 57.61950 + 43.21459]
Epoch 19 [57.4s + 15.7s]:, recall=[0.03230, 0.05340, 0.08050, 0.12570], precision=[0.00323, 0.00267], hit=[0.03230, 0.05340], ndcg=[0.01694, 0.02219, 0.02767, 0.02767]
Epoch 20 [59.0s]: train==[-935.01400=-994.11491 + 15.88530 + 57.62085 + 43.21561]
Epoch 21 [59.9s]: train==[-946.25455=-1005.50623 + 16.03540 + 57.62176 + 43.21629]
Epoch 22 [59.7s]: train==[-957.08406=-1016.49880 + 16.19950 + 57.62036 + 43.21524]
Epoch 23 [58.9s]: train==[-966.08342=-1025.64168 + 16.34355 + 57.61965 + 43.21471]
Epoch 24 [60.1s + 18.2s]:, recall=[0.03530, 0.05730, 0.08570, 0.13020], precision=[0.00353, 0.00286], hit=[0.03530, 0.05730], ndcg=[0.01805, 0.02355, 0.02932, 0.02932]
Epoch 25 [61.6s]: train==[-981.84116=-1041.65642 + 16.60276 + 57.61671 + 43.21250]
Epoch 26 [294.7s]: train==[-988.90315=-1048.87099 + 16.75518 + 57.61692 + 43.21266]
Epoch 27 [62.1s]: train==[-995.01859=-1055.08166 + 16.85419 + 57.61186 + 43.20888]
Epoch 28 [96.1s]: train==[-1000.14229=-1060.30066 + 16.95006 + 57.61110 + 43.20830]
Epoch 29 [60.7s + 17.9s]:, recall=[0.03670, 0.05840, 0.09090, 0.13470], precision=[0.00367, 0.00292], hit=[0.03670, 0.05840], ndcg=[0.01923, 0.02465, 0.03124, 0.03124]
Epoch 30 [59.2s]: train==[-1011.19109=-1071.52404 + 17.12579 + 57.60958 + 43.20716]
Epoch 31 [60.2s]: train==[-1014.80783=-1075.23655 + 17.22229 + 57.60861 + 43.20644]
Epoch 32 [60.0s]: train==[-1019.60099=-1080.11097 + 17.30538 + 57.60615 + 43.20460]
Epoch 33 [61.1s]: train==[-1022.40376=-1082.97408 + 17.36624 + 57.60547 + 43.20408]
Epoch 34 [60.5s + 15.2s]:, recall=[0.03650, 0.05930, 0.09250, 0.13600], precision=[0.00365, 0.00296], hit=[0.03650, 0.05930], ndcg=[0.01920, 0.02493, 0.03170, 0.03170]
Epoch 35 [62.4s]: train==[-1030.21531=-1090.96625 + 17.55166 + 57.59908 + 43.19929]
Epoch 36 [63.7s]: train==[-1033.17509=-1094.01337 + 17.63402 + 57.60568 + 43.20426]
Epoch 37 [80.1s]: train==[-1035.27600=-1096.16350 + 17.68414 + 57.60449 + 43.20336]
Epoch 38 [64.0s]: train==[-1038.56434=-1099.56474 + 17.79734 + 57.60409 + 43.20306]
Epoch 39 [66.5s + 17.7s]:, recall=[0.03890, 0.06020, 0.09270, 0.13860], precision=[0.00389, 0.00301], hit=[0.03890, 0.06020], ndcg=[0.02007, 0.02539, 0.03199, 0.03199]
Epoch 40 [71.1s]: train==[-1042.29922=-1103.40138 + 17.90657 + 57.59413 + 43.19560]
Epoch 41 [60.8s]: train==[-1044.75091=-1105.92966 + 17.98045 + 57.59774 + 43.19830]
Epoch 42 [61.0s]: train==[-1046.75289=-1107.97084 + 18.02122 + 57.59565 + 43.19673]
Epoch 43 [60.9s]: train==[-1047.77863=-1109.06348 + 18.08947 + 57.59385 + 43.19538]
Epoch 44 [61.1s + 17.3s]:, recall=[0.03830, 0.06190, 0.09330, 0.14060], precision=[0.00383, 0.00309], hit=[0.03830, 0.06190], ndcg=[0.02013, 0.02601, 0.03241, 0.03241]
Epoch 45 [61.5s]: train==[-1051.64723=-1113.02801 + 18.18394 + 57.59578 + 43.19684]
Epoch 46 [59.7s]: train==[-1054.05185=-1115.52600 + 18.27521 + 57.59857 + 43.19894]
Epoch 47 [59.7s]: train==[-1055.25441=-1116.75711 + 18.30848 + 57.59228 + 43.19422]
Epoch 48 [59.9s]: train==[-1057.26144=-1118.83576 + 18.38011 + 57.59227 + 43.19421]
Epoch 49 [60.2s + 16.1s]:, recall=[0.03900, 0.06180, 0.09750, 0.14080], precision=[0.00390, 0.00309], hit=[0.03900, 0.06180], ndcg=[0.01995, 0.02569, 0.03296, 0.03296]
Epoch 50 [62.5s]: train==[-1058.79490=-1120.45612 + 18.46764 + 57.59141 + 43.19357]
Epoch 51 [60.4s]: train==[-1060.37447=-1122.08366 + 18.51820 + 57.58797 + 43.19099]
Epoch 52 [59.4s]: train==[-1061.48537=-1123.21439 + 18.53982 + 57.58559 + 43.18920]
Epoch 53 [58.7s]: train==[-1062.57952=-1124.35752 + 18.58895 + 57.58538 + 43.18905]
Epoch 54 [60.0s + 16.6s]:, recall=[0.04020, 0.06310, 0.09600, 0.14100], precision=[0.00402, 0.00315], hit=[0.04020, 0.06310], ndcg=[0.02058, 0.02632, 0.03304, 0.03304]
Epoch 55 [59.4s]: train==[-1065.05261=-1126.95523 + 18.71605 + 57.58207 + 43.18657]
Epoch 56 [58.8s]: train==[-1065.36487=-1127.30873 + 18.75707 + 57.58240 + 43.18680]
Epoch 57 [58.8s]: train==[-1066.69314=-1128.68052 + 18.80301 + 57.57914 + 43.18437]
Epoch 58 [59.4s]: train==[-1068.20060=-1130.23357 + 18.84915 + 57.57842 + 43.18383]
Epoch 59 [59.3s + 18.3s]:, recall=[0.03890, 0.06200, 0.09720, 0.14280], precision=[0.00389, 0.00310], hit=[0.03890, 0.06200], ndcg=[0.01989, 0.02570, 0.03287, 0.03287]
Epoch 60 [61.0s]: train==[-1068.60671=-1130.69205 + 18.90380 + 57.57537 + 43.18154]
Epoch 61 [58.9s]: train==[-1069.66490=-1131.81433 + 18.96688 + 57.57672 + 43.18255]
Epoch 62 [60.3s]: train==[-1070.74699=-1132.94010 + 19.00813 + 57.57993 + 43.18497]
Epoch 63 [60.8s]: train==[-1071.55704=-1133.76709 + 19.02709 + 57.57725 + 43.18296]
Epoch 64 [60.3s + 15.9s]:, recall=[0.04000, 0.06250, 0.09600, 0.14310], precision=[0.00400, 0.00312], hit=[0.04000, 0.06250], ndcg=[0.02062, 0.02625, 0.03310, 0.03310]
Epoch 65 [59.7s]: train==[-1072.89538=-1135.17982 + 19.10055 + 57.57850 + 43.18389]
Epoch 66 [60.1s]: train==[-1073.23648=-1135.50211 + 19.08764 + 57.57062 + 43.17799]
Epoch 67 [59.1s]: train==[-1073.63180=-1135.95755 + 19.15153 + 57.56560 + 43.17421]
Epoch 68 [59.9s]: train==[-1074.97835=-1137.36149 + 19.20564 + 57.56996 + 43.17750]
Epoch 69 [59.8s + 17.1s]:, recall=[0.04040, 0.06470, 0.09770, 0.14330], precision=[0.00404, 0.00323], hit=[0.04040, 0.06470], ndcg=[0.02077, 0.02685, 0.03358, 0.03358]
Epoch 70 [59.4s]: train==[-1076.18855=-1138.64018 + 19.27582 + 57.56770 + 43.17580]
Epoch 71 [61.3s]: train==[-1076.51291=-1138.94319 + 19.25370 + 57.56876 + 43.17658]
Epoch 72 [59.8s]: train==[-1076.81184=-1139.29189 + 19.30788 + 57.56286 + 43.17216]
Epoch 73 [59.3s]: train==[-1077.31523=-1139.80974 + 19.32007 + 57.56588 + 43.17443]
Epoch 74 [59.5s + 15.8s]:, recall=[0.04120, 0.06430, 0.09600, 0.14470], precision=[0.00412, 0.00321], hit=[0.04120, 0.06430], ndcg=[0.02080, 0.02658, 0.03305, 0.03305]
Epoch 75 [59.2s]: train==[-1079.73597=-1142.28446 + 19.37980 + 57.55823 + 43.16869]
Epoch 76 [59.6s]: train==[-1079.12332=-1141.70513 + 19.41137 + 57.56056 + 43.17044]
Epoch 77 [58.6s]: train==[-1079.70227=-1142.31775 + 19.44553 + 57.55992 + 43.16995]
Epoch 78 [59.5s]: train==[-1079.48890=-1142.13354 + 19.47371 + 57.56124 + 43.17094]
Epoch 79 [59.0s + 16.4s]:, recall=[0.04150, 0.06300, 0.09720, 0.14570], precision=[0.00415, 0.00315], hit=[0.04150, 0.06300], ndcg=[0.02113, 0.02649, 0.03347, 0.03347]
Epoch 80 [60.1s]: train==[-1080.91380=-1143.59718 + 19.51572 + 57.55685 + 43.16766]
Epoch 81 [195.8s]: train==[-1081.19513=-1143.89358 + 19.53018 + 57.55766 + 43.16827]
Epoch 82 [60.1s]: train==[-1081.35391=-1144.09588 + 19.57372 + 57.55763 + 43.16824]
Epoch 83 [64.1s]: train==[-1081.79100=-1144.49868 + 19.54334 + 57.55241 + 43.16433]
Epoch 84 [72.2s + 16.3s]:, recall=[0.04140, 0.06410, 0.09810, 0.14730], precision=[0.00414, 0.00320], hit=[0.04140, 0.06410], ndcg=[0.02122, 0.02690, 0.03384, 0.03384]
Epoch 85 [59.2s]: train==[-1082.70592=-1145.45131 + 19.58126 + 57.55215 + 43.16414]
Epoch 86 [59.1s]: train==[-1083.32852=-1146.10755 + 19.61840 + 57.54749 + 43.16064]
Epoch 87 [58.5s]: train==[-1084.05608=-1146.86188 + 19.64288 + 57.55053 + 43.16292]
Epoch 88 [58.9s]: train==[-1082.37613=-1145.17571 + 19.64218 + 57.54316 + 43.15739]
Epoch 89 [59.2s + 16.5s]:, recall=[0.04130, 0.06290, 0.09860, 0.14650], precision=[0.00413, 0.00314], hit=[0.04130, 0.06290], ndcg=[0.02138, 0.02676, 0.03405, 0.03405]
Epoch 90 [58.9s]: train==[-1083.53870=-1146.37902 + 19.67599 + 57.55242 + 43.16434]
Epoch 91 [58.6s]: train==[-1084.33566=-1147.21203 + 19.71596 + 57.54719 + 43.16041]
Epoch 92 [59.3s]: train==[-1084.67760=-1147.56119 + 19.72503 + 57.54473 + 43.15857]
Epoch 93 [59.1s]: train==[-1085.14079=-1148.02762 + 19.72776 + 57.54537 + 43.15906]
Epoch 94 [58.9s + 16.0s]:, recall=[0.04140, 0.06330, 0.09810, 0.14680], precision=[0.00414, 0.00316], hit=[0.04140, 0.06330], ndcg=[0.02129, 0.02675, 0.03384, 0.03384]
Epoch 95 [59.3s]: train==[-1085.06598=-1148.00250 + 19.78055 + 57.54124 + 43.15597]
Epoch 96 [59.2s]: train==[-1085.64707=-1148.57353 + 19.77088 + 57.54076 + 43.15559]
Epoch 97 [59.4s]: train==[-1086.65221=-1149.58178 + 19.77046 + 57.54544 + 43.15911]
Epoch 98 [60.4s]: train==[-1085.80174=-1148.77158 + 19.81441 + 57.54054 + 43.15543]
Epoch 99 [59.4s + 16.0s]:, recall=[0.04030, 0.06160, 0.09800, 0.14620], precision=[0.00403, 0.00308], hit=[0.04030, 0.06160], ndcg=[0.02105, 0.02641, 0.03383, 0.03383]
Epoch 100 [59.3s]: train==[-1087.17773=-1150.16685 + 19.83495 + 57.53886 + 43.15416]
Epoch 101 [59.1s]: train==[-1086.61170=-1149.62122 + 19.86052 + 57.53195 + 43.14900]
Epoch 102 [58.9s]: train==[-1086.51978=-1149.55347 + 19.88049 + 57.53757 + 43.15321]
Epoch 103 [59.1s]: train==[-1087.87960=-1150.92776 + 19.89925 + 57.53184 + 43.14891]
Epoch 104 [59.0s + 16.8s]:, recall=[0.04150, 0.06290, 0.09800, 0.14530], precision=[0.00415, 0.00314], hit=[0.04150, 0.06290], ndcg=[0.02152, 0.02690, 0.03403, 0.03403]
Epoch 105 [59.2s]: train==[-1087.14459=-1150.23839 + 19.94420 + 57.53276 + 43.14960]
Epoch 106 [58.8s]: train==[-1087.82317=-1150.88603 + 19.91767 + 57.52690 + 43.14520]
Epoch 107 [58.7s]: train==[-1088.16569=-1151.24513 + 19.93630 + 57.52414 + 43.14314]
Epoch 108 [58.9s]: train==[-1087.94717=-1151.01938 + 19.93106 + 57.52149 + 43.14115]
Epoch 109 [58.8s + 17.3s]:, recall=[0.04120, 0.06310, 0.09790, 0.14720], precision=[0.00412, 0.00315], hit=[0.04120, 0.06310], ndcg=[0.02130, 0.02678, 0.03390, 0.03390]
Epoch 110 [59.1s]: train==[-1088.97694=-1152.08299 + 19.96219 + 57.52512 + 43.14387]
Epoch 111 [58.6s]: train==[-1089.16594=-1152.29444 + 19.98601 + 57.52327 + 43.14248]
Epoch 112 [59.2s]: train==[-1088.77395=-1151.91019 + 19.99752 + 57.51825 + 43.13872]
Epoch 113 [59.2s]: train==[-1089.75568=-1152.91823 + 20.02096 + 57.52207 + 43.14159]
Epoch 114 [63.1s + 18.3s]:, recall=[0.04160, 0.06310, 0.09740, 0.14880], precision=[0.00416, 0.00315], hit=[0.04160, 0.06310], ndcg=[0.02123, 0.02661, 0.03362, 0.03362]
Epoch 115 [59.9s]: train==[-1089.97720=-1153.15560 + 20.03787 + 57.52067 + 43.14053]
Epoch 116 [58.8s]: train==[-1089.82850=-1153.00266 + 20.03684 + 57.51637 + 43.13732]
Epoch 117 [59.6s]: train==[-1089.29800=-1152.49206 + 20.05772 + 57.51507 + 43.13634]
Epoch 118 [59.5s]: train==[-1090.15009=-1153.34946 + 20.06520 + 57.51218 + 43.13417]
Epoch 119 [59.3s + 17.2s]:, recall=[0.04140, 0.06220, 0.09870, 0.14900], precision=[0.00414, 0.00311], hit=[0.04140, 0.06220], ndcg=[0.02128, 0.02649, 0.03391, 0.03391]
Epoch 120 [61.2s]: train==[-1089.96590=-1153.17857 + 20.07764 + 57.51334 + 43.13503]
Epoch 121 [60.3s]: train==[-1091.34565=-1154.54888 + 20.06684 + 57.51514 + 43.13639]
Epoch 122 [59.8s]: train==[-1090.54070=-1153.82475 + 20.14954 + 57.51263 + 43.13452]
Epoch 123 [59.5s]: train==[-1091.26785=-1154.52470 + 20.12750 + 57.50575 + 43.12935]
Epoch 124 [59.5s + 17.1s]:, recall=[0.04030, 0.06320, 0.09640, 0.14820], precision=[0.00403, 0.00316], hit=[0.04030, 0.06320], ndcg=[0.02095, 0.02667, 0.03343, 0.03343]
Epoch 125 [60.5s]: train==[-1091.20226=-1154.49741 + 20.16453 + 57.50746 + 43.13063]
Epoch 126 [59.3s]: train==[-1091.63489=-1154.91412 + 20.15199 + 57.50293 + 43.12723]
Epoch 127 [59.5s]: train==[-1089.68247=-1152.94462 + 20.13482 + 57.50306 + 43.12733]
Epoch 128 [59.4s]: train==[-1090.48269=-1153.77752 + 20.16872 + 57.50143 + 43.12611]
Epoch 129 [59.7s + 15.6s]:, recall=[0.04190, 0.06300, 0.09680, 0.14830], precision=[0.00419, 0.00315], hit=[0.04190, 0.06300], ndcg=[0.02172, 0.02702, 0.03388, 0.03388]
Epoch 130 [59.5s]: train==[-1091.72496=-1155.02288 + 20.17649 + 57.49521 + 43.12144]
Epoch 131 [59.1s]: train==[-1091.73047=-1155.04742 + 20.19106 + 57.50115 + 43.12590]
Epoch 132 [60.2s]: train==[-1091.75109=-1155.07521 + 20.19613 + 57.50394 + 43.12799]
Epoch 133 [59.4s]: train==[-1091.80435=-1155.14963 + 20.21939 + 57.50114 + 43.12588]
Epoch 134 [59.4s + 15.6s]:, recall=[0.04020, 0.06240, 0.09790, 0.14940], precision=[0.00402, 0.00312], hit=[0.04020, 0.06240], ndcg=[0.02099, 0.02660, 0.03385, 0.03385]
Epoch 135 [59.5s]: train==[-1092.23672=-1155.57683 + 20.21839 + 57.49561 + 43.12173]
Epoch 136 [59.4s]: train==[-1092.32368=-1155.70049 + 20.25488 + 57.49585 + 43.12192]
Epoch 137 [59.0s]: train==[-1092.86303=-1156.23909 + 20.25577 + 57.49368 + 43.12029]
Epoch 138 [59.4s]: train==[-1092.48154=-1155.85603 + 20.25276 + 57.49558 + 43.12172]
Epoch 139 [59.8s + 15.6s]:, recall=[0.04140, 0.06240, 0.09840, 0.14840], precision=[0.00414, 0.00312], hit=[0.04140, 0.06240], ndcg=[0.02137, 0.02663, 0.03394, 0.03394]
Epoch 140 [60.6s]: train==[-1092.21577=-1155.60255 + 20.26857 + 57.49089 + 43.11820]
Epoch 141 [59.3s]: train==[-1093.20850=-1156.60615 + 20.28124 + 57.48850 + 43.11640]
Epoch 142 [59.5s]: train==[-1093.27508=-1156.65945 + 20.26907 + 57.48700 + 43.11530]
Epoch 143 [59.3s]: train==[-1093.28474=-1156.69719 + 20.29918 + 57.48430 + 43.11326]
Epoch 144 [59.3s + 15.7s]:, recall=[0.04130, 0.06300, 0.09780, 0.14700], precision=[0.00413, 0.00315], hit=[0.04130, 0.06300], ndcg=[0.02120, 0.02663, 0.03371, 0.03371]
Epoch 145 [59.0s]: train==[-1093.01108=-1156.42210 + 20.29730 + 57.48492 + 43.11373]
Epoch 146 [59.8s]: train==[-1092.99651=-1156.42785 + 20.32104 + 57.48033 + 43.11029]
Epoch 147 [59.4s]: train==[-1092.92997=-1156.33522 + 20.29359 + 57.48215 + 43.11166]
Epoch 148 [59.3s]: train==[-1093.20198=-1156.61134 + 20.30133 + 57.47733 + 43.10803]
Epoch 149 [59.4s + 14.8s]:, recall=[0.04110, 0.06300, 0.09910, 0.14960], precision=[0.00411, 0.00315], hit=[0.04110, 0.06300], ndcg=[0.02152, 0.02700, 0.03435, 0.03435]
Epoch 150 [60.1s]: train==[-1093.38620=-1156.82346 + 20.32740 + 57.47977 + 43.10987]
Epoch 151 [59.4s]: train==[-1093.95988=-1157.42511 + 20.35716 + 57.47735 + 43.10806]
Epoch 152 [59.8s]: train==[-1093.02710=-1156.50872 + 20.37605 + 57.47404 + 43.10558]
Epoch 153 [78.4s]: train==[-1092.82594=-1156.31391 + 20.38048 + 57.47660 + 43.10749]
Epoch 154 [75.6s + 25.7s]:, recall=[0.04170, 0.06300, 0.09790, 0.14860], precision=[0.00417, 0.00315], hit=[0.04170, 0.06300], ndcg=[0.02150, 0.02682, 0.03394, 0.03394]
Epoch 155 [60.3s]: train==[-1094.20737=-1157.71540 + 20.40575 + 57.46966 + 43.10228]
Epoch 156 [59.3s]: train==[-1095.33461=-1158.81871 + 20.38407 + 57.46667 + 43.10004]
Epoch 157 [60.5s]: train==[-1094.54850=-1158.06928 + 20.41741 + 57.47110 + 43.10336]
Epoch 158 [65.4s]: train==[-1094.55716=-1158.05422 + 20.39572 + 57.46839 + 43.10134]
Epoch 159 [60.3s + 15.4s]:, recall=[0.04110, 0.06360, 0.09790, 0.14920], precision=[0.00411, 0.00318], hit=[0.04110, 0.06360], ndcg=[0.02143, 0.02708, 0.03407, 0.03407]
Epoch 160 [60.1s]: train==[-1094.90968=-1158.44843 + 20.43970 + 57.46534 + 43.09905]
Epoch 161 [59.6s]: train==[-1094.83330=-1158.35969 + 20.42769 + 57.46488 + 43.09870]
Epoch 162 [59.6s]: train==[-1094.35434=-1157.88723 + 20.43237 + 57.46732 + 43.10053]
Epoch 163 [59.6s]: train==[-1094.42436=-1157.94252 + 20.41988 + 57.46434 + 43.09829]
Epoch 164 [59.2s + 15.9s]:, recall=[0.04240, 0.06260, 0.09830, 0.14820], precision=[0.00424, 0.00313], hit=[0.04240, 0.06260], ndcg=[0.02148, 0.02648, 0.03376, 0.03376]
Epoch 165 [59.4s]: train==[-1095.41553=-1158.96045 + 20.44663 + 57.46434 + 43.09830]
Epoch 166 [58.8s]: train==[-1094.80142=-1158.34591 + 20.45115 + 57.45773 + 43.09334]
Epoch 167 [60.0s]: train==[-1094.86989=-1158.41687 + 20.45320 + 57.45831 + 43.09377]
Epoch 168 [59.2s]: train==[-1095.02933=-1158.58257 + 20.46143 + 57.45569 + 43.09181]
Epoch 169 [59.2s + 15.8s]:, recall=[0.04240, 0.06250, 0.09880, 0.15000], precision=[0.00424, 0.00312], hit=[0.04240, 0.06250], ndcg=[0.02170, 0.02675, 0.03416, 0.03416]
Epoch 170 [59.4s]: train==[-1095.86244=-1159.40679 + 20.45273 + 57.45544 + 43.09162]
Epoch 171 [60.0s]: train==[-1095.89911=-1159.47785 + 20.48887 + 57.45310 + 43.08988]
Epoch 172 [58.5s]: train==[-1094.68246=-1158.24699 + 20.47600 + 57.45130 + 43.08853]
Epoch 173 [59.2s]: train==[-1095.17681=-1158.74037 + 20.47437 + 57.45220 + 43.08919]
Epoch 174 [59.1s + 14.5s]:, recall=[0.04220, 0.06290, 0.09960, 0.14930], precision=[0.00422, 0.00314], hit=[0.04220, 0.06290], ndcg=[0.02140, 0.02657, 0.03405, 0.03405]
Epoch 175 [60.1s]: train==[-1096.47573=-1160.05375 + 20.49149 + 57.44862 + 43.08652]
Epoch 176 [59.4s]: train==[-1095.20365=-1158.78860 + 20.50048 + 57.44591 + 43.08448]
Epoch 177 [59.7s]: train==[-1096.17589=-1159.76663 + 20.50640 + 57.44574 + 43.08435]
Epoch 178 [59.1s]: train==[-1095.23479=-1158.81128 + 20.49242 + 57.44535 + 43.08406]
Epoch 179 [58.9s + 15.4s]:, recall=[0.04180, 0.06340, 0.09940, 0.14860], precision=[0.00418, 0.00317], hit=[0.04180, 0.06340], ndcg=[0.02169, 0.02712, 0.03443, 0.03443]
Epoch 180 [59.8s]: train==[-1096.19602=-1159.76324 + 20.48793 + 57.43899 + 43.07929]
Epoch 181 [59.8s]: train==[-1096.34927=-1159.94660 + 20.51583 + 57.44197 + 43.08151]
Epoch 182 [59.4s]: train==[-1096.14918=-1159.76010 + 20.53036 + 57.44068 + 43.08056]
Epoch 183 [59.7s]: train==[-1095.54620=-1159.15245 + 20.52700 + 57.43895 + 43.07925]
Epoch 184 [59.4s + 15.2s]:, recall=[0.04170, 0.06340, 0.09960, 0.14850], precision=[0.00417, 0.00317], hit=[0.04170, 0.06340], ndcg=[0.02139, 0.02684, 0.03421, 0.03421]
Epoch 185 [59.4s]: train==[-1096.53278=-1160.18554 + 20.57490 + 57.43710 + 43.07787]
Epoch 186 [58.9s]: train==[-1095.91642=-1159.55652 + 20.56340 + 57.43554 + 43.07671]
Epoch 187 [59.6s]: train==[-1096.90621=-1160.54039 + 20.55860 + 57.43404 + 43.07558]
Epoch 188 [59.4s]: train==[-1096.66919=-1160.32817 + 20.58162 + 57.43640 + 43.07735]
Epoch 189 [59.8s + 15.0s]:, recall=[0.04230, 0.06470, 0.10010, 0.14890], precision=[0.00423, 0.00323], hit=[0.04230, 0.06470], ndcg=[0.02149, 0.02704, 0.03424, 0.03424]
Epoch 190 [62.4s]: train==[-1096.55008=-1160.16634 + 20.54490 + 57.42841 + 43.07135]
Epoch 191 [59.4s]: train==[-1096.54643=-1160.21006 + 20.58952 + 57.43210 + 43.07411]
Epoch 192 [59.0s]: train==[-1097.17222=-1160.83709 + 20.59179 + 57.43073 + 43.07309]
Epoch 193 [60.4s]: train==[-1096.56748=-1160.19759 + 20.55790 + 57.42955 + 43.07220]
Epoch 194 [58.5s + 16.8s]:, recall=[0.04220, 0.06380, 0.09940, 0.14850], precision=[0.00422, 0.00319], hit=[0.04220, 0.06380], ndcg=[0.02142, 0.02683, 0.03406, 0.03406]
Epoch 195 [60.0s]: train==[-1096.94993=-1160.62286 + 20.60590 + 57.42264 + 43.06702]
Epoch 196 [58.6s]: train==[-1096.64854=-1160.28710 + 20.56860 + 57.42657 + 43.06996]
Epoch 197 [58.4s]: train==[-1097.62837=-1161.29924 + 20.60548 + 57.42047 + 43.06539]
Epoch 198 [59.8s]: train==[-1097.40030=-1161.11572 + 20.65210 + 57.41772 + 43.06332]
Epoch 199 [59.6s + 15.3s]:, recall=[0.04240, 0.06400, 0.09960, 0.15020], precision=[0.00424, 0.00320], hit=[0.04240, 0.06400], ndcg=[0.02160, 0.02702, 0.03428, 0.03428]
Epoch 200 [59.1s]: train==[-1097.07902=-1160.75710 + 20.61481 + 57.41764 + 43.06328]
Epoch 201 [59.4s]: train==[-1097.50051=-1161.19459 + 20.62935 + 57.41959 + 43.06473]
Epoch 202 [59.4s]: train==[-1097.62680=-1161.34234 + 20.65461 + 57.41451 + 43.06093]
Epoch 203 [59.8s]: train==[-1097.37705=-1161.05198 + 20.61525 + 57.41285 + 43.05969]
Epoch 204 [59.0s + 14.4s]:, recall=[0.04200, 0.06380, 0.09970, 0.14960], precision=[0.00420, 0.00319], hit=[0.04200, 0.06380], ndcg=[0.02148, 0.02693, 0.03423, 0.03423]
Epoch 205 [59.6s]: train==[-1097.45411=-1161.14018 + 20.62611 + 57.41322 + 43.05996]
Epoch 206 [59.7s]: train==[-1098.18366=-1161.88349 + 20.64256 + 57.40963 + 43.05727]
Epoch 207 [59.4s]: train==[-1097.85938=-1161.57694 + 20.66267 + 57.40645 + 43.05488]
Epoch 208 [98.0s]: train==[-1097.55597=-1161.25325 + 20.64014 + 57.40947 + 43.05715]
Epoch 209 [72.3s + 16.5s]:, recall=[0.04090, 0.06430, 0.10030, 0.15080], precision=[0.00409, 0.00321], hit=[0.04090, 0.06430], ndcg=[0.02110, 0.02699, 0.03430, 0.03430]
Epoch 210 [59.7s]: train==[-1097.49705=-1161.21037 + 20.65806 + 57.40694 + 43.05526]
Epoch 211 [73.2s]: train==[-1097.30557=-1161.01305 + 20.65335 + 57.40546 + 43.05413]
Epoch 212 [59.5s]: train==[-1097.70434=-1161.42675 + 20.66752 + 57.40644 + 43.05488]
Epoch 213 [59.4s]: train==[-1097.66818=-1161.37049 + 20.64887 + 57.40453 + 43.05344]
Epoch 214 [59.1s + 16.3s]:, recall=[0.04170, 0.06470, 0.10060, 0.14790], precision=[0.00417, 0.00323], hit=[0.04170, 0.06470], ndcg=[0.02137, 0.02713, 0.03442, 0.03442]
Epoch 215 [59.5s]: train==[-1097.79959=-1161.56441 + 20.71616 + 57.39817 + 43.04867]
Epoch 216 [59.6s]: train==[-1097.79098=-1161.56225 + 20.71947 + 57.40234 + 43.05180]
Epoch 217 [59.1s]: train==[-1097.32598=-1161.06886 + 20.69495 + 57.39718 + 43.04793]
Epoch 218 [59.6s]: train==[-1097.90402=-1161.67869 + 20.72608 + 57.39807 + 43.04859]
Epoch 219 [58.9s + 15.5s]:, recall=[0.04140, 0.06370, 0.10080, 0.15000], precision=[0.00414, 0.00318], hit=[0.04140, 0.06370], ndcg=[0.02138, 0.02695, 0.03450, 0.03450]
Epoch 220 [59.6s]: train==[-1099.03423=-1162.80628 + 20.72549 + 57.39536 + 43.04656]
Epoch 221 [58.5s]: train==[-1098.62360=-1162.37566 + 20.70624 + 57.39439 + 43.04583]
Epoch 222 [59.1s]: train==[-1098.42883=-1162.19583 + 20.72182 + 57.39352 + 43.04517]
Epoch 223 [58.3s]: train==[-1098.33332=-1162.11101 + 20.73509 + 57.39007 + 43.04260]
Epoch 224 [58.4s + 15.9s]:, recall=[0.04050, 0.06330, 0.09970, 0.14930], precision=[0.00405, 0.00316], hit=[0.04050, 0.06330], ndcg=[0.02112, 0.02686, 0.03426, 0.03426]
Epoch 225 [59.4s]: train==[-1098.58551=-1162.35388 + 20.72864 + 57.38626 + 43.03973]
Epoch 226 [59.3s]: train==[-1098.92870=-1162.70613 + 20.73612 + 57.38835 + 43.04132]
Epoch 227 [59.8s]: train==[-1099.02342=-1162.80145 + 20.73694 + 57.38804 + 43.04109]
Epoch 228 [59.5s]: train==[-1098.68458=-1162.45865 + 20.73575 + 57.38437 + 43.03832]
Epoch 229 [59.4s + 15.3s]:, recall=[0.04140, 0.06410, 0.09830, 0.14840], precision=[0.00414, 0.00320], hit=[0.04140, 0.06410], ndcg=[0.02147, 0.02715, 0.03414, 0.03414]
Epoch 230 [60.6s]: train==[-1099.37753=-1163.17558 + 20.76208 + 57.38124 + 43.03597]
Epoch 231 [59.9s]: train==[-1099.67253=-1163.47270 + 20.76282 + 57.38306 + 43.03734]
Epoch 232 [59.7s]: train==[-1099.39382=-1163.21927 + 20.79370 + 57.37561 + 43.03176]
Epoch 233 [62.9s]: train==[-1098.76524=-1162.55154 + 20.75277 + 57.37797 + 43.03352]
Epoch 234 [58.4s + 16.0s]:, recall=[0.04190, 0.06530, 0.10010, 0.15020], precision=[0.00419, 0.00326], hit=[0.04190, 0.06530], ndcg=[0.02152, 0.02739, 0.03446, 0.03446]
Epoch 235 [57.3s]: train==[-1100.00620=-1163.81014 + 20.77482 + 57.37210 + 43.02913]
Epoch 236 [57.6s]: train==[-1099.59939=-1163.38702 + 20.75598 + 57.37546 + 43.03164]
Epoch 237 [57.7s]: train==[-1099.45715=-1163.28251 + 20.79331 + 57.37600 + 43.03204]
Epoch 238 [57.8s]: train==[-1099.56559=-1163.40747 + 20.81675 + 57.36677 + 43.02512]
Epoch 239 [58.7s + 15.4s]:, recall=[0.04160, 0.06440, 0.09970, 0.14930], precision=[0.00416, 0.00322], hit=[0.04160, 0.06440], ndcg=[0.02209, 0.02781, 0.03497, 0.03497]
Epoch 240 [58.3s]: train==[-1099.85060=-1163.67108 + 20.79332 + 57.36952 + 43.02718]
Epoch 241 [57.2s]: train==[-1099.54415=-1163.35834 + 20.78703 + 57.36950 + 43.02716]
Epoch 242 [58.8s]: train==[-1099.52073=-1163.34452 + 20.79904 + 57.36628 + 43.02476]
Epoch 243 [59.1s]: train==[-1099.88167=-1163.70323 + 20.79453 + 57.36930 + 43.02704]
Epoch 244 [58.7s + 15.9s]:, recall=[0.04230, 0.06520, 0.10050, 0.15150], precision=[0.00423, 0.00326], hit=[0.04230, 0.06520], ndcg=[0.02206, 0.02780, 0.03498, 0.03498]
Epoch 245 [59.0s]: train==[-1100.38640=-1164.19250 + 20.78352 + 57.36337 + 43.02258]
Epoch 246 [59.6s]: train==[-1099.78147=-1163.60260 + 20.79856 + 57.36336 + 43.02256]
Epoch 247 [59.1s]: train==[-1100.20755=-1164.11179 + 20.88454 + 57.35953 + 43.01970]
Epoch 248 [59.7s]: train==[-1099.90743=-1163.74551 + 20.81592 + 57.36281 + 43.02215]
Epoch 249 [59.4s + 14.9s]:, recall=[0.04190, 0.06420, 0.09930, 0.15200], precision=[0.00419, 0.00321], hit=[0.04190, 0.06420], ndcg=[0.02182, 0.02738, 0.03453, 0.03453]
Early stopping is trigger at step: 10 log:0.04190000000000017
Best Iter=[32]@[16312.2]	recall=[0.0424	0.0626	0.0983	0.1482], ndcg=[0.0215	0.0265	0.0338	0.0422]
