nohup: ignoring input
Dataset name: Tmall
The number of users: 31882
The number of items: 31232
The behavior ratings: [1093807, 140068, 49482, 167862]
The number of ratings: 1451219
Average actions of users: 45.52
Average actions of items: 46.47
The density of the dataset: 0.001457
The sparsity of the dataset: 99.854257%
already load adj matrix 0.46585536003112793
already load pre adj matrix
use the pre adjcency matrix
201
51
54
51
without pretraining.
Epoch 0 [82.5s]: train==[-33.40996=-230.20730 + 94.65774 + 58.36555 + 43.77404]
Epoch 1 [81.5s]: train==[-222.51850=-342.78959 + 18.61473 + 58.08939 + 43.56696]
Epoch 2 [83.0s]: train==[-288.50247=-400.57811 + 10.70162 + 57.92812 + 43.44590]
Epoch 3 [81.4s]: train==[-369.16477=-480.14286 + 9.81603 + 57.80704 + 43.35503]
Epoch 4 [83.7s + 17.1s]:, recall=[0.01560, 0.02380, 0.03840, 0.06250], precision=[0.00156, 0.00119], hit=[0.01560, 0.02380], ndcg=[0.00837, 0.01043, 0.01338, 0.01750]
Epoch 5 [83.0s]: train==[-490.85151=-601.45682 + 9.63973 + 57.69474 + 43.27085]
Epoch 6 [82.4s]: train==[-528.85935=-639.20603 + 9.43739 + 57.66256 + 43.24673]
Epoch 7 [82.3s]: train==[-563.08956=-673.31626 + 9.36115 + 57.63755 + 43.22800]
Epoch 8 [82.9s]: train==[-596.80817=-706.89750 + 9.27350 + 57.60913 + 43.20670]
Epoch 9 [82.3s + 16.3s]:, recall=[0.02230, 0.03630, 0.05950, 0.09220], precision=[0.00223, 0.00182], hit=[0.02230, 0.03630], ndcg=[0.01159, 0.01510, 0.01980, 0.02538]
Epoch 10 [84.1s]: train==[-657.17144=-767.33855 + 9.39960 + 57.58150 + 43.18601]
Epoch 11 [84.4s]: train==[-685.04556=-795.25304 + 9.47123 + 57.56363 + 43.17262]
Epoch 12 [84.1s]: train==[-710.79756=-821.06377 + 9.54777 + 57.55344 + 43.16499]
Epoch 13 [85.6s]: train==[-734.35266=-844.67650 + 9.61746 + 57.54654 + 43.15984]
Epoch 14 [81.4s + 16.1s]:, recall=[0.02820, 0.04800, 0.07220, 0.11170], precision=[0.00282, 0.00240], hit=[0.02820, 0.04800], ndcg=[0.01435, 0.01931, 0.02423, 0.03094]
Epoch 15 [87.8s]: train==[-774.76518=-885.21575 + 9.79177 + 57.51933 + 43.13946]
Epoch 16 [81.2s]: train==[-794.01281=-904.52673 + 9.85683 + 57.51835 + 43.13874]
Epoch 17 [82.2s]: train==[-810.49379=-921.11621 + 9.97868 + 57.51072 + 43.13302]
Epoch 18 [82.4s]: train==[-825.09515=-935.79941 + 10.07682 + 57.50140 + 43.12605]
Epoch 19 [81.3s + 15.6s]:, recall=[0.03200, 0.05180, 0.08210, 0.12200], precision=[0.00320, 0.00259], hit=[0.03200, 0.05180], ndcg=[0.01643, 0.02140, 0.02759, 0.03439]
Epoch 20 [83.1s]: train==[-851.48639=-962.34001 + 10.24394 + 57.49124 + 43.11843]
Epoch 21 [81.7s]: train==[-864.02132=-974.94405 + 10.32168 + 57.48631 + 43.11475]
Epoch 22 [84.7s]: train==[-872.82408=-983.80375 + 10.39127 + 57.47908 + 43.10933]
Epoch 23 [81.0s]: train==[-882.65897=-993.72364 + 10.48742 + 57.47270 + 43.10453]
Epoch 24 [82.4s + 16.3s]:, recall=[0.03320, 0.05530, 0.08260, 0.12490], precision=[0.00332, 0.00276], hit=[0.03320, 0.05530], ndcg=[0.01678, 0.02234, 0.02793, 0.03512]
Epoch 25 [83.6s]: train==[-898.32382=-1009.53736 + 10.66097 + 57.45860 + 43.09398]
Epoch 26 [86.6s]: train==[-905.72405=-1017.01484 + 10.74736 + 57.45337 + 43.09006]
Epoch 27 [82.6s]: train==[-912.17129=-1023.52583 + 10.82960 + 57.44279 + 43.08214]
Epoch 28 [82.2s]: train==[-917.72167=-1029.14517 + 10.90940 + 57.43660 + 43.07750]
Epoch 29 [90.0s + 17.4s]:, recall=[0.03510, 0.05550, 0.08460, 0.12720], precision=[0.00351, 0.00277], hit=[0.03510, 0.05550], ndcg=[0.01758, 0.02267, 0.02863, 0.03589]
Epoch 30 [82.7s]: train==[-929.04339=-1040.56823 + 11.03283 + 57.42397 + 43.06804]
Epoch 31 [106.7s]: train==[-932.80627=-1044.40359 + 11.11661 + 57.41751 + 43.06320]
Epoch 32 [111.5s]: train==[-937.36165=-1048.98561 + 11.15736 + 57.40944 + 43.05716]
Epoch 33 [83.1s]: train==[-941.03821=-1052.71714 + 11.22310 + 57.40328 + 43.05255]
Epoch 34 [90.2s + 16.1s]:, recall=[0.03470, 0.05620, 0.08520, 0.12770], precision=[0.00347, 0.00281], hit=[0.03470, 0.05620], ndcg=[0.01743, 0.02286, 0.02877, 0.03604]
Epoch 35 [82.6s]: train==[-949.10670=-1060.87636 + 11.34509 + 57.38542 + 43.03915]
Epoch 36 [83.0s]: train==[-952.74846=-1064.60009 + 11.42558 + 57.38626 + 43.03979]
Epoch 37 [82.8s]: train==[-954.92149=-1066.80803 + 11.47286 + 57.37919 + 43.03449]
Epoch 38 [82.3s]: train==[-957.66962=-1069.60255 + 11.53014 + 57.37296 + 43.02983]
Epoch 39 [83.7s + 16.1s]:, recall=[0.03460, 0.05710, 0.08770, 0.12930], precision=[0.00346, 0.00285], hit=[0.03460, 0.05710], ndcg=[0.01748, 0.02313, 0.02936, 0.03646]
Epoch 40 [87.3s]: train==[-962.26531=-1074.24676 + 11.61656 + 57.35130 + 43.01359]
Epoch 41 [83.5s]: train==[-963.52456=-1075.54345 + 11.65847 + 57.34874 + 43.01168]
Epoch 42 [86.3s]: train==[-967.56998=-1079.61231 + 11.69623 + 57.34057 + 43.00555]
Epoch 43 [84.2s]: train==[-967.98793=-1080.05781 + 11.73769 + 57.33261 + 42.99957]
Epoch 44 [84.1s + 15.5s]:, recall=[0.03480, 0.05610, 0.08770, 0.13170], precision=[0.00348, 0.00280], hit=[0.03480, 0.05610], ndcg=[0.01700, 0.02235, 0.02878, 0.03626]
Epoch 45 [84.7s]: train==[-971.91890=-1084.05757 + 11.82465 + 57.32223 + 42.99178]
Epoch 46 [84.0s]: train==[-973.68466=-1085.85275 + 11.86014 + 57.31875 + 42.98920]
Epoch 47 [84.3s]: train==[-975.21028=-1087.40171 + 11.90549 + 57.30619 + 42.97976]
Epoch 48 [83.6s]: train==[-976.91632=-1089.14454 + 11.95339 + 57.29983 + 42.97500]
Epoch 49 [95.7s + 15.3s]:, recall=[0.03490, 0.05740, 0.08950, 0.13270], precision=[0.00349, 0.00287], hit=[0.03490, 0.05740], ndcg=[0.01730, 0.02294, 0.02946, 0.03682]
Epoch 50 [86.7s]: train==[-978.99235=-1091.29731 + 12.05378 + 57.28631 + 42.96487]
Epoch 51 [82.5s]: train==[-980.63084=-1092.93909 + 12.07449 + 57.27636 + 42.95741]
Epoch 52 [82.8s]: train==[-981.37283=-1093.68149 + 12.09005 + 57.26768 + 42.95091]
Epoch 53 [81.7s]: train==[-982.82520=-1095.19713 + 12.16482 + 57.26114 + 42.94598]
Epoch 54 [84.4s + 15.7s]:, recall=[0.03480, 0.05650, 0.08900, 0.13260], precision=[0.00348, 0.00282], hit=[0.03480, 0.05650], ndcg=[0.01742, 0.02289, 0.02951, 0.03693]
Epoch 55 [82.1s]: train==[-985.21740=-1097.63920 + 12.24307 + 57.24490 + 42.93383]
Epoch 56 [83.4s]: train==[-985.54597=-1097.99664 + 12.28298 + 57.23860 + 42.92909]
Epoch 57 [81.1s]: train==[-987.36189=-1099.82241 + 12.31021 + 57.22866 + 42.92165]
Epoch 58 [82.3s]: train==[-987.91254=-1100.38452 + 12.33443 + 57.22137 + 42.91618]
Epoch 59 [83.2s + 16.5s]:, recall=[0.03630, 0.05810, 0.08960, 0.13480], precision=[0.00363, 0.00290], hit=[0.03630, 0.05810], ndcg=[0.01790, 0.02336, 0.02978, 0.03747]
Epoch 60 [81.7s]: train==[-988.92132=-1101.46768 + 12.43771 + 57.20487 + 42.90380]
Epoch 61 [81.1s]: train==[-990.20334=-1102.75244 + 12.45001 + 57.19940 + 42.89970]
Epoch 62 [82.0s]: train==[-991.18025=-1103.75648 + 12.48359 + 57.19570 + 42.89693]
Epoch 63 [82.2s]: train==[-991.67649=-1104.26223 + 12.51012 + 57.18598 + 42.88964]
Epoch 64 [83.0s + 15.7s]:, recall=[0.03580, 0.05770, 0.09080, 0.13410], precision=[0.00358, 0.00288], hit=[0.03580, 0.05770], ndcg=[0.01783, 0.02331, 0.03003, 0.03741]
Epoch 65 [82.2s]: train==[-994.16286=-1106.81587 + 12.59969 + 57.17324 + 42.88008]
Epoch 66 [81.0s]: train==[-994.06123=-1106.70052 + 12.61207 + 57.15832 + 42.86891]
Epoch 67 [86.8s]: train==[-993.95476=-1106.60854 + 12.64771 + 57.14624 + 42.85983]
Epoch 68 [78.6s]: train==[-995.56960=-1108.25644 + 12.68584 + 57.14334 + 42.85766]
Epoch 69 [79.7s + 16.9s]:, recall=[0.03820, 0.05740, 0.08960, 0.13490], precision=[0.00382, 0.00287], hit=[0.03820, 0.05740], ndcg=[0.01847, 0.02327, 0.02982, 0.03753]
Epoch 70 [93.4s]: train==[-997.45111=-1110.17714 + 12.75445 + 57.12652 + 42.84506]
Epoch 71 [172.7s]: train==[-997.41011=-1110.14396 + 12.77322 + 57.12027 + 42.84037]
Epoch 72 [87.4s]: train==[-997.91515=-1110.65587 + 12.80333 + 57.10698 + 42.83041]
Epoch 73 [82.1s]: train==[-999.06440=-1111.82453 + 12.83038 + 57.10261 + 42.82715]
Epoch 74 [82.1s + 17.6s]:, recall=[0.03650, 0.05730, 0.08980, 0.13490], precision=[0.00365, 0.00286], hit=[0.03650, 0.05730], ndcg=[0.01804, 0.02329, 0.02987, 0.03752]
Epoch 75 [81.3s]: train==[-999.49528=-1112.25235 + 12.86669 + 57.08012 + 42.81026]
Epoch 76 [83.2s]: train==[-1001.06127=-1113.85057 + 12.90799 + 57.07493 + 42.80638]
Epoch 77 [80.6s]: train==[-1001.08376=-1113.89557 + 12.94499 + 57.06665 + 42.80018]
Epoch 78 [80.0s]: train==[-1000.80804=-1113.62614 + 12.96228 + 57.06037 + 42.79544]
Epoch 79 [83.7s + 17.2s]:, recall=[0.03680, 0.05780, 0.09030, 0.13660], precision=[0.00368, 0.00289], hit=[0.03680, 0.05780], ndcg=[0.01810, 0.02336, 0.02995, 0.03783]
Epoch 80 [79.9s]: train==[-1002.48894=-1115.28762 + 12.97706 + 57.04082 + 42.78080]
Epoch 81 [80.0s]: train==[-1003.52809=-1116.38492 + 13.04698 + 57.03410 + 42.77576]
Epoch 82 [79.6s]: train==[-1003.59080=-1116.45231 + 13.06479 + 57.02660 + 42.77013]
Epoch 83 [80.6s]: train==[-1004.00671=-1116.87043 + 13.08947 + 57.01375 + 42.76050]
Epoch 84 [80.5s + 16.0s]:, recall=[0.03640, 0.05880, 0.09220, 0.13520], precision=[0.00364, 0.00294], hit=[0.03640, 0.05880], ndcg=[0.01794, 0.02356, 0.03032, 0.03764]
Epoch 85 [79.9s]: train==[-1005.29183=-1118.16403 + 13.12562 + 56.99794 + 42.74865]
Epoch 86 [87.9s]: train==[-1005.55416=-1118.42618 + 13.14726 + 56.98547 + 42.73929]
Epoch 87 [88.4s]: train==[-1006.54740=-1119.45524 + 13.19141 + 56.98072 + 42.73571]
Epoch 88 [81.2s]: train==[-1005.45939=-1118.35351 + 13.20442 + 56.96544 + 42.72426]
Epoch 89 [81.3s + 15.0s]:, recall=[0.03630, 0.05810, 0.09090, 0.13650], precision=[0.00363, 0.00290], hit=[0.03630, 0.05810], ndcg=[0.01796, 0.02342, 0.03006, 0.03781]
Epoch 90 [80.7s]: train==[-1006.58741=-1119.50453 + 13.23930 + 56.95864 + 42.71918]
Epoch 91 [81.1s]: train==[-1008.20728=-1121.15403 + 13.29206 + 56.94543 + 42.70925]
Epoch 92 [80.4s]: train==[-1007.94354=-1120.87193 + 13.29247 + 56.93469 + 42.70122]
Epoch 93 [81.6s]: train==[-1008.57031=-1121.51818 + 13.32520 + 56.92712 + 42.69554]
Epoch 94 [79.9s + 15.4s]:, recall=[0.03690, 0.05760, 0.09030, 0.13790], precision=[0.00369, 0.00288], hit=[0.03690, 0.05760], ndcg=[0.01827, 0.02346, 0.03011, 0.03822]
Epoch 95 [80.7s]: train==[-1008.82226=-1121.79020 + 13.38143 + 56.90648 + 42.68004]
Epoch 96 [79.4s]: train==[-1008.78020=-1121.73462 + 13.38323 + 56.89773 + 42.67346]
Epoch 97 [77.9s]: train==[-1010.88452=-1123.87270 + 13.42373 + 56.89388 + 42.67058]
Epoch 98 [79.3s]: train==[-1009.49838=-1122.48237 + 13.44296 + 56.88049 + 42.66053]
Epoch 99 [79.4s + 15.5s]:, recall=[0.03580, 0.05710, 0.08980, 0.13390], precision=[0.00358, 0.00285], hit=[0.03580, 0.05710], ndcg=[0.01763, 0.02298, 0.02961, 0.03715]
Epoch 100 [79.5s]: train==[-1010.22782=-1123.21554 + 13.48009 + 56.86141 + 42.64623]
Epoch 101 [81.0s]: train==[-1010.65144=-1123.62376 + 13.49186 + 56.84587 + 42.63459]
Epoch 102 [81.0s]: train==[-1010.42526=-1123.44524 + 13.54505 + 56.84272 + 42.63223]
Epoch 103 [81.4s]: train==[-1010.66139=-1123.64613 + 13.53510 + 56.82826 + 42.62137]
Epoch 104 [86.4s + 17.9s]:, recall=[0.03600, 0.05770, 0.09000, 0.13480], precision=[0.00360, 0.00288], hit=[0.03600, 0.05770], ndcg=[0.01756, 0.02302, 0.02959, 0.03726]
Epoch 105 [81.0s]: train==[-1011.22501=-1124.21077 + 13.56476 + 56.81190 + 42.60909]
Epoch 106 [81.6s]: train==[-1011.44370=-1124.43292 + 13.59329 + 56.79757 + 42.59836]
Epoch 107 [82.3s]: train==[-1012.34124=-1125.34547 + 13.62889 + 56.78581 + 42.58953]
Epoch 108 [87.1s]: train==[-1012.26693=-1125.26612 + 13.64395 + 56.77432 + 42.58092]
Epoch 109 [83.1s + 15.9s]:, recall=[0.03760, 0.06000, 0.09170, 0.13550], precision=[0.00376, 0.00300], hit=[0.03760, 0.06000], ndcg=[0.01815, 0.02373, 0.03016, 0.03764]
Epoch 110 [82.3s]: train==[-1012.71862=-1125.74395 + 13.69470 + 56.76025 + 42.57037]
Epoch 111 [86.2s]: train==[-1013.93873=-1126.94048 + 13.69038 + 56.74926 + 42.56211]
Epoch 112 [82.5s]: train==[-1013.06710=-1126.06607 + 13.71214 + 56.73523 + 42.55159]
Epoch 113 [81.9s]: train==[-1013.41037=-1126.39924 + 13.71112 + 56.73004 + 42.54771]
Epoch 114 [82.0s + 55.3s]:, recall=[0.03620, 0.05810, 0.09110, 0.13590], precision=[0.00362, 0.00290], hit=[0.03620, 0.05810], ndcg=[0.01783, 0.02337, 0.03008, 0.03771]
Epoch 115 [124.9s]: train==[-1014.19446=-1127.18963 + 13.75177 + 56.71041 + 42.53298]
Epoch 116 [91.7s]: train==[-1014.63423=-1127.61350 + 13.75918 + 56.69709 + 42.52300]
