nohup: ignoring input
Dataset name: Tmall
The number of users: 31882
The number of items: 31232
The behavior ratings: [1093807, 140068, 49482, 167862]
The number of ratings: 1451219
Average actions of users: 45.52
Average actions of items: 46.47
The density of the dataset: 0.001457
The sparsity of the dataset: 99.854257%
already load adj matrix 0.3168466091156006
already load pre adj matrix
use the pre adjcency matrix
201
51
54
51
without pretraining.
Epoch 0 [81.4s]: train==[-9.17113=-216.89040 + 105.65993 + 58.31988 + 43.73947]
Epoch 1 [81.0s]: train==[-212.59006=-333.53953 + 19.38307 + 58.03822 + 43.52817]
Epoch 2 [84.5s]: train==[-280.07067=-388.75531 + 7.51402 + 57.81226 + 43.35836]
Epoch 3 [82.3s]: train==[-322.43463=-428.63296 + 5.18051 + 57.72509 + 43.29272]
Epoch 4 [80.8s + 15.9s]:, recall=[0.01050, 0.01860, 0.02810, 0.04380], precision=[0.00105, 0.00093], hit=[0.01050, 0.01860], ndcg=[0.00528, 0.00731, 0.00925, 0.01192]
Epoch 5 [82.9s]: train==[-393.67513=-499.17253 + 4.60906 + 57.65133 + 43.23701]
Epoch 6 [81.4s]: train==[-426.11805=-531.58214 + 4.62033 + 57.62595 + 43.21780]
Epoch 7 [81.4s]: train==[-457.78179=-563.27198 + 4.67384 + 57.61030 + 43.20606]
Epoch 8 [83.4s]: train==[-488.51670=-594.13525 + 4.83378 + 57.59227 + 43.19249]
Epoch 9 [86.8s + 15.8s]:, recall=[0.01800, 0.02790, 0.04570, 0.07220], precision=[0.00180, 0.00140], hit=[0.01800, 0.02790], ndcg=[0.00938, 0.01185, 0.01547, 0.01998]
Epoch 10 [107.4s]: train==[-532.34851=-637.99560 + 4.87934 + 57.58258 + 43.18517]
Epoch 11 [84.3s]: train==[-548.12503=-653.73151 + 4.86280 + 57.56884 + 43.17485]
Epoch 12 [90.2s]: train==[-562.87843=-668.39688 + 4.78606 + 57.56241 + 43.16997]
Epoch 13 [81.2s]: train==[-576.39320=-681.83047 + 4.71189 + 57.55839 + 43.16698]
Epoch 14 [85.9s + 16.2s]:, recall=[0.02090, 0.03370, 0.05400, 0.08400], precision=[0.00209, 0.00169], hit=[0.02090, 0.03370], ndcg=[0.01085, 0.01407, 0.01818, 0.02330]
Epoch 15 [81.3s]: train==[-598.01431=-703.26500 + 4.56635 + 57.53491 + 43.14944]
Epoch 16 [81.4s]: train==[-608.81129=-713.98698 + 4.49023 + 57.53551 + 43.14994]
Epoch 17 [82.7s]: train==[-616.17857=-721.27429 + 4.42090 + 57.52948 + 43.14534]
Epoch 18 [80.7s]: train==[-625.68817=-730.72259 + 4.37330 + 57.52164 + 43.13948]
Epoch 19 [82.7s + 16.5s]:, recall=[0.02330, 0.03560, 0.05790, 0.09100], precision=[0.00233, 0.00178], hit=[0.02330, 0.03560], ndcg=[0.01254, 0.01565, 0.02019, 0.02583]
Epoch 20 [80.1s]: train==[-641.88793=-746.81519 + 4.27897 + 57.51427 + 43.13402]
Epoch 21 [81.7s]: train==[-649.78703=-754.66463 + 4.23466 + 57.51122 + 43.13173]
Epoch 22 [80.2s]: train==[-656.69571=-761.53021 + 4.20070 + 57.50597 + 43.12783]
Epoch 23 [81.2s]: train==[-662.95101=-767.74946 + 4.17257 + 57.50143 + 43.12445]
Epoch 24 [80.8s + 16.2s]:, recall=[0.02480, 0.03820, 0.06100, 0.09350], precision=[0.00248, 0.00191], hit=[0.02480, 0.03820], ndcg=[0.01320, 0.01656, 0.02120, 0.02674]
Epoch 25 [81.8s]: train==[-676.83605=-781.56402 + 4.11972 + 57.49132 + 43.11693]
Epoch 26 [83.2s]: train==[-683.47675=-788.16023 + 4.08121 + 57.48792 + 43.11434]
Epoch 27 [80.8s]: train==[-688.45707=-793.10060 + 4.05602 + 57.47943 + 43.10807]
Epoch 28 [82.3s]: train==[-694.25253=-798.86774 + 4.03522 + 57.47513 + 43.10485]
Epoch 29 [84.4s + 16.1s]:, recall=[0.02660, 0.04300, 0.06440, 0.09860], precision=[0.00266, 0.00215], hit=[0.02660, 0.04300], ndcg=[0.01421, 0.01833, 0.02268, 0.02852]
Epoch 30 [82.0s]: train==[-706.77131=-811.31088 + 3.97422 + 57.46678 + 43.09857]
Epoch 31 [83.3s]: train==[-711.88228=-816.39664 + 3.95650 + 57.46251 + 43.09536]
Epoch 32 [85.4s]: train==[-717.34250=-821.83466 + 3.94469 + 57.45653 + 43.09094]
Epoch 33 [84.7s]: train==[-721.19090=-825.66458 + 3.93319 + 57.45254 + 43.08795]
Epoch 34 [81.3s + 15.7s]:, recall=[0.02910, 0.04480, 0.06870, 0.10440], precision=[0.00291, 0.00224], hit=[0.02910, 0.04480], ndcg=[0.01558, 0.01951, 0.02436, 0.03045]
Epoch 35 [80.4s]: train==[-732.33708=-836.77576 + 3.92108 + 57.43944 + 43.07816]
Epoch 36 [80.2s]: train==[-736.73360=-841.15244 + 3.89510 + 57.44293 + 43.08082]
Epoch 37 [80.6s]: train==[-741.78907=-846.18654 + 3.88117 + 57.43866 + 43.07764]
Epoch 38 [83.5s]: train==[-747.13721=-851.52480 + 3.87768 + 57.43502 + 43.07488]
Epoch 39 [83.1s + 16.3s]:, recall=[0.02930, 0.04660, 0.07210, 0.10910], precision=[0.00293, 0.00233], hit=[0.02930, 0.04660], ndcg=[0.01583, 0.02018, 0.02535, 0.03167]
Epoch 40 [82.2s]: train==[-755.44146=-859.78388 + 3.86074 + 57.41887 + 43.06282]
Epoch 41 [80.6s]: train==[-758.72222=-863.06521 + 3.86046 + 57.41938 + 43.06315]
Epoch 42 [89.3s]: train==[-764.11038=-868.43482 + 3.85085 + 57.41425 + 43.05933]
Epoch 43 [83.1s]: train==[-767.15135=-871.48797 + 3.87142 + 57.40947 + 43.05574]
Epoch 44 [83.1s + 40.2s]:, recall=[0.03070, 0.04730, 0.07630, 0.11360], precision=[0.00307, 0.00236], hit=[0.03070, 0.04730], ndcg=[0.01655, 0.02072, 0.02660, 0.03297]
Epoch 45 [94.5s]: train==[-776.19531=-880.51099 + 3.85741 + 57.40549 + 43.05278]
Epoch 46 [88.3s]: train==[-781.26809=-885.59963 + 3.87362 + 57.40528 + 43.05264]
Epoch 47 [82.0s]: train==[-783.26499=-887.58131 + 3.87480 + 57.39589 + 43.04565]
Epoch 48 [81.1s]: train==[-787.61466=-891.94368 + 3.89258 + 57.39300 + 43.04344]
Epoch 49 [82.6s + 16.4s]:, recall=[0.03320, 0.05050, 0.08060, 0.11790], precision=[0.00332, 0.00252], hit=[0.03320, 0.05050], ndcg=[0.01744, 0.02174, 0.02789, 0.03425]
Epoch 50 [81.1s]: train==[-794.67458=-899.03984 + 3.94090 + 57.38609 + 43.03826]
Epoch 51 [81.1s]: train==[-798.26216=-902.64268 + 3.96762 + 57.37953 + 43.03338]
Epoch 52 [80.2s]: train==[-802.73469=-907.12367 + 3.98570 + 57.37403 + 43.02925]
Epoch 53 [80.2s]: train==[-805.51171=-909.91900 + 4.00988 + 57.37069 + 43.02673]
Epoch 54 [81.4s + 17.3s]:, recall=[0.03290, 0.05230, 0.08310, 0.12170], precision=[0.00329, 0.00261], hit=[0.03290, 0.05230], ndcg=[0.01773, 0.02259, 0.02884, 0.03543]
Epoch 55 [81.2s]: train==[-811.87662=-916.28827 + 4.03077 + 57.36126 + 43.01962]
Epoch 56 [80.8s]: train==[-815.73538=-920.17029 + 4.05866 + 57.35863 + 43.01762]
Epoch 57 [80.8s]: train==[-818.24430=-922.71003 + 4.10065 + 57.35222 + 43.01285]
Epoch 58 [79.9s]: train==[-822.52486=-926.99279 + 4.10934 + 57.34853 + 43.01005]
Epoch 59 [81.2s + 16.1s]:, recall=[0.03340, 0.05250, 0.08490, 0.12640], precision=[0.00334, 0.00262], hit=[0.03340, 0.05250], ndcg=[0.01802, 0.02284, 0.02944, 0.03650]
Epoch 60 [80.4s]: train==[-825.61482=-930.13210 + 4.17450 + 57.33951 + 43.00327]
Epoch 61 [81.3s]: train==[-829.32894=-933.86747 + 4.19857 + 57.33787 + 43.00209]
Epoch 62 [80.5s]: train==[-832.38781=-936.93259 + 4.20451 + 57.33809 + 43.00217]
Epoch 63 [80.3s]: train==[-833.86713=-938.43539 + 4.23792 + 57.33240 + 42.99794]
Epoch 64 [80.9s + 15.6s]:, recall=[0.03450, 0.05490, 0.08890, 0.12820], precision=[0.00345, 0.00274], hit=[0.03450, 0.05490], ndcg=[0.01797, 0.02306, 0.02998, 0.03666]
Epoch 65 [80.0s]: train==[-839.27683=-943.88224 + 4.28344 + 57.32764 + 42.99435]
Epoch 66 [81.0s]: train==[-841.58734=-946.17633 + 4.28604 + 57.31679 + 42.98617]
Epoch 67 [80.4s]: train==[-842.17216=-946.78356 + 4.32237 + 57.30880 + 42.98023]
Epoch 68 [80.3s]: train==[-846.23923=-950.87449 + 4.34405 + 57.31006 + 42.98115]
Epoch 69 [80.4s + 14.6s]:, recall=[0.03530, 0.05710, 0.08950, 0.13000], precision=[0.00353, 0.00285], hit=[0.03530, 0.05710], ndcg=[0.01860, 0.02402, 0.03063, 0.03754]
Epoch 70 [80.2s]: train==[-849.61064=-954.26220 + 4.37455 + 57.30193 + 42.97509]
Epoch 71 [80.5s]: train==[-851.67373=-956.36689 + 4.41972 + 57.29992 + 42.97352]
Epoch 72 [79.7s]: train==[-854.05078=-958.76503 + 4.45611 + 57.29116 + 42.96698]
Epoch 73 [80.0s]: train==[-854.74677=-959.50312 + 4.49827 + 57.29112 + 42.96695]
Epoch 74 [80.8s + 18.4s]:, recall=[0.03630, 0.05790, 0.09100, 0.13310], precision=[0.00363, 0.00289], hit=[0.03630, 0.05790], ndcg=[0.01915, 0.02456, 0.03131, 0.03847]
Epoch 75 [81.4s]: train==[-858.77255=-963.60558 + 4.59873 + 57.27755 + 42.95675]
Epoch 76 [81.3s]: train==[-860.94076=-965.82393 + 4.65001 + 57.27688 + 42.95629]
Epoch 77 [80.7s]: train==[-862.11447=-967.04026 + 4.69904 + 57.27323 + 42.95352]
Epoch 78 [80.5s]: train==[-862.98874=-967.94695 + 4.73439 + 57.27157 + 42.95226]
Epoch 79 [80.9s + 17.1s]:, recall=[0.03680, 0.05830, 0.09320, 0.13540], precision=[0.00368, 0.00291], hit=[0.03680, 0.05830], ndcg=[0.01919, 0.02458, 0.03170, 0.03886]
Epoch 80 [80.5s]: train==[-866.34634=-971.35045 + 4.79855 + 57.26115 + 42.94442]
Epoch 81 [80.8s]: train==[-868.00072=-973.01148 + 4.80916 + 57.25887 + 42.94274]
Epoch 82 [80.3s]: train==[-869.27073=-974.29422 + 4.82705 + 57.25600 + 42.94044]
Epoch 83 [80.7s]: train==[-870.55179=-975.59319 + 4.85920 + 57.24783 + 42.93437]
Epoch 84 [81.1s + 16.6s]:, recall=[0.03670, 0.05810, 0.09320, 0.13580], precision=[0.00367, 0.00290], hit=[0.03670, 0.05810], ndcg=[0.01947, 0.02484, 0.03201, 0.03927]
Epoch 85 [80.7s]: train==[-873.20844=-978.28368 + 4.90447 + 57.24131 + 42.92947]
Epoch 86 [83.1s]: train==[-874.92171=-979.99644 + 4.91722 + 57.23372 + 42.92379]
Epoch 87 [82.4s]: train==[-875.66543=-980.78059 + 4.95781 + 57.23365 + 42.92369]
Epoch 88 [81.5s]: train==[-876.32663=-981.43472 + 4.96849 + 57.22348 + 42.91612]
Epoch 89 [82.4s + 17.1s]:, recall=[0.03750, 0.05870, 0.09300, 0.13840], precision=[0.00375, 0.00293], hit=[0.03750, 0.05870], ndcg=[0.01939, 0.02470, 0.03173, 0.03946]
Epoch 90 [80.5s]: train==[-879.09720=-984.26669 + 5.02431 + 57.22668 + 42.91851]
Epoch 91 [81.6s]: train==[-880.35965=-985.54607 + 5.05568 + 57.21843 + 42.91231]
Epoch 92 [84.1s]: train==[-881.19198=-986.36911 + 5.05617 + 57.21286 + 42.90810]
Epoch 93 [83.2s]: train==[-881.81436=-987.00764 + 5.07623 + 57.21065 + 42.90640]
Epoch 94 [84.4s + 18.0s]:, recall=[0.03760, 0.05960, 0.09330, 0.13770], precision=[0.00376, 0.00298], hit=[0.03760, 0.05960], ndcg=[0.01918, 0.02470, 0.03154, 0.03910]
Epoch 95 [86.4s]: train==[-883.78966=-989.02018 + 5.13103 + 57.20058 + 42.89890]
Epoch 96 [87.9s]: train==[-883.53324=-988.77975 + 5.15379 + 57.19677 + 42.89595]
Epoch 97 [106.7s]: train==[-885.77947=-991.02966 + 5.15471 + 57.19834 + 42.89715]
Epoch 98 [92.4s]: train==[-885.69182=-990.95991 + 5.18665 + 57.19033 + 42.89111]
Epoch 99 [93.8s + 19.1s]:, recall=[0.03840, 0.06090, 0.09370, 0.13650], precision=[0.00384, 0.00304], hit=[0.03840, 0.06090], ndcg=[0.01987, 0.02550, 0.03216, 0.03950]
Epoch 100 [83.2s]: train==[-887.70868=-993.00043 + 5.22421 + 57.18240 + 42.88515]
Epoch 101 [82.7s]: train==[-887.66805=-992.94925 + 5.23104 + 57.17247 + 42.87769]
Epoch 102 [80.7s]: train==[-888.84741=-994.15487 + 5.25277 + 57.17503 + 42.87965]
Epoch 103 [82.5s]: train==[-889.52048=-994.84243 + 5.28302 + 57.16605 + 42.87287]
Epoch 104 [81.3s + 19.1s]:, recall=[0.03770, 0.06130, 0.09370, 0.13770], precision=[0.00377, 0.00306], hit=[0.03770, 0.06130], ndcg=[0.01944, 0.02538, 0.03198, 0.03951]
Epoch 105 [80.7s]: train==[-891.25681=-996.59956 + 5.31329 + 57.16064 + 42.86881]
Epoch 106 [86.2s]: train==[-892.06682=-997.40919 + 5.32872 + 57.15162 + 42.86203]
Epoch 107 [84.1s]: train==[-892.66894=-998.02576 + 5.35360 + 57.14568 + 42.85754]
Epoch 108 [86.7s]: train==[-893.41311=-998.79234 + 5.38635 + 57.13978 + 42.85309]
Epoch 109 [81.9s + 17.1s]:, recall=[0.03790, 0.06110, 0.09600, 0.13870], precision=[0.00379, 0.00305], hit=[0.03790, 0.06110], ndcg=[0.01961, 0.02543, 0.03254, 0.03981]
Epoch 110 [83.1s]: train==[-894.69596=-1000.09523 + 5.41212 + 57.13652 + 42.85062]
Epoch 111 [81.1s]: train==[-895.29144=-1000.70316 + 5.43390 + 57.13121 + 42.84661]
Epoch 112 [81.9s]: train==[-895.80186=-1001.20587 + 5.44049 + 57.12302 + 42.84051]
Epoch 113 [83.0s]: train==[-896.27905=-1001.71688 + 5.47437 + 57.12300 + 42.84048]
Epoch 114 [84.6s + 16.5s]:, recall=[0.03830, 0.06090, 0.09540, 0.13830], precision=[0.00383, 0.00304], hit=[0.03830, 0.06090], ndcg=[0.01971, 0.02539, 0.03243, 0.03976]
Epoch 115 [86.0s]: train==[-896.84250=-1002.29806 + 5.50716 + 57.11444 + 42.83396]
Epoch 116 [82.0s]: train==[-898.00343=-1003.46414 + 5.52583 + 57.10670 + 42.82818]
Epoch 117 [82.9s]: train==[-897.88389=-1003.34349 + 5.53333 + 57.10176 + 42.82450]
Epoch 118 [81.7s]: train==[-898.88898=-1004.37655 + 5.57326 + 57.09494 + 42.81937]
Epoch 119 [82.0s + 14.6s]:, recall=[0.03750, 0.06200, 0.09520, 0.13850], precision=[0.00375, 0.00310], hit=[0.03750, 0.06200], ndcg=[0.01956, 0.02570, 0.03248, 0.03986]
Epoch 120 [84.0s]: train==[-899.23384=-1004.75659 + 5.61830 + 57.08932 + 42.81512]
Epoch 121 [82.8s]: train==[-900.83631=-1006.37498 + 5.63751 + 57.08743 + 42.81373]
Epoch 122 [82.4s]: train==[-900.58940=-1006.11395 + 5.63496 + 57.08078 + 42.80881]
Epoch 123 [82.4s]: train==[-901.21237=-1006.73642 + 5.65296 + 57.07020 + 42.80087]
Epoch 124 [84.5s + 15.9s]:, recall=[0.03760, 0.06190, 0.09620, 0.13970], precision=[0.00376, 0.00309], hit=[0.03760, 0.06190], ndcg=[0.01937, 0.02551, 0.03253, 0.03992]
Epoch 125 [84.0s]: train==[-901.56550=-1007.12678 + 5.70093 + 57.06414 + 42.79623]
Epoch 126 [81.9s]: train==[-902.81847=-1008.37485 + 5.71144 + 57.05536 + 42.78959]
Epoch 127 [81.5s]: train==[-901.66308=-1007.23110 + 5.72879 + 57.05206 + 42.78716]
Epoch 128 [83.0s]: train==[-903.25052=-1008.82642 + 5.74575 + 57.04691 + 42.78323]
Epoch 129 [81.8s + 14.9s]:, recall=[0.03940, 0.06260, 0.09540, 0.13880], precision=[0.00394, 0.00313], hit=[0.03940, 0.06260], ndcg=[0.02011, 0.02590, 0.03264, 0.04002]
Epoch 130 [83.9s]: train==[-903.72609=-1009.30955 + 5.77751 + 57.03305 + 42.77289]
Epoch 131 [83.0s]: train==[-903.96281=-1009.57155 + 5.79980 + 57.03479 + 42.77416]
Epoch 132 [84.4s]: train==[-904.83458=-1010.46201 + 5.82014 + 57.03385 + 42.77344]
Epoch 133 [84.2s]: train==[-905.85868=-1011.47413 + 5.82009 + 57.02706 + 42.76829]
Epoch 134 [80.6s + 15.4s]:, recall=[0.03820, 0.06270, 0.09530, 0.13880], precision=[0.00382, 0.00313], hit=[0.03820, 0.06270], ndcg=[0.01963, 0.02578, 0.03246, 0.03987]
Epoch 135 [83.8s]: train==[-906.15200=-1011.79504 + 5.87187 + 57.01323 + 42.75794]
Epoch 136 [82.8s]: train==[-905.91971=-1011.55175 + 5.86721 + 57.00966 + 42.75516]
Epoch 137 [89.7s]: train==[-906.52436=-1012.14434 + 5.86659 + 57.00309 + 42.75029]
Epoch 138 [86.4s]: train==[-906.69410=-1012.32562 + 5.88209 + 57.00084 + 42.74858]
Epoch 139 [85.4s + 15.4s]:, recall=[0.03810, 0.06350, 0.09490, 0.13980], precision=[0.00381, 0.00317], hit=[0.03810, 0.06350], ndcg=[0.01979, 0.02617, 0.03257, 0.04023]
Epoch 140 [82.8s]: train==[-907.03450=-1012.70169 + 5.93990 + 56.98822 + 42.73907]
Epoch 141 [105.8s]: train==[-907.44804=-1013.11716 + 5.95369 + 56.98144 + 42.73399]
Epoch 142 [107.9s]: train==[-908.07677=-1013.74519 + 5.96278 + 56.97585 + 42.72978]
Epoch 143 [83.0s]: train==[-907.29474=-1012.95731 + 5.96947 + 56.96871 + 42.72441]
Epoch 144 [85.6s + 16.3s]:, recall=[0.03880, 0.06270, 0.09580, 0.14160], precision=[0.00388, 0.00313], hit=[0.03880, 0.06270], ndcg=[0.01990, 0.02591, 0.03268, 0.04046]
