nohup: ignoring input
Dataset name: Tmall
The number of users: 31882
The number of items: 31232
The behavior ratings: [1093807, 140068, 49482, 167862]
The number of ratings: 1451219
Average actions of users: 45.52
Average actions of items: 46.47
The density of the dataset: 0.001457
The sparsity of the dataset: 99.854257%
already load adj matrix 0.3975086212158203
already load pre adj matrix
use the pre adjcency matrix
201
51
54
51
without pretraining.
Epoch 0 [83.9s]: train==[498.16732=-228.02772 + 624.18230 + 58.29302 + 43.71973]
Epoch 1 [81.4s]: train==[-170.86595=-353.11367 + 80.59994 + 58.08448 + 43.56331]
Epoch 2 [81.2s]: train==[-284.42438=-413.64067 + 27.74866 + 57.98153 + 43.48610]
Epoch 3 [79.8s]: train==[-351.43321=-471.12686 + 18.32795 + 57.92328 + 43.44243]
Epoch 4 [80.1s + 15.8s]:, recall=[0.01600, 0.02510, 0.04010, 0.06390], precision=[0.00160, 0.00126], hit=[0.01600, 0.02510], ndcg=[0.00848, 0.01076, 0.01381, 0.01789]
Epoch 5 [86.6s]: train==[-470.39643=-586.11679 + 14.45371 + 57.86667 + 43.39997]
Epoch 6 [84.0s]: train==[-515.42379=-630.62360 + 13.96412 + 57.84898 + 43.38671]
Epoch 7 [84.6s]: train==[-555.16774=-670.35251 + 13.96795 + 57.83820 + 43.37863]
Epoch 8 [80.4s]: train==[-592.07498=-707.55629 + 14.28182 + 57.82829 + 43.37120]
Epoch 9 [80.7s + 17.2s]:, recall=[0.02430, 0.04010, 0.06140, 0.09610], precision=[0.00243, 0.00201], hit=[0.02430, 0.04010], ndcg=[0.01341, 0.01738, 0.02172, 0.02764]
Epoch 10 [79.4s]: train==[-655.52096=-771.49727 + 14.81793 + 57.80478 + 43.35359]
Epoch 11 [80.5s]: train==[-683.98614=-800.20314 + 15.07378 + 57.79612 + 43.34710]
Epoch 12 [81.0s]: train==[-711.35919=-827.75292 + 15.25610 + 57.79293 + 43.34470]
Epoch 13 [80.6s]: train==[-737.55639=-854.16632 + 15.48689 + 57.78459 + 43.33844]
Epoch 14 [82.2s + 16.5s]:, recall=[0.02870, 0.04630, 0.07210, 0.11520], precision=[0.00287, 0.00231], hit=[0.02870, 0.04630], ndcg=[0.01511, 0.01955, 0.02481, 0.03217]
Epoch 15 [80.5s]: train==[-781.83912=-898.77055 + 15.84717 + 57.76243 + 43.32183]
Epoch 16 [81.6s]: train==[-801.92290=-919.07244 + 16.07161 + 57.75881 + 43.31912]
Epoch 17 [81.2s]: train==[-819.28048=-936.61458 + 16.26493 + 57.75381 + 43.31537]
Epoch 18 [79.8s]: train==[-835.58518=-953.10376 + 16.46548 + 57.74462 + 43.30848]
Epoch 19 [78.9s + 15.7s]:, recall=[0.03380, 0.05260, 0.08200, 0.12580], precision=[0.00338, 0.00263], hit=[0.03380, 0.05260], ndcg=[0.01711, 0.02181, 0.02780, 0.03527]
Epoch 20 [81.6s]: train==[-863.95898=-981.87216 + 16.88246 + 57.73183 + 43.29889]
Epoch 21 [81.6s]: train==[-875.85135=-993.92276 + 17.06127 + 57.72006 + 43.29007]
Epoch 22 [81.3s]: train==[-887.40070=-1005.64004 + 17.22721 + 57.72120 + 43.29092]
Epoch 23 [81.5s]: train==[-896.78380=-1015.13585 + 17.35980 + 57.70985 + 43.28240]
Epoch 24 [81.9s + 15.8s]:, recall=[0.03540, 0.05540, 0.08690, 0.12990], precision=[0.00354, 0.00277], hit=[0.03540, 0.05540], ndcg=[0.01825, 0.02326, 0.02970, 0.03703]
Epoch 25 [82.4s]: train==[-914.25659=-1032.84613 + 17.61961 + 57.69709 + 43.27283]
Epoch 26 [82.9s]: train==[-921.99605=-1040.72343 + 17.76922 + 57.69037 + 43.26779]
Epoch 27 [83.9s]: train==[-928.27955=-1047.10146 + 17.88559 + 57.67789 + 43.25843]
Epoch 28 [80.8s]: train==[-934.29500=-1053.18732 + 17.96735 + 57.67140 + 43.25357]
Epoch 29 [79.9s + 15.4s]:, recall=[0.03780, 0.05970, 0.09260, 0.13430], precision=[0.00378, 0.00298], hit=[0.03780, 0.05970], ndcg=[0.01947, 0.02497, 0.03164, 0.03873]
Epoch 30 [79.9s]: train==[-945.39033=-1064.50254 + 18.20528 + 57.66109 + 43.24584]
Epoch 31 [84.9s]: train==[-949.87887=-1069.08155 + 18.31119 + 57.65227 + 43.23922]
Epoch 32 [87.4s]: train==[-954.26959=-1073.52374 + 18.37134 + 57.64730 + 43.23550]
Epoch 33 [107.7s]: train==[-957.77582=-1077.07772 + 18.45151 + 57.62878 + 43.22160]
Epoch 34 [84.4s + 16.5s]:, recall=[0.03820, 0.06140, 0.09410, 0.13970], precision=[0.00382, 0.00307], hit=[0.03820, 0.06140], ndcg=[0.01967, 0.02552, 0.03216, 0.03993]
Epoch 35 [86.9s]: train==[-966.17605=-1085.63693 + 18.62332 + 57.62144 + 43.21612]
Epoch 36 [79.3s]: train==[-968.84708=-1088.36272 + 18.68171 + 57.61938 + 43.21456]
Epoch 37 [80.6s]: train==[-971.72991=-1091.31451 + 18.77817 + 57.60366 + 43.20278]
Epoch 38 [81.2s]: train==[-975.37656=-1095.03481 + 18.86150 + 57.59813 + 43.19863]
Epoch 39 [81.5s + 15.9s]:, recall=[0.03970, 0.06220, 0.09390, 0.13960], precision=[0.00397, 0.00311], hit=[0.03970, 0.06220], ndcg=[0.02021, 0.02586, 0.03229, 0.04010]
Epoch 40 [80.3s]: train==[-980.40389=-1100.17076 + 19.00222 + 57.57978 + 43.18487]
Epoch 41 [80.4s]: train==[-982.02254=-1101.82331 + 19.04684 + 57.57366 + 43.18026]
Epoch 42 [81.0s]: train==[-985.41415=-1105.32476 + 19.16890 + 57.56668 + 43.17504]
Epoch 43 [80.9s]: train==[-986.70727=-1106.64117 + 19.20611 + 57.55873 + 43.16907]
Epoch 44 [80.4s + 16.3s]:, recall=[0.03920, 0.06160, 0.09340, 0.14150], precision=[0.00392, 0.00308], hit=[0.03920, 0.06160], ndcg=[0.01978, 0.02542, 0.03190, 0.04013]
Epoch 45 [81.0s]: train==[-991.17732=-1111.15950 + 19.28230 + 57.54277 + 43.15711]
Epoch 46 [83.9s]: train==[-994.01192=-1114.06843 + 19.36523 + 57.53785 + 43.15342]
Epoch 47 [82.1s]: train==[-994.03690=-1114.08261 + 19.36970 + 57.52913 + 43.14687]
Epoch 48 [81.4s]: train==[-997.49965=-1117.59666 + 19.43479 + 57.52125 + 43.14097]
Epoch 49 [79.5s + 14.9s]:, recall=[0.03970, 0.06240, 0.09540, 0.14300], precision=[0.00397, 0.00312], hit=[0.03970, 0.06240], ndcg=[0.02064, 0.02635, 0.03307, 0.04118]
Epoch 50 [81.0s]: train==[-998.99338=-1119.13504 + 19.50080 + 57.50904 + 43.13182]
Epoch 51 [84.9s]: train==[-1001.24005=-1121.39796 + 19.53191 + 57.50056 + 43.12545]
Epoch 52 [86.3s]: train==[-1002.27834=-1122.46701 + 19.56833 + 57.49732 + 43.12302]
Epoch 53 [85.8s]: train==[-1003.73753=-1123.97115 + 19.62613 + 57.48998 + 43.11752]
Epoch 54 [82.3s + 16.1s]:, recall=[0.03900, 0.06100, 0.09600, 0.14430], precision=[0.00390, 0.00305], hit=[0.03900, 0.06100], ndcg=[0.02042, 0.02597, 0.03315, 0.04139]
Epoch 55 [81.7s]: train==[-1005.72358=-1125.99991 + 19.70316 + 57.47038 + 43.10280]
Epoch 56 [85.3s]: train==[-1006.67719=-1126.92556 + 19.69030 + 57.46174 + 43.09633]
Epoch 57 [81.5s]: train==[-1008.18030=-1128.44237 + 19.72119 + 57.45192 + 43.08896]
Epoch 58 [84.8s]: train==[-1009.52230=-1129.83177 + 19.77560 + 57.44791 + 43.08596]
Epoch 59 [83.2s + 14.9s]:, recall=[0.03960, 0.06300, 0.09840, 0.14700], precision=[0.00396, 0.00315], hit=[0.03960, 0.06300], ndcg=[0.02055, 0.02643, 0.03367, 0.04197]
Epoch 60 [79.8s]: train==[-1010.24581=-1130.57992 + 19.83081 + 57.43045 + 43.07285]
Epoch 61 [83.2s]: train==[-1012.34109=-1132.68044 + 19.84587 + 57.42482 + 43.06865]
Epoch 62 [81.8s]: train==[-1012.21966=-1132.53454 + 19.83183 + 57.41888 + 43.06417]
Epoch 63 [82.5s]: train==[-1012.88258=-1133.19018 + 19.83237 + 57.41441 + 43.06082]
Epoch 64 [81.6s + 15.4s]:, recall=[0.03880, 0.06320, 0.09740, 0.14580], precision=[0.00388, 0.00316], hit=[0.03880, 0.06320], ndcg=[0.02064, 0.02674, 0.03374, 0.04199]
Epoch 65 [81.0s]: train==[-1015.22028=-1135.56455 + 19.90225 + 57.39544 + 43.04658]
Epoch 66 [82.5s]: train==[-1016.18847=-1136.51124 + 19.89555 + 57.38697 + 43.04025]
Epoch 67 [82.0s]: train==[-1015.98155=-1136.35522 + 19.96759 + 57.37488 + 43.03119]
Epoch 68 [81.5s]: train==[-1017.54302=-1137.93492 + 19.98933 + 57.37289 + 43.02969]
Epoch 69 [81.0s + 16.3s]:, recall=[0.03960, 0.06320, 0.09950, 0.14750], precision=[0.00396, 0.00316], hit=[0.03960, 0.06320], ndcg=[0.02102, 0.02695, 0.03436, 0.04253]
Epoch 70 [80.8s]: train==[-1018.91298=-1139.29734 + 20.01392 + 57.35453 + 43.01591]
Epoch 71 [81.1s]: train==[-1019.27935=-1139.66332 + 20.02748 + 57.34656 + 43.00993]
Epoch 72 [79.9s]: train==[-1018.94243=-1139.27326 + 19.98784 + 57.33884 + 43.00414]
Epoch 73 [81.6s]: train==[-1020.42672=-1140.79258 + 20.02884 + 57.33543 + 43.00159]
Epoch 74 [78.9s + 14.9s]:, recall=[0.03930, 0.06440, 0.09890, 0.14700], precision=[0.00393, 0.00322], hit=[0.03930, 0.06440], ndcg=[0.02064, 0.02693, 0.03398, 0.04218]
Epoch 75 [81.8s]: train==[-1022.05376=-1142.39593 + 20.04198 + 57.31438 + 42.98580]
Epoch 76 [81.2s]: train==[-1022.27680=-1142.61389 + 20.04840 + 57.30781 + 42.98087]
Epoch 77 [78.5s]: train==[-1022.41715=-1142.77790 + 20.08487 + 57.30050 + 42.97538]
Epoch 78 [80.8s]: train==[-1022.56547=-1142.93627 + 20.10619 + 57.29407 + 42.97054]
Epoch 79 [80.7s + 15.2s]:, recall=[0.04030, 0.06640, 0.10030, 0.14710], precision=[0.00403, 0.00332], hit=[0.04030, 0.06640], ndcg=[0.02118, 0.02771, 0.03462, 0.04259]
Epoch 80 [83.4s]: train==[-1023.65050=-1144.00405 + 20.12210 + 57.27511 + 42.95635]
Epoch 81 [82.2s]: train==[-1024.11300=-1144.49479 + 20.15310 + 57.27353 + 42.95515]
Epoch 82 [81.3s]: train==[-1024.31932=-1144.71709 + 20.17510 + 57.27009 + 42.95257]
Epoch 83 [83.1s]: train==[-1025.41094=-1145.74754 + 20.13312 + 57.25913 + 42.94435]
Epoch 84 [83.0s + 16.0s]:, recall=[0.03980, 0.06450, 0.10010, 0.14910], precision=[0.00398, 0.00322], hit=[0.03980, 0.06450], ndcg=[0.02118, 0.02733, 0.03458, 0.04293]
Epoch 85 [94.2s]: train==[-1025.90007=-1146.27612 + 20.19418 + 57.24679 + 42.93509]
Epoch 86 [91.2s]: train==[-1026.41189=-1146.78064 + 20.21428 + 57.23113 + 42.92334]
Epoch 87 [79.3s]: train==[-1026.85375=-1147.20213 + 20.20209 + 57.22646 + 42.91984]
Epoch 88 [82.8s]: train==[-1025.94258=-1146.27068 + 20.20572 + 57.21278 + 42.90960]
Epoch 89 [76.5s + 19.9s]:, recall=[0.03950, 0.06530, 0.10000, 0.14800], precision=[0.00395, 0.00326], hit=[0.03950, 0.06530], ndcg=[0.02100, 0.02746, 0.03455, 0.04273]
Epoch 90 [80.5s]: train==[-1027.20856=-1147.57598 + 20.25713 + 57.20587 + 42.90442]
Epoch 91 [79.6s]: train==[-1028.29371=-1148.63727 + 20.25561 + 57.19313 + 42.89483]
Epoch 92 [80.5s]: train==[-1027.50577=-1147.82550 + 20.23589 + 57.19076 + 42.89307]
Epoch 93 [83.9s]: train==[-1028.88205=-1149.24739 + 20.29568 + 57.18266 + 42.88701]
Epoch 94 [81.1s + 14.6s]:, recall=[0.04040, 0.06560, 0.10050, 0.14580], precision=[0.00404, 0.00328], hit=[0.04040, 0.06560], ndcg=[0.02140, 0.02772, 0.03483, 0.04256]
Epoch 95 [82.7s]: train==[-1029.24501=-1149.57231 + 20.29260 + 57.16267 + 42.87203]
Epoch 96 [81.8s]: train==[-1029.03169=-1149.35740 + 20.30593 + 57.15416 + 42.86562]
Epoch 97 [80.8s]: train==[-1030.53116=-1150.84388 + 20.30167 + 57.14918 + 42.86187]
Epoch 98 [82.0s]: train==[-1029.88295=-1150.23168 + 20.35086 + 57.14165 + 42.85623]
Epoch 99 [88.2s + 16.2s]:, recall=[0.04020, 0.06500, 0.10050, 0.14740], precision=[0.00402, 0.00325], hit=[0.04020, 0.06500], ndcg=[0.02130, 0.02752, 0.03479, 0.04278]
Epoch 100 [84.7s]: train==[-1030.84974=-1151.16271 + 20.34441 + 57.12489 + 42.84367]
Epoch 101 [81.0s]: train==[-1030.92376=-1151.24888 + 20.36782 + 57.11845 + 42.83884]
Epoch 102 [82.0s]: train==[-1030.55436=-1150.88130 + 20.37951 + 57.11282 + 42.83461]
Epoch 103 [82.5s]: train==[-1031.33007=-1151.66181 + 20.40490 + 57.10105 + 42.82579]
Epoch 104 [81.5s + 15.5s]:, recall=[0.03910, 0.06530, 0.10130, 0.14660], precision=[0.00391, 0.00326], hit=[0.03910, 0.06530], ndcg=[0.02101, 0.02765, 0.03496, 0.04271]
Epoch 105 [81.2s]: train==[-1031.47332=-1151.74921 + 20.37312 + 57.08729 + 42.81547]
Epoch 106 [79.4s]: train==[-1032.73299=-1153.02548 + 20.40059 + 57.08109 + 42.81081]
Epoch 107 [79.2s]: train==[-1032.24615=-1152.48679 + 20.36420 + 57.07223 + 42.80421]
Epoch 108 [81.8s]: train==[-1032.55032=-1152.82400 + 20.41347 + 57.06297 + 42.79723]
Epoch 109 [79.3s + 14.7s]:, recall=[0.04280, 0.06700, 0.10110, 0.14850], precision=[0.00428, 0.00335], hit=[0.04280, 0.06700], ndcg=[0.02236, 0.02837, 0.03530, 0.04339]
Epoch 110 [80.7s]: train==[-1033.42541=-1153.66320 + 20.40693 + 57.04620 + 42.78467]
Epoch 111 [78.2s]: train==[-1033.65645=-1153.94030 + 20.45983 + 57.04228 + 42.78173]
Epoch 112 [76.5s]: train==[-1033.55497=-1153.78285 + 20.42627 + 57.02949 + 42.77212]
Epoch 113 [76.3s]: train==[-1034.07917=-1154.33843 + 20.46408 + 57.02581 + 42.76935]
Epoch 114 [78.6s + 14.8s]:, recall=[0.03970, 0.06480, 0.09930, 0.14800], precision=[0.00397, 0.00324], hit=[0.03970, 0.06480], ndcg=[0.02146, 0.02775, 0.03480, 0.04312]
Epoch 115 [78.5s]: train==[-1034.15910=-1154.38597 + 20.45851 + 57.01049 + 42.75787]
Epoch 116 [77.7s]: train==[-1034.61102=-1154.83894 + 20.47735 + 57.00033 + 42.75024]
Epoch 117 [81.9s]: train==[-1034.46247=-1154.69812 + 20.49804 + 56.99293 + 42.74468]
Epoch 118 [76.7s]: train==[-1034.51967=-1154.69548 + 20.45139 + 56.98538 + 42.73903]
Epoch 119 [77.1s + 14.7s]:, recall=[0.04160, 0.06520, 0.09860, 0.14870], precision=[0.00416, 0.00326], hit=[0.04160, 0.06520], ndcg=[0.02204, 0.02795, 0.03478, 0.04334]
Epoch 120 [83.9s]: train==[-1034.90085=-1155.09374 + 20.48660 + 56.97503 + 42.73126]
Epoch 121 [79.3s]: train==[-1036.09391=-1156.26215 + 20.48257 + 56.96323 + 42.72243]
Epoch 122 [78.3s]: train==[-1035.87656=-1156.09148 + 20.54351 + 56.95509 + 42.71632]
Epoch 123 [78.0s]: train==[-1035.96471=-1156.14117 + 20.51650 + 56.94854 + 42.71142]
Epoch 124 [80.6s + 15.5s]:, recall=[0.04170, 0.06560, 0.10070, 0.14890], precision=[0.00417, 0.00328], hit=[0.04170, 0.06560], ndcg=[0.02200, 0.02801, 0.03516, 0.04333]
Epoch 125 [88.8s]: train==[-1035.78440=-1155.96376 + 20.54116 + 56.93612 + 42.70207]
Epoch 126 [90.7s]: train==[-1036.28427=-1156.45216 + 20.54881 + 56.92520 + 42.69389]
Epoch 127 [83.3s]: train==[-1034.40850=-1154.54436 + 20.53121 + 56.91694 + 42.68771]
Epoch 128 [81.6s]: train==[-1035.78678=-1155.91955 + 20.53928 + 56.91057 + 42.68293]
Epoch 129 [82.2s + 14.3s]:, recall=[0.04120, 0.06610, 0.10030, 0.15050], precision=[0.00412, 0.00330], hit=[0.04120, 0.06610], ndcg=[0.02179, 0.02805, 0.03501, 0.04355]
Epoch 130 [80.5s]: train==[-1035.87605=-1155.95043 + 20.51535 + 56.89088 + 42.66816]
Epoch 131 [82.0s]: train==[-1037.00819=-1157.12955 + 20.56454 + 56.88961 + 42.66722]
Epoch 132 [79.7s]: train==[-1036.28427=-1156.37205 + 20.54765 + 56.88008 + 42.66005]
Epoch 133 [80.9s]: train==[-1036.71384=-1156.83482 + 20.59571 + 56.87158 + 42.65369]
Epoch 134 [80.4s + 14.8s]:, recall=[0.04090, 0.06510, 0.10060, 0.15160], precision=[0.00409, 0.00325], hit=[0.04090, 0.06510], ndcg=[0.02173, 0.02784, 0.03506, 0.04376]
Epoch 135 [82.0s]: train==[-1037.10169=-1157.16621 + 20.55899 + 56.86031 + 42.64522]
Epoch 136 [80.2s]: train==[-1036.97262=-1157.03823 + 20.57488 + 56.85185 + 42.63889]
Epoch 137 [79.6s]: train==[-1037.78653=-1157.89303 + 20.63281 + 56.84211 + 42.63158]
Epoch 138 [79.4s]: train==[-1037.94112=-1158.03619 + 20.63427 + 56.83473 + 42.62608]
Epoch 139 [78.9s + 15.5s]:, recall=[0.04210, 0.06570, 0.10180, 0.15040], precision=[0.00421, 0.00328], hit=[0.04210, 0.06570], ndcg=[0.02195, 0.02784, 0.03518, 0.04346]
Epoch 140 [77.5s]: train==[-1036.83683=-1156.84870 + 20.58319 + 56.81638 + 42.61229]
Epoch 141 [77.4s]: train==[-1037.77692=-1157.77596 + 20.58131 + 56.81013 + 42.60761]
Epoch 142 [79.0s]: train==[-1038.69206=-1158.72676 + 20.63116 + 56.80200 + 42.60153]
Epoch 143 [78.3s]: train==[-1038.00177=-1157.99512 + 20.60324 + 56.79435 + 42.59577]
Epoch 144 [78.8s + 14.8s]:, recall=[0.04140, 0.06510, 0.10100, 0.14880], precision=[0.00414, 0.00325], hit=[0.04140, 0.06510], ndcg=[0.02218, 0.02811, 0.03544, 0.04361]
Epoch 145 [79.7s]: train==[-1038.20984=-1158.17666 + 20.59709 + 56.78272 + 42.58702]
Epoch 146 [79.7s]: train==[-1038.61041=-1158.62111 + 20.66323 + 56.76998 + 42.57750]
Epoch 147 [84.4s]: train==[-1038.04978=-1157.95498 + 20.56061 + 56.76833 + 42.57626]
Epoch 148 [82.2s]: train==[-1038.02591=-1157.93088 + 20.57702 + 56.75881 + 42.56914]
Epoch 149 [81.3s + 18.8s]:, recall=[0.04140, 0.06790, 0.09940, 0.14850], precision=[0.00414, 0.00339], hit=[0.04140, 0.06790], ndcg=[0.02198, 0.02859, 0.03503, 0.04344]
Epoch 150 [80.9s]: train==[-1039.45544=-1159.41063 + 20.65438 + 56.74331 + 42.55749]
Epoch 151 [79.2s]: train==[-1039.62857=-1159.58902 + 20.66883 + 56.73808 + 42.55355]
Epoch 152 [81.6s]: train==[-1038.42237=-1158.36516 + 20.65612 + 56.73524 + 42.55144]
Epoch 153 [81.9s]: train==[-1038.00684=-1157.91635 + 20.64194 + 56.72431 + 42.54324]
Epoch 154 [80.4s + 14.2s]:, recall=[0.04260, 0.06580, 0.09950, 0.15070], precision=[0.00426, 0.00329], hit=[0.04260, 0.06580], ndcg=[0.02226, 0.02808, 0.03497, 0.04372]
Epoch 155 [79.7s]: train==[-1039.80606=-1159.71802 + 20.67347 + 56.70771 + 42.53077]
Epoch 156 [80.0s]: train==[-1041.10948=-1161.02868 + 20.69155 + 56.70151 + 42.52613]
Epoch 157 [80.9s]: train==[-1039.71181=-1159.61072 + 20.68500 + 56.69368 + 42.52024]
Epoch 158 [77.9s]: train==[-1039.59664=-1159.47296 + 20.67164 + 56.68839 + 42.51629]
Epoch 159 [78.1s + 15.3s]:, recall=[0.04180, 0.06590, 0.09840, 0.15020], precision=[0.00418, 0.00329], hit=[0.04180, 0.06590], ndcg=[0.02191, 0.02799, 0.03465, 0.04350]
Early stopping is trigger at step: 10 log:0.04180000000000017
Best Iter=[21]@[13588.3]	recall=[0.0428	0.0670	0.1011	0.1485], ndcg=[0.0224	0.0284	0.0353	0.0434]
