nohup: ignoring input
Dataset name: Tmall
The number of users: 31882
The number of items: 31232
The behavior ratings: [1093807, 140068, 49482, 167862]
The number of ratings: 1451219
Average actions of users: 45.52
Average actions of items: 46.47
The density of the dataset: 0.001457
The sparsity of the dataset: 99.854257%
already load adj matrix 0.32149553298950195
already load pre adj matrix
use the pre adjcency matrix
201
51
54
51
without pretraining.
Epoch 0 [80.9s]: train==[253.61924=-229.04544 + 380.76258 + 58.22983 + 43.67226]
Epoch 1 [83.7s]: train==[-172.48167=-332.56462 + 58.66246 + 57.95455 + 43.46594]
Epoch 2 [83.4s]: train==[-279.57525=-402.73325 + 22.00877 + 57.79961 + 43.34962]
Epoch 3 [91.4s]: train==[-345.35083=-460.07849 + 13.70326 + 57.72831 + 43.29609]
Epoch 4 [95.8s + 17.2s]:, recall=[0.01540, 0.02480, 0.04120, 0.06520], precision=[0.00154, 0.00124], hit=[0.01540, 0.02480], ndcg=[0.00820, 0.01056, 0.01390, 0.01796]
Epoch 5 [82.8s]: train==[-480.97120=-594.93970 + 13.05275 + 57.66624 + 43.24951]
Epoch 6 [84.1s]: train==[-532.87793=-647.10034 + 13.34308 + 57.64543 + 43.23391]
Epoch 7 [81.4s]: train==[-574.03538=-688.52525 + 13.62781 + 57.63554 + 43.22651]
Epoch 8 [84.7s]: train==[-611.48227=-726.07455 + 13.75707 + 57.62019 + 43.21501]
Epoch 9 [84.4s + 16.3s]:, recall=[0.02430, 0.04020, 0.06390, 0.09650], precision=[0.00243, 0.00201], hit=[0.02430, 0.04020], ndcg=[0.01292, 0.01691, 0.02175, 0.02729]
Epoch 10 [83.2s]: train==[-673.82952=-788.80125 + 14.14921 + 57.61292 + 43.20960]
Epoch 11 [82.8s]: train==[-701.69847=-816.85338 + 14.35050 + 57.60257 + 43.20184]
Epoch 12 [81.7s]: train==[-728.79994=-844.17470 + 14.57604 + 57.59931 + 43.19941]
Epoch 13 [81.4s]: train==[-754.82363=-870.39013 + 14.76935 + 57.59841 + 43.19874]
Epoch 14 [83.1s + 15.6s]:, recall=[0.03050, 0.05080, 0.07620, 0.11350], precision=[0.00305, 0.00254], hit=[0.03050, 0.05080], ndcg=[0.01600, 0.02110, 0.02627, 0.03263]
Epoch 15 [86.3s]: train==[-799.06540=-914.99614 + 15.16338 + 57.58138 + 43.18597]
Epoch 16 [82.9s]: train==[-817.72422=-933.82668 + 15.32885 + 57.58495 + 43.18865]
Epoch 17 [82.6s]: train==[-835.78847=-952.06055 + 15.50459 + 57.58145 + 43.18603]
Epoch 18 [83.6s]: train==[-851.66168=-968.07930 + 15.65940 + 57.57615 + 43.18207]
Epoch 19 [83.9s + 15.7s]:, recall=[0.03290, 0.05390, 0.08190, 0.12460], precision=[0.00329, 0.00269], hit=[0.03290, 0.05390], ndcg=[0.01705, 0.02231, 0.02798, 0.03527]
Epoch 20 [84.3s]: train==[-878.82029=-995.52996 + 15.95570 + 57.57373 + 43.18025]
Epoch 21 [81.0s]: train==[-889.95962=-1006.80637 + 16.09449 + 57.57275 + 43.17952]
Epoch 22 [82.2s]: train==[-901.28248=-1018.28495 + 16.25604 + 57.56941 + 43.17702]
Epoch 23 [81.2s]: train==[-909.99205=-1027.13244 + 16.39854 + 57.56680 + 43.17505]
Epoch 24 [81.6s + 21.8s]:, recall=[0.03410, 0.05470, 0.08480, 0.12990], precision=[0.00341, 0.00273], hit=[0.03410, 0.05470], ndcg=[0.01744, 0.02260, 0.02875, 0.03647]
Epoch 25 [82.0s]: train==[-926.08427=-1043.47105 + 16.65664 + 57.56010 + 43.17003]
Epoch 26 [82.0s]: train==[-933.40114=-1050.93619 + 16.80789 + 57.55840 + 43.16875]
Epoch 27 [82.0s]: train==[-939.39205=-1057.00856 + 16.90157 + 57.55142 + 43.16352]
Epoch 28 [81.9s]: train==[-944.62964=-1062.34672 + 17.00677 + 57.54877 + 43.16154]
Epoch 29 [82.4s + 15.2s]:, recall=[0.03480, 0.05710, 0.09100, 0.13430], precision=[0.00348, 0.00285], hit=[0.03480, 0.05710], ndcg=[0.01844, 0.02401, 0.03087, 0.03826]
Epoch 30 [83.5s]: train==[-955.79041=-1073.68266 + 17.19140 + 57.54337 + 43.15748]
Epoch 31 [83.7s]: train==[-959.75950=-1077.75168 + 17.29640 + 57.54047 + 43.15532]
Epoch 32 [80.9s]: train==[-964.05450=-1082.13622 + 17.39358 + 57.53610 + 43.15203]
Epoch 33 [82.5s]: train==[-967.22393=-1085.35745 + 17.45000 + 57.53346 + 43.15006]
Epoch 34 [81.3s + 16.1s]:, recall=[0.03640, 0.05820, 0.09260, 0.13710], precision=[0.00364, 0.00291], hit=[0.03640, 0.05820], ndcg=[0.01883, 0.02428, 0.03130, 0.03891]
Epoch 35 [82.6s]: train==[-974.76990=-1093.05489 + 17.61942 + 57.52320 + 43.14237]
Epoch 36 [82.9s]: train==[-977.81123=-1096.19031 + 17.70536 + 57.52785 + 43.14586]
Epoch 37 [81.4s]: train==[-979.85727=-1098.29884 + 17.77338 + 57.52469 + 43.14350]
Epoch 38 [81.9s]: train==[-983.24514=-1101.77831 + 17.86919 + 57.52229 + 43.14169]
Epoch 39 [81.5s + 15.0s]:, recall=[0.03740, 0.05960, 0.09190, 0.14140], precision=[0.00374, 0.00298], hit=[0.03740, 0.05960], ndcg=[0.01936, 0.02492, 0.03148, 0.03989]
Epoch 40 [83.4s]: train==[-987.19438=-1105.81617 + 17.98212 + 57.50840 + 43.13128]
Epoch 41 [83.6s]: train==[-989.44803=-1108.12711 + 18.03665 + 57.50997 + 43.13246]
Epoch 42 [83.8s]: train==[-991.18401=-1109.90341 + 18.08412 + 57.50590 + 43.12939]
Epoch 43 [82.0s]: train==[-992.26475=-1111.04082 + 18.14750 + 57.50205 + 43.12652]
Epoch 44 [82.8s + 15.8s]:, recall=[0.03800, 0.06010, 0.09510, 0.14150], precision=[0.00380, 0.00300], hit=[0.03800, 0.06010], ndcg=[0.01970, 0.02522, 0.03235, 0.04026]
Epoch 45 [84.8s]: train==[-996.53299=-1115.40645 + 18.24858 + 57.49993 + 43.12494]
Epoch 46 [83.6s]: train==[-998.81337=-1117.76136 + 18.32175 + 57.50072 + 43.12553]
Epoch 47 [85.9s]: train==[-999.71076=-1118.68008 + 18.35770 + 57.49236 + 43.11926]
Epoch 48 [94.8s]: train==[-1001.77758=-1120.80239 + 18.41678 + 57.49032 + 43.11773]
Epoch 49 [104.1s + 16.9s]:, recall=[0.03780, 0.06140, 0.09770, 0.14270], precision=[0.00378, 0.00307], hit=[0.03780, 0.06140], ndcg=[0.01950, 0.02543, 0.03280, 0.04045]
Epoch 50 [83.7s]: train==[-1003.04828=-1122.17612 + 18.52858 + 57.48530 + 43.11397]
Epoch 51 [84.0s]: train==[-1004.72764=-1123.88273 + 18.56548 + 57.47978 + 43.10983]
Epoch 52 [86.8s]: train==[-1005.57441=-1124.75355 + 18.59735 + 57.47532 + 43.10649]
Epoch 53 [82.6s]: train==[-1007.03274=-1126.24784 + 18.63725 + 57.47306 + 43.10479]
Epoch 54 [83.1s + 15.6s]:, recall=[0.03870, 0.06290, 0.09720, 0.14290], precision=[0.00387, 0.00314], hit=[0.03870, 0.06290], ndcg=[0.01962, 0.02564, 0.03262, 0.04042]
Epoch 55 [82.9s]: train==[-1009.15948=-1128.48065 + 18.75649 + 57.46553 + 43.09915]
Epoch 56 [90.7s]: train==[-1009.80969=-1129.16246 + 18.79120 + 57.46376 + 43.09781]
Epoch 57 [83.8s]: train==[-1011.10467=-1130.50852 + 18.85174 + 57.45835 + 43.09376]
Epoch 58 [86.5s]: train==[-1012.22135=-1131.66455 + 18.89602 + 57.45553 + 43.09166]
Epoch 59 [83.0s + 16.5s]:, recall=[0.03770, 0.06240, 0.09830, 0.14530], precision=[0.00377, 0.00312], hit=[0.03770, 0.06240], ndcg=[0.01918, 0.02537, 0.03269, 0.04071]
Epoch 60 [85.1s]: train==[-1012.88844=-1132.37072 + 18.94802 + 57.44815 + 43.08611]
Epoch 61 [86.5s]: train==[-1013.86667=-1133.41873 + 19.01917 + 57.44736 + 43.08552]
Epoch 62 [85.2s]: train==[-1015.04063=-1134.64192 + 19.06650 + 57.44844 + 43.08634]
Epoch 63 [83.7s]: train==[-1015.85105=-1135.46763 + 19.09028 + 57.44360 + 43.08271]
Epoch 64 [83.7s + 16.7s]:, recall=[0.03950, 0.06260, 0.09740, 0.14570], precision=[0.00395, 0.00313], hit=[0.03950, 0.06260], ndcg=[0.01998, 0.02578, 0.03287, 0.04109]
Epoch 65 [83.8s]: train==[-1017.22312=-1136.92334 + 19.17933 + 57.44051 + 43.08038]
Epoch 66 [84.8s]: train==[-1017.47037=-1137.15526 + 19.18158 + 57.43046 + 43.07285]
Epoch 67 [84.4s]: train==[-1017.87766=-1137.61769 + 19.24937 + 57.42323 + 43.06742]
Epoch 68 [83.8s]: train==[-1019.12937=-1138.92367 + 19.29988 + 57.42538 + 43.06905]
Epoch 69 [82.8s + 16.3s]:, recall=[0.03960, 0.06410, 0.10000, 0.14600], precision=[0.00396, 0.00320], hit=[0.03960, 0.06410], ndcg=[0.02010, 0.02622, 0.03356, 0.04139]
Epoch 70 [83.1s]: train==[-1020.56114=-1140.37346 + 19.32953 + 57.41872 + 43.06405]
Epoch 71 [83.7s]: train==[-1020.72721=-1140.52571 + 19.31788 + 57.41750 + 43.06312]
Epoch 72 [83.8s]: train==[-1020.83818=-1140.68932 + 19.38472 + 57.40938 + 43.05704]
Epoch 73 [83.7s]: train==[-1021.51635=-1141.38325 + 19.39919 + 57.41011 + 43.05760]
Epoch 74 [83.1s + 17.0s]:, recall=[0.04080, 0.06290, 0.09840, 0.14600], precision=[0.00408, 0.00314], hit=[0.04080, 0.06290], ndcg=[0.02019, 0.02573, 0.03297, 0.04105]
Epoch 75 [85.0s]: train==[-1023.39415=-1143.32198 + 19.48140 + 57.39796 + 43.04847]
Epoch 76 [84.2s]: train==[-1022.55023=-1142.47965 + 19.48295 + 57.39799 + 43.04849]
Epoch 77 [83.3s]: train==[-1023.29403=-1143.25869 + 19.52338 + 57.39502 + 43.04627]
Epoch 78 [83.1s]: train==[-1023.40408=-1143.43013 + 19.58645 + 57.39406 + 43.04554]
Epoch 79 [82.9s + 16.7s]:, recall=[0.04060, 0.06290, 0.09870, 0.14440], precision=[0.00406, 0.00314], hit=[0.04060, 0.06290], ndcg=[0.02039, 0.02599, 0.03332, 0.04113]
Epoch 80 [82.7s]: train==[-1024.94599=-1144.97523 + 19.60537 + 57.38507 + 43.03881]
Epoch 81 [84.1s]: train==[-1025.24244=-1145.29436 + 19.63070 + 57.38354 + 43.03767]
Epoch 82 [98.0s]: train==[-1025.16674=-1145.26700 + 19.68307 + 57.38124 + 43.03594]
Epoch 83 [83.2s]: train==[-1026.07696=-1146.14947 + 19.66852 + 57.37370 + 43.03029]
Epoch 84 [83.7s + 16.9s]:, recall=[0.04110, 0.06420, 0.09980, 0.14700], precision=[0.00411, 0.00321], hit=[0.04110, 0.06420], ndcg=[0.02053, 0.02633, 0.03359, 0.04160]
Epoch 85 [99.1s]: train==[-1026.81675=-1146.91188 + 19.69974 + 57.36877 + 43.02660]
Epoch 86 [92.6s]: train==[-1027.40234=-1147.53489 + 19.74941 + 57.36178 + 43.02135]
Epoch 87 [85.8s]: train==[-1027.52508=-1147.65260 + 19.74324 + 57.36245 + 43.02185]
Epoch 88 [84.8s]: train==[-1026.23764=-1146.35574 + 19.75087 + 57.35270 + 43.01453]
Epoch 89 [82.9s + 17.8s]:, recall=[0.04080, 0.06350, 0.10110, 0.14650], precision=[0.00408, 0.00317], hit=[0.04080, 0.06350], ndcg=[0.02056, 0.02624, 0.03389, 0.04160]
Epoch 90 [84.8s]: train==[-1027.45416=-1147.61890 + 19.78965 + 57.35719 + 43.01791]
Epoch 91 [83.0s]: train==[-1028.37772=-1148.57226 + 19.83272 + 57.34960 + 43.01221]
Epoch 92 [82.7s]: train==[-1028.34668=-1148.53525 + 19.83531 + 57.34472 + 43.00855]
Epoch 93 [84.9s]: train==[-1029.04990=-1149.25746 + 19.85727 + 57.34301 + 43.00728]
Epoch 94 [82.4s + 17.6s]:, recall=[0.04030, 0.06340, 0.09820, 0.14520], precision=[0.00403, 0.00317], hit=[0.04030, 0.06340], ndcg=[0.02069, 0.02648, 0.03362, 0.04161]
Epoch 95 [84.3s]: train==[-1029.18029=-1149.40695 + 19.89202 + 57.33407 + 43.00058]
Epoch 96 [84.0s]: train==[-1029.20305=-1149.42866 + 19.89592 + 57.33125 + 42.99845]
Epoch 97 [85.8s]: train==[-1030.52290=-1150.76061 + 19.90412 + 57.33347 + 43.00013]
Epoch 98 [84.9s]: train==[-1029.76617=-1150.02270 + 19.93569 + 57.32619 + 42.99465]
Epoch 99 [83.7s + 25.1s]:, recall=[0.04110, 0.06360, 0.09840, 0.14570], precision=[0.00411, 0.00318], hit=[0.04110, 0.06360], ndcg=[0.02122, 0.02684, 0.03394, 0.04200]
Epoch 100 [84.4s]: train==[-1031.07833=-1151.34615 + 19.95841 + 57.31966 + 42.98976]
Epoch 101 [83.9s]: train==[-1030.48874=-1150.76739 + 19.98557 + 57.31031 + 42.98277]
Epoch 102 [82.0s]: train==[-1030.42340=-1150.72762 + 20.00555 + 57.31351 + 42.98515]
Epoch 103 [82.6s]: train==[-1032.14448=-1152.47050 + 20.04167 + 57.30534 + 42.97903]
Epoch 104 [81.4s + 16.7s]:, recall=[0.04060, 0.06360, 0.09770, 0.14700], precision=[0.00406, 0.00318], hit=[0.04060, 0.06360], ndcg=[0.02055, 0.02627, 0.03325, 0.04166]
Epoch 105 [83.0s]: train==[-1031.54103=-1151.84279 + 20.02437 + 57.30136 + 42.97603]
Epoch 106 [84.9s]: train==[-1031.97045=-1152.29487 + 20.06149 + 57.29309 + 42.96983]
Epoch 107 [82.2s]: train==[-1032.21203=-1152.51690 + 20.05119 + 57.28781 + 42.96588]
Epoch 108 [82.9s]: train==[-1032.02902=-1152.33463 + 20.06088 + 57.28269 + 42.96204]
Epoch 109 [84.9s + 17.9s]:, recall=[0.04130, 0.06380, 0.09930, 0.14740], precision=[0.00413, 0.00319], hit=[0.04130, 0.06380], ndcg=[0.02083, 0.02645, 0.03372, 0.04190]
Epoch 110 [82.3s]: train==[-1033.15814=-1153.47115 + 20.07060 + 57.28137 + 42.96104]
Epoch 111 [83.3s]: train==[-1033.11175=-1153.44685 + 20.10036 + 57.27699 + 42.95775]
Epoch 112 [82.9s]: train==[-1032.93370=-1153.27266 + 20.11739 + 57.26946 + 42.95212]
Epoch 113 [82.9s]: train==[-1033.68368=-1154.05318 + 20.14564 + 57.27076 + 42.95309]
Epoch 114 [81.8s + 17.9s]:, recall=[0.04140, 0.06400, 0.09950, 0.14740], precision=[0.00414, 0.00320], hit=[0.04140, 0.06400], ndcg=[0.02085, 0.02651, 0.03375, 0.04191]
Epoch 115 [81.3s]: train==[-1033.92716=-1154.28858 + 20.14910 + 57.26417 + 42.94815]
Epoch 116 [82.1s]: train==[-1034.25523=-1154.59514 + 20.13962 + 57.25728 + 42.94300]
Epoch 117 [83.0s]: train==[-1033.19413=-1153.54844 + 20.16082 + 57.25341 + 42.94009]
Epoch 118 [84.3s]: train==[-1033.95115=-1154.28760 + 20.15259 + 57.24790 + 42.93596]
Epoch 119 [83.0s + 17.7s]:, recall=[0.04040, 0.06390, 0.10060, 0.14930], precision=[0.00404, 0.00319], hit=[0.04040, 0.06390], ndcg=[0.02037, 0.02624, 0.03371, 0.04200]
Epoch 120 [84.8s]: train==[-1034.19507=-1154.54542 + 20.17337 + 57.24398 + 42.93300]
Epoch 121 [84.8s]: train==[-1035.12331=-1155.48934 + 20.19033 + 57.24325 + 42.93246]
Epoch 122 [84.5s]: train==[-1034.56428=-1154.97672 + 20.24570 + 57.23812 + 42.92863]
Epoch 123 [83.6s]: train==[-1035.22347=-1155.58312 + 20.20942 + 57.22868 + 42.92154]
Epoch 124 [82.7s + 17.9s]:, recall=[0.04050, 0.06380, 0.09920, 0.14770], precision=[0.00405, 0.00319], hit=[0.04050, 0.06380], ndcg=[0.02076, 0.02660, 0.03381, 0.04207]
Epoch 125 [82.0s]: train==[-1035.02749=-1155.39771 + 20.22611 + 57.22519 + 42.91892]
Epoch 126 [81.4s]: train==[-1035.83411=-1156.17477 + 20.20921 + 57.21796 + 42.91349]
Epoch 127 [83.3s]: train==[-1033.19988=-1153.50739 + 20.18034 + 57.21550 + 42.91166]
Epoch 128 [83.4s]: train==[-1034.47791=-1154.83826 + 20.24060 + 57.21126 + 42.90847]
Epoch 129 [87.2s + 18.3s]:, recall=[0.04060, 0.06400, 0.09810, 0.14780], precision=[0.00406, 0.00320], hit=[0.04060, 0.06400], ndcg=[0.02102, 0.02689, 0.03385, 0.04234]
Epoch 130 [83.2s]: train==[-1035.66796=-1156.01427 + 20.24684 + 57.19969 + 42.89979]
Epoch 131 [81.6s]: train==[-1036.02238=-1156.38012 + 20.25245 + 57.20301 + 42.90227]
Epoch 132 [82.3s]: train==[-1035.85169=-1156.20700 + 20.24988 + 57.20308 + 42.90235]
Epoch 133 [94.2s]: train==[-1036.15885=-1156.51260 + 20.25784 + 57.19765 + 42.89826]
Epoch 134 [83.9s + 20.6s]:, recall=[0.04060, 0.06450, 0.09930, 0.14840], precision=[0.00406, 0.00322], hit=[0.04060, 0.06450], ndcg=[0.02077, 0.02675, 0.03385, 0.04221]
Epoch 135 [84.8s]: train==[-1036.55460=-1156.86302 + 20.23172 + 57.18668 + 42.89002]
Epoch 136 [82.1s]: train==[-1036.61773=-1156.97386 + 20.28378 + 57.18418 + 42.88816]
Epoch 137 [83.8s]: train==[-1037.03714=-1157.39509 + 20.29416 + 57.17929 + 42.88450]
Epoch 138 [83.2s]: train==[-1036.84798=-1157.19929 + 20.28908 + 57.17840 + 42.88383]
Epoch 139 [92.1s + 18.5s]:, recall=[0.04050, 0.06360, 0.09920, 0.14790], precision=[0.00405, 0.00318], hit=[0.04050, 0.06360], ndcg=[0.02085, 0.02663, 0.03391, 0.04220]
Epoch 140 [84.5s]: train==[-1036.36816=-1156.71579 + 20.30323 + 57.16822 + 42.87620]
Epoch 141 [87.5s]: train==[-1037.45586=-1157.77608 + 20.28490 + 57.16302 + 42.87229]
Epoch 142 [84.8s]: train==[-1037.20157=-1157.53198 + 20.30246 + 57.15880 + 42.86914]
Epoch 143 [82.6s]: train==[-1037.23193=-1157.58232 + 20.33207 + 57.15330 + 42.86502]
Epoch 144 [83.4s + 16.5s]:, recall=[0.04100, 0.06390, 0.09950, 0.14980], precision=[0.00410, 0.00319], hit=[0.04100, 0.06390], ndcg=[0.02119, 0.02694, 0.03418, 0.04273]
Epoch 145 [82.9s]: train==[-1037.56100=-1157.86384 + 20.29308 + 57.14842 + 42.86134]
Epoch 146 [83.4s]: train==[-1037.67581=-1158.01384 + 20.34111 + 57.14108 + 42.85585]
Epoch 147 [84.4s]: train==[-1037.33458=-1157.62831 + 20.29851 + 57.14010 + 42.85511]
Epoch 148 [82.6s]: train==[-1037.60390=-1157.93231 + 20.34657 + 57.13247 + 42.84936]
Epoch 149 [81.6s + 17.1s]:, recall=[0.04020, 0.06410, 0.09990, 0.14930], precision=[0.00402, 0.00320], hit=[0.04020, 0.06410], ndcg=[0.02077, 0.02676, 0.03407, 0.04250]
Epoch 150 [83.0s]: train==[-1038.35742=-1158.68860 + 20.35493 + 57.12927 + 42.84699]
Epoch 151 [81.6s]: train==[-1038.34570=-1158.67909 + 20.36639 + 57.12397 + 42.84302]
Epoch 152 [80.7s]: train==[-1037.16911=-1157.50948 + 20.38400 + 57.11791 + 42.83848]
Epoch 153 [80.5s]: train==[-1037.26239=-1157.59394 + 20.37559 + 57.11767 + 42.83829]
Epoch 154 [81.1s + 16.6s]:, recall=[0.04040, 0.06440, 0.10100, 0.14840], precision=[0.00404, 0.00322], hit=[0.04040, 0.06440], ndcg=[0.02080, 0.02680, 0.03424, 0.04228]
Epoch 155 [82.0s]: train==[-1038.05155=-1158.37255 + 20.38727 + 57.10496 + 42.82877]
Epoch 156 [83.4s]: train==[-1039.41928=-1159.74031 + 20.39750 + 57.09915 + 42.82438]
Epoch 157 [82.9s]: train==[-1038.82029=-1159.15621 + 20.40964 + 57.10071 + 42.82556]
Epoch 158 [81.8s]: train==[-1039.00952=-1159.32796 + 20.40208 + 57.09504 + 42.82131]
Epoch 159 [81.9s + 16.6s]:, recall=[0.04080, 0.06460, 0.10140, 0.14830], precision=[0.00408, 0.00323], hit=[0.04080, 0.06460], ndcg=[0.02113, 0.02710, 0.03461, 0.04260]
Epoch 160 [81.4s]: train==[-1039.01429=-1159.35860 + 20.44321 + 57.08633 + 42.81477]
Epoch 161 [83.0s]: train==[-1039.08552=-1159.40381 + 20.42306 + 57.08297 + 42.81226]
Epoch 162 [81.1s]: train==[-1038.92411=-1159.25237 + 20.43383 + 57.08252 + 42.81192]
Epoch 163 [80.5s]: train==[-1039.01983=-1159.30938 + 20.40536 + 57.07667 + 42.80753]
Epoch 164 [81.1s + 17.1s]:, recall=[0.04050, 0.06440, 0.09880, 0.14590], precision=[0.00405, 0.00322], hit=[0.04050, 0.06440], ndcg=[0.02066, 0.02663, 0.03366, 0.04168]
Early stopping is trigger at step: 10 log:0.04050000000000013
Best Iter=[22]@[14446.7]	recall=[0.0414	0.0640	0.0995	0.1474], ndcg=[0.0209	0.0265	0.0337	0.0419]
