nohup: ignoring input
Dataset name: Tmall
The number of users: 31882
The number of items: 31232
The behavior ratings: [1093807, 140068, 49482, 167862]
The number of ratings: 1451219
Average actions of users: 45.52
Average actions of items: 46.47
The density of the dataset: 0.001457
The sparsity of the dataset: 99.854257%
already load adj matrix 0.45769190788269043
already load pre adj matrix
use the pre adjcency matrix
201
51
54
51
without pretraining.
Epoch 0 [80.4s]: train==[872.59468=-208.73566 + 977.65754 + 59.24157 + 44.43123]
Epoch 1 [79.3s]: train==[-83.82635=-318.26257 + 131.06948 + 59.06669 + 44.30005]
Epoch 2 [79.0s]: train==[-234.10061=-378.37674 + 41.11261 + 58.95055 + 44.21297]
Epoch 3 [79.1s]: train==[-297.16554=-422.87816 + 22.63666 + 58.90052 + 44.17544]
Epoch 4 [78.3s + 17.5s]:, recall=[0.01300, 0.02080, 0.03290, 0.05120], precision=[0.00130, 0.00104], hit=[0.01300, 0.02080], ndcg=[0.00689, 0.00883, 0.01129, 0.01129]
Epoch 5 [79.0s]: train==[-415.15013=-533.99475 + 15.86902 + 58.84318 + 44.13242]
Epoch 6 [81.0s]: train==[-471.60050=-590.06478 + 15.52062 + 58.82493 + 44.11872]
Epoch 7 [83.7s]: train==[-518.59311=-637.22895 + 15.71046 + 58.81449 + 44.11089]
Epoch 8 [81.4s]: train==[-556.51122=-675.29761 + 15.89029 + 58.79776 + 44.09834]
Epoch 9 [80.3s + 17.6s]:, recall=[0.02300, 0.03770, 0.06090, 0.09100], precision=[0.00230, 0.00189], hit=[0.02300, 0.03770], ndcg=[0.01216, 0.01588, 0.02058, 0.02058]
Epoch 10 [80.1s]: train==[-616.33196=-735.36998 + 16.17539 + 58.77864 + 44.08399]
Epoch 11 [78.7s]: train==[-642.80871=-762.01755 + 16.36800 + 58.76619 + 44.07465]
Epoch 12 [77.2s]: train==[-668.56495=-787.93636 + 16.54472 + 58.75809 + 44.06859]
Epoch 13 [77.4s]: train==[-693.16905=-812.75003 + 16.76594 + 58.75144 + 44.06359]
Epoch 14 [79.6s + 18.1s]:, recall=[0.02740, 0.04670, 0.07250, 0.11270], precision=[0.00274, 0.00233], hit=[0.02740, 0.04670], ndcg=[0.01458, 0.01943, 0.02467, 0.02467]
Epoch 15 [77.6s]: train==[-736.45209=-856.34093 + 17.11595 + 58.72735 + 44.04554]
Epoch 16 [79.1s]: train==[-756.97880=-877.00967 + 17.26296 + 58.72451 + 44.04340]
Epoch 17 [77.7s]: train==[-774.83150=-895.12360 + 17.53397 + 58.71891 + 44.03921]
Epoch 18 [76.6s]: train==[-792.47342=-912.90811 + 17.69422 + 58.70882 + 44.03164]
Epoch 19 [76.8s + 16.5s]:, recall=[0.03130, 0.05130, 0.08170, 0.12240], precision=[0.00313, 0.00256], hit=[0.03130, 0.05130], ndcg=[0.01622, 0.02126, 0.02745, 0.02745]
Epoch 20 [76.4s]: train==[-824.62599=-945.38906 + 18.04840 + 58.69408 + 44.02059]
Epoch 21 [76.5s]: train==[-839.24132=-960.15169 + 18.21309 + 58.68415 + 44.01314]
Epoch 22 [77.0s]: train==[-852.15397=-973.23637 + 18.38631 + 58.68347 + 44.01263]
Epoch 23 [82.9s]: train==[-863.64466=-984.86693 + 18.54476 + 58.67285 + 44.00466]
Epoch 24 [140.0s + 24.4s]:, recall=[0.03420, 0.05620, 0.08630, 0.12980], precision=[0.00342, 0.00281], hit=[0.03420, 0.05620], ndcg=[0.01751, 0.02306, 0.02921, 0.02921]
Epoch 25 [91.1s]: train==[-885.15946=-1006.61662 + 18.80861 + 58.65629 + 43.99225]
Epoch 26 [91.9s]: train==[-894.27575=-1015.90498 + 18.98878 + 58.65167 + 43.98878]
Epoch 27 [76.6s]: train==[-901.48184=-1023.22702 + 19.12770 + 58.63855 + 43.97894]
Epoch 28 [76.3s]: train==[-908.78150=-1030.63501 + 19.24470 + 58.63358 + 43.97522]
Epoch 29 [76.0s + 17.2s]:, recall=[0.03640, 0.05850, 0.09080, 0.13470], precision=[0.00364, 0.00292], hit=[0.03640, 0.05850], ndcg=[0.01931, 0.02483, 0.03143, 0.03143]
Epoch 30 [77.2s]: train==[-923.20665=-1045.29269 + 19.50074 + 58.62015 + 43.96515]
Epoch 31 [78.0s]: train==[-928.25521=-1050.47167 + 19.64462 + 58.61246 + 43.95938]
Epoch 32 [77.0s]: train==[-934.55550=-1056.80024 + 19.68506 + 58.60551 + 43.95416]
Epoch 33 [77.4s]: train==[-939.48258=-1061.80987 + 19.78540 + 58.59535 + 43.94654]
Epoch 34 [84.4s + 17.7s]:, recall=[0.03740, 0.06100, 0.09350, 0.13640], precision=[0.00374, 0.00305], hit=[0.03740, 0.06100], ndcg=[0.01933, 0.02527, 0.03192, 0.03192]
Epoch 35 [77.9s]: train==[-948.53290=-1070.98380 + 19.92850 + 58.58422 + 43.93818]
Epoch 36 [77.0s]: train==[-952.10877=-1074.59580 + 19.96981 + 58.58125 + 43.93597]
Epoch 37 [78.8s]: train==[-956.65897=-1079.25366 + 20.09205 + 58.57293 + 43.92972]
Epoch 38 [79.5s]: train==[-959.77438=-1082.39131 + 20.12485 + 58.56689 + 43.92518]
Epoch 39 [76.2s + 15.5s]:, recall=[0.03800, 0.06130, 0.09400, 0.14020], precision=[0.00380, 0.00306], hit=[0.03800, 0.06130], ndcg=[0.01949, 0.02534, 0.03203, 0.03203]
Epoch 40 [76.9s]: train==[-966.40517=-1089.08566 + 20.22121 + 58.54815 + 43.91113]
Epoch 41 [76.3s]: train==[-969.09781=-1091.81856 + 20.26743 + 58.54475 + 43.90858]
Epoch 42 [76.8s]: train==[-971.90227=-1094.65280 + 20.31329 + 58.53556 + 43.90168]
Epoch 43 [76.3s]: train==[-973.97670=-1096.73778 + 20.33280 + 58.53043 + 43.89785]
Epoch 44 [76.4s + 17.3s]:, recall=[0.03970, 0.06180, 0.09470, 0.13980], precision=[0.00397, 0.00309], hit=[0.03970, 0.06180], ndcg=[0.02011, 0.02568, 0.03242, 0.03242]
Epoch 45 [76.5s]: train==[-978.87360=-1101.71303 + 20.42669 + 58.52156 + 43.89118]
Epoch 46 [76.6s]: train==[-981.72790=-1104.60398 + 20.47253 + 58.51631 + 43.88724]
Epoch 47 [76.7s]: train==[-982.94518=-1105.85709 + 20.52492 + 58.50685 + 43.88014]
Epoch 48 [76.5s]: train==[-985.96362=-1108.86594 + 20.52718 + 58.50008 + 43.87506]
Epoch 49 [76.9s + 16.6s]:, recall=[0.03920, 0.06430, 0.09490, 0.14230], precision=[0.00392, 0.00321], hit=[0.03920, 0.06430], ndcg=[0.02036, 0.02666, 0.03289, 0.03289]
Epoch 50 [77.0s]: train==[-988.22891=-1111.16593 + 20.58479 + 58.48699 + 43.86525]
Epoch 51 [76.5s]: train==[-990.25841=-1113.22153 + 20.62069 + 58.48138 + 43.86104]
Epoch 52 [76.5s]: train==[-992.08232=-1115.04342 + 20.62681 + 58.47674 + 43.85755]
Epoch 53 [76.2s]: train==[-993.60658=-1116.58674 + 20.65601 + 58.47093 + 43.85322]
Epoch 54 [77.3s + 14.8s]:, recall=[0.04010, 0.06300, 0.09820, 0.14310], precision=[0.00401, 0.00315], hit=[0.04010, 0.06300], ndcg=[0.02093, 0.02666, 0.03385, 0.03385]
Epoch 55 [77.1s]: train==[-996.47803=-1119.49668 + 20.71528 + 58.45906 + 43.84431]
Epoch 56 [76.7s]: train==[-997.35882=-1120.31904 + 20.66535 + 58.45421 + 43.84066]
Epoch 57 [79.6s]: train==[-999.12763=-1122.12291 + 20.71859 + 58.44382 + 43.83287]
Epoch 58 [79.8s]: train==[-999.95866=-1122.98266 + 20.75207 + 58.44110 + 43.83083]
Epoch 59 [79.0s + 16.8s]:, recall=[0.03910, 0.06430, 0.09750, 0.14390], precision=[0.00391, 0.00321], hit=[0.03910, 0.06430], ndcg=[0.02042, 0.02676, 0.03351, 0.03351]
Epoch 60 [79.7s]: train==[-1001.30243=-1124.29149 + 20.74178 + 58.42702 + 43.82027]
Epoch 61 [78.7s]: train==[-1003.39610=-1126.41055 + 20.76824 + 58.42641 + 43.81980]
Epoch 62 [78.5s]: train==[-1004.15479=-1127.12980 + 20.73532 + 58.42269 + 43.81701]
Epoch 63 [80.0s]: train==[-1004.81334=-1127.79275 + 20.75225 + 58.41552 + 43.81164]
Epoch 64 [79.0s + 16.8s]:, recall=[0.03960, 0.06220, 0.09780, 0.14690], precision=[0.00396, 0.00311], hit=[0.03960, 0.06220], ndcg=[0.02082, 0.02650, 0.03377, 0.03377]
Epoch 65 [80.5s]: train==[-1007.03404=-1130.04245 + 20.79741 + 58.40628 + 43.80472]
Epoch 66 [80.7s]: train==[-1008.04601=-1130.99371 + 20.75487 + 58.39591 + 43.79692]
Epoch 67 [77.9s]: train==[-1008.01396=-1130.97333 + 20.77785 + 58.38944 + 43.79208]
Epoch 68 [80.6s]: train==[-1010.50840=-1133.44839 + 20.75944 + 58.38888 + 43.79166]
Epoch 69 [81.0s + 17.2s]:, recall=[0.03930, 0.06360, 0.09970, 0.14590], precision=[0.00393, 0.00318], hit=[0.03930, 0.06360], ndcg=[0.02087, 0.02697, 0.03429, 0.03429]
Epoch 70 [82.0s]: train==[-1012.05257=-1134.96030 + 20.74918 + 58.37632 + 43.78223]
Epoch 71 [80.6s]: train==[-1011.49075=-1134.38309 + 20.73591 + 58.37511 + 43.78133]
Epoch 72 [80.1s]: train==[-1011.21071=-1134.04662 + 20.69784 + 58.36462 + 43.77345]
Epoch 73 [79.1s]: train==[-1013.52754=-1136.42844 + 20.76344 + 58.36426 + 43.77319]
Epoch 74 [80.0s + 24.0s]:, recall=[0.03980, 0.06360, 0.09820, 0.14660], precision=[0.00398, 0.00318], hit=[0.03980, 0.06360], ndcg=[0.02091, 0.02689, 0.03395, 0.03395]
Epoch 75 [89.6s]: train==[-1015.21975=-1138.12114 + 20.78897 + 58.34996 + 43.76246]
Epoch 76 [100.6s]: train==[-1015.60992=-1138.50243 + 20.78268 + 58.34847 + 43.76135]
Epoch 77 [87.4s]: train==[-1016.11440=-1139.00173 + 20.78679 + 58.34316 + 43.75738]
Epoch 78 [93.7s]: train==[-1016.18887=-1139.07178 + 20.78568 + 58.34127 + 43.75595]
Epoch 79 [80.0s + 18.1s]:, recall=[0.04050, 0.06540, 0.09870, 0.14690], precision=[0.00405, 0.00327], hit=[0.04050, 0.06540], ndcg=[0.02099, 0.02723, 0.03398, 0.03398]
Epoch 80 [80.1s]: train==[-1017.45134=-1140.30675 + 20.77863 + 58.32959 + 43.74719]
Epoch 81 [80.1s]: train==[-1017.98324=-1140.80868 + 20.74573 + 58.33127 + 43.74845]
Epoch 82 [80.9s]: train==[-1018.40333=-1141.21533 + 20.74417 + 58.32447 + 43.74335]
Epoch 83 [79.8s]: train==[-1018.69303=-1141.49195 + 20.74200 + 58.31825 + 43.73868]
Epoch 84 [80.1s + 17.9s]:, recall=[0.04090, 0.06570, 0.09950, 0.14780], precision=[0.00409, 0.00328], hit=[0.04090, 0.06570], ndcg=[0.02115, 0.02738, 0.03421, 0.03421]
Epoch 85 [80.3s]: train==[-1019.48397=-1142.27840 + 20.75190 + 58.31003 + 43.73249]
Epoch 86 [80.6s]: train==[-1020.63064=-1143.40103 + 20.74302 + 58.30137 + 43.72600]
Epoch 87 [79.9s]: train==[-1020.71786=-1143.49982 + 20.75425 + 58.30155 + 43.72615]
Epoch 88 [82.6s]: train==[-1019.78087=-1142.50107 + 20.70839 + 58.29247 + 43.71933]
Epoch 89 [82.5s + 17.2s]:, recall=[0.04060, 0.06480, 0.10160, 0.14730], precision=[0.00406, 0.00324], hit=[0.04060, 0.06480], ndcg=[0.02121, 0.02728, 0.03477, 0.03477]
Epoch 90 [81.0s]: train==[-1021.56046=-1144.31146 + 20.74098 + 58.29144 + 43.71857]
Epoch 91 [80.7s]: train==[-1022.10915=-1144.83664 + 20.72776 + 58.28557 + 43.71416]
Epoch 92 [80.6s]: train==[-1022.97997=-1145.71200 + 20.74107 + 58.28055 + 43.71040]
Epoch 93 [79.6s]: train==[-1023.44686=-1146.15530 + 20.72412 + 58.27676 + 43.70756]
Epoch 94 [79.6s + 17.8s]:, recall=[0.04120, 0.06540, 0.10180, 0.14750], precision=[0.00412, 0.00327], hit=[0.04120, 0.06540], ndcg=[0.02141, 0.02747, 0.03484, 0.03484]
Epoch 95 [80.7s]: train==[-1022.92726=-1145.63847 + 20.74079 + 58.26881 + 43.70159]
Epoch 96 [78.4s]: train==[-1024.24765=-1146.91908 + 20.70614 + 58.26590 + 43.69941]
Epoch 97 [80.4s]: train==[-1025.54446=-1148.21281 + 20.70792 + 58.26311 + 43.69732]
Epoch 98 [80.4s]: train==[-1024.54012=-1147.19780 + 20.70185 + 58.26048 + 43.69534]
Epoch 99 [77.1s + 17.9s]:, recall=[0.04140, 0.06380, 0.10170, 0.14610], precision=[0.00414, 0.00319], hit=[0.04140, 0.06380], ndcg=[0.02131, 0.02697, 0.03468, 0.03468]
Epoch 100 [81.4s]: train==[-1025.26655=-1147.90400 + 20.69371 + 58.25358 + 43.69017]
Epoch 101 [80.4s]: train==[-1025.53721=-1148.17702 + 20.71168 + 58.24465 + 43.68347]
Epoch 102 [80.1s]: train==[-1025.47100=-1148.07446 + 20.67285 + 58.24607 + 43.68454]
Epoch 103 [80.3s]: train==[-1025.90738=-1148.50631 + 20.68028 + 58.23923 + 43.67942]
Epoch 104 [81.1s + 17.1s]:, recall=[0.04150, 0.06430, 0.10090, 0.14740], precision=[0.00415, 0.00321], hit=[0.04150, 0.06430], ndcg=[0.02127, 0.02698, 0.03443, 0.03443]
Epoch 105 [81.6s]: train==[-1026.19949=-1148.80341 + 20.69184 + 58.23548 + 43.67660]
Epoch 106 [80.6s]: train==[-1026.56068=-1149.12213 + 20.66180 + 58.22839 + 43.67127]
Epoch 107 [79.5s]: train==[-1027.24827=-1149.80608 + 20.66314 + 58.22554 + 43.66914]
Epoch 108 [80.7s]: train==[-1027.29830=-1149.81851 + 20.63652 + 58.21925 + 43.66443]
Epoch 109 [80.5s + 17.4s]:, recall=[0.04180, 0.06470, 0.10190, 0.14850], precision=[0.00418, 0.00323], hit=[0.04180, 0.06470], ndcg=[0.02153, 0.02729, 0.03486, 0.03486]
Epoch 110 [80.7s]: train==[-1027.56010=-1150.07711 + 20.64158 + 58.21453 + 43.66089]
Epoch 111 [81.0s]: train==[-1027.85765=-1150.36372 + 20.63149 + 58.21404 + 43.66052]
Epoch 112 [81.6s]: train==[-1028.69196=-1151.22078 + 20.66629 + 58.20716 + 43.65536]
Epoch 113 [80.1s]: train==[-1028.86014=-1151.37861 + 20.65293 + 58.20888 + 43.65665]
Epoch 114 [79.3s + 18.1s]:, recall=[0.04130, 0.06410, 0.10040, 0.15070], precision=[0.00413, 0.00320], hit=[0.04130, 0.06410], ndcg=[0.02152, 0.02726, 0.03465, 0.03465]
Epoch 115 [80.3s]: train==[-1028.85650=-1151.37528 + 20.66300 + 58.20331 + 43.65246]
Epoch 116 [80.0s]: train==[-1029.38439=-1151.88001 + 20.64813 + 58.19857 + 43.64891]
Epoch 117 [79.7s]: train==[-1028.78322=-1151.26436 + 20.64149 + 58.19409 + 43.64556]
Epoch 118 [81.2s]: train==[-1029.32703=-1151.78934 + 20.63032 + 58.18972 + 43.64228]
Epoch 119 [80.3s + 18.1s]:, recall=[0.04210, 0.06600, 0.10110, 0.14920], precision=[0.00421, 0.00330], hit=[0.04210, 0.06600], ndcg=[0.02210, 0.02809, 0.03524, 0.03524]
Epoch 120 [80.8s]: train==[-1029.28408=-1151.71504 + 20.60691 + 58.18518 + 43.63888]
Epoch 121 [80.0s]: train==[-1030.18885=-1152.61881 + 20.60705 + 58.18453 + 43.63838]
Epoch 122 [95.8s]: train==[-1030.31752=-1152.77649 + 20.64424 + 58.17986 + 43.63488]
Epoch 123 [103.4s]: train==[-1030.81516=-1153.24717 + 20.62649 + 58.17459 + 43.63093]
Epoch 124 [87.2s + 17.5s]:, recall=[0.04290, 0.06470, 0.10050, 0.15080], precision=[0.00429, 0.00323], hit=[0.04290, 0.06470], ndcg=[0.02201, 0.02747, 0.03473, 0.03473]
Epoch 125 [90.9s]: train==[-1030.54719=-1152.96078 + 20.61319 + 58.17166 + 43.62874]
Epoch 126 [87.5s]: train==[-1031.42926=-1153.87037 + 20.64880 + 58.16704 + 43.62527]
Epoch 127 [82.2s]: train==[-1029.41614=-1151.80166 + 20.60323 + 58.16131 + 43.62097]
Epoch 128 [82.4s]: train==[-1030.60295=-1152.99565 + 20.61226 + 58.16025 + 43.62017]
Epoch 129 [81.5s + 17.4s]:, recall=[0.04240, 0.06580, 0.10210, 0.14920], precision=[0.00424, 0.00329], hit=[0.04240, 0.06580], ndcg=[0.02183, 0.02772, 0.03507, 0.03507]
Epoch 130 [82.8s]: train==[-1031.06671=-1153.46295 + 20.62692 + 58.15391 + 43.61541]
Epoch 131 [80.9s]: train==[-1031.59437=-1153.99104 + 20.62567 + 58.15488 + 43.61613]
Epoch 132 [80.9s]: train==[-1031.67242=-1154.05917 + 20.61696 + 58.15417 + 43.61561]
Epoch 133 [79.1s]: train==[-1031.80595=-1154.21756 + 20.64786 + 58.15072 + 43.61303]
Epoch 134 [79.0s + 17.5s]:, recall=[0.04250, 0.06500, 0.10100, 0.14840], precision=[0.00425, 0.00325], hit=[0.04250, 0.06500], ndcg=[0.02174, 0.02739, 0.03469, 0.03469]
Epoch 135 [81.9s]: train==[-1032.21599=-1154.60420 + 20.63395 + 58.14530 + 43.60896]
Epoch 136 [83.7s]: train==[-1032.33510=-1154.71926 + 20.63259 + 58.14377 + 43.60780]
Epoch 137 [82.0s]: train==[-1032.59882=-1154.98541 + 20.64342 + 58.13897 + 43.60420]
Epoch 138 [80.3s]: train==[-1032.71274=-1155.07142 + 20.61690 + 58.13817 + 43.60361]
Epoch 139 [80.9s + 17.4s]:, recall=[0.04210, 0.06580, 0.10080, 0.15290], precision=[0.00421, 0.00329], hit=[0.04210, 0.06580], ndcg=[0.02170, 0.02765, 0.03479, 0.03479]
Epoch 140 [80.8s]: train==[-1032.12694=-1154.44119 + 20.58266 + 58.13235 + 43.59924]
Epoch 141 [80.4s]: train==[-1032.99728=-1155.30662 + 20.58369 + 58.12895 + 43.59669]
Epoch 142 [80.7s]: train==[-1033.35229=-1155.69207 + 20.62000 + 58.12560 + 43.59418]
Epoch 143 [81.5s]: train==[-1033.54115=-1155.86966 + 20.60951 + 58.12516 + 43.59385]
Epoch 144 [79.7s + 17.0s]:, recall=[0.04270, 0.06580, 0.10030, 0.15040], precision=[0.00427, 0.00329], hit=[0.04270, 0.06580], ndcg=[0.02156, 0.02738, 0.03442, 0.03442]
Epoch 145 [81.6s]: train==[-1033.66799=-1155.95675 + 20.57807 + 58.12041 + 43.59029]
Epoch 146 [79.5s]: train==[-1033.51636=-1155.83130 + 20.61173 + 58.11613 + 43.58707]
Epoch 147 [80.4s]: train==[-1033.93571=-1156.22564 + 20.58369 + 58.11786 + 43.58838]
Epoch 148 [80.6s]: train==[-1033.62343=-1155.94579 + 20.62603 + 58.11219 + 43.58413]
Epoch 149 [80.9s + 18.1s]:, recall=[0.04170, 0.06660, 0.10240, 0.15230], precision=[0.00417, 0.00333], hit=[0.04170, 0.06660], ndcg=[0.02149, 0.02774, 0.03501, 0.03501]
Epoch 150 [79.3s]: train==[-1034.24556=-1156.56288 + 20.62387 + 58.11055 + 43.58290]
Epoch 151 [79.8s]: train==[-1034.73405=-1157.06059 + 20.64383 + 58.10442 + 43.57829]
Epoch 152 [81.9s]: train==[-1033.65124=-1155.95570 + 20.62074 + 58.10500 + 43.57872]
Epoch 153 [82.4s]: train==[-1033.48951=-1155.78082 + 20.61196 + 58.10249 + 43.57685]
Epoch 154 [84.2s + 17.2s]:, recall=[0.04130, 0.06640, 0.10220, 0.15000], precision=[0.00413, 0.00332], hit=[0.04130, 0.06640], ndcg=[0.02117, 0.02748, 0.03478, 0.03478]
Epoch 155 [116.3s]: train==[-1034.62485=-1156.89960 + 20.60294 + 58.09818 + 43.57361]
Epoch 156 [108.9s]: train==[-1036.11941=-1158.41005 + 20.62548 + 58.09438 + 43.57077]
Epoch 157 [106.8s]: train==[-1035.34129=-1157.62097 + 20.61325 + 58.09512 + 43.57132]
Epoch 158 [85.9s]: train==[-1035.33260=-1157.61772 + 20.62143 + 58.09355 + 43.57015]
Epoch 159 [82.4s + 17.7s]:, recall=[0.04240, 0.06480, 0.10270, 0.15190], precision=[0.00424, 0.00324], hit=[0.04240, 0.06480], ndcg=[0.02169, 0.02731, 0.03501, 0.03501]
Epoch 160 [87.8s]: train==[-1034.97016=-1157.27121 + 20.64531 + 58.08900 + 43.56673]
Epoch 161 [82.0s]: train==[-1035.52374=-1157.77607 + 20.59722 + 58.08864 + 43.56646]
Epoch 162 [81.0s]: train==[-1035.21157=-1157.46046 + 20.59225 + 58.08951 + 43.56713]
Epoch 163 [82.3s]: train==[-1035.14379=-1157.39563 + 20.60280 + 58.08518 + 43.56386]
Epoch 164 [81.4s + 17.6s]:, recall=[0.04140, 0.06410, 0.10240, 0.14960], precision=[0.00414, 0.00320], hit=[0.04140, 0.06410], ndcg=[0.02120, 0.02690, 0.03470, 0.03470]
Epoch 165 [81.2s]: train==[-1036.26069=-1158.49336 + 20.58940 + 58.08188 + 43.56139]
Epoch 166 [80.7s]: train==[-1035.77324=-1158.02551 + 20.61669 + 58.07749 + 43.55809]
Epoch 167 [79.4s]: train==[-1036.60834=-1158.87057 + 20.62704 + 58.07725 + 43.55792]
Epoch 168 [79.5s]: train==[-1035.64418=-1157.91321 + 20.63499 + 58.07660 + 43.55743]
Epoch 169 [80.2s + 18.5s]:, recall=[0.04290, 0.06550, 0.10160, 0.15200], precision=[0.00429, 0.00327], hit=[0.04290, 0.06550], ndcg=[0.02183, 0.02755, 0.03490, 0.03490]
Epoch 170 [81.7s]: train==[-1036.90550=-1159.16074 + 20.63040 + 58.07135 + 43.55350]
Epoch 171 [85.5s]: train==[-1036.27609=-1158.50589 + 20.60912 + 58.06898 + 43.55171]
Epoch 172 [80.7s]: train==[-1035.61790=-1157.84274 + 20.60786 + 58.06685 + 43.55013]
Epoch 173 [81.3s]: train==[-1036.15507=-1158.38537 + 20.61204 + 58.06759 + 43.55067]
Epoch 174 [80.4s + 18.2s]:, recall=[0.04170, 0.06510, 0.10310, 0.15140], precision=[0.00417, 0.00325], hit=[0.04170, 0.06510], ndcg=[0.02155, 0.02745, 0.03518, 0.03518]
Epoch 175 [80.0s]: train==[-1036.93955=-1159.14517 + 20.59548 + 58.06295 + 43.54719]
Epoch 176 [81.0s]: train==[-1036.65358=-1158.88128 + 20.62442 + 58.05903 + 43.54425]
Epoch 177 [81.0s]: train==[-1036.90571=-1159.15191 + 20.63978 + 58.06082 + 43.54559]
Epoch 178 [80.9s]: train==[-1036.18457=-1158.39305 + 20.60952 + 58.05655 + 43.54240]
Epoch 179 [81.2s + 16.3s]:, recall=[0.04270, 0.06610, 0.10220, 0.15310], precision=[0.00427, 0.00330], hit=[0.04270, 0.06610], ndcg=[0.02174, 0.02765, 0.03499, 0.03499]
Epoch 180 [82.2s]: train==[-1037.37784=-1159.56461 + 20.59555 + 58.05214 + 43.53908]
Epoch 181 [81.4s]: train==[-1037.55035=-1159.76299 + 20.61705 + 58.05463 + 43.54095]
Epoch 182 [84.1s]: train==[-1037.00856=-1159.18647 + 20.59066 + 58.04987 + 43.53738]
Epoch 183 [81.3s]: train==[-1036.94073=-1159.14300 + 20.61532 + 58.04970 + 43.53725]
Epoch 184 [81.9s + 17.3s]:, recall=[0.04290, 0.06530, 0.10190, 0.15090], precision=[0.00429, 0.00326], hit=[0.04290, 0.06530], ndcg=[0.02178, 0.02739, 0.03484, 0.03484]
Epoch 185 [82.2s]: train==[-1037.98357=-1160.19253 + 20.62392 + 58.04861 + 43.53643]
Epoch 186 [80.9s]: train==[-1037.47948=-1159.69566 + 20.63915 + 58.04403 + 43.53300]
Epoch 187 [81.4s]: train==[-1037.91577=-1160.10510 + 20.61159 + 58.04443 + 43.53331]
Epoch 188 [81.5s]: train==[-1037.79897=-1159.98222 + 20.60907 + 58.04239 + 43.53178]
Epoch 189 [81.5s + 17.3s]:, recall=[0.04270, 0.06630, 0.10140, 0.15120], precision=[0.00427, 0.00331], hit=[0.04270, 0.06630], ndcg=[0.02188, 0.02782, 0.03495, 0.03495]
Epoch 190 [82.8s]: train==[-1037.87412=-1160.02970 + 20.58928 + 58.03789 + 43.52840]
Epoch 191 [81.4s]: train==[-1037.60625=-1159.81752 + 20.64185 + 58.03969 + 43.52974]
Epoch 192 [81.6s]: train==[-1038.47078=-1160.66946 + 20.63357 + 58.03723 + 43.52790]
Epoch 193 [80.4s]: train==[-1037.92742=-1160.08703 + 20.59758 + 58.03546 + 43.52657]
Epoch 194 [82.1s + 17.4s]:, recall=[0.04210, 0.06410, 0.10170, 0.15250], precision=[0.00421, 0.00320], hit=[0.04210, 0.06410], ndcg=[0.02169, 0.02726, 0.03492, 0.03492]
Epoch 195 [83.1s]: train==[-1038.76726=-1160.92367 + 20.59925 + 58.03267 + 43.52448]
Epoch 196 [79.9s]: train==[-1037.70322=-1159.89076 + 20.62725 + 58.03447 + 43.52583]
Epoch 197 [82.2s]: train==[-1038.13446=-1160.27834 + 20.59060 + 58.03046 + 43.52281]
Epoch 198 [82.4s]: train==[-1038.52498=-1160.69237 + 20.62066 + 58.02671 + 43.52001]
Epoch 199 [82.3s + 18.1s]:, recall=[0.04350, 0.06670, 0.10290, 0.15230], precision=[0.00435, 0.00333], hit=[0.04350, 0.06670], ndcg=[0.02201, 0.02782, 0.03516, 0.03516]
Epoch 200 [89.5s]: train==[-1038.59035=-1160.74589 + 20.60876 + 58.02675 + 43.52003]
Epoch 201 [97.2s]: train==[-1037.78398=-1159.93178 + 20.60018 + 58.02722 + 43.52040]
Epoch 202 [81.0s]: train==[-1039.17091=-1161.34679 + 20.63581 + 58.02290 + 43.51716]
Epoch 203 [82.8s]: train==[-1039.03192=-1161.20212 + 20.63650 + 58.01927 + 43.51444]
Epoch 204 [88.3s + 18.3s]:, recall=[0.04250, 0.06520, 0.10110, 0.15130], precision=[0.00425, 0.00326], hit=[0.04250, 0.06520], ndcg=[0.02152, 0.02726, 0.03458, 0.03458]
Epoch 205 [100.8s]: train==[-1039.23474=-1161.39257 + 20.62400 + 58.01933 + 43.51448]
Epoch 206 [81.8s]: train==[-1039.65842=-1161.83465 + 20.64940 + 58.01534 + 43.51149]
Epoch 207 [81.2s]: train==[-1039.01186=-1161.18482 + 20.64535 + 58.01578 + 43.51182]
Epoch 208 [80.2s]: train==[-1038.98642=-1161.15575 + 20.64312 + 58.01499 + 43.51122]
Epoch 209 [80.4s + 16.9s]:, recall=[0.04230, 0.06480, 0.10150, 0.15110], precision=[0.00423, 0.00324], hit=[0.04230, 0.06480], ndcg=[0.02155, 0.02721, 0.03470, 0.03470]
Epoch 210 [80.5s]: train==[-1039.12071=-1161.28668 + 20.63792 + 58.01604 + 43.51201]
Epoch 211 [80.9s]: train==[-1038.56493=-1160.72540 + 20.63467 + 58.01476 + 43.51105]
Epoch 212 [79.9s]: train==[-1039.27461=-1161.42132 + 20.62666 + 58.01148 + 43.50858]
Epoch 213 [80.5s]: train==[-1039.30139=-1161.48572 + 20.66542 + 58.01083 + 43.50809]
Epoch 214 [80.0s + 16.3s]:, recall=[0.04160, 0.06390, 0.10160, 0.15140], precision=[0.00416, 0.00319], hit=[0.04160, 0.06390], ndcg=[0.02144, 0.02707, 0.03476, 0.03476]
Epoch 215 [80.9s]: train==[-1039.43197=-1161.59888 + 20.65510 + 58.00677 + 43.50505]
Epoch 216 [80.5s]: train==[-1039.62927=-1161.80311 + 20.65587 + 58.01028 + 43.50769]
Epoch 217 [79.7s]: train==[-1038.82851=-1160.94997 + 20.61090 + 58.00605 + 43.50452]
Epoch 218 [80.5s]: train==[-1039.32769=-1161.52133 + 20.68548 + 58.00468 + 43.50348]
Epoch 219 [79.7s + 16.5s]:, recall=[0.04270, 0.06520, 0.10330, 0.15320], precision=[0.00427, 0.00326], hit=[0.04270, 0.06520], ndcg=[0.02143, 0.02707, 0.03482, 0.03482]
Epoch 220 [80.4s]: train==[-1040.13217=-1162.31499 + 20.67875 + 58.00234 + 43.50173]
Epoch 221 [80.4s]: train==[-1039.89073=-1162.05197 + 20.66138 + 57.99993 + 43.49992]
Epoch 222 [83.1s]: train==[-1039.36141=-1161.54062 + 20.67595 + 58.00187 + 43.50139]
Epoch 223 [80.1s]: train==[-1039.64229=-1161.81598 + 20.68101 + 57.99583 + 43.49685]
Epoch 224 [80.7s + 16.9s]:, recall=[0.04170, 0.06440, 0.10240, 0.15200], precision=[0.00417, 0.00322], hit=[0.04170, 0.06440], ndcg=[0.02126, 0.02695, 0.03467, 0.03467]
Epoch 225 [80.9s]: train==[-1040.18240=-1162.35784 + 20.68068 + 57.99702 + 43.49774]
Epoch 226 [80.8s]: train==[-1040.39877=-1162.59477 + 20.69981 + 57.99785 + 43.49836]
Epoch 227 [79.8s]: train==[-1039.94056=-1162.13026 + 20.69122 + 57.99915 + 43.49934]
Epoch 228 [80.0s]: train==[-1039.09531=-1161.24650 + 20.66073 + 57.99456 + 43.49590]
Epoch 229 [79.8s + 16.9s]:, recall=[0.04280, 0.06470, 0.10100, 0.15240], precision=[0.00428, 0.00323], hit=[0.04280, 0.06470], ndcg=[0.02169, 0.02717, 0.03454, 0.03454]
Epoch 230 [80.2s]: train==[-1040.52232=-1162.69131 + 20.68863 + 57.98879 + 43.49157]
Epoch 231 [80.8s]: train==[-1041.42458=-1163.61361 + 20.70027 + 57.99359 + 43.49517]
Epoch 232 [79.9s]: train==[-1040.59133=-1162.78063 + 20.70877 + 57.98889 + 43.49164]
Epoch 233 [79.5s]: train==[-1040.28939=-1162.49780 + 20.72732 + 57.98920 + 43.49188]
Epoch 234 [79.7s + 16.8s]:, recall=[0.04230, 0.06570, 0.09960, 0.15280], precision=[0.00423, 0.00328], hit=[0.04230, 0.06570], ndcg=[0.02149, 0.02738, 0.03429, 0.03429]
Epoch 235 [80.4s]: train==[-1041.65499=-1163.82835 + 20.70303 + 57.98305 + 43.48727]
Epoch 236 [79.7s]: train==[-1041.05419=-1163.26117 + 20.72804 + 57.98798 + 43.49096]
Epoch 237 [80.8s]: train==[-1040.74702=-1162.90644 + 20.68346 + 57.98628 + 43.48969]
Epoch 238 [79.5s]: train==[-1041.54256=-1163.75553 + 20.74439 + 57.98205 + 43.48652]
Epoch 239 [80.3s + 16.5s]:, recall=[0.04170, 0.06540, 0.10310, 0.15170], precision=[0.00417, 0.00327], hit=[0.04170, 0.06540], ndcg=[0.02138, 0.02734, 0.03501, 0.03501]
Epoch 240 [80.8s]: train==[-1041.70184=-1163.88360 + 20.71170 + 57.98289 + 43.48715]
Epoch 241 [79.9s]: train==[-1040.65451=-1162.82816 + 20.70726 + 57.98081 + 43.48559]
Epoch 242 [78.7s]: train==[-1040.76877=-1162.94826 + 20.71372 + 57.98045 + 43.48532]
Epoch 243 [77.4s]: train==[-1041.43023=-1163.64376 + 20.74072 + 57.98447 + 43.48833]
Epoch 244 [77.3s + 17.0s]:, recall=[0.04340, 0.06380, 0.10200, 0.15190], precision=[0.00434, 0.00319], hit=[0.04340, 0.06380], ndcg=[0.02194, 0.02707, 0.03487, 0.03487]
Epoch 245 [80.6s]: train==[-1042.43653=-1164.62771 + 20.72823 + 57.97884 + 43.48412]
Epoch 246 [79.8s]: train==[-1041.08668=-1163.25523 + 20.70416 + 57.97966 + 43.48473]
Epoch 247 [80.5s]: train==[-1041.80053=-1164.02397 + 20.76411 + 57.97678 + 43.48256]
Epoch 248 [79.2s]: train==[-1040.89699=-1163.09834 + 20.73790 + 57.97913 + 43.48433]
Epoch 249 [84.4s + 27.0s]:, recall=[0.04320, 0.06470, 0.10280, 0.15120], precision=[0.00432, 0.00323], hit=[0.04320, 0.06470], ndcg=[0.02214, 0.02758, 0.03532, 0.03532]
Early stopping is trigger at step: 10 log:0.04320000000000021
Best Iter=[39]@[21317.5]	recall=[0.0435	0.0667	0.1029	0.1523], ndcg=[0.0220	0.0278	0.0352	0.0436]
