nohup: ignoring input
Dataset name: Tmall
The number of users: 31882
The number of items: 31232
The behavior ratings: [1093807, 140068, 49482, 167862]
The number of ratings: 1451219
Average actions of users: 45.52
Average actions of items: 46.47
The density of the dataset: 0.001457
The sparsity of the dataset: 99.854257%
already load adj matrix 0.7650623321533203
already load pre adj matrix
use the pre adjcency matrix
201
51
54
51
without pretraining.
Epoch 0 [77.5s]: train==[-33.40996=-230.20730 + 94.65774 + 58.36555 + 43.77404]
Epoch 1 [75.8s]: train==[-222.51850=-342.78959 + 18.61473 + 58.08939 + 43.56696]
Epoch 2 [75.7s]: train==[-288.50247=-400.57811 + 10.70162 + 57.92812 + 43.44590]
Epoch 3 [75.7s]: train==[-369.16477=-480.14286 + 9.81603 + 57.80704 + 43.35503]
Epoch 4 [75.7s + 14.9s]:, recall=[0.01560, 0.02380, 0.03840, 0.06250], precision=[0.00156, 0.00119], hit=[0.01560, 0.02380], ndcg=[0.00837, 0.01043, 0.01338, 0.01750]
Epoch 5 [75.8s]: train==[-490.85151=-601.45682 + 9.63973 + 57.69474 + 43.27085]
Epoch 6 [75.5s]: train==[-528.85935=-639.20603 + 9.43739 + 57.66256 + 43.24673]
Epoch 7 [75.4s]: train==[-563.08956=-673.31626 + 9.36115 + 57.63755 + 43.22800]
Epoch 8 [75.6s]: train==[-596.80817=-706.89750 + 9.27350 + 57.60913 + 43.20670]
Epoch 9 [75.9s + 15.6s]:, recall=[0.02230, 0.03630, 0.05950, 0.09220], precision=[0.00223, 0.00182], hit=[0.02230, 0.03630], ndcg=[0.01159, 0.01510, 0.01980, 0.02538]
Epoch 10 [75.6s]: train==[-657.17144=-767.33855 + 9.39960 + 57.58150 + 43.18601]
Epoch 11 [76.4s]: train==[-685.04556=-795.25304 + 9.47123 + 57.56363 + 43.17262]
Epoch 12 [76.0s]: train==[-710.79756=-821.06377 + 9.54777 + 57.55344 + 43.16499]
Epoch 13 [75.7s]: train==[-734.35266=-844.67650 + 9.61746 + 57.54654 + 43.15984]
Epoch 14 [78.3s + 15.6s]:, recall=[0.02820, 0.04800, 0.07220, 0.11170], precision=[0.00282, 0.00240], hit=[0.02820, 0.04800], ndcg=[0.01435, 0.01931, 0.02423, 0.03094]
Epoch 15 [76.1s]: train==[-774.76518=-885.21575 + 9.79177 + 57.51933 + 43.13946]
Epoch 16 [76.0s]: train==[-794.01281=-904.52673 + 9.85683 + 57.51835 + 43.13874]
Epoch 17 [75.7s]: train==[-810.49379=-921.11621 + 9.97868 + 57.51072 + 43.13302]
Epoch 18 [76.0s]: train==[-825.09515=-935.79941 + 10.07682 + 57.50140 + 43.12605]
Epoch 19 [75.3s + 15.3s]:, recall=[0.03200, 0.05180, 0.08210, 0.12200], precision=[0.00320, 0.00259], hit=[0.03200, 0.05180], ndcg=[0.01643, 0.02140, 0.02759, 0.03439]
Epoch 20 [76.5s]: train==[-851.48639=-962.34001 + 10.24394 + 57.49124 + 43.11843]
Epoch 21 [76.8s]: train==[-864.02132=-974.94405 + 10.32168 + 57.48631 + 43.11475]
Epoch 22 [76.9s]: train==[-872.82408=-983.80375 + 10.39127 + 57.47908 + 43.10933]
Epoch 23 [80.5s]: train==[-882.65897=-993.72364 + 10.48742 + 57.47270 + 43.10453]
Epoch 24 [81.0s + 16.5s]:, recall=[0.03320, 0.05530, 0.08260, 0.12490], precision=[0.00332, 0.00276], hit=[0.03320, 0.05530], ndcg=[0.01678, 0.02234, 0.02793, 0.03512]
Epoch 25 [107.4s]: train==[-898.32382=-1009.53736 + 10.66097 + 57.45860 + 43.09398]
Epoch 26 [88.3s]: train==[-905.72405=-1017.01484 + 10.74736 + 57.45337 + 43.09006]
Epoch 27 [78.1s]: train==[-912.17129=-1023.52583 + 10.82960 + 57.44279 + 43.08214]
Epoch 28 [77.0s]: train==[-917.72167=-1029.14517 + 10.90940 + 57.43660 + 43.07750]
Epoch 29 [78.1s + 13.8s]:, recall=[0.03510, 0.05550, 0.08460, 0.12720], precision=[0.00351, 0.00277], hit=[0.03510, 0.05550], ndcg=[0.01758, 0.02267, 0.02863, 0.03589]
Epoch 30 [79.8s]: train==[-929.04339=-1040.56823 + 11.03283 + 57.42397 + 43.06804]
Epoch 31 [77.8s]: train==[-932.80627=-1044.40359 + 11.11661 + 57.41751 + 43.06320]
Epoch 32 [78.1s]: train==[-937.36165=-1048.98561 + 11.15736 + 57.40944 + 43.05716]
Epoch 33 [78.1s]: train==[-941.03821=-1052.71714 + 11.22310 + 57.40328 + 43.05255]
Epoch 34 [77.8s + 16.0s]:, recall=[0.03470, 0.05620, 0.08520, 0.12770], precision=[0.00347, 0.00281], hit=[0.03470, 0.05620], ndcg=[0.01743, 0.02286, 0.02877, 0.03604]
Epoch 35 [78.1s]: train==[-949.10670=-1060.87636 + 11.34509 + 57.38542 + 43.03915]
Epoch 36 [78.4s]: train==[-952.74846=-1064.60009 + 11.42558 + 57.38626 + 43.03979]
Epoch 37 [78.4s]: train==[-954.92149=-1066.80803 + 11.47286 + 57.37919 + 43.03449]
Epoch 38 [77.0s]: train==[-957.66962=-1069.60255 + 11.53014 + 57.37296 + 43.02983]
Epoch 39 [77.0s + 15.5s]:, recall=[0.03460, 0.05710, 0.08770, 0.12930], precision=[0.00346, 0.00285], hit=[0.03460, 0.05710], ndcg=[0.01748, 0.02313, 0.02936, 0.03646]
Epoch 40 [78.7s]: train==[-962.26531=-1074.24676 + 11.61656 + 57.35130 + 43.01359]
Epoch 41 [78.9s]: train==[-963.52456=-1075.54345 + 11.65847 + 57.34874 + 43.01168]
Epoch 42 [78.3s]: train==[-967.56998=-1079.61231 + 11.69623 + 57.34057 + 43.00555]
Epoch 43 [81.1s]: train==[-967.98793=-1080.05781 + 11.73769 + 57.33261 + 42.99957]
Epoch 44 [77.3s + 14.9s]:, recall=[0.03480, 0.05610, 0.08770, 0.13170], precision=[0.00348, 0.00280], hit=[0.03480, 0.05610], ndcg=[0.01700, 0.02235, 0.02878, 0.03626]
Epoch 45 [77.8s]: train==[-971.91890=-1084.05757 + 11.82465 + 57.32223 + 42.99178]
Epoch 46 [78.3s]: train==[-973.68466=-1085.85275 + 11.86014 + 57.31875 + 42.98920]
Epoch 47 [77.8s]: train==[-975.21028=-1087.40171 + 11.90549 + 57.30619 + 42.97976]
Epoch 48 [78.8s]: train==[-976.91632=-1089.14454 + 11.95339 + 57.29983 + 42.97500]
Epoch 49 [77.8s + 15.2s]:, recall=[0.03490, 0.05740, 0.08950, 0.13270], precision=[0.00349, 0.00287], hit=[0.03490, 0.05740], ndcg=[0.01730, 0.02294, 0.02946, 0.03682]
Epoch 50 [78.6s]: train==[-978.99235=-1091.29731 + 12.05378 + 57.28631 + 42.96487]
Epoch 51 [78.3s]: train==[-980.63084=-1092.93909 + 12.07449 + 57.27636 + 42.95741]
Epoch 52 [77.8s]: train==[-981.37283=-1093.68149 + 12.09005 + 57.26768 + 42.95091]
Epoch 53 [77.6s]: train==[-982.82520=-1095.19713 + 12.16482 + 57.26114 + 42.94598]
Epoch 54 [77.5s + 16.3s]:, recall=[0.03480, 0.05650, 0.08900, 0.13260], precision=[0.00348, 0.00282], hit=[0.03480, 0.05650], ndcg=[0.01742, 0.02289, 0.02951, 0.03693]
Epoch 55 [77.4s]: train==[-985.21740=-1097.63920 + 12.24307 + 57.24490 + 42.93383]
Epoch 56 [77.4s]: train==[-985.54597=-1097.99664 + 12.28298 + 57.23860 + 42.92909]
Epoch 57 [77.2s]: train==[-987.36189=-1099.82241 + 12.31021 + 57.22866 + 42.92165]
Epoch 58 [77.8s]: train==[-987.91254=-1100.38452 + 12.33443 + 57.22137 + 42.91618]
Epoch 59 [77.7s + 16.2s]:, recall=[0.03630, 0.05810, 0.08960, 0.13480], precision=[0.00363, 0.00290], hit=[0.03630, 0.05810], ndcg=[0.01790, 0.02336, 0.02978, 0.03747]
Epoch 60 [78.7s]: train==[-988.92132=-1101.46768 + 12.43771 + 57.20487 + 42.90380]
Epoch 61 [82.4s]: train==[-990.20334=-1102.75244 + 12.45001 + 57.19940 + 42.89970]
Epoch 62 [90.7s]: train==[-991.18025=-1103.75648 + 12.48359 + 57.19570 + 42.89693]
Epoch 63 [109.0s]: train==[-991.67649=-1104.26223 + 12.51012 + 57.18598 + 42.88964]
Epoch 64 [81.1s + 33.8s]:, recall=[0.03580, 0.05770, 0.09080, 0.13410], precision=[0.00358, 0.00288], hit=[0.03580, 0.05770], ndcg=[0.01783, 0.02331, 0.03003, 0.03741]
Epoch 65 [78.2s]: train==[-994.16286=-1106.81587 + 12.59969 + 57.17324 + 42.88008]
Epoch 66 [78.8s]: train==[-994.06123=-1106.70052 + 12.61207 + 57.15832 + 42.86891]
Epoch 67 [77.6s]: train==[-993.95476=-1106.60854 + 12.64771 + 57.14624 + 42.85983]
Epoch 68 [80.2s]: train==[-995.56960=-1108.25644 + 12.68584 + 57.14334 + 42.85766]
