nohup: ignoring input
Dataset name: Tmall
The number of users: 31882
The number of items: 31232
The behavior ratings: [1093807, 140068, 49482, 167862]
The number of ratings: 1451219
Average actions of users: 45.52
Average actions of items: 46.47
The density of the dataset: 0.001457
The sparsity of the dataset: 99.854257%
already load adj matrix 0.45769190788269043
already load pre adj matrix
use the pre adjcency matrix
201
51
54
51
without pretraining.
Epoch 0 [80.4s]: train==[872.59468=-208.73566 + 977.65754 + 59.24157 + 44.43123]
Epoch 1 [79.3s]: train==[-83.82635=-318.26257 + 131.06948 + 59.06669 + 44.30005]
Epoch 2 [79.0s]: train==[-234.10061=-378.37674 + 41.11261 + 58.95055 + 44.21297]
Epoch 3 [79.1s]: train==[-297.16554=-422.87816 + 22.63666 + 58.90052 + 44.17544]
Epoch 4 [78.3s + 17.5s]:, recall=[0.01300, 0.02080, 0.03290, 0.05120], precision=[0.00130, 0.00104], hit=[0.01300, 0.02080], ndcg=[0.00689, 0.00883, 0.01129, 0.01129]
Epoch 5 [79.0s]: train==[-415.15013=-533.99475 + 15.86902 + 58.84318 + 44.13242]
Epoch 6 [81.0s]: train==[-471.60050=-590.06478 + 15.52062 + 58.82493 + 44.11872]
Epoch 7 [83.7s]: train==[-518.59311=-637.22895 + 15.71046 + 58.81449 + 44.11089]
Epoch 8 [81.4s]: train==[-556.51122=-675.29761 + 15.89029 + 58.79776 + 44.09834]
Epoch 9 [80.3s + 17.6s]:, recall=[0.02300, 0.03770, 0.06090, 0.09100], precision=[0.00230, 0.00189], hit=[0.02300, 0.03770], ndcg=[0.01216, 0.01588, 0.02058, 0.02058]
Epoch 10 [80.1s]: train==[-616.33196=-735.36998 + 16.17539 + 58.77864 + 44.08399]
Epoch 11 [78.7s]: train==[-642.80871=-762.01755 + 16.36800 + 58.76619 + 44.07465]
Epoch 12 [77.2s]: train==[-668.56495=-787.93636 + 16.54472 + 58.75809 + 44.06859]
Epoch 13 [77.4s]: train==[-693.16905=-812.75003 + 16.76594 + 58.75144 + 44.06359]
Epoch 14 [79.6s + 18.1s]:, recall=[0.02740, 0.04670, 0.07250, 0.11270], precision=[0.00274, 0.00233], hit=[0.02740, 0.04670], ndcg=[0.01458, 0.01943, 0.02467, 0.02467]
Epoch 15 [77.6s]: train==[-736.45209=-856.34093 + 17.11595 + 58.72735 + 44.04554]
Epoch 16 [79.1s]: train==[-756.97880=-877.00967 + 17.26296 + 58.72451 + 44.04340]
Epoch 17 [77.7s]: train==[-774.83150=-895.12360 + 17.53397 + 58.71891 + 44.03921]
Epoch 18 [76.6s]: train==[-792.47342=-912.90811 + 17.69422 + 58.70882 + 44.03164]
Epoch 19 [76.8s + 16.5s]:, recall=[0.03130, 0.05130, 0.08170, 0.12240], precision=[0.00313, 0.00256], hit=[0.03130, 0.05130], ndcg=[0.01622, 0.02126, 0.02745, 0.02745]
Epoch 20 [76.4s]: train==[-824.62599=-945.38906 + 18.04840 + 58.69408 + 44.02059]
Epoch 21 [76.5s]: train==[-839.24132=-960.15169 + 18.21309 + 58.68415 + 44.01314]
Epoch 22 [77.0s]: train==[-852.15397=-973.23637 + 18.38631 + 58.68347 + 44.01263]
Epoch 23 [82.9s]: train==[-863.64466=-984.86693 + 18.54476 + 58.67285 + 44.00466]
Epoch 24 [140.0s + 24.4s]:, recall=[0.03420, 0.05620, 0.08630, 0.12980], precision=[0.00342, 0.00281], hit=[0.03420, 0.05620], ndcg=[0.01751, 0.02306, 0.02921, 0.02921]
Epoch 25 [91.1s]: train==[-885.15946=-1006.61662 + 18.80861 + 58.65629 + 43.99225]
Epoch 26 [91.9s]: train==[-894.27575=-1015.90498 + 18.98878 + 58.65167 + 43.98878]
Epoch 27 [76.6s]: train==[-901.48184=-1023.22702 + 19.12770 + 58.63855 + 43.97894]
Epoch 28 [76.3s]: train==[-908.78150=-1030.63501 + 19.24470 + 58.63358 + 43.97522]
Epoch 29 [76.0s + 17.2s]:, recall=[0.03640, 0.05850, 0.09080, 0.13470], precision=[0.00364, 0.00292], hit=[0.03640, 0.05850], ndcg=[0.01931, 0.02483, 0.03143, 0.03143]
Epoch 30 [77.2s]: train==[-923.20665=-1045.29269 + 19.50074 + 58.62015 + 43.96515]
Epoch 31 [78.0s]: train==[-928.25521=-1050.47167 + 19.64462 + 58.61246 + 43.95938]
Epoch 32 [77.0s]: train==[-934.55550=-1056.80024 + 19.68506 + 58.60551 + 43.95416]
Epoch 33 [77.4s]: train==[-939.48258=-1061.80987 + 19.78540 + 58.59535 + 43.94654]
Epoch 34 [84.4s + 17.7s]:, recall=[0.03740, 0.06100, 0.09350, 0.13640], precision=[0.00374, 0.00305], hit=[0.03740, 0.06100], ndcg=[0.01933, 0.02527, 0.03192, 0.03192]
Epoch 35 [77.9s]: train==[-948.53290=-1070.98380 + 19.92850 + 58.58422 + 43.93818]
Epoch 36 [77.0s]: train==[-952.10877=-1074.59580 + 19.96981 + 58.58125 + 43.93597]
Epoch 37 [78.8s]: train==[-956.65897=-1079.25366 + 20.09205 + 58.57293 + 43.92972]
Epoch 38 [79.5s]: train==[-959.77438=-1082.39131 + 20.12485 + 58.56689 + 43.92518]
Epoch 39 [76.2s + 15.5s]:, recall=[0.03800, 0.06130, 0.09400, 0.14020], precision=[0.00380, 0.00306], hit=[0.03800, 0.06130], ndcg=[0.01949, 0.02534, 0.03203, 0.03203]
Epoch 40 [76.9s]: train==[-966.40517=-1089.08566 + 20.22121 + 58.54815 + 43.91113]
Epoch 41 [76.3s]: train==[-969.09781=-1091.81856 + 20.26743 + 58.54475 + 43.90858]
Epoch 42 [76.8s]: train==[-971.90227=-1094.65280 + 20.31329 + 58.53556 + 43.90168]
Epoch 43 [76.3s]: train==[-973.97670=-1096.73778 + 20.33280 + 58.53043 + 43.89785]
Epoch 44 [76.4s + 17.3s]:, recall=[0.03970, 0.06180, 0.09470, 0.13980], precision=[0.00397, 0.00309], hit=[0.03970, 0.06180], ndcg=[0.02011, 0.02568, 0.03242, 0.03242]
Epoch 45 [76.5s]: train==[-978.87360=-1101.71303 + 20.42669 + 58.52156 + 43.89118]
Epoch 46 [76.6s]: train==[-981.72790=-1104.60398 + 20.47253 + 58.51631 + 43.88724]
Epoch 47 [76.7s]: train==[-982.94518=-1105.85709 + 20.52492 + 58.50685 + 43.88014]
Epoch 48 [76.5s]: train==[-985.96362=-1108.86594 + 20.52718 + 58.50008 + 43.87506]
Epoch 49 [76.9s + 16.6s]:, recall=[0.03920, 0.06430, 0.09490, 0.14230], precision=[0.00392, 0.00321], hit=[0.03920, 0.06430], ndcg=[0.02036, 0.02666, 0.03289, 0.03289]
Epoch 50 [77.0s]: train==[-988.22891=-1111.16593 + 20.58479 + 58.48699 + 43.86525]
Epoch 51 [76.5s]: train==[-990.25841=-1113.22153 + 20.62069 + 58.48138 + 43.86104]
Epoch 52 [76.5s]: train==[-992.08232=-1115.04342 + 20.62681 + 58.47674 + 43.85755]
Epoch 53 [76.2s]: train==[-993.60658=-1116.58674 + 20.65601 + 58.47093 + 43.85322]
Epoch 54 [77.3s + 14.8s]:, recall=[0.04010, 0.06300, 0.09820, 0.14310], precision=[0.00401, 0.00315], hit=[0.04010, 0.06300], ndcg=[0.02093, 0.02666, 0.03385, 0.03385]
Epoch 55 [77.1s]: train==[-996.47803=-1119.49668 + 20.71528 + 58.45906 + 43.84431]
Epoch 56 [76.7s]: train==[-997.35882=-1120.31904 + 20.66535 + 58.45421 + 43.84066]
Epoch 57 [79.6s]: train==[-999.12763=-1122.12291 + 20.71859 + 58.44382 + 43.83287]
Epoch 58 [79.8s]: train==[-999.95866=-1122.98266 + 20.75207 + 58.44110 + 43.83083]
Epoch 59 [79.0s + 16.8s]:, recall=[0.03910, 0.06430, 0.09750, 0.14390], precision=[0.00391, 0.00321], hit=[0.03910, 0.06430], ndcg=[0.02042, 0.02676, 0.03351, 0.03351]
Epoch 60 [79.7s]: train==[-1001.30243=-1124.29149 + 20.74178 + 58.42702 + 43.82027]
Epoch 61 [78.7s]: train==[-1003.39610=-1126.41055 + 20.76824 + 58.42641 + 43.81980]
Epoch 62 [78.5s]: train==[-1004.15479=-1127.12980 + 20.73532 + 58.42269 + 43.81701]
Epoch 63 [80.0s]: train==[-1004.81334=-1127.79275 + 20.75225 + 58.41552 + 43.81164]
Epoch 64 [79.0s + 16.8s]:, recall=[0.03960, 0.06220, 0.09780, 0.14690], precision=[0.00396, 0.00311], hit=[0.03960, 0.06220], ndcg=[0.02082, 0.02650, 0.03377, 0.03377]
Epoch 65 [80.5s]: train==[-1007.03404=-1130.04245 + 20.79741 + 58.40628 + 43.80472]
Epoch 66 [80.7s]: train==[-1008.04601=-1130.99371 + 20.75487 + 58.39591 + 43.79692]
Epoch 67 [77.9s]: train==[-1008.01396=-1130.97333 + 20.77785 + 58.38944 + 43.79208]
Epoch 68 [80.6s]: train==[-1010.50840=-1133.44839 + 20.75944 + 58.38888 + 43.79166]
Epoch 69 [81.0s + 17.2s]:, recall=[0.03930, 0.06360, 0.09970, 0.14590], precision=[0.00393, 0.00318], hit=[0.03930, 0.06360], ndcg=[0.02087, 0.02697, 0.03429, 0.03429]
Epoch 70 [82.0s]: train==[-1012.05257=-1134.96030 + 20.74918 + 58.37632 + 43.78223]
Epoch 71 [80.6s]: train==[-1011.49075=-1134.38309 + 20.73591 + 58.37511 + 43.78133]
Epoch 72 [80.1s]: train==[-1011.21071=-1134.04662 + 20.69784 + 58.36462 + 43.77345]
Epoch 73 [79.1s]: train==[-1013.52754=-1136.42844 + 20.76344 + 58.36426 + 43.77319]
Epoch 74 [80.0s + 24.0s]:, recall=[0.03980, 0.06360, 0.09820, 0.14660], precision=[0.00398, 0.00318], hit=[0.03980, 0.06360], ndcg=[0.02091, 0.02689, 0.03395, 0.03395]
Epoch 75 [89.6s]: train==[-1015.21975=-1138.12114 + 20.78897 + 58.34996 + 43.76246]
Epoch 76 [100.6s]: train==[-1015.60992=-1138.50243 + 20.78268 + 58.34847 + 43.76135]
Epoch 77 [87.4s]: train==[-1016.11440=-1139.00173 + 20.78679 + 58.34316 + 43.75738]
Epoch 78 [93.7s]: train==[-1016.18887=-1139.07178 + 20.78568 + 58.34127 + 43.75595]
Epoch 79 [80.0s + 18.1s]:, recall=[0.04050, 0.06540, 0.09870, 0.14690], precision=[0.00405, 0.00327], hit=[0.04050, 0.06540], ndcg=[0.02099, 0.02723, 0.03398, 0.03398]
Epoch 80 [80.1s]: train==[-1017.45134=-1140.30675 + 20.77863 + 58.32959 + 43.74719]
Epoch 81 [80.1s]: train==[-1017.98324=-1140.80868 + 20.74573 + 58.33127 + 43.74845]
Epoch 82 [80.9s]: train==[-1018.40333=-1141.21533 + 20.74417 + 58.32447 + 43.74335]
Epoch 83 [79.8s]: train==[-1018.69303=-1141.49195 + 20.74200 + 58.31825 + 43.73868]
Epoch 84 [80.1s + 17.9s]:, recall=[0.04090, 0.06570, 0.09950, 0.14780], precision=[0.00409, 0.00328], hit=[0.04090, 0.06570], ndcg=[0.02115, 0.02738, 0.03421, 0.03421]
Epoch 85 [80.3s]: train==[-1019.48397=-1142.27840 + 20.75190 + 58.31003 + 43.73249]
Epoch 86 [80.6s]: train==[-1020.63064=-1143.40103 + 20.74302 + 58.30137 + 43.72600]
Epoch 87 [79.9s]: train==[-1020.71786=-1143.49982 + 20.75425 + 58.30155 + 43.72615]
Epoch 88 [82.6s]: train==[-1019.78087=-1142.50107 + 20.70839 + 58.29247 + 43.71933]
Epoch 89 [82.5s + 17.2s]:, recall=[0.04060, 0.06480, 0.10160, 0.14730], precision=[0.00406, 0.00324], hit=[0.04060, 0.06480], ndcg=[0.02121, 0.02728, 0.03477, 0.03477]
Epoch 90 [81.0s]: train==[-1021.56046=-1144.31146 + 20.74098 + 58.29144 + 43.71857]
Epoch 91 [80.7s]: train==[-1022.10915=-1144.83664 + 20.72776 + 58.28557 + 43.71416]
Epoch 92 [80.6s]: train==[-1022.97997=-1145.71200 + 20.74107 + 58.28055 + 43.71040]
Epoch 93 [79.6s]: train==[-1023.44686=-1146.15530 + 20.72412 + 58.27676 + 43.70756]
Epoch 94 [79.6s + 17.8s]:, recall=[0.04120, 0.06540, 0.10180, 0.14750], precision=[0.00412, 0.00327], hit=[0.04120, 0.06540], ndcg=[0.02141, 0.02747, 0.03484, 0.03484]
Epoch 95 [80.7s]: train==[-1022.92726=-1145.63847 + 20.74079 + 58.26881 + 43.70159]
Epoch 96 [78.4s]: train==[-1024.24765=-1146.91908 + 20.70614 + 58.26590 + 43.69941]
Epoch 97 [80.4s]: train==[-1025.54446=-1148.21281 + 20.70792 + 58.26311 + 43.69732]
Epoch 98 [80.4s]: train==[-1024.54012=-1147.19780 + 20.70185 + 58.26048 + 43.69534]
Epoch 99 [77.1s + 17.9s]:, recall=[0.04140, 0.06380, 0.10170, 0.14610], precision=[0.00414, 0.00319], hit=[0.04140, 0.06380], ndcg=[0.02131, 0.02697, 0.03468, 0.03468]
Epoch 100 [81.4s]: train==[-1025.26655=-1147.90400 + 20.69371 + 58.25358 + 43.69017]
Epoch 101 [80.4s]: train==[-1025.53721=-1148.17702 + 20.71168 + 58.24465 + 43.68347]
Epoch 102 [80.1s]: train==[-1025.47100=-1148.07446 + 20.67285 + 58.24607 + 43.68454]
Epoch 103 [80.3s]: train==[-1025.90738=-1148.50631 + 20.68028 + 58.23923 + 43.67942]
Epoch 104 [81.1s + 17.1s]:, recall=[0.04150, 0.06430, 0.10090, 0.14740], precision=[0.00415, 0.00321], hit=[0.04150, 0.06430], ndcg=[0.02127, 0.02698, 0.03443, 0.03443]
Epoch 105 [81.6s]: train==[-1026.19949=-1148.80341 + 20.69184 + 58.23548 + 43.67660]
Epoch 106 [80.6s]: train==[-1026.56068=-1149.12213 + 20.66180 + 58.22839 + 43.67127]
Epoch 107 [79.5s]: train==[-1027.24827=-1149.80608 + 20.66314 + 58.22554 + 43.66914]
Epoch 108 [80.7s]: train==[-1027.29830=-1149.81851 + 20.63652 + 58.21925 + 43.66443]
Epoch 109 [80.5s + 17.4s]:, recall=[0.04180, 0.06470, 0.10190, 0.14850], precision=[0.00418, 0.00323], hit=[0.04180, 0.06470], ndcg=[0.02153, 0.02729, 0.03486, 0.03486]
Epoch 110 [80.7s]: train==[-1027.56010=-1150.07711 + 20.64158 + 58.21453 + 43.66089]
Epoch 111 [81.0s]: train==[-1027.85765=-1150.36372 + 20.63149 + 58.21404 + 43.66052]
Epoch 112 [81.6s]: train==[-1028.69196=-1151.22078 + 20.66629 + 58.20716 + 43.65536]
Epoch 113 [80.1s]: train==[-1028.86014=-1151.37861 + 20.65293 + 58.20888 + 43.65665]
Epoch 114 [79.3s + 18.1s]:, recall=[0.04130, 0.06410, 0.10040, 0.15070], precision=[0.00413, 0.00320], hit=[0.04130, 0.06410], ndcg=[0.02152, 0.02726, 0.03465, 0.03465]
Epoch 115 [80.3s]: train==[-1028.85650=-1151.37528 + 20.66300 + 58.20331 + 43.65246]
Epoch 116 [80.0s]: train==[-1029.38439=-1151.88001 + 20.64813 + 58.19857 + 43.64891]
Epoch 117 [79.7s]: train==[-1028.78322=-1151.26436 + 20.64149 + 58.19409 + 43.64556]
Epoch 118 [81.2s]: train==[-1029.32703=-1151.78934 + 20.63032 + 58.18972 + 43.64228]
Epoch 119 [80.3s + 18.1s]:, recall=[0.04210, 0.06600, 0.10110, 0.14920], precision=[0.00421, 0.00330], hit=[0.04210, 0.06600], ndcg=[0.02210, 0.02809, 0.03524, 0.03524]
Epoch 120 [80.8s]: train==[-1029.28408=-1151.71504 + 20.60691 + 58.18518 + 43.63888]
Epoch 121 [80.0s]: train==[-1030.18885=-1152.61881 + 20.60705 + 58.18453 + 43.63838]
Epoch 122 [95.8s]: train==[-1030.31752=-1152.77649 + 20.64424 + 58.17986 + 43.63488]
Epoch 123 [103.4s]: train==[-1030.81516=-1153.24717 + 20.62649 + 58.17459 + 43.63093]
Epoch 124 [87.2s + 17.5s]:, recall=[0.04290, 0.06470, 0.10050, 0.15080], precision=[0.00429, 0.00323], hit=[0.04290, 0.06470], ndcg=[0.02201, 0.02747, 0.03473, 0.03473]
Epoch 125 [90.9s]: train==[-1030.54719=-1152.96078 + 20.61319 + 58.17166 + 43.62874]
Epoch 126 [87.5s]: train==[-1031.42926=-1153.87037 + 20.64880 + 58.16704 + 43.62527]
Epoch 127 [82.2s]: train==[-1029.41614=-1151.80166 + 20.60323 + 58.16131 + 43.62097]
Epoch 128 [82.4s]: train==[-1030.60295=-1152.99565 + 20.61226 + 58.16025 + 43.62017]
Epoch 129 [81.5s + 17.4s]:, recall=[0.04240, 0.06580, 0.10210, 0.14920], precision=[0.00424, 0.00329], hit=[0.04240, 0.06580], ndcg=[0.02183, 0.02772, 0.03507, 0.03507]
Epoch 130 [82.8s]: train==[-1031.06671=-1153.46295 + 20.62692 + 58.15391 + 43.61541]
Epoch 131 [80.9s]: train==[-1031.59437=-1153.99104 + 20.62567 + 58.15488 + 43.61613]
Epoch 132 [80.9s]: train==[-1031.67242=-1154.05917 + 20.61696 + 58.15417 + 43.61561]
Epoch 133 [79.1s]: train==[-1031.80595=-1154.21756 + 20.64786 + 58.15072 + 43.61303]
Epoch 134 [79.0s + 17.5s]:, recall=[0.04250, 0.06500, 0.10100, 0.14840], precision=[0.00425, 0.00325], hit=[0.04250, 0.06500], ndcg=[0.02174, 0.02739, 0.03469, 0.03469]
Epoch 135 [81.9s]: train==[-1032.21599=-1154.60420 + 20.63395 + 58.14530 + 43.60896]
Epoch 136 [83.7s]: train==[-1032.33510=-1154.71926 + 20.63259 + 58.14377 + 43.60780]
Epoch 137 [82.0s]: train==[-1032.59882=-1154.98541 + 20.64342 + 58.13897 + 43.60420]
Epoch 138 [80.3s]: train==[-1032.71274=-1155.07142 + 20.61690 + 58.13817 + 43.60361]
Epoch 139 [80.9s + 17.4s]:, recall=[0.04210, 0.06580, 0.10080, 0.15290], precision=[0.00421, 0.00329], hit=[0.04210, 0.06580], ndcg=[0.02170, 0.02765, 0.03479, 0.03479]
Epoch 140 [80.8s]: train==[-1032.12694=-1154.44119 + 20.58266 + 58.13235 + 43.59924]
Epoch 141 [80.4s]: train==[-1032.99728=-1155.30662 + 20.58369 + 58.12895 + 43.59669]
Epoch 142 [80.7s]: train==[-1033.35229=-1155.69207 + 20.62000 + 58.12560 + 43.59418]
Epoch 143 [81.5s]: train==[-1033.54115=-1155.86966 + 20.60951 + 58.12516 + 43.59385]
Epoch 144 [79.7s + 17.0s]:, recall=[0.04270, 0.06580, 0.10030, 0.15040], precision=[0.00427, 0.00329], hit=[0.04270, 0.06580], ndcg=[0.02156, 0.02738, 0.03442, 0.03442]
Epoch 145 [81.6s]: train==[-1033.66799=-1155.95675 + 20.57807 + 58.12041 + 43.59029]
Epoch 146 [79.5s]: train==[-1033.51636=-1155.83130 + 20.61173 + 58.11613 + 43.58707]
Epoch 147 [80.4s]: train==[-1033.93571=-1156.22564 + 20.58369 + 58.11786 + 43.58838]
Epoch 148 [80.6s]: train==[-1033.62343=-1155.94579 + 20.62603 + 58.11219 + 43.58413]
Epoch 149 [80.9s + 18.1s]:, recall=[0.04170, 0.06660, 0.10240, 0.15230], precision=[0.00417, 0.00333], hit=[0.04170, 0.06660], ndcg=[0.02149, 0.02774, 0.03501, 0.03501]
